2018-07-26 10:00:18.347 INFO  FrameworkServlet 'schedule': initialization started
2018-07-26 10:00:18.367 INFO  Refreshing WebApplicationContext for namespace 'rm-resolver': startup date [Thu Jul 26 10:00:18 CST 2018]; root of context hierarchy
2018-07-26 10:00:18.402 INFO  Loading XML bean definitions from ServletContext resource [/WEB-INF/rm-resolver.xml]
2018-07-26 10:00:18.508 INFO  Loading XML bean definitions from class path resource [META-INF/spring/spr-common.xml]
2018-07-26 10:00:20.748 INFO  Loading XML bean definitions from class path resource [META-INF/spring/spr-common-extends.xml]
2018-07-26 10:00:20.786 INFO  Loading XML bean definitions from class path resource [META-INF/spring/spr-mongo.xml]
2018-07-26 10:00:20.869 INFO  Loading XML bean definitions from class path resource [META-INF/spring/spr-interceptor.xml]
2018-07-26 10:00:20.889 INFO  Loading XML bean definitions from class path resource [META-INF/remote/rm-client-gateway.xml]
2018-07-26 10:00:20.907 INFO  Loading XML bean definitions from class path resource [META-INF/spring/spr-redis-beans.xml]
2018-07-26 10:00:20.919 INFO  Loading XML bean definitions from class path resource [META-INF/spring/spr-quartz-dayend-schedule.xml]
2018-07-26 10:00:20.928 INFO  Loading XML bean definitions from class path resource [META-INF/remote/rm-srv-business.xml]
2018-07-26 10:00:20.938 INFO  Loading XML bean definitions from class path resource [META-INF/remote/rm-client-schedule.xml]
2018-07-26 10:00:23.511 INFO  Loading properties file from class path resource [placeholder.properties]
2018-07-26 10:01:33.568 INFO  FrameworkServlet 'schedule': initialization started
2018-07-26 10:01:33.588 INFO  Refreshing WebApplicationContext for namespace 'rm-resolver': startup date [Thu Jul 26 10:01:33 CST 2018]; root of context hierarchy
2018-07-26 10:01:33.626 INFO  Loading XML bean definitions from ServletContext resource [/WEB-INF/rm-resolver.xml]
2018-07-26 10:01:33.834 INFO  Loading XML bean definitions from class path resource [META-INF/spring/spr-common.xml]
2018-07-26 10:01:35.591 INFO  Loading XML bean definitions from class path resource [META-INF/spring/spr-common-extends.xml]
2018-07-26 10:01:35.646 INFO  Loading XML bean definitions from class path resource [META-INF/spring/spr-mongo.xml]
2018-07-26 10:01:35.713 INFO  Loading XML bean definitions from class path resource [META-INF/spring/spr-interceptor.xml]
2018-07-26 10:01:35.740 INFO  Loading XML bean definitions from class path resource [META-INF/remote/rm-client-gateway.xml]
2018-07-26 10:01:35.755 INFO  Loading XML bean definitions from class path resource [META-INF/spring/spr-redis-beans.xml]
2018-07-26 10:01:35.777 INFO  Loading XML bean definitions from class path resource [META-INF/spring/spr-quartz-dayend-schedule.xml]
2018-07-26 10:01:35.794 INFO  Loading XML bean definitions from class path resource [META-INF/remote/rm-srv-business.xml]
2018-07-26 10:01:35.805 INFO  Loading XML bean definitions from class path resource [META-INF/remote/rm-client-schedule.xml]
2018-07-26 10:01:37.815 INFO  Loading properties file from class path resource [placeholder.properties]
