2018-08-07 10:33:40.928 INFO  FrameworkServlet 'webmvc': initialization started
2018-08-07 10:33:40.944 INFO  Refreshing WebApplicationContext for namespace 'webmvc-servlet': startup date [Tue Aug 07 10:33:40 CST 2018]; root of context hierarchy
2018-08-07 10:33:40.991 INFO  Loading XML bean definitions from ServletContext resource [/WEB-INF/webmvc-servlet.xml]
2018-08-07 10:33:41.116 INFO  Loading XML bean definitions from class path resource [META-INF/spring/spr-common.xml]
2018-08-07 10:33:41.132 INFO  Loading XML bean definitions from class path resource [META-INF/spring/spr-interceptor.xml]
2018-08-07 10:33:41.225 INFO  Loading XML bean definitions from class path resource [META-INF/spring/spr-quartz.xml]
2018-08-07 10:33:41.241 INFO  Loading XML bean definitions from class path resource [META-INF/spring/spr-redis-beans.xml]
2018-08-07 10:33:41.272 INFO  Loading XML bean definitions from class path resource [META-INF/remote/rm-client.xml]
2018-08-07 10:33:41.913 INFO  Loading properties file from class path resource [placeholder.properties]
2018-08-07 10:33:42.389 INFO  Using default implementation for ThreadExecutor
2018-08-07 10:33:42.436 INFO  Initialized Scheduler Signaller of type: class org.quartz.core.SchedulerSignalerImpl
2018-08-07 10:33:42.436 INFO  Quartz Scheduler v.2.2.1 created.
2018-08-07 10:33:42.436 INFO  RAMJobStore initialized.
2018-08-07 10:33:42.436 INFO  Scheduler meta-data: Quartz Scheduler (v2.2.1) 'startQuertz' with instanceId 'NON_CLUSTERED'
  Scheduler class: 'org.quartz.core.QuartzScheduler' - running locally.
  NOT STARTED.
  Currently in standby mode.
  Number of jobs executed: 0
  Using thread pool 'org.quartz.simpl.SimpleThreadPool' - with 10 threads.
  Using job-store 'org.quartz.simpl.RAMJobStore' - which does not support persistence. and is not clustered.

2018-08-07 10:33:42.436 INFO  Quartz scheduler 'startQuertz' initialized from an externally provided properties instance.
2018-08-07 10:33:42.436 INFO  Quartz scheduler version: 2.2.1
2018-08-07 10:33:42.451 INFO  JobFactory set to: org.springframework.scheduling.quartz.AdaptableJobFactory@24fabd0f
2018-08-07 10:33:44.567 INFO  Shutting down Quartz Scheduler
2018-08-07 10:33:44.567 INFO  Scheduler startQuertz_$_NON_CLUSTERED shutting down.
2018-08-07 10:33:44.567 INFO  Scheduler startQuertz_$_NON_CLUSTERED paused.
2018-08-07 10:33:44.567 INFO  Scheduler startQuertz_$_NON_CLUSTERED shutdown complete.
2018-08-07 10:33:50.680 INFO  FrameworkServlet 'webmvc': initialization started
2018-08-07 10:33:50.697 INFO  Refreshing WebApplicationContext for namespace 'webmvc-servlet': startup date [Tue Aug 07 10:33:50 CST 2018]; root of context hierarchy
2018-08-07 10:33:50.743 INFO  Loading XML bean definitions from ServletContext resource [/WEB-INF/webmvc-servlet.xml]
2018-08-07 10:33:50.884 INFO  Loading XML bean definitions from class path resource [META-INF/spring/spr-common.xml]
2018-08-07 10:33:50.915 INFO  Loading XML bean definitions from class path resource [META-INF/spring/spr-interceptor.xml]
