2018-08-10 10:40:01.913 INFO  FrameworkServlet 'remote': initialization started
2018-08-10 10:40:01.928 INFO  Refreshing WebApplicationContext for namespace 'rm-resolver': startup date [Fri Aug 10 10:40:01 CST 2018]; root of context hierarchy
2018-08-10 10:40:01.991 INFO  Loading XML bean definitions from ServletContext resource [/WEB-INF/rm-resolver.xml]
2018-08-10 10:40:02.163 INFO  Loading XML bean definitions from class path resource [META-INF/spring/spr-common.xml]
2018-08-10 10:40:03.943 INFO  Loading XML bean definitions from class path resource [META-INF/spring/spr-quartz-dayend.xml]
2018-08-10 10:40:03.950 INFO  Loading XML bean definitions from class path resource [META-INF/spring/spr-redis-beans.xml]
2018-08-10 10:40:03.965 INFO  Loading XML bean definitions from class path resource [META-INF/spring/spr-rabbit.xml]
2018-08-10 10:40:04.028 INFO  Loading XML bean definitions from class path resource [META-INF/remote/rm-common.xml]
2018-08-10 10:40:04.043 INFO  Loading XML bean definitions from class path resource [META-INF/remote/rm-site.xml]
2018-08-10 10:40:04.043 INFO  Loading XML bean definitions from class path resource [META-INF/remote/rm-manage.xml]
2018-08-10 10:40:04.075 INFO  Loading XML bean definitions from class path resource [META-INF/remote/rm-srv-gateway.xml]
2018-08-10 10:40:04.090 INFO  Loading XML bean definitions from class path resource [META-INF/remote/rm-client-gateway.xml]
2018-08-10 10:40:04.106 INFO  Loading XML bean definitions from class path resource [META-INF/remote/rm-client-schedule.xml]
2018-08-10 10:40:05.973 INFO  Loading properties file from class path resource [placeholder.properties]
2018-08-10 10:41:04.969 INFO  FrameworkServlet 'remote': initialization started
2018-08-10 10:41:04.984 INFO  Refreshing WebApplicationContext for namespace 'rm-resolver': startup date [Fri Aug 10 10:41:04 CST 2018]; root of context hierarchy
2018-08-10 10:41:05.031 INFO  Loading XML bean definitions from ServletContext resource [/WEB-INF/rm-resolver.xml]
2018-08-10 10:41:05.125 INFO  Loading XML bean definitions from class path resource [META-INF/spring/spr-common.xml]
2018-08-10 10:41:07.015 INFO  Loading XML bean definitions from class path resource [META-INF/spring/spr-quartz-dayend.xml]
2018-08-10 10:41:07.048 INFO  Loading XML bean definitions from class path resource [META-INF/spring/spr-redis-beans.xml]
2018-08-10 10:41:07.064 INFO  Loading XML bean definitions from class path resource [META-INF/spring/spr-rabbit.xml]
2018-08-10 10:41:07.111 INFO  Loading XML bean definitions from class path resource [META-INF/remote/rm-common.xml]
2018-08-10 10:41:07.126 INFO  Loading XML bean definitions from class path resource [META-INF/remote/rm-site.xml]
2018-08-10 10:41:07.142 INFO  Loading XML bean definitions from class path resource [META-INF/remote/rm-manage.xml]
2018-08-10 10:41:07.157 INFO  Loading XML bean definitions from class path resource [META-INF/remote/rm-srv-gateway.xml]
2018-08-10 10:41:07.189 INFO  Loading XML bean definitions from class path resource [META-INF/remote/rm-client-gateway.xml]
2018-08-10 10:41:07.189 INFO  Loading XML bean definitions from class path resource [META-INF/remote/rm-client-schedule.xml]
2018-08-10 10:41:09.059 INFO  Loading properties file from class path resource [placeholder.properties]
2018-08-10 10:42:01.079 INFO  FrameworkServlet 'remote': initialization started
2018-08-10 10:42:01.110 INFO  Refreshing WebApplicationContext for namespace 'rm-resolver': startup date [Fri Aug 10 10:42:01 CST 2018]; root of context hierarchy
2018-08-10 10:42:01.142 INFO  Loading XML bean definitions from ServletContext resource [/WEB-INF/rm-resolver.xml]
2018-08-10 10:42:01.235 INFO  Loading XML bean definitions from class path resource [META-INF/spring/spr-common.xml]
2018-08-10 10:42:03.270 INFO  Loading XML bean definitions from class path resource [META-INF/spring/spr-quartz-dayend.xml]
2018-08-10 10:42:03.274 INFO  Loading XML bean definitions from class path resource [META-INF/spring/spr-redis-beans.xml]
2018-08-10 10:42:03.290 INFO  Loading XML bean definitions from class path resource [META-INF/spring/spr-rabbit.xml]
2018-08-10 10:42:03.353 INFO  Loading XML bean definitions from class path resource [META-INF/remote/rm-common.xml]
2018-08-10 10:42:03.353 INFO  Loading XML bean definitions from class path resource [META-INF/remote/rm-site.xml]
2018-08-10 10:42:03.384 INFO  Loading XML bean definitions from class path resource [META-INF/remote/rm-manage.xml]
2018-08-10 10:42:03.399 INFO  Loading XML bean definitions from class path resource [META-INF/remote/rm-srv-gateway.xml]
2018-08-10 10:42:03.415 INFO  Loading XML bean definitions from class path resource [META-INF/remote/rm-client-gateway.xml]
2018-08-10 10:42:03.431 INFO  Loading XML bean definitions from class path resource [META-INF/remote/rm-client-schedule.xml]
2018-08-10 10:42:05.195 INFO  Loading properties file from class path resource [placeholder.properties]
2018-08-10 11:13:17.166 INFO  FrameworkServlet 'remote': initialization started
2018-08-10 11:13:17.182 INFO  Refreshing WebApplicationContext for namespace 'rm-resolver': startup date [Fri Aug 10 11:13:17 CST 2018]; root of context hierarchy
2018-08-10 11:13:17.213 INFO  Loading XML bean definitions from ServletContext resource [/WEB-INF/rm-resolver.xml]
2018-08-10 11:13:17.307 INFO  Loading XML bean definitions from class path resource [META-INF/spring/spr-common.xml]
2018-08-10 11:13:19.134 INFO  Loading XML bean definitions from class path resource [META-INF/spring/spr-quartz-dayend.xml]
2018-08-10 11:13:19.152 INFO  Loading XML bean definitions from class path resource [META-INF/spring/spr-redis-beans.xml]
2018-08-10 11:13:19.167 INFO  Loading XML bean definitions from class path resource [META-INF/spring/spr-rabbit.xml]
2018-08-10 11:13:19.230 INFO  Loading XML bean definitions from class path resource [META-INF/remote/rm-common.xml]
2018-08-10 11:13:19.230 INFO  Loading XML bean definitions from class path resource [META-INF/remote/rm-site.xml]
2018-08-10 11:13:19.245 INFO  Loading XML bean definitions from class path resource [META-INF/remote/rm-manage.xml]
2018-08-10 11:13:19.277 INFO  Loading XML bean definitions from class path resource [META-INF/remote/rm-srv-gateway.xml]
2018-08-10 11:13:19.324 INFO  Loading XML bean definitions from class path resource [META-INF/remote/rm-client-gateway.xml]
2018-08-10 11:13:19.339 INFO  Loading XML bean definitions from class path resource [META-INF/remote/rm-client-schedule.xml]
2018-08-10 11:13:21.337 INFO  Loading properties file from class path resource [placeholder.properties]
2018-08-10 11:19:58.457 INFO  FrameworkServlet 'remote': initialization started
2018-08-10 11:19:58.472 INFO  Refreshing WebApplicationContext for namespace 'rm-resolver': startup date [Fri Aug 10 11:19:58 CST 2018]; root of context hierarchy
2018-08-10 11:19:58.503 INFO  Loading XML bean definitions from ServletContext resource [/WEB-INF/rm-resolver.xml]
2018-08-10 11:19:58.613 INFO  Loading XML bean definitions from class path resource [META-INF/spring/spr-common.xml]
2018-08-10 11:20:00.310 INFO  Loading XML bean definitions from class path resource [META-INF/spring/spr-quartz-dayend.xml]
2018-08-10 11:20:00.317 INFO  Loading XML bean definitions from class path resource [META-INF/spring/spr-redis-beans.xml]
2018-08-10 11:20:00.332 INFO  Loading XML bean definitions from class path resource [META-INF/spring/spr-rabbit.xml]
2018-08-10 11:20:00.395 INFO  Loading XML bean definitions from class path resource [META-INF/remote/rm-common.xml]
2018-08-10 11:20:00.395 INFO  Loading XML bean definitions from class path resource [META-INF/remote/rm-site.xml]
2018-08-10 11:20:00.442 INFO  Loading XML bean definitions from class path resource [META-INF/remote/rm-manage.xml]
2018-08-10 11:20:00.442 INFO  Loading XML bean definitions from class path resource [META-INF/remote/rm-srv-gateway.xml]
2018-08-10 11:20:00.473 INFO  Loading XML bean definitions from class path resource [META-INF/remote/rm-client-gateway.xml]
2018-08-10 11:20:00.473 INFO  Loading XML bean definitions from class path resource [META-INF/remote/rm-client-schedule.xml]
2018-08-10 11:20:02.290 INFO  Loading properties file from class path resource [placeholder.properties]
2018-08-10 12:33:30.566 INFO  FrameworkServlet 'remote': initialization started
2018-08-10 12:33:30.582 INFO  Refreshing WebApplicationContext for namespace 'rm-resolver': startup date [Fri Aug 10 12:33:30 CST 2018]; root of context hierarchy
2018-08-10 12:33:30.613 INFO  Loading XML bean definitions from ServletContext resource [/WEB-INF/rm-resolver.xml]
2018-08-10 12:33:30.722 INFO  Loading XML bean definitions from class path resource [META-INF/spring/spr-common.xml]
2018-08-10 12:33:32.781 INFO  Loading XML bean definitions from class path resource [META-INF/spring/spr-quartz-dayend.xml]
2018-08-10 12:33:32.792 INFO  Loading XML bean definitions from class path resource [META-INF/spring/spr-redis-beans.xml]
2018-08-10 12:33:32.808 INFO  Loading XML bean definitions from class path resource [META-INF/spring/spr-rabbit.xml]
2018-08-10 12:33:32.855 INFO  Loading XML bean definitions from class path resource [META-INF/remote/rm-common.xml]
2018-08-10 12:33:32.870 INFO  Loading XML bean definitions from class path resource [META-INF/remote/rm-site.xml]
2018-08-10 12:33:32.902 INFO  Loading XML bean definitions from class path resource [META-INF/remote/rm-manage.xml]
2018-08-10 12:33:32.933 INFO  Loading XML bean definitions from class path resource [META-INF/remote/rm-srv-gateway.xml]
2018-08-10 12:33:32.948 INFO  Loading XML bean definitions from class path resource [META-INF/remote/rm-client-gateway.xml]
2018-08-10 12:33:32.948 INFO  Loading XML bean definitions from class path resource [META-INF/remote/rm-client-schedule.xml]
2018-08-10 12:33:34.780 INFO  Loading properties file from class path resource [placeholder.properties]
