2018-08-15 15:10:29.467 INFO  ======交易[Home-RedPacketAmount]：开始执行======
2018-08-15 15:10:29.472 INFO  读取缓存数据，cacheMethod：redis_cache_home_redpacketamount
2018-08-15 15:10:29.472 INFO  当前redis服务：[114.215.203.101:7379]
2018-08-15 15:10:29.512 INFO  读取缓存数据开始，cachekey：home_redpacketamount_object_pc
2018-08-15 15:10:29.512 INFO  当前redis服务：[114.215.203.101:7379]
2018-08-15 15:10:29.542 INFO  读取缓存数据——没有缓存数据，cachekey：home_redpacketamount_object_pc
2018-08-15 15:10:29.558 INFO  添加缓存redisCacheKey数据，cacheMethod：redis_cache_home_redpacketamount，cachekey：home_redpacketamount_object_pc，expire：60
2018-08-15 15:10:29.560 INFO  当前redis服务：[114.215.203.101:7379]
2018-08-15 15:10:29.595 INFO  当前redis服务：[114.215.203.101:7379]
2018-08-15 15:10:29.632 INFO  ======交易[Home-RedPacketAmount]：执行结束======
2018-08-15 15:10:29.632 INFO  ======响应报文[耗时：160毫秒]======
2018-08-15 15:10:42.788 INFO  ======交易[BannerConfig-GetBannerCount]：开始执行======
2018-08-15 15:10:42.947 INFO  ======交易[BannerConfig-GetBannerCount]：执行结束======
2018-08-15 15:10:42.947 INFO  ======响应报文[耗时：159毫秒]======
2018-08-15 15:10:49.772 INFO  ======交易[Home-RedPacketAmount]：开始执行======
2018-08-15 15:10:49.773 INFO  读取缓存数据，cacheMethod：redis_cache_home_redpacketamount
2018-08-15 15:10:49.773 INFO  当前redis服务：[114.215.203.101:7379]
2018-08-15 15:10:49.809 INFO  读取缓存数据开始，cachekey：home_redpacketamount_object_pc
2018-08-15 15:10:49.809 INFO  当前redis服务：[114.215.203.101:7379]
2018-08-15 15:10:49.849 INFO  读取缓存数据成功，cachekey：home_redpacketamount_object_pc
2018-08-15 15:10:49.849 INFO  ======交易[Home-RedPacketAmount]：执行结束======
2018-08-15 15:10:49.849 INFO  ======响应报文[耗时：76毫秒]======
2018-08-15 15:12:20.755 INFO  ======交易[Home-RedPacketAmount]：开始执行======
2018-08-15 15:12:20.756 INFO  读取缓存数据，cacheMethod：redis_cache_home_redpacketamount
2018-08-15 15:12:20.756 INFO  当前redis服务：[114.215.203.101:7379]
2018-08-15 15:12:20.778 INFO  读取缓存数据开始，cachekey：home_redpacketamount_object_pc
2018-08-15 15:12:20.778 INFO  当前redis服务：[114.215.203.101:7379]
2018-08-15 15:12:20.789 INFO  读取缓存数据——没有缓存数据，cachekey：home_redpacketamount_object_pc
2018-08-15 15:12:20.800 INFO  添加缓存redisCacheKey数据，cacheMethod：redis_cache_home_redpacketamount，cachekey：home_redpacketamount_object_pc，expire：60
2018-08-15 15:12:20.800 INFO  当前redis服务：[114.215.203.101:7379]
2018-08-15 15:12:20.812 INFO  当前redis服务：[114.215.203.101:7379]
2018-08-15 15:12:20.823 INFO  ======交易[Home-RedPacketAmount]：执行结束======
2018-08-15 15:12:20.823 INFO  ======响应报文[耗时：68毫秒]======
2018-08-15 15:12:27.225 INFO  ======交易[BannerConfig-GetBannerCount]：开始执行======
2018-08-15 15:12:27.462 INFO  ======交易[BannerConfig-GetBannerCount]：执行结束======
2018-08-15 15:12:27.462 INFO  ======响应报文[耗时：237毫秒]======
2018-08-15 15:12:32.464 INFO  ======交易[Activity-SalaryIncreasePlan]：开始执行======
2018-08-15 15:12:32.464 INFO  ======交易[Activity-SalaryIncreasePlan]：执行结束======
2018-08-15 15:12:32.465 INFO  ======响应报文[耗时：0毫秒]======
2018-08-15 15:12:52.621 INFO  ======交易[Home-RedPacketAmount]：开始执行======
2018-08-15 15:12:52.622 INFO  读取缓存数据，cacheMethod：redis_cache_home_redpacketamount
2018-08-15 15:12:52.622 INFO  当前redis服务：[114.215.203.101:7379]
2018-08-15 15:12:52.633 INFO  读取缓存数据开始，cachekey：home_redpacketamount_object_pc
2018-08-15 15:12:52.634 INFO  当前redis服务：[114.215.203.101:7379]
2018-08-15 15:12:52.636 INFO  ======交易[Home-RedPacketAmount]：开始执行======
2018-08-15 15:12:52.636 INFO  读取缓存数据，cacheMethod：redis_cache_home_redpacketamount
2018-08-15 15:12:52.636 INFO  当前redis服务：[114.215.203.101:7379]
2018-08-15 15:12:52.648 INFO  读取缓存数据成功，cachekey：home_redpacketamount_object_pc
2018-08-15 15:12:52.648 INFO  ======交易[Home-RedPacketAmount]：执行结束======
2018-08-15 15:12:52.648 INFO  ======响应报文[耗时：26毫秒]======
2018-08-15 15:12:52.659 INFO  读取缓存数据开始，cachekey：home_redpacketamount_object_pc
2018-08-15 15:12:52.659 INFO  当前redis服务：[114.215.203.101:7379]
2018-08-15 15:12:52.672 INFO  读取缓存数据成功，cachekey：home_redpacketamount_object_pc
2018-08-15 15:12:52.672 INFO  ======交易[Home-RedPacketAmount]：执行结束======
2018-08-15 15:12:52.672 INFO  ======响应报文[耗时：36毫秒]======
2018-08-15 15:12:52.681 INFO  ======交易[Activity-SalaryIncreasePlan]：开始执行======
2018-08-15 15:12:52.681 INFO  ======交易[Activity-SalaryIncreasePlan]：执行结束======
2018-08-15 15:12:52.681 INFO  ======响应报文[耗时：0毫秒]======
2018-08-15 15:13:52.652 INFO  ======交易[Home-RedPacketAmount]：开始执行======
2018-08-15 15:13:52.652 INFO  读取缓存数据，cacheMethod：redis_cache_home_redpacketamount
2018-08-15 15:13:52.652 INFO  当前redis服务：[114.215.203.101:7379]
2018-08-15 15:13:52.663 INFO  读取缓存数据开始，cachekey：home_redpacketamount_object_pc
2018-08-15 15:13:52.663 INFO  当前redis服务：[114.215.203.101:7379]
2018-08-15 15:13:52.674 INFO  读取缓存数据——没有缓存数据，cachekey：home_redpacketamount_object_pc
2018-08-15 15:13:52.682 INFO  添加缓存redisCacheKey数据，cacheMethod：redis_cache_home_redpacketamount，cachekey：home_redpacketamount_object_pc，expire：60
2018-08-15 15:13:52.683 INFO  当前redis服务：[114.215.203.101:7379]
2018-08-15 15:13:52.695 INFO  当前redis服务：[114.215.203.101:7379]
2018-08-15 15:13:52.709 INFO  ======交易[Home-RedPacketAmount]：执行结束======
2018-08-15 15:13:52.709 INFO  ======响应报文[耗时：57毫秒]======
2018-08-15 15:13:52.711 INFO  ======交易[Activity-SalaryIncreasePlan]：开始执行======
2018-08-15 15:13:52.712 INFO  ======交易[Activity-SalaryIncreasePlan]：执行结束======
2018-08-15 15:13:52.712 INFO  ======响应报文[耗时：0毫秒]======
2018-08-15 15:14:24.660 INFO  ======交易[Home-RedPacketAmount]：开始执行======
2018-08-15 15:14:24.661 INFO  读取缓存数据，cacheMethod：redis_cache_home_redpacketamount
2018-08-15 15:14:24.661 INFO  当前redis服务：[114.215.203.101:7379]
2018-08-15 15:14:24.673 INFO  读取缓存数据开始，cachekey：home_redpacketamount_object_pc
2018-08-15 15:14:24.674 INFO  当前redis服务：[114.215.203.101:7379]
2018-08-15 15:14:24.689 INFO  读取缓存数据成功，cachekey：home_redpacketamount_object_pc
2018-08-15 15:14:24.689 INFO  ======交易[Home-RedPacketAmount]：执行结束======
2018-08-15 15:14:24.689 INFO  ======响应报文[耗时：28毫秒]======
2018-08-15 15:14:29.818 INFO  ======交易[BannerConfig-GetBannerCount]：开始执行======
2018-08-15 15:14:29.828 INFO  ======交易[BannerConfig-GetBannerCount]：执行结束======
2018-08-15 15:14:29.828 INFO  ======响应报文[耗时：10毫秒]======
2018-08-15 15:14:29.831 INFO  ======交易[Activity-SalaryIncreasePlan]：开始执行======
2018-08-15 15:14:29.831 INFO  ======交易[Activity-SalaryIncreasePlan]：执行结束======
2018-08-15 15:14:29.831 INFO  ======响应报文[耗时：0毫秒]======
2018-08-15 15:14:30.095 INFO  ======交易[Home-RedPacketAmount]：开始执行======
2018-08-15 15:14:30.096 INFO  读取缓存数据，cacheMethod：redis_cache_home_redpacketamount
2018-08-15 15:14:30.096 INFO  当前redis服务：[114.215.203.101:7379]
2018-08-15 15:14:30.108 INFO  ======交易[Home-RedPacketAmount]：开始执行======
2018-08-15 15:14:30.108 INFO  读取缓存数据，cacheMethod：redis_cache_home_redpacketamount
2018-08-15 15:14:30.108 INFO  当前redis服务：[114.215.203.101:7379]
2018-08-15 15:14:30.126 INFO  读取缓存数据开始，cachekey：home_redpacketamount_object_pc
2018-08-15 15:14:30.126 INFO  当前redis服务：[114.215.203.101:7379]
2018-08-15 15:14:30.145 INFO  读取缓存数据成功，cachekey：home_redpacketamount_object_pc
2018-08-15 15:14:30.145 INFO  ======交易[Home-RedPacketAmount]：执行结束======
2018-08-15 15:14:30.145 INFO  ======响应报文[耗时：50毫秒]======
2018-08-15 15:14:30.149 INFO  读取缓存数据开始，cachekey：home_redpacketamount_object_pc
2018-08-15 15:14:30.150 INFO  当前redis服务：[114.215.203.101:7379]
2018-08-15 15:14:30.164 INFO  读取缓存数据成功，cachekey：home_redpacketamount_object_pc
2018-08-15 15:14:30.164 INFO  ======交易[Home-RedPacketAmount]：执行结束======
2018-08-15 15:14:30.164 INFO  ======响应报文[耗时：56毫秒]======
2018-08-15 15:14:30.168 INFO  ======交易[Activity-SalaryIncreasePlan]：开始执行======
2018-08-15 15:14:30.168 INFO  ======交易[Activity-SalaryIncreasePlan]：执行结束======
2018-08-15 15:14:30.169 INFO  ======响应报文[耗时：0毫秒]======
2018-08-15 15:14:48.262 INFO  ======交易[Home-RedPacketAmount]：开始执行======
2018-08-15 15:14:48.263 INFO  读取缓存数据，cacheMethod：redis_cache_home_redpacketamount
2018-08-15 15:14:48.263 INFO  当前redis服务：[114.215.203.101:7379]
2018-08-15 15:14:48.278 INFO  读取缓存数据开始，cachekey：home_redpacketamount_object_pc
2018-08-15 15:14:48.278 INFO  当前redis服务：[114.215.203.101:7379]
2018-08-15 15:14:48.510 INFO  读取缓存数据成功，cachekey：home_redpacketamount_object_pc
2018-08-15 15:14:48.510 INFO  ======交易[Home-RedPacketAmount]：执行结束======
2018-08-15 15:14:48.510 INFO  ======响应报文[耗时：248毫秒]======
2018-08-15 15:14:54.207 INFO  ======交易[BannerConfig-GetBannerCount]：开始执行======
2018-08-15 15:14:54.217 INFO  ======交易[BannerConfig-GetBannerCount]：执行结束======
2018-08-15 15:14:54.217 INFO  ======响应报文[耗时：10毫秒]======
2018-08-15 15:15:13.380 INFO  ======交易[Activity-SalaryIncreasePlan]：开始执行======
2018-08-15 15:15:13.380 INFO  ======交易[Activity-SalaryIncreasePlan]：执行结束======
2018-08-15 15:15:13.380 INFO  ======响应报文[耗时：0毫秒]======
2018-08-15 15:15:30.113 INFO  ======交易[Home-RedPacketAmount]：开始执行======
2018-08-15 15:15:30.114 INFO  读取缓存数据，cacheMethod：redis_cache_home_redpacketamount
2018-08-15 15:15:30.114 INFO  当前redis服务：[114.215.203.101:7379]
2018-08-15 15:15:30.129 INFO  读取缓存数据开始，cachekey：home_redpacketamount_object_pc
2018-08-15 15:15:30.129 INFO  当前redis服务：[114.215.203.101:7379]
2018-08-15 15:15:30.141 INFO  读取缓存数据——没有缓存数据，cachekey：home_redpacketamount_object_pc
2018-08-15 15:15:30.149 INFO  添加缓存redisCacheKey数据，cacheMethod：redis_cache_home_redpacketamount，cachekey：home_redpacketamount_object_pc，expire：60
2018-08-15 15:15:30.149 INFO  当前redis服务：[114.215.203.101:7379]
2018-08-15 15:15:30.162 INFO  当前redis服务：[114.215.203.101:7379]
2018-08-15 15:15:30.179 INFO  ======交易[Home-RedPacketAmount]：执行结束======
2018-08-15 15:15:30.179 INFO  ======响应报文[耗时：65毫秒]======
2018-08-15 15:15:30.183 INFO  ======交易[Activity-SalaryIncreasePlan]：开始执行======
2018-08-15 15:15:30.183 INFO  ======交易[Activity-SalaryIncreasePlan]：执行结束======
2018-08-15 15:15:30.183 INFO  ======响应报文[耗时：0毫秒]======
2018-08-15 15:16:30.271 INFO  ======交易[Home-RedPacketAmount]：开始执行======
2018-08-15 15:16:30.271 INFO  读取缓存数据，cacheMethod：redis_cache_home_redpacketamount
2018-08-15 15:16:30.271 INFO  当前redis服务：[114.215.203.101:7379]
2018-08-15 15:16:30.297 INFO  读取缓存数据开始，cachekey：home_redpacketamount_object_pc
2018-08-15 15:16:30.297 INFO  当前redis服务：[114.215.203.101:7379]
2018-08-15 15:16:30.320 INFO  读取缓存数据——没有缓存数据，cachekey：home_redpacketamount_object_pc
2018-08-15 15:16:30.333 INFO  添加缓存redisCacheKey数据，cacheMethod：redis_cache_home_redpacketamount，cachekey：home_redpacketamount_object_pc，expire：60
2018-08-15 15:16:30.333 INFO  当前redis服务：[114.215.203.101:7379]
2018-08-15 15:16:30.345 INFO  当前redis服务：[114.215.203.101:7379]
2018-08-15 15:16:30.359 INFO  ======交易[Home-RedPacketAmount]：执行结束======
2018-08-15 15:16:30.360 INFO  ======响应报文[耗时：88毫秒]======
2018-08-15 15:16:30.363 INFO  ======交易[Activity-SalaryIncreasePlan]：开始执行======
2018-08-15 15:16:30.364 INFO  ======交易[Activity-SalaryIncreasePlan]：执行结束======
2018-08-15 15:16:30.364 INFO  ======响应报文[耗时：1毫秒]======
2018-08-15 15:17:30.506 INFO  ======交易[Home-RedPacketAmount]：开始执行======
2018-08-15 15:17:30.510 INFO  读取缓存数据，cacheMethod：redis_cache_home_redpacketamount
2018-08-15 15:17:30.510 INFO  当前redis服务：[114.215.203.101:7379]
2018-08-15 15:17:30.523 INFO  读取缓存数据开始，cachekey：home_redpacketamount_object_pc
2018-08-15 15:17:30.523 INFO  当前redis服务：[114.215.203.101:7379]
2018-08-15 15:17:30.535 INFO  读取缓存数据——没有缓存数据，cachekey：home_redpacketamount_object_pc
2018-08-15 15:17:30.544 INFO  添加缓存redisCacheKey数据，cacheMethod：redis_cache_home_redpacketamount，cachekey：home_redpacketamount_object_pc，expire：60
2018-08-15 15:17:30.544 INFO  当前redis服务：[114.215.203.101:7379]
2018-08-15 15:17:30.559 INFO  当前redis服务：[114.215.203.101:7379]
2018-08-15 15:17:30.572 INFO  ======交易[Home-RedPacketAmount]：执行结束======
2018-08-15 15:17:30.573 INFO  ======响应报文[耗时：66毫秒]======
2018-08-15 15:17:30.575 INFO  ======交易[Activity-SalaryIncreasePlan]：开始执行======
2018-08-15 15:17:30.575 INFO  ======交易[Activity-SalaryIncreasePlan]：执行结束======
2018-08-15 15:17:30.575 INFO  ======响应报文[耗时：0毫秒]======
2018-08-15 15:17:57.287 INFO  FrameworkServlet 'remote': initialization started
2018-08-15 15:17:57.310 INFO  Refreshing WebApplicationContext for namespace 'rm-resolver': startup date [Wed Aug 15 15:17:57 CST 2018]; root of context hierarchy
2018-08-15 15:17:57.370 INFO  Loading XML bean definitions from ServletContext resource [/WEB-INF/rm-resolver.xml]
2018-08-15 15:17:57.467 INFO  Loading XML bean definitions from class path resource [META-INF/spring/spr-common.xml]
2018-08-15 15:17:59.717 INFO  Loading XML bean definitions from class path resource [META-INF/spring/spr-quartz-dayend.xml]
2018-08-15 15:17:59.730 INFO  Loading XML bean definitions from class path resource [META-INF/spring/spr-redis-beans.xml]
2018-08-15 15:17:59.746 INFO  Loading XML bean definitions from class path resource [META-INF/remote/rm-common.xml]
2018-08-15 15:17:59.757 INFO  Loading XML bean definitions from class path resource [META-INF/remote/rm-site.xml]
2018-08-15 15:17:59.768 INFO  Loading XML bean definitions from class path resource [META-INF/remote/rm-manage.xml]
2018-08-15 15:17:59.780 INFO  Loading XML bean definitions from class path resource [META-INF/remote/rm-srv-gateway.xml]
2018-08-15 15:17:59.796 INFO  Loading XML bean definitions from class path resource [META-INF/remote/rm-client-gateway.xml]
2018-08-15 15:17:59.809 INFO  Loading XML bean definitions from class path resource [META-INF/remote/rm-client-schedule.xml]
2018-08-15 15:18:01.606 INFO  Loading properties file from class path resource [placeholder.properties]
2018-08-15 15:18:15.572 INFO  Using default implementation for ThreadExecutor
2018-08-15 15:18:15.618 INFO  Initialized Scheduler Signaller of type: class org.quartz.core.SchedulerSignalerImpl
2018-08-15 15:18:15.620 INFO  Quartz Scheduler v.2.2.1 created.
2018-08-15 15:18:15.622 INFO  RAMJobStore initialized.
2018-08-15 15:18:15.623 INFO  Scheduler meta-data: Quartz Scheduler (v2.2.1) 'schedulerFactoryBean' with instanceId 'NON_CLUSTERED'
  Scheduler class: 'org.quartz.core.QuartzScheduler' - running locally.
  NOT STARTED.
  Currently in standby mode.
  Number of jobs executed: 0
  Using thread pool 'org.quartz.simpl.SimpleThreadPool' - with 10 threads.
  Using job-store 'org.quartz.simpl.RAMJobStore' - which does not support persistence. and is not clustered.

2018-08-15 15:18:15.624 INFO  Quartz scheduler 'schedulerFactoryBean' initialized from an externally provided properties instance.
2018-08-15 15:18:15.624 INFO  Quartz scheduler version: 2.2.1
2018-08-15 15:18:15.629 INFO  JobFactory set to: org.springframework.scheduling.quartz.AdaptableJobFactory@455d04d2
2018-08-15 15:18:16.174 INFO  Initializing ExecutorService  'repayHandleExecutor'
2018-08-15 15:18:16.370 INFO  Initializing ExecutorService  'loan7DaiExecutor'
2018-08-15 15:18:16.380 INFO  Initializing ExecutorService  'loanExecutor'
2018-08-15 15:18:16.526 INFO  Initializing ExecutorService  'repayExecutor'
2018-08-15 15:18:20.140 INFO  HV000001: Hibernate Validator 5.1.3.Final
2018-08-15 15:18:20.594 INFO  Looking for @ControllerAdvice: WebApplicationContext for namespace 'rm-resolver': startup date [Wed Aug 15 15:17:57 CST 2018]; root of context hierarchy
2018-08-15 15:18:20.697 INFO  Looking for @ControllerAdvice: WebApplicationContext for namespace 'rm-resolver': startup date [Wed Aug 15 15:17:57 CST 2018]; root of context hierarchy
2018-08-15 15:18:20.885 INFO  Mapped URL path [/siteService] onto handler '/siteService'
2018-08-15 15:18:20.897 INFO  Mapped URL path [/manageService] onto handler '/manageService'
2018-08-15 15:18:20.910 INFO  Mapped URL path [/gatewayDafyService] onto handler '/gatewayDafyService'
2018-08-15 15:18:20.925 INFO  Mapped URL path [/gatewayPay19Service] onto handler '/gatewayPay19Service'
2018-08-15 15:18:20.939 INFO  Mapped URL path [/gatewayBaoFooService] onto handler '/gatewayBaoFooService'
2018-08-15 15:18:20.953 INFO  Mapped URL path [/gatewayReapalService] onto handler '/gatewayReapalService'
2018-08-15 15:18:20.974 INFO  Mapped URL path [/gatewayMobileService] onto handler '/gatewayMobileService'
2018-08-15 15:18:20.988 INFO  Mapped URL path [/gatewayCsaiService] onto handler '/gatewayCsaiService'
2018-08-15 15:18:21.003 INFO  Mapped URL path [/gatewayLoanService] onto handler '/gatewayLoanService'
2018-08-15 15:18:21.018 INFO  Mapped URL path [/gatewayHFBankService] onto handler '/gatewayHFBankService'
2018-08-15 15:18:21.028 INFO  Mapped URL path [/gatewayQb178Service] onto handler '/gatewayQb178Service'
2018-08-15 15:18:21.041 INFO  Mapped URL path [/gatewayZsdService] onto handler '/gatewayZsdService'
2018-08-15 15:18:21.071 INFO  Mapped URL path [/gatewayDepLoan7Service] onto handler '/gatewayDepLoan7Service'
2018-08-15 15:18:21.086 INFO  Mapped URL path [/gatewayQiDianService] onto handler '/gatewayQiDianService'
2018-08-15 15:18:21.302 INFO  Starting beans in phase 2147483647
2018-08-15 15:18:21.302 INFO  Starting Quartz Scheduler now
2018-08-15 15:18:21.303 INFO  Scheduler schedulerFactoryBean_$_NON_CLUSTERED started.
2018-08-15 15:18:21.392 INFO  [quartzInitListener] init start
2018-08-15 15:18:22.098 INFO  [quartzInitListener] init end
2018-08-15 15:18:22.100 INFO  FrameworkServlet 'remote': initialization completed in 24810 ms
2018-08-15 15:22:02.116 INFO  FrameworkServlet 'remote': initialization started
2018-08-15 15:22:02.136 INFO  Refreshing WebApplicationContext for namespace 'rm-resolver': startup date [Wed Aug 15 15:22:02 CST 2018]; root of context hierarchy
2018-08-15 15:22:02.172 INFO  Loading XML bean definitions from ServletContext resource [/WEB-INF/rm-resolver.xml]
2018-08-15 15:22:02.267 INFO  Loading XML bean definitions from class path resource [META-INF/spring/spr-common.xml]
2018-08-15 15:22:06.788 INFO  Loading XML bean definitions from class path resource [META-INF/spring/spr-quartz-dayend.xml]
2018-08-15 15:22:06.812 INFO  Loading XML bean definitions from class path resource [META-INF/spring/spr-redis-beans.xml]
2018-08-15 15:22:06.834 INFO  Loading XML bean definitions from class path resource [META-INF/remote/rm-common.xml]
2018-08-15 15:22:06.846 INFO  Loading XML bean definitions from class path resource [META-INF/remote/rm-site.xml]
2018-08-15 15:22:06.861 INFO  Loading XML bean definitions from class path resource [META-INF/remote/rm-manage.xml]
2018-08-15 15:22:06.889 INFO  Loading XML bean definitions from class path resource [META-INF/remote/rm-srv-gateway.xml]
2018-08-15 15:22:06.971 INFO  Loading XML bean definitions from class path resource [META-INF/remote/rm-client-gateway.xml]
2018-08-15 15:22:06.989 INFO  Loading XML bean definitions from class path resource [META-INF/remote/rm-client-schedule.xml]
2018-08-15 15:22:10.237 INFO  Loading properties file from class path resource [placeholder.properties]
2018-08-15 15:22:42.417 INFO  Using default implementation for ThreadExecutor
2018-08-15 15:22:42.494 INFO  Initialized Scheduler Signaller of type: class org.quartz.core.SchedulerSignalerImpl
2018-08-15 15:22:42.495 INFO  Quartz Scheduler v.2.2.1 created.
2018-08-15 15:22:42.497 INFO  RAMJobStore initialized.
2018-08-15 15:22:42.500 INFO  Scheduler meta-data: Quartz Scheduler (v2.2.1) 'schedulerFactoryBean' with instanceId 'NON_CLUSTERED'
  Scheduler class: 'org.quartz.core.QuartzScheduler' - running locally.
  NOT STARTED.
  Currently in standby mode.
  Number of jobs executed: 0
  Using thread pool 'org.quartz.simpl.SimpleThreadPool' - with 10 threads.
  Using job-store 'org.quartz.simpl.RAMJobStore' - which does not support persistence. and is not clustered.

2018-08-15 15:22:42.503 INFO  Quartz scheduler 'schedulerFactoryBean' initialized from an externally provided properties instance.
2018-08-15 15:22:42.503 INFO  Quartz scheduler version: 2.2.1
2018-08-15 15:22:42.506 INFO  JobFactory set to: org.springframework.scheduling.quartz.AdaptableJobFactory@78508e6b
2018-08-15 15:22:43.327 INFO  Initializing ExecutorService  'repayHandleExecutor'
2018-08-15 15:22:43.734 INFO  Initializing ExecutorService  'loan7DaiExecutor'
2018-08-15 15:22:43.748 INFO  Initializing ExecutorService  'loanExecutor'
2018-08-15 15:22:43.989 INFO  Initializing ExecutorService  'repayExecutor'
2018-08-15 15:22:48.280 INFO  HV000001: Hibernate Validator 5.1.3.Final
2018-08-15 15:22:48.746 INFO  Looking for @ControllerAdvice: WebApplicationContext for namespace 'rm-resolver': startup date [Wed Aug 15 15:22:02 CST 2018]; root of context hierarchy
2018-08-15 15:22:48.868 INFO  Looking for @ControllerAdvice: WebApplicationContext for namespace 'rm-resolver': startup date [Wed Aug 15 15:22:02 CST 2018]; root of context hierarchy
2018-08-15 15:22:49.049 INFO  Mapped URL path [/siteService] onto handler '/siteService'
2018-08-15 15:22:49.065 INFO  Mapped URL path [/manageService] onto handler '/manageService'
2018-08-15 15:22:49.077 INFO  Mapped URL path [/gatewayDafyService] onto handler '/gatewayDafyService'
2018-08-15 15:22:49.088 INFO  Mapped URL path [/gatewayPay19Service] onto handler '/gatewayPay19Service'
2018-08-15 15:22:49.104 INFO  Mapped URL path [/gatewayBaoFooService] onto handler '/gatewayBaoFooService'
2018-08-15 15:22:49.122 INFO  Mapped URL path [/gatewayReapalService] onto handler '/gatewayReapalService'
2018-08-15 15:22:49.138 INFO  Mapped URL path [/gatewayMobileService] onto handler '/gatewayMobileService'
2018-08-15 15:22:49.149 INFO  Mapped URL path [/gatewayCsaiService] onto handler '/gatewayCsaiService'
2018-08-15 15:22:49.168 INFO  Mapped URL path [/gatewayLoanService] onto handler '/gatewayLoanService'
2018-08-15 15:22:49.191 INFO  Mapped URL path [/gatewayHFBankService] onto handler '/gatewayHFBankService'
2018-08-15 15:22:49.207 INFO  Mapped URL path [/gatewayQb178Service] onto handler '/gatewayQb178Service'
2018-08-15 15:22:49.218 INFO  Mapped URL path [/gatewayZsdService] onto handler '/gatewayZsdService'
2018-08-15 15:22:49.234 INFO  Mapped URL path [/gatewayDepLoan7Service] onto handler '/gatewayDepLoan7Service'
2018-08-15 15:22:49.254 INFO  Mapped URL path [/gatewayQiDianService] onto handler '/gatewayQiDianService'
2018-08-15 15:22:49.471 INFO  Starting beans in phase 2147483647
2018-08-15 15:22:49.472 INFO  Starting Quartz Scheduler now
2018-08-15 15:22:49.472 INFO  Scheduler schedulerFactoryBean_$_NON_CLUSTERED started.
2018-08-15 15:22:49.650 INFO  [quartzInitListener] init start
2018-08-15 15:22:50.427 INFO  [quartzInitListener] init end
2018-08-15 15:22:50.429 INFO  FrameworkServlet 'remote': initialization completed in 48309 ms
2018-08-15 15:24:44.907 INFO  ======交易[Home-RedPacketAmount]：开始执行======
2018-08-15 15:24:45.030 INFO  读取缓存数据，cacheMethod：redis_cache_home_redpacketamount
2018-08-15 15:24:45.030 INFO  当前redis服务：[114.215.203.101:7379]
2018-08-15 15:24:45.066 INFO  读取缓存数据开始，cachekey：home_redpacketamount_object_pc
2018-08-15 15:24:45.066 INFO  当前redis服务：[114.215.203.101:7379]
2018-08-15 15:24:45.079 INFO  读取缓存数据——没有缓存数据，cachekey：home_redpacketamount_object_pc
2018-08-15 15:24:45.122 INFO  添加缓存redisCacheKey数据，cacheMethod：redis_cache_home_redpacketamount，cachekey：home_redpacketamount_object_pc，expire：60
2018-08-15 15:24:45.122 INFO  当前redis服务：[114.215.203.101:7379]
2018-08-15 15:24:45.159 INFO  当前redis服务：[114.215.203.101:7379]
2018-08-15 15:24:45.186 INFO  ======交易[Home-RedPacketAmount]：执行结束======
2018-08-15 15:24:45.186 INFO  ======响应报文[耗时：278毫秒]======
2018-08-15 15:24:52.674 INFO  ======交易[BannerConfig-GetBannerCount]：开始执行======
2018-08-15 15:24:52.698 INFO  ======交易[BannerConfig-GetBannerCount]：执行结束======
2018-08-15 15:24:52.698 INFO  ======响应报文[耗时：24毫秒]======
2018-08-15 15:24:55.398 INFO  ======交易[Activity-SalaryIncreasePlan]：开始执行======
2018-08-15 15:24:55.402 INFO  读取缓存数据，cacheMethod：redis_cache_activityfacade_salaryincreaseplan
2018-08-15 15:24:55.402 INFO  当前redis服务：[114.215.203.101:7379]
2018-08-15 15:24:55.422 INFO  读取缓存数据开始，cachekey：activityfacade_salaryincreaseplan_object
2018-08-15 15:24:55.423 INFO  当前redis服务：[114.215.203.101:7379]
2018-08-15 15:24:55.439 INFO  读取缓存数据——没有缓存数据，cachekey：activityfacade_salaryincreaseplan_object
2018-08-15 15:26:07.912 INFO  ======交易[Home-RedPacketAmount]：开始执行======
2018-08-15 15:26:07.917 INFO  读取缓存数据，cacheMethod：redis_cache_home_redpacketamount
2018-08-15 15:26:07.917 INFO  当前redis服务：[114.215.203.101:7379]
2018-08-15 15:26:07.951 INFO  读取缓存数据开始，cachekey：home_redpacketamount_object_pc
2018-08-15 15:26:07.951 INFO  当前redis服务：[114.215.203.101:7379]
2018-08-15 15:26:07.972 INFO  读取缓存数据——没有缓存数据，cachekey：home_redpacketamount_object_pc
2018-08-15 15:26:07.981 INFO  添加缓存redisCacheKey数据，cacheMethod：redis_cache_home_redpacketamount，cachekey：home_redpacketamount_object_pc，expire：60
2018-08-15 15:26:07.981 INFO  当前redis服务：[114.215.203.101:7379]
2018-08-15 15:26:07.994 INFO  当前redis服务：[114.215.203.101:7379]
2018-08-15 15:26:08.009 INFO  ======交易[Home-RedPacketAmount]：执行结束======
2018-08-15 15:26:08.009 INFO  ======响应报文[耗时：97毫秒]======
2018-08-15 15:26:31.636 INFO  ======交易[Home-RedPacketAmount]：开始执行======
2018-08-15 15:26:31.637 INFO  读取缓存数据，cacheMethod：redis_cache_home_redpacketamount
2018-08-15 15:26:31.637 INFO  当前redis服务：[114.215.203.101:7379]
2018-08-15 15:26:31.664 INFO  读取缓存数据开始，cachekey：home_redpacketamount_object_pc
2018-08-15 15:26:31.665 INFO  当前redis服务：[114.215.203.101:7379]
2018-08-15 15:26:31.677 INFO  读取缓存数据成功，cachekey：home_redpacketamount_object_pc
2018-08-15 15:26:31.677 INFO  ======交易[Home-RedPacketAmount]：执行结束======
2018-08-15 15:26:31.677 INFO  ======响应报文[耗时：40毫秒]======
2018-08-15 15:26:37.144 INFO  ======交易[BannerConfig-GetBannerCount]：开始执行======
2018-08-15 15:26:37.153 INFO  ======交易[BannerConfig-GetBannerCount]：执行结束======
2018-08-15 15:26:37.153 INFO  ======响应报文[耗时：9毫秒]======
2018-08-15 15:26:39.287 INFO  ======交易[Activity-SalaryIncreasePlan]：开始执行======
2018-08-15 15:26:39.287 INFO  读取缓存数据，cacheMethod：redis_cache_activityfacade_salaryincreaseplan
2018-08-15 15:26:39.288 INFO  当前redis服务：[114.215.203.101:7379]
2018-08-15 15:26:39.306 INFO  读取缓存数据开始，cachekey：activityfacade_salaryincreaseplan_object
2018-08-15 15:26:39.306 INFO  当前redis服务：[114.215.203.101:7379]
2018-08-15 15:26:39.331 INFO  读取缓存数据——没有缓存数据，cachekey：activityfacade_salaryincreaseplan_object
2018-08-15 15:26:46.054 INFO  ========= 【加薪计划】年化在10000~50000的中奖数为：28================== 【加薪计划】年化在50000~100000的中奖数为：14================== 【加薪计划】年化在100000~500000的中奖数为：6================== 【加薪计划】年化在500000以上的中奖数为：4================== 【加薪计划】年化在100000~500000的中奖列表为：[{awardId=null, note=null, backDrawTime=null, gender=null, activityName=null, mobile=135****4677, agentName=null, confirmTime=null, updateTime=null, opUserId=null, userName=null, awardContent=null, userDrawTime=Wed Aug 15 12:59:09 CST 2018, userId=null, isBackDraw=null, isWin=null, activityId=null, isConfirm=null, createTime=null, isUserDraw=null, id=null, isAutoConfirm=null, noteAmount=null}, {awardId=null, note=null, backDrawTime=null, gender=null, activityName=null, mobile=132****6678, agentName=null, confirmTime=null, updateTime=null, opUserId=null, userName=null, awardContent=null, userDrawTime=Wed Aug 15 14:54:54 CST 2018, userId=null, isBackDraw=null, isWin=null, activityId=null, isConfirm=null, createTime=null, isUserDraw=null, id=null, isAutoConfirm=null, noteAmount=null}]================== 【加薪计划】年化在100000~500000的中奖数列表为：[{awardId=null, note=null, backDrawTime=null, gender=null, activityName=null, mobile=178****7800, agentName=null, confirmTime=null, updateTime=null, opUserId=null, userName=null, awardContent=null, userDrawTime=Wed Aug 15 15:00:36 CST 2018, userId=null, isBackDraw=null, isWin=null, activityId=null, isConfirm=null, createTime=null, isUserDraw=null, id=null, isAutoConfirm=null, noteAmount=null}]================== 【加薪计划】年化在100000~500000的中奖数列表为：[{awardId=null, note=null, backDrawTime=null, gender=null, activityName=null, mobile=152****7561, agentName=null, confirmTime=null, updateTime=null, opUserId=null, userName=null, awardContent=null, userDrawTime=Wed Aug 15 13:55:53 CST 2018, userId=null, isBackDraw=null, isWin=null, activityId=null, isConfirm=null, createTime=null, isUserDraw=null, id=null, isAutoConfirm=null, noteAmount=null}, {awardId=null, note=null, backDrawTime=null, gender=null, activityName=null, mobile=158****0101, agentName=null, confirmTime=null, updateTime=null, opUserId=null, userName=null, awardContent=null, userDrawTime=Wed Aug 15 14:23:42 CST 2018, userId=null, isBackDraw=null, isWin=null, activityId=null, isConfirm=null, createTime=null, isUserDraw=null, id=null, isAutoConfirm=null, noteAmount=null}, {awardId=null, note=null, backDrawTime=null, gender=null, activityName=null, mobile=137****7111, agentName=null, confirmTime=null, updateTime=null, opUserId=null, userName=null, awardContent=null, userDrawTime=Wed Aug 15 14:46:46 CST 2018, userId=null, isBackDraw=null, isWin=null, activityId=null, isConfirm=null, createTime=null, isUserDraw=null, id=null, isAutoConfirm=null, noteAmount=null}, {awardId=null, note=null, backDrawTime=null, gender=null, activityName=null, mobile=131****7866, agentName=null, confirmTime=null, updateTime=null, opUserId=null, userName=null, awardContent=null, userDrawTime=Wed Aug 15 14:58:15 CST 2018, userId=null, isBackDraw=null, isWin=null, activityId=null, isConfirm=null, createTime=null, isUserDraw=null, id=null, isAutoConfirm=null, noteAmount=null}]================== 【加薪计划】年化在100000~500000的中奖数列表为：[{awardId=null, note=null, backDrawTime=null, gender=null, activityName=null, mobile=133****9087, agentName=null, confirmTime=null, updateTime=null, opUserId=null, userName=null, awardContent=null, userDrawTime=Wed Aug 15 15:07:28 CST 2018, userId=null, isBackDraw=null, isWin=null, activityId=null, isConfirm=null, createTime=null, isUserDraw=null, id=null, isAutoConfirm=null, noteAmount=null}]=========
2018-08-15 15:26:46.057 INFO  添加缓存redisCacheKey数据，cacheMethod：redis_cache_activityfacade_salaryincreaseplan，cachekey：activityfacade_salaryincreaseplan_object，expire：300
2018-08-15 15:26:46.057 INFO  当前redis服务：[114.215.203.101:7379]
2018-08-15 15:26:46.095 INFO  当前redis服务：[114.215.203.101:7379]
2018-08-15 15:26:46.109 INFO  ======交易[Activity-SalaryIncreasePlan]：执行结束======
2018-08-15 15:26:46.110 INFO  ======响应报文[耗时：6822毫秒]======
2018-08-15 15:26:49.781 INFO  ========= 【加薪计划】年化在10000~50000的中奖数为：28================== 【加薪计划】年化在50000~100000的中奖数为：14================== 【加薪计划】年化在100000~500000的中奖数为：6================== 【加薪计划】年化在500000以上的中奖数为：4================== 【加薪计划】年化在100000~500000的中奖列表为：[{awardId=null, note=null, backDrawTime=null, gender=null, activityName=null, mobile=135****4677, agentName=null, confirmTime=null, updateTime=null, opUserId=null, userName=null, awardContent=null, userDrawTime=Wed Aug 15 12:59:09 CST 2018, userId=null, isBackDraw=null, isWin=null, activityId=null, isConfirm=null, createTime=null, isUserDraw=null, id=null, isAutoConfirm=null, noteAmount=null}, {awardId=null, note=null, backDrawTime=null, gender=null, activityName=null, mobile=132****6678, agentName=null, confirmTime=null, updateTime=null, opUserId=null, userName=null, awardContent=null, userDrawTime=Wed Aug 15 14:54:54 CST 2018, userId=null, isBackDraw=null, isWin=null, activityId=null, isConfirm=null, createTime=null, isUserDraw=null, id=null, isAutoConfirm=null, noteAmount=null}]================== 【加薪计划】年化在100000~500000的中奖数列表为：[{awardId=null, note=null, backDrawTime=null, gender=null, activityName=null, mobile=178****7800, agentName=null, confirmTime=null, updateTime=null, opUserId=null, userName=null, awardContent=null, userDrawTime=Wed Aug 15 15:00:36 CST 2018, userId=null, isBackDraw=null, isWin=null, activityId=null, isConfirm=null, createTime=null, isUserDraw=null, id=null, isAutoConfirm=null, noteAmount=null}]================== 【加薪计划】年化在100000~500000的中奖数列表为：[{awardId=null, note=null, backDrawTime=null, gender=null, activityName=null, mobile=152****7561, agentName=null, confirmTime=null, updateTime=null, opUserId=null, userName=null, awardContent=null, userDrawTime=Wed Aug 15 13:55:53 CST 2018, userId=null, isBackDraw=null, isWin=null, activityId=null, isConfirm=null, createTime=null, isUserDraw=null, id=null, isAutoConfirm=null, noteAmount=null}, {awardId=null, note=null, backDrawTime=null, gender=null, activityName=null, mobile=158****0101, agentName=null, confirmTime=null, updateTime=null, opUserId=null, userName=null, awardContent=null, userDrawTime=Wed Aug 15 14:23:42 CST 2018, userId=null, isBackDraw=null, isWin=null, activityId=null, isConfirm=null, createTime=null, isUserDraw=null, id=null, isAutoConfirm=null, noteAmount=null}, {awardId=null, note=null, backDrawTime=null, gender=null, activityName=null, mobile=137****7111, agentName=null, confirmTime=null, updateTime=null, opUserId=null, userName=null, awardContent=null, userDrawTime=Wed Aug 15 14:46:46 CST 2018, userId=null, isBackDraw=null, isWin=null, activityId=null, isConfirm=null, createTime=null, isUserDraw=null, id=null, isAutoConfirm=null, noteAmount=null}, {awardId=null, note=null, backDrawTime=null, gender=null, activityName=null, mobile=131****7866, agentName=null, confirmTime=null, updateTime=null, opUserId=null, userName=null, awardContent=null, userDrawTime=Wed Aug 15 14:58:15 CST 2018, userId=null, isBackDraw=null, isWin=null, activityId=null, isConfirm=null, createTime=null, isUserDraw=null, id=null, isAutoConfirm=null, noteAmount=null}]================== 【加薪计划】年化在100000~500000的中奖数列表为：[{awardId=null, note=null, backDrawTime=null, gender=null, activityName=null, mobile=133****9087, agentName=null, confirmTime=null, updateTime=null, opUserId=null, userName=null, awardContent=null, userDrawTime=Wed Aug 15 15:07:28 CST 2018, userId=null, isBackDraw=null, isWin=null, activityId=null, isConfirm=null, createTime=null, isUserDraw=null, id=null, isAutoConfirm=null, noteAmount=null}]=========
2018-08-15 15:26:49.782 INFO  添加缓存redisCacheKey数据，cacheMethod：redis_cache_activityfacade_salaryincreaseplan，cachekey：activityfacade_salaryincreaseplan_object，expire：300
2018-08-15 15:26:49.782 INFO  当前redis服务：[114.215.203.101:7379]
2018-08-15 15:26:49.799 INFO  当前redis服务：[114.215.203.101:7379]
2018-08-15 15:26:49.817 INFO  ======交易[Activity-SalaryIncreasePlan]：执行结束======
2018-08-15 15:26:49.817 INFO  ======响应报文[耗时：114419毫秒]======
2018-08-15 15:45:30.969 INFO  FrameworkServlet 'remote': initialization started
2018-08-15 15:45:30.988 INFO  Refreshing WebApplicationContext for namespace 'rm-resolver': startup date [Wed Aug 15 15:45:30 CST 2018]; root of context hierarchy
2018-08-15 15:45:31.040 INFO  Loading XML bean definitions from ServletContext resource [/WEB-INF/rm-resolver.xml]
2018-08-15 15:45:31.181 INFO  Loading XML bean definitions from class path resource [META-INF/spring/spr-common.xml]
2018-08-15 15:45:34.970 INFO  Loading XML bean definitions from class path resource [META-INF/spring/spr-quartz-dayend.xml]
2018-08-15 15:45:34.983 INFO  Loading XML bean definitions from class path resource [META-INF/spring/spr-redis-beans.xml]
2018-08-15 15:45:35.005 INFO  Loading XML bean definitions from class path resource [META-INF/remote/rm-common.xml]
2018-08-15 15:45:35.016 INFO  Loading XML bean definitions from class path resource [META-INF/remote/rm-site.xml]
2018-08-15 15:45:35.037 INFO  Loading XML bean definitions from class path resource [META-INF/remote/rm-manage.xml]
2018-08-15 15:45:35.048 INFO  Loading XML bean definitions from class path resource [META-INF/remote/rm-srv-gateway.xml]
2018-08-15 15:45:35.114 INFO  Loading XML bean definitions from class path resource [META-INF/remote/rm-client-gateway.xml]
2018-08-15 15:45:35.130 INFO  Loading XML bean definitions from class path resource [META-INF/remote/rm-client-schedule.xml]
2018-08-15 15:45:36.822 INFO  Loading properties file from class path resource [placeholder.properties]
2018-08-15 15:45:51.849 INFO  Using default implementation for ThreadExecutor
2018-08-15 15:45:51.885 INFO  Initialized Scheduler Signaller of type: class org.quartz.core.SchedulerSignalerImpl
2018-08-15 15:45:51.886 INFO  Quartz Scheduler v.2.2.1 created.
2018-08-15 15:45:51.888 INFO  RAMJobStore initialized.
2018-08-15 15:45:51.889 INFO  Scheduler meta-data: Quartz Scheduler (v2.2.1) 'schedulerFactoryBean' with instanceId 'NON_CLUSTERED'
  Scheduler class: 'org.quartz.core.QuartzScheduler' - running locally.
  NOT STARTED.
  Currently in standby mode.
  Number of jobs executed: 0
  Using thread pool 'org.quartz.simpl.SimpleThreadPool' - with 10 threads.
  Using job-store 'org.quartz.simpl.RAMJobStore' - which does not support persistence. and is not clustered.

2018-08-15 15:45:51.889 INFO  Quartz scheduler 'schedulerFactoryBean' initialized from an externally provided properties instance.
2018-08-15 15:45:51.889 INFO  Quartz scheduler version: 2.2.1
2018-08-15 15:45:51.892 INFO  JobFactory set to: org.springframework.scheduling.quartz.AdaptableJobFactory@25435731
2018-08-15 15:45:52.400 INFO  Initializing ExecutorService  'repayHandleExecutor'
2018-08-15 15:45:52.582 INFO  Initializing ExecutorService  'loan7DaiExecutor'
2018-08-15 15:45:52.588 INFO  Initializing ExecutorService  'loanExecutor'
2018-08-15 15:45:52.730 INFO  Initializing ExecutorService  'repayExecutor'
2018-08-15 15:45:57.005 INFO  HV000001: Hibernate Validator 5.1.3.Final
2018-08-15 15:45:57.577 INFO  Looking for @ControllerAdvice: WebApplicationContext for namespace 'rm-resolver': startup date [Wed Aug 15 15:45:30 CST 2018]; root of context hierarchy
2018-08-15 15:45:57.685 INFO  Looking for @ControllerAdvice: WebApplicationContext for namespace 'rm-resolver': startup date [Wed Aug 15 15:45:30 CST 2018]; root of context hierarchy
2018-08-15 15:45:57.878 INFO  Mapped URL path [/siteService] onto handler '/siteService'
2018-08-15 15:45:57.894 INFO  Mapped URL path [/manageService] onto handler '/manageService'
2018-08-15 15:45:57.911 INFO  Mapped URL path [/gatewayDafyService] onto handler '/gatewayDafyService'
2018-08-15 15:45:57.924 INFO  Mapped URL path [/gatewayPay19Service] onto handler '/gatewayPay19Service'
2018-08-15 15:45:57.953 INFO  Mapped URL path [/gatewayBaoFooService] onto handler '/gatewayBaoFooService'
2018-08-15 15:45:57.969 INFO  Mapped URL path [/gatewayReapalService] onto handler '/gatewayReapalService'
2018-08-15 15:45:57.982 INFO  Mapped URL path [/gatewayMobileService] onto handler '/gatewayMobileService'
2018-08-15 15:45:57.999 INFO  Mapped URL path [/gatewayCsaiService] onto handler '/gatewayCsaiService'
2018-08-15 15:45:58.018 INFO  Mapped URL path [/gatewayLoanService] onto handler '/gatewayLoanService'
2018-08-15 15:45:58.032 INFO  Mapped URL path [/gatewayHFBankService] onto handler '/gatewayHFBankService'
2018-08-15 15:45:58.043 INFO  Mapped URL path [/gatewayQb178Service] onto handler '/gatewayQb178Service'
2018-08-15 15:45:58.058 INFO  Mapped URL path [/gatewayZsdService] onto handler '/gatewayZsdService'
2018-08-15 15:45:58.070 INFO  Mapped URL path [/gatewayDepLoan7Service] onto handler '/gatewayDepLoan7Service'
2018-08-15 15:45:58.081 INFO  Mapped URL path [/gatewayQiDianService] onto handler '/gatewayQiDianService'
2018-08-15 15:45:58.291 INFO  Starting beans in phase 2147483647
2018-08-15 15:45:58.292 INFO  Starting Quartz Scheduler now
2018-08-15 15:45:58.292 INFO  Scheduler schedulerFactoryBean_$_NON_CLUSTERED started.
2018-08-15 15:45:58.406 INFO  [quartzInitListener] init start
2018-08-15 15:45:59.097 INFO  [quartzInitListener] init end
2018-08-15 15:45:59.099 INFO  FrameworkServlet 'remote': initialization completed in 28126 ms
2018-08-15 15:46:07.402 INFO  FrameworkServlet 'remote': initialization started
2018-08-15 15:46:07.420 INFO  Refreshing WebApplicationContext for namespace 'rm-resolver': startup date [Wed Aug 15 15:46:07 CST 2018]; root of context hierarchy
2018-08-15 15:46:07.452 INFO  Loading XML bean definitions from ServletContext resource [/WEB-INF/rm-resolver.xml]
2018-08-15 15:46:07.566 INFO  Loading XML bean definitions from class path resource [META-INF/spring/spr-common.xml]
2018-08-15 15:46:09.303 INFO  Loading XML bean definitions from class path resource [META-INF/spring/spr-quartz-dayend.xml]
2018-08-15 15:46:09.318 INFO  Loading XML bean definitions from class path resource [META-INF/spring/spr-redis-beans.xml]
2018-08-15 15:46:09.334 INFO  Loading XML bean definitions from class path resource [META-INF/remote/rm-common.xml]
2018-08-15 15:46:09.346 INFO  Loading XML bean definitions from class path resource [META-INF/remote/rm-site.xml]
2018-08-15 15:46:09.363 INFO  Loading XML bean definitions from class path resource [META-INF/remote/rm-manage.xml]
2018-08-15 15:46:09.373 INFO  Loading XML bean definitions from class path resource [META-INF/remote/rm-srv-gateway.xml]
2018-08-15 15:46:09.389 INFO  Loading XML bean definitions from class path resource [META-INF/remote/rm-client-gateway.xml]
2018-08-15 15:46:09.408 INFO  Loading XML bean definitions from class path resource [META-INF/remote/rm-client-schedule.xml]
2018-08-15 15:46:11.507 INFO  Loading properties file from class path resource [placeholder.properties]
2018-08-15 15:46:26.609 INFO  Using default implementation for ThreadExecutor
2018-08-15 15:46:26.635 INFO  Initialized Scheduler Signaller of type: class org.quartz.core.SchedulerSignalerImpl
2018-08-15 15:46:26.636 INFO  Quartz Scheduler v.2.2.1 created.
2018-08-15 15:46:26.638 INFO  RAMJobStore initialized.
2018-08-15 15:46:26.639 INFO  Scheduler meta-data: Quartz Scheduler (v2.2.1) 'schedulerFactoryBean' with instanceId 'NON_CLUSTERED'
  Scheduler class: 'org.quartz.core.QuartzScheduler' - running locally.
  NOT STARTED.
  Currently in standby mode.
  Number of jobs executed: 0
  Using thread pool 'org.quartz.simpl.SimpleThreadPool' - with 10 threads.
  Using job-store 'org.quartz.simpl.RAMJobStore' - which does not support persistence. and is not clustered.

2018-08-15 15:46:26.639 INFO  Quartz scheduler 'schedulerFactoryBean' initialized from an externally provided properties instance.
2018-08-15 15:46:26.639 INFO  Quartz scheduler version: 2.2.1
2018-08-15 15:46:26.641 INFO  JobFactory set to: org.springframework.scheduling.quartz.AdaptableJobFactory@2ac3d530
2018-08-15 15:46:27.117 INFO  Initializing ExecutorService  'repayHandleExecutor'
2018-08-15 15:46:27.332 INFO  Initializing ExecutorService  'loan7DaiExecutor'
2018-08-15 15:46:27.337 INFO  Initializing ExecutorService  'loanExecutor'
2018-08-15 15:46:27.486 INFO  Initializing ExecutorService  'repayExecutor'
2018-08-15 15:46:31.431 INFO  HV000001: Hibernate Validator 5.1.3.Final
2018-08-15 15:46:31.862 INFO  Looking for @ControllerAdvice: WebApplicationContext for namespace 'rm-resolver': startup date [Wed Aug 15 15:46:07 CST 2018]; root of context hierarchy
2018-08-15 15:46:31.970 INFO  Looking for @ControllerAdvice: WebApplicationContext for namespace 'rm-resolver': startup date [Wed Aug 15 15:46:07 CST 2018]; root of context hierarchy
2018-08-15 15:46:32.123 INFO  Mapped URL path [/siteService] onto handler '/siteService'
2018-08-15 15:46:32.132 INFO  Mapped URL path [/manageService] onto handler '/manageService'
2018-08-15 15:46:32.141 INFO  Mapped URL path [/gatewayDafyService] onto handler '/gatewayDafyService'
2018-08-15 15:46:32.151 INFO  Mapped URL path [/gatewayPay19Service] onto handler '/gatewayPay19Service'
2018-08-15 15:46:32.163 INFO  Mapped URL path [/gatewayBaoFooService] onto handler '/gatewayBaoFooService'
2018-08-15 15:46:32.176 INFO  Mapped URL path [/gatewayReapalService] onto handler '/gatewayReapalService'
2018-08-15 15:46:32.189 INFO  Mapped URL path [/gatewayMobileService] onto handler '/gatewayMobileService'
2018-08-15 15:46:32.202 INFO  Mapped URL path [/gatewayCsaiService] onto handler '/gatewayCsaiService'
2018-08-15 15:46:32.213 INFO  Mapped URL path [/gatewayLoanService] onto handler '/gatewayLoanService'
2018-08-15 15:46:32.224 INFO  Mapped URL path [/gatewayHFBankService] onto handler '/gatewayHFBankService'
2018-08-15 15:46:32.242 INFO  Mapped URL path [/gatewayQb178Service] onto handler '/gatewayQb178Service'
2018-08-15 15:46:32.255 INFO  Mapped URL path [/gatewayZsdService] onto handler '/gatewayZsdService'
2018-08-15 15:46:32.267 INFO  Mapped URL path [/gatewayDepLoan7Service] onto handler '/gatewayDepLoan7Service'
2018-08-15 15:46:32.278 INFO  Mapped URL path [/gatewayQiDianService] onto handler '/gatewayQiDianService'
2018-08-15 15:46:34.479 INFO  Shutting down ExecutorService 'repayExecutor'
2018-08-15 15:46:34.480 INFO  Shutting down ExecutorService 'loanExecutor'
2018-08-15 15:46:34.480 INFO  Shutting down ExecutorService 'loan7DaiExecutor'
2018-08-15 15:46:34.481 INFO  Shutting down ExecutorService 'repayHandleExecutor'
2018-08-15 15:46:34.484 INFO  Shutting down Quartz Scheduler
2018-08-15 15:46:34.484 INFO  Scheduler schedulerFactoryBean_$_NON_CLUSTERED shutting down.
2018-08-15 15:46:34.485 INFO  Scheduler schedulerFactoryBean_$_NON_CLUSTERED paused.
2018-08-15 15:46:34.485 INFO  Scheduler schedulerFactoryBean_$_NON_CLUSTERED shutdown complete.
2018-08-15 15:46:49.221 INFO  FrameworkServlet 'remote': initialization started
2018-08-15 15:46:49.237 INFO  Refreshing WebApplicationContext for namespace 'rm-resolver': startup date [Wed Aug 15 15:46:49 CST 2018]; root of context hierarchy
2018-08-15 15:46:49.273 INFO  Loading XML bean definitions from ServletContext resource [/WEB-INF/rm-resolver.xml]
2018-08-15 15:46:49.359 INFO  Loading XML bean definitions from class path resource [META-INF/spring/spr-common.xml]
2018-08-15 15:46:51.522 INFO  Loading XML bean definitions from class path resource [META-INF/spring/spr-quartz-dayend.xml]
2018-08-15 15:46:51.534 INFO  Loading XML bean definitions from class path resource [META-INF/spring/spr-redis-beans.xml]
2018-08-15 15:46:51.551 INFO  Loading XML bean definitions from class path resource [META-INF/remote/rm-common.xml]
2018-08-15 15:46:51.561 INFO  Loading XML bean definitions from class path resource [META-INF/remote/rm-site.xml]
2018-08-15 15:46:51.572 INFO  Loading XML bean definitions from class path resource [META-INF/remote/rm-manage.xml]
2018-08-15 15:46:51.587 INFO  Loading XML bean definitions from class path resource [META-INF/remote/rm-srv-gateway.xml]
2018-08-15 15:46:51.613 INFO  Loading XML bean definitions from class path resource [META-INF/remote/rm-client-gateway.xml]
2018-08-15 15:46:51.635 INFO  Loading XML bean definitions from class path resource [META-INF/remote/rm-client-schedule.xml]
2018-08-15 15:46:53.845 INFO  Loading properties file from class path resource [placeholder.properties]
2018-08-15 15:47:08.262 INFO  Using default implementation for ThreadExecutor
2018-08-15 15:47:08.299 INFO  Initialized Scheduler Signaller of type: class org.quartz.core.SchedulerSignalerImpl
2018-08-15 15:47:08.300 INFO  Quartz Scheduler v.2.2.1 created.
2018-08-15 15:47:08.303 INFO  RAMJobStore initialized.
2018-08-15 15:47:08.305 INFO  Scheduler meta-data: Quartz Scheduler (v2.2.1) 'schedulerFactoryBean' with instanceId 'NON_CLUSTERED'
  Scheduler class: 'org.quartz.core.QuartzScheduler' - running locally.
  NOT STARTED.
  Currently in standby mode.
  Number of jobs executed: 0
  Using thread pool 'org.quartz.simpl.SimpleThreadPool' - with 10 threads.
  Using job-store 'org.quartz.simpl.RAMJobStore' - which does not support persistence. and is not clustered.

2018-08-15 15:47:08.305 INFO  Quartz scheduler 'schedulerFactoryBean' initialized from an externally provided properties instance.
2018-08-15 15:47:08.305 INFO  Quartz scheduler version: 2.2.1
2018-08-15 15:47:08.308 INFO  JobFactory set to: org.springframework.scheduling.quartz.AdaptableJobFactory@76104df5
2018-08-15 15:47:08.842 INFO  Initializing ExecutorService  'repayHandleExecutor'
2018-08-15 15:47:09.038 INFO  Initializing ExecutorService  'loan7DaiExecutor'
2018-08-15 15:47:09.045 INFO  Initializing ExecutorService  'loanExecutor'
2018-08-15 15:47:09.164 INFO  Initializing ExecutorService  'repayExecutor'
2018-08-15 15:47:13.135 INFO  HV000001: Hibernate Validator 5.1.3.Final
2018-08-15 15:47:13.674 INFO  Looking for @ControllerAdvice: WebApplicationContext for namespace 'rm-resolver': startup date [Wed Aug 15 15:46:49 CST 2018]; root of context hierarchy
2018-08-15 15:47:13.779 INFO  Looking for @ControllerAdvice: WebApplicationContext for namespace 'rm-resolver': startup date [Wed Aug 15 15:46:49 CST 2018]; root of context hierarchy
2018-08-15 15:47:13.955 INFO  Mapped URL path [/siteService] onto handler '/siteService'
2018-08-15 15:47:13.964 INFO  Mapped URL path [/manageService] onto handler '/manageService'
2018-08-15 15:47:13.975 INFO  Mapped URL path [/gatewayDafyService] onto handler '/gatewayDafyService'
2018-08-15 15:47:13.988 INFO  Mapped URL path [/gatewayPay19Service] onto handler '/gatewayPay19Service'
2018-08-15 15:47:13.998 INFO  Mapped URL path [/gatewayBaoFooService] onto handler '/gatewayBaoFooService'
2018-08-15 15:47:14.011 INFO  Mapped URL path [/gatewayReapalService] onto handler '/gatewayReapalService'
2018-08-15 15:47:14.022 INFO  Mapped URL path [/gatewayMobileService] onto handler '/gatewayMobileService'
2018-08-15 15:47:14.031 INFO  Mapped URL path [/gatewayCsaiService] onto handler '/gatewayCsaiService'
2018-08-15 15:47:14.041 INFO  Mapped URL path [/gatewayLoanService] onto handler '/gatewayLoanService'
2018-08-15 15:47:14.051 INFO  Mapped URL path [/gatewayHFBankService] onto handler '/gatewayHFBankService'
2018-08-15 15:47:14.065 INFO  Mapped URL path [/gatewayQb178Service] onto handler '/gatewayQb178Service'
2018-08-15 15:47:14.078 INFO  Mapped URL path [/gatewayZsdService] onto handler '/gatewayZsdService'
2018-08-15 15:47:14.089 INFO  Mapped URL path [/gatewayDepLoan7Service] onto handler '/gatewayDepLoan7Service'
2018-08-15 15:47:14.099 INFO  Mapped URL path [/gatewayQiDianService] onto handler '/gatewayQiDianService'
2018-08-15 15:47:16.248 INFO  Shutting down ExecutorService 'repayExecutor'
2018-08-15 15:47:16.249 INFO  Shutting down ExecutorService 'loanExecutor'
2018-08-15 15:47:16.249 INFO  Shutting down ExecutorService 'loan7DaiExecutor'
2018-08-15 15:47:16.249 INFO  Shutting down ExecutorService 'repayHandleExecutor'
2018-08-15 15:47:16.252 INFO  Shutting down Quartz Scheduler
2018-08-15 15:47:16.252 INFO  Scheduler schedulerFactoryBean_$_NON_CLUSTERED shutting down.
2018-08-15 15:47:16.252 INFO  Scheduler schedulerFactoryBean_$_NON_CLUSTERED paused.
2018-08-15 15:47:16.252 INFO  Scheduler schedulerFactoryBean_$_NON_CLUSTERED shutdown complete.
2018-08-15 15:47:48.202 INFO  FrameworkServlet 'remote': initialization started
2018-08-15 15:47:48.222 INFO  Refreshing WebApplicationContext for namespace 'rm-resolver': startup date [Wed Aug 15 15:47:48 CST 2018]; root of context hierarchy
2018-08-15 15:47:48.257 INFO  Loading XML bean definitions from ServletContext resource [/WEB-INF/rm-resolver.xml]
2018-08-15 15:47:48.360 INFO  Loading XML bean definitions from class path resource [META-INF/spring/spr-common.xml]
2018-08-15 15:47:50.147 INFO  Loading XML bean definitions from class path resource [META-INF/spring/spr-quartz-dayend.xml]
2018-08-15 15:47:50.163 INFO  Loading XML bean definitions from class path resource [META-INF/spring/spr-redis-beans.xml]
2018-08-15 15:47:50.179 INFO  Loading XML bean definitions from class path resource [META-INF/remote/rm-common.xml]
2018-08-15 15:47:50.192 INFO  Loading XML bean definitions from class path resource [META-INF/remote/rm-site.xml]
2018-08-15 15:47:50.208 INFO  Loading XML bean definitions from class path resource [META-INF/remote/rm-manage.xml]
2018-08-15 15:47:50.218 INFO  Loading XML bean definitions from class path resource [META-INF/remote/rm-srv-gateway.xml]
2018-08-15 15:47:50.235 INFO  Loading XML bean definitions from class path resource [META-INF/remote/rm-client-gateway.xml]
2018-08-15 15:47:50.248 INFO  Loading XML bean definitions from class path resource [META-INF/remote/rm-client-schedule.xml]
2018-08-15 15:47:52.215 INFO  Loading properties file from class path resource [placeholder.properties]
2018-08-15 15:48:07.503 INFO  Using default implementation for ThreadExecutor
2018-08-15 15:48:07.545 INFO  Initialized Scheduler Signaller of type: class org.quartz.core.SchedulerSignalerImpl
2018-08-15 15:48:07.546 INFO  Quartz Scheduler v.2.2.1 created.
2018-08-15 15:48:07.548 INFO  RAMJobStore initialized.
2018-08-15 15:48:07.550 INFO  Scheduler meta-data: Quartz Scheduler (v2.2.1) 'schedulerFactoryBean' with instanceId 'NON_CLUSTERED'
  Scheduler class: 'org.quartz.core.QuartzScheduler' - running locally.
  NOT STARTED.
  Currently in standby mode.
  Number of jobs executed: 0
  Using thread pool 'org.quartz.simpl.SimpleThreadPool' - with 10 threads.
  Using job-store 'org.quartz.simpl.RAMJobStore' - which does not support persistence. and is not clustered.

2018-08-15 15:48:07.550 INFO  Quartz scheduler 'schedulerFactoryBean' initialized from an externally provided properties instance.
2018-08-15 15:48:07.551 INFO  Quartz scheduler version: 2.2.1
2018-08-15 15:48:07.553 INFO  JobFactory set to: org.springframework.scheduling.quartz.AdaptableJobFactory@4258106
2018-08-15 15:48:08.066 INFO  Initializing ExecutorService  'repayHandleExecutor'
2018-08-15 15:48:08.267 INFO  Initializing ExecutorService  'loan7DaiExecutor'
2018-08-15 15:48:08.274 INFO  Initializing ExecutorService  'loanExecutor'
2018-08-15 15:48:08.406 INFO  Initializing ExecutorService  'repayExecutor'
2018-08-15 15:48:12.742 INFO  HV000001: Hibernate Validator 5.1.3.Final
2018-08-15 15:48:13.351 INFO  Looking for @ControllerAdvice: WebApplicationContext for namespace 'rm-resolver': startup date [Wed Aug 15 15:47:48 CST 2018]; root of context hierarchy
2018-08-15 15:48:13.450 INFO  Looking for @ControllerAdvice: WebApplicationContext for namespace 'rm-resolver': startup date [Wed Aug 15 15:47:48 CST 2018]; root of context hierarchy
2018-08-15 15:48:13.612 INFO  Mapped URL path [/siteService] onto handler '/siteService'
2018-08-15 15:48:13.621 INFO  Mapped URL path [/manageService] onto handler '/manageService'
2018-08-15 15:48:13.630 INFO  Mapped URL path [/gatewayDafyService] onto handler '/gatewayDafyService'
2018-08-15 15:48:13.640 INFO  Mapped URL path [/gatewayPay19Service] onto handler '/gatewayPay19Service'
2018-08-15 15:48:13.649 INFO  Mapped URL path [/gatewayBaoFooService] onto handler '/gatewayBaoFooService'
2018-08-15 15:48:13.660 INFO  Mapped URL path [/gatewayReapalService] onto handler '/gatewayReapalService'
2018-08-15 15:48:13.671 INFO  Mapped URL path [/gatewayMobileService] onto handler '/gatewayMobileService'
2018-08-15 15:48:13.685 INFO  Mapped URL path [/gatewayCsaiService] onto handler '/gatewayCsaiService'
2018-08-15 15:48:13.697 INFO  Mapped URL path [/gatewayLoanService] onto handler '/gatewayLoanService'
2018-08-15 15:48:13.708 INFO  Mapped URL path [/gatewayHFBankService] onto handler '/gatewayHFBankService'
2018-08-15 15:48:13.717 INFO  Mapped URL path [/gatewayQb178Service] onto handler '/gatewayQb178Service'
2018-08-15 15:48:13.731 INFO  Mapped URL path [/gatewayZsdService] onto handler '/gatewayZsdService'
2018-08-15 15:48:13.745 INFO  Mapped URL path [/gatewayDepLoan7Service] onto handler '/gatewayDepLoan7Service'
2018-08-15 15:48:13.759 INFO  Mapped URL path [/gatewayQiDianService] onto handler '/gatewayQiDianService'
2018-08-15 15:48:13.928 INFO  Starting beans in phase 2147483647
2018-08-15 15:48:13.928 INFO  Starting Quartz Scheduler now
2018-08-15 15:48:13.928 INFO  Scheduler schedulerFactoryBean_$_NON_CLUSTERED started.
2018-08-15 15:48:14.022 INFO  [quartzInitListener] init start
2018-08-15 15:48:14.582 INFO  [quartzInitListener] init end
2018-08-15 15:48:14.583 INFO  FrameworkServlet 'remote': initialization completed in 26377 ms
2018-08-15 15:49:03.418 INFO  ======交易[Home-RedPacketAmount]：开始执行======
2018-08-15 15:49:03.502 INFO  读取缓存数据，cacheMethod：redis_cache_home_redpacketamount
2018-08-15 15:49:03.502 INFO  当前redis服务：[114.215.203.101:7379]
2018-08-15 15:49:03.566 INFO  读取缓存数据开始，cachekey：home_redpacketamount_object_pc
2018-08-15 15:49:03.566 INFO  当前redis服务：[114.215.203.101:7379]
2018-08-15 15:49:03.598 INFO  读取缓存数据——没有缓存数据，cachekey：home_redpacketamount_object_pc
2018-08-15 15:49:03.628 INFO  添加缓存redisCacheKey数据，cacheMethod：redis_cache_home_redpacketamount，cachekey：home_redpacketamount_object_pc，expire：60
2018-08-15 15:49:03.628 INFO  当前redis服务：[114.215.203.101:7379]
2018-08-15 15:49:03.725 INFO  当前redis服务：[114.215.203.101:7379]
2018-08-15 15:49:03.738 INFO  ======交易[Home-RedPacketAmount]：执行结束======
2018-08-15 15:49:03.739 INFO  ======响应报文[耗时：320毫秒]======
2018-08-15 15:49:28.143 INFO  ======交易[BannerConfig-GetBannerCount]：开始执行======
2018-08-15 15:49:28.160 INFO  ======交易[BannerConfig-GetBannerCount]：执行结束======
2018-08-15 15:49:28.160 INFO  ======响应报文[耗时：17毫秒]======
2018-08-15 15:49:39.411 INFO  ======交易[Activity-SalaryIncreasePlan]：开始执行======
2018-08-15 15:49:39.417 INFO  读取缓存数据，cacheMethod：redis_cache_activityfacade_salaryincreaseplan
2018-08-15 15:49:39.418 INFO  当前redis服务：[114.215.203.101:7379]
2018-08-15 15:49:39.430 INFO  读取缓存数据开始，cachekey：activityfacade_salaryincreaseplan_object
2018-08-15 15:49:39.430 INFO  当前redis服务：[114.215.203.101:7379]
2018-08-15 15:49:39.444 INFO  读取缓存数据——没有缓存数据，cachekey：activityfacade_salaryincreaseplan_object
2018-08-15 15:49:39.502 INFO  ========= 【加薪计划】年化在10000~50000的中奖数为：29================== 【加薪计划】年化在50000~100000的中奖数为：15================== 【加薪计划】年化在100000~500000的中奖数为：10================== 【加薪计划】年化在500000以上的中奖数为：5================== 【加薪计划】年化在100000~500000的中奖列表为：[{awardId=null, note=null, backDrawTime=null, gender=null, activityName=null, mobile=137****7111, agentName=null, confirmTime=null, updateTime=null, opUserId=null, userName=null, awardContent=null, userDrawTime=Wed Aug 15 15:28:03 CST 2018, userId=null, isBackDraw=null, isWin=null, activityId=null, isConfirm=null, createTime=null, isUserDraw=null, id=null, isAutoConfirm=null, noteAmount=null}]================== 【加薪计划】年化在100000~500000的中奖列表为：null================== 【加薪计划】年化在100000~500000的中奖列表为：null================== 【加薪计划】年化在100000~500000的中奖列表为：null=========
2018-08-15 15:49:39.502 INFO  添加缓存redisCacheKey数据，cacheMethod：redis_cache_activityfacade_salaryincreaseplan，cachekey：activityfacade_salaryincreaseplan_object，expire：300
2018-08-15 15:49:39.502 INFO  当前redis服务：[114.215.203.101:7379]
2018-08-15 15:49:39.519 INFO  当前redis服务：[114.215.203.101:7379]
2018-08-15 15:49:39.543 INFO  ======交易[Activity-SalaryIncreasePlan]：执行结束======
2018-08-15 15:49:39.543 INFO  ======响应报文[耗时：132毫秒]======
2018-08-15 15:49:45.368 INFO  ======交易[User-QueryAgentViewConfig]：开始执行======
2018-08-15 15:49:45.411 INFO  ======交易[User-QueryAgentViewConfig]：执行结束======
2018-08-15 15:49:45.412 INFO  ======响应报文[耗时：43毫秒]======
2018-08-15 15:49:45.862 INFO  ======交易[Home-RedPacketAmount]：开始执行======
2018-08-15 15:49:45.863 INFO  读取缓存数据，cacheMethod：redis_cache_home_redpacketamount
2018-08-15 15:49:45.863 INFO  当前redis服务：[114.215.203.101:7379]
2018-08-15 15:49:45.876 INFO  读取缓存数据开始，cachekey：home_redpacketamount_object_pc
2018-08-15 15:49:45.876 INFO  当前redis服务：[114.215.203.101:7379]
2018-08-15 15:49:45.890 INFO  读取缓存数据成功，cachekey：home_redpacketamount_object_pc
2018-08-15 15:49:45.891 INFO  ======交易[Home-RedPacketAmount]：执行结束======
2018-08-15 15:49:45.891 INFO  ======响应报文[耗时：28毫秒]======
2018-08-15 15:49:45.892 INFO  ======交易[Home-RedPacketAmount]：开始执行======
2018-08-15 15:49:45.892 INFO  读取缓存数据，cacheMethod：redis_cache_home_redpacketamount
2018-08-15 15:49:45.892 INFO  当前redis服务：[114.215.203.101:7379]
2018-08-15 15:49:45.906 INFO  读取缓存数据开始，cachekey：home_redpacketamount_object_pc
2018-08-15 15:49:45.907 INFO  当前redis服务：[114.215.203.101:7379]
2018-08-15 15:49:45.921 INFO  读取缓存数据成功，cachekey：home_redpacketamount_object_pc
2018-08-15 15:49:45.922 INFO  ======交易[Home-RedPacketAmount]：执行结束======
2018-08-15 15:49:45.922 INFO  ======响应报文[耗时：30毫秒]======
2018-08-15 15:49:45.965 INFO  ======交易[Activity-SalaryIncreasePlan]：开始执行======
2018-08-15 15:49:45.977 INFO  读取缓存数据，cacheMethod：redis_cache_activityfacade_salaryincreaseplan
2018-08-15 15:49:45.977 INFO  当前redis服务：[114.215.203.101:7379]
2018-08-15 15:49:45.994 INFO  读取缓存数据开始，cachekey：activityfacade_salaryincreaseplan_object
2018-08-15 15:49:45.994 INFO  当前redis服务：[114.215.203.101:7379]
2018-08-15 15:49:46.010 INFO  读取缓存数据成功，cachekey：activityfacade_salaryincreaseplan_object
2018-08-15 15:49:46.010 INFO  ======交易[Activity-SalaryIncreasePlan]：执行结束======
2018-08-15 15:49:46.010 INFO  ======响应报文[耗时：45毫秒]======
2018-08-14 15:50:30.621 INFO  ======交易[Home-RedPacketAmount]：开始执行======
2018-08-14 15:50:30.621 INFO  读取缓存数据，cacheMethod：redis_cache_home_redpacketamount
2018-08-14 15:50:30.621 INFO  当前redis服务：[114.215.203.101:7379]
2018-08-14 15:50:30.639 INFO  读取缓存数据开始，cachekey：home_redpacketamount_object_pc
2018-08-14 15:50:30.639 INFO  当前redis服务：[114.215.203.101:7379]
2018-08-14 15:50:30.650 INFO  读取缓存数据——没有缓存数据，cachekey：home_redpacketamount_object_pc
2018-08-14 15:50:30.660 INFO  添加缓存redisCacheKey数据，cacheMethod：redis_cache_home_redpacketamount，cachekey：home_redpacketamount_object_pc，expire：60
2018-08-14 15:50:30.660 INFO  当前redis服务：[114.215.203.101:7379]
2018-08-14 15:50:30.672 INFO  当前redis服务：[114.215.203.101:7379]
2018-08-14 15:50:30.685 INFO  ======交易[Home-RedPacketAmount]：执行结束======
2018-08-14 15:50:30.685 INFO  ======响应报文[耗时：64毫秒]======
2018-08-14 15:50:40.187 INFO  ======交易[BannerConfig-GetBannerCount]：开始执行======
2018-08-14 15:50:40.205 INFO  ======交易[BannerConfig-GetBannerCount]：执行结束======
2018-08-14 15:50:40.205 INFO  ======响应报文[耗时：18毫秒]======
2018-08-14 15:50:42.843 INFO  ======交易[Home-RedPacketAmount]：开始执行======
2018-08-14 15:50:42.844 INFO  读取缓存数据，cacheMethod：redis_cache_home_redpacketamount
2018-08-14 15:50:42.844 INFO  当前redis服务：[114.215.203.101:7379]
2018-08-14 15:50:42.856 INFO  读取缓存数据开始，cachekey：home_redpacketamount_object_pc
2018-08-14 15:50:42.856 INFO  当前redis服务：[114.215.203.101:7379]
2018-08-14 15:50:42.868 INFO  读取缓存数据成功，cachekey：home_redpacketamount_object_pc
2018-08-14 15:50:42.868 INFO  ======交易[Home-RedPacketAmount]：执行结束======
2018-08-14 15:50:42.868 INFO  ======响应报文[耗时：24毫秒]======
2018-08-14 15:50:42.870 INFO  ======交易[Activity-SalaryIncreasePlan]：开始执行======
2018-08-14 15:50:42.871 INFO  读取缓存数据，cacheMethod：redis_cache_activityfacade_salaryincreaseplan
2018-08-14 15:50:42.871 INFO  当前redis服务：[114.215.203.101:7379]
2018-08-14 15:50:42.881 INFO  读取缓存数据开始，cachekey：activityfacade_salaryincreaseplan_object
2018-08-14 15:50:42.881 INFO  当前redis服务：[114.215.203.101:7379]
2018-08-14 15:50:42.898 INFO  读取缓存数据成功，cachekey：activityfacade_salaryincreaseplan_object
2018-08-14 15:50:42.899 INFO  ======交易[Activity-SalaryIncreasePlan]：执行结束======
2018-08-14 15:50:42.899 INFO  ======响应报文[耗时：29毫秒]======
2018-08-14 15:50:55.410 INFO  ======交易[Home-RedPacketAmount]：开始执行======
2018-08-14 15:50:55.410 INFO  读取缓存数据，cacheMethod：redis_cache_home_redpacketamount
2018-08-14 15:50:55.411 INFO  当前redis服务：[114.215.203.101:7379]
2018-08-14 15:50:55.426 INFO  读取缓存数据开始，cachekey：home_redpacketamount_object_pc
2018-08-14 15:50:55.426 INFO  当前redis服务：[114.215.203.101:7379]
2018-08-14 15:50:55.429 INFO  ======交易[Home-RedPacketAmount]：开始执行======
2018-08-14 15:50:55.430 INFO  读取缓存数据，cacheMethod：redis_cache_home_redpacketamount
2018-08-14 15:50:55.430 INFO  当前redis服务：[114.215.203.101:7379]
2018-08-14 15:50:55.442 INFO  读取缓存数据成功，cachekey：home_redpacketamount_object_pc
2018-08-14 15:50:55.442 INFO  ======交易[Home-RedPacketAmount]：执行结束======
2018-08-14 15:50:55.442 INFO  ======响应报文[耗时：32毫秒]======
2018-08-14 15:50:55.454 INFO  读取缓存数据开始，cachekey：home_redpacketamount_object_pc
2018-08-14 15:50:55.454 INFO  当前redis服务：[114.215.203.101:7379]
2018-08-14 15:50:55.471 INFO  读取缓存数据成功，cachekey：home_redpacketamount_object_pc
2018-08-14 15:50:55.471 INFO  ======交易[Home-RedPacketAmount]：执行结束======
2018-08-14 15:50:55.472 INFO  ======响应报文[耗时：42毫秒]======
2018-08-14 15:50:55.477 INFO  ======交易[Activity-SalaryIncreasePlan]：开始执行======
2018-08-14 15:50:55.478 INFO  读取缓存数据，cacheMethod：redis_cache_activityfacade_salaryincreaseplan
2018-08-14 15:50:55.478 INFO  当前redis服务：[114.215.203.101:7379]
2018-08-14 15:50:55.490 INFO  读取缓存数据开始，cachekey：activityfacade_salaryincreaseplan_object
2018-08-14 15:50:55.491 INFO  当前redis服务：[114.215.203.101:7379]
2018-08-14 15:50:55.505 INFO  读取缓存数据成功，cachekey：activityfacade_salaryincreaseplan_object
2018-08-14 15:50:55.505 INFO  ======交易[Activity-SalaryIncreasePlan]：执行结束======
2018-08-14 15:50:55.505 INFO  ======响应报文[耗时：27毫秒]======
