2018-08-04 13:04:04.131 [main ERROR com.pinting.core.util.encrypt.RSAUtil - Decryption error
javax.crypto.BadPaddingException: Decryption error
	at sun.security.rsa.RSAPadding.unpadV15(RSAPadding.java:383) ~[na:1.8.0_181]
	at sun.security.rsa.RSAPadding.unpad(RSAPadding.java:294) ~[na:1.8.0_181]
	at com.sun.crypto.provider.RSACipher.doFinal(RSACipher.java:363) ~[sunjce_provider.jar:1.8.0_171]
	at com.sun.crypto.provider.RSACipher.engineDoFinal(RSACipher.java:389) ~[sunjce_provider.jar:1.8.0_171]
	at javax.crypto.Cipher.doFinal(Cipher.java:2164) ~[na:1.8.0_171]
	at com.pinting.core.util.encrypt.RSAUtil.decryptByPrivateKey(RSAUtil.java:74) ~[classes/:na]
	at com.pinting.core.converter.LocalPropertyPlaceholderConfigurer.resolvePlaceholder(LocalPropertyPlaceholderConfigurer.java:36) [classes/:na]
	at com.pinting.core.converter.LocalPropertyPlaceholderConfigurer.resolvePlaceholder(LocalPropertyPlaceholderConfigurer.java:23) [classes/:na]
	at org.springframework.beans.factory.config.PropertyPlaceholderConfigurer$PropertyPlaceholderConfigurerResolver.resolvePlaceholder(PropertyPlaceholderConfigurer.java:275) [spring-beans-4.1.1.RELEASE.jar:4.1.1.RELEASE]
	at org.springframework.util.PropertyPlaceholderHelper.parseStringValue(PropertyPlaceholderHelper.java:147) [spring-core-4.1.1.RELEASE.jar:4.1.1.RELEASE]
	at org.springframework.util.PropertyPlaceholderHelper.replacePlaceholders(PropertyPlaceholderHelper.java:126) [spring-core-4.1.1.RELEASE.jar:4.1.1.RELEASE]
	at org.springframework.beans.factory.config.PropertyPlaceholderConfigurer$PlaceholderResolvingStringValueResolver.resolveStringValue(PropertyPlaceholderConfigurer.java:259) [spring-beans-4.1.1.RELEASE.jar:4.1.1.RELEASE]
	at org.springframework.beans.factory.config.BeanDefinitionVisitor.resolveStringValue(BeanDefinitionVisitor.java:282) [spring-beans-4.1.1.RELEASE.jar:4.1.1.RELEASE]
	at org.springframework.beans.factory.config.BeanDefinitionVisitor.resolveValue(BeanDefinitionVisitor.java:204) [spring-beans-4.1.1.RELEASE.jar:4.1.1.RELEASE]
	at org.springframework.beans.factory.config.BeanDefinitionVisitor.visitPropertyValues(BeanDefinitionVisitor.java:141) [spring-beans-4.1.1.RELEASE.jar:4.1.1.RELEASE]
	at org.springframework.beans.factory.config.BeanDefinitionVisitor.visitBeanDefinition(BeanDefinitionVisitor.java:82) [spring-beans-4.1.1.RELEASE.jar:4.1.1.RELEASE]
	at org.springframework.beans.factory.config.PlaceholderConfigurerSupport.doProcessProperties(PlaceholderConfigurerSupport.java:208) [spring-beans-4.1.1.RELEASE.jar:4.1.1.RELEASE]
	at org.springframework.beans.factory.config.PropertyPlaceholderConfigurer.processProperties(PropertyPlaceholderConfigurer.java:223) [spring-beans-4.1.1.RELEASE.jar:4.1.1.RELEASE]
	at org.springframework.beans.factory.config.PropertyResourceConfigurer.postProcessBeanFactory(PropertyResourceConfigurer.java:86) [spring-beans-4.1.1.RELEASE.jar:4.1.1.RELEASE]
	at org.springframework.context.support.PostProcessorRegistrationDelegate.invokeBeanFactoryPostProcessors(PostProcessorRegistrationDelegate.java:265) [spring-context-4.1.1.RELEASE.jar:4.1.1.RELEASE]
	at org.springframework.context.support.PostProcessorRegistrationDelegate.invokeBeanFactoryPostProcessors(PostProcessorRegistrationDelegate.java:162) [spring-context-4.1.1.RELEASE.jar:4.1.1.RELEASE]
	at org.springframework.context.support.AbstractApplicationContext.invokeBeanFactoryPostProcessors(AbstractApplicationContext.java:606) [spring-context-4.1.1.RELEASE.jar:4.1.1.RELEASE]
	at org.springframework.context.support.AbstractApplicationContext.refresh(AbstractApplicationContext.java:462) [spring-context-4.1.1.RELEASE.jar:4.1.1.RELEASE]
	at org.springframework.web.servlet.FrameworkServlet.configureAndRefreshWebApplicationContext(FrameworkServlet.java:663) [spring-webmvc-4.1.1.RELEASE.jar:4.1.1.RELEASE]
	at org.springframework.web.servlet.FrameworkServlet.createWebApplicationContext(FrameworkServlet.java:629) [spring-webmvc-4.1.1.RELEASE.jar:4.1.1.RELEASE]
	at org.springframework.web.servlet.FrameworkServlet.createWebApplicationContext(FrameworkServlet.java:677) [spring-webmvc-4.1.1.RELEASE.jar:4.1.1.RELEASE]
	at org.springframework.web.servlet.FrameworkServlet.initWebApplicationContext(FrameworkServlet.java:548) [spring-webmvc-4.1.1.RELEASE.jar:4.1.1.RELEASE]
	at org.springframework.web.servlet.FrameworkServlet.initServletBean(FrameworkServlet.java:489) [spring-webmvc-4.1.1.RELEASE.jar:4.1.1.RELEASE]
	at org.springframework.web.servlet.HttpServletBean.init(HttpServletBean.java:136) [spring-webmvc-4.1.1.RELEASE.jar:4.1.1.RELEASE]
	at javax.servlet.GenericServlet.init(GenericServlet.java:241) [servlet-api-2.5-20081211.jar:na]
	at org.mortbay.jetty.servlet.ServletHolder.initServlet(ServletHolder.java:440) [jetty-6.1.26.jar:6.1.26]
	at org.mortbay.jetty.servlet.ServletHolder.doStart(ServletHolder.java:263) [jetty-6.1.26.jar:6.1.26]
	at org.mortbay.component.AbstractLifeCycle.start(AbstractLifeCycle.java:50) [jetty-util-6.1.26.jar:6.1.26]
	at org.mortbay.jetty.servlet.ServletHandler.initialize(ServletHandler.java:736) [jetty-6.1.26.jar:6.1.26]
	at org.mortbay.jetty.servlet.Context.startContext(Context.java:140) [jetty-6.1.26.jar:6.1.26]
	at org.mortbay.jetty.webapp.WebAppContext.startContext(WebAppContext.java:1282) [jetty-6.1.26.jar:6.1.26]
	at org.mortbay.jetty.handler.ContextHandler.doStart(ContextHandler.java:518) [jetty-6.1.26.jar:6.1.26]
	at org.mortbay.jetty.webapp.WebAppContext.doStart(WebAppContext.java:499) [jetty-6.1.26.jar:6.1.26]
	at org.mortbay.component.AbstractLifeCycle.start(AbstractLifeCycle.java:50) [jetty-util-6.1.26.jar:6.1.26]
	at org.mortbay.jetty.handler.HandlerWrapper.doStart(HandlerWrapper.java:130) [jetty-6.1.26.jar:6.1.26]
	at org.mortbay.jetty.Server.doStart(Server.java:224) [jetty-6.1.26.jar:6.1.26]
	at org.mortbay.component.AbstractLifeCycle.start(AbstractLifeCycle.java:50) [jetty-util-6.1.26.jar:6.1.26]
	at runjettyrun.Bootstrap.main(Bootstrap.java:97) [run-jetty-run-bootstrap.jar:na]
2018-08-04 13:04:04.155 [main ERROR com.pinting.core.util.encrypt.RSAUtil - Decryption error
javax.crypto.BadPaddingException: Decryption error
	at sun.security.rsa.RSAPadding.unpadV15(RSAPadding.java:383) ~[na:1.8.0_181]
	at sun.security.rsa.RSAPadding.unpad(RSAPadding.java:294) ~[na:1.8.0_181]
	at com.sun.crypto.provider.RSACipher.doFinal(RSACipher.java:363) ~[sunjce_provider.jar:1.8.0_171]
	at com.sun.crypto.provider.RSACipher.engineDoFinal(RSACipher.java:389) ~[sunjce_provider.jar:1.8.0_171]
	at javax.crypto.Cipher.doFinal(Cipher.java:2164) ~[na:1.8.0_171]
	at com.pinting.core.util.encrypt.RSAUtil.decryptByPrivateKey(RSAUtil.java:74) ~[classes/:na]
	at com.pinting.core.converter.LocalPropertyPlaceholderConfigurer.resolvePlaceholder(LocalPropertyPlaceholderConfigurer.java:36) [classes/:na]
	at com.pinting.core.converter.LocalPropertyPlaceholderConfigurer.resolvePlaceholder(LocalPropertyPlaceholderConfigurer.java:23) [classes/:na]
	at org.springframework.beans.factory.config.PropertyPlaceholderConfigurer$PropertyPlaceholderConfigurerResolver.resolvePlaceholder(PropertyPlaceholderConfigurer.java:275) [spring-beans-4.1.1.RELEASE.jar:4.1.1.RELEASE]
	at org.springframework.util.PropertyPlaceholderHelper.parseStringValue(PropertyPlaceholderHelper.java:147) [spring-core-4.1.1.RELEASE.jar:4.1.1.RELEASE]
	at org.springframework.util.PropertyPlaceholderHelper.replacePlaceholders(PropertyPlaceholderHelper.java:126) [spring-core-4.1.1.RELEASE.jar:4.1.1.RELEASE]
	at org.springframework.beans.factory.config.PropertyPlaceholderConfigurer$PlaceholderResolvingStringValueResolver.resolveStringValue(PropertyPlaceholderConfigurer.java:259) [spring-beans-4.1.1.RELEASE.jar:4.1.1.RELEASE]
	at org.springframework.beans.factory.config.BeanDefinitionVisitor.resolveStringValue(BeanDefinitionVisitor.java:282) [spring-beans-4.1.1.RELEASE.jar:4.1.1.RELEASE]
	at org.springframework.beans.factory.config.BeanDefinitionVisitor.resolveValue(BeanDefinitionVisitor.java:204) [spring-beans-4.1.1.RELEASE.jar:4.1.1.RELEASE]
	at org.springframework.beans.factory.config.BeanDefinitionVisitor.visitPropertyValues(BeanDefinitionVisitor.java:141) [spring-beans-4.1.1.RELEASE.jar:4.1.1.RELEASE]
	at org.springframework.beans.factory.config.BeanDefinitionVisitor.visitBeanDefinition(BeanDefinitionVisitor.java:82) [spring-beans-4.1.1.RELEASE.jar:4.1.1.RELEASE]
	at org.springframework.beans.factory.config.PlaceholderConfigurerSupport.doProcessProperties(PlaceholderConfigurerSupport.java:208) [spring-beans-4.1.1.RELEASE.jar:4.1.1.RELEASE]
	at org.springframework.beans.factory.config.PropertyPlaceholderConfigurer.processProperties(PropertyPlaceholderConfigurer.java:223) [spring-beans-4.1.1.RELEASE.jar:4.1.1.RELEASE]
	at org.springframework.beans.factory.config.PropertyResourceConfigurer.postProcessBeanFactory(PropertyResourceConfigurer.java:86) [spring-beans-4.1.1.RELEASE.jar:4.1.1.RELEASE]
	at org.springframework.context.support.PostProcessorRegistrationDelegate.invokeBeanFactoryPostProcessors(PostProcessorRegistrationDelegate.java:265) [spring-context-4.1.1.RELEASE.jar:4.1.1.RELEASE]
	at org.springframework.context.support.PostProcessorRegistrationDelegate.invokeBeanFactoryPostProcessors(PostProcessorRegistrationDelegate.java:162) [spring-context-4.1.1.RELEASE.jar:4.1.1.RELEASE]
	at org.springframework.context.support.AbstractApplicationContext.invokeBeanFactoryPostProcessors(AbstractApplicationContext.java:606) [spring-context-4.1.1.RELEASE.jar:4.1.1.RELEASE]
	at org.springframework.context.support.AbstractApplicationContext.refresh(AbstractApplicationContext.java:462) [spring-context-4.1.1.RELEASE.jar:4.1.1.RELEASE]
	at org.springframework.web.servlet.FrameworkServlet.configureAndRefreshWebApplicationContext(FrameworkServlet.java:663) [spring-webmvc-4.1.1.RELEASE.jar:4.1.1.RELEASE]
	at org.springframework.web.servlet.FrameworkServlet.createWebApplicationContext(FrameworkServlet.java:629) [spring-webmvc-4.1.1.RELEASE.jar:4.1.1.RELEASE]
	at org.springframework.web.servlet.FrameworkServlet.createWebApplicationContext(FrameworkServlet.java:677) [spring-webmvc-4.1.1.RELEASE.jar:4.1.1.RELEASE]
	at org.springframework.web.servlet.FrameworkServlet.initWebApplicationContext(FrameworkServlet.java:548) [spring-webmvc-4.1.1.RELEASE.jar:4.1.1.RELEASE]
	at org.springframework.web.servlet.FrameworkServlet.initServletBean(FrameworkServlet.java:489) [spring-webmvc-4.1.1.RELEASE.jar:4.1.1.RELEASE]
	at org.springframework.web.servlet.HttpServletBean.init(HttpServletBean.java:136) [spring-webmvc-4.1.1.RELEASE.jar:4.1.1.RELEASE]
	at javax.servlet.GenericServlet.init(GenericServlet.java:241) [servlet-api-2.5-20081211.jar:na]
	at org.mortbay.jetty.servlet.ServletHolder.initServlet(ServletHolder.java:440) [jetty-6.1.26.jar:6.1.26]
	at org.mortbay.jetty.servlet.ServletHolder.doStart(ServletHolder.java:263) [jetty-6.1.26.jar:6.1.26]
	at org.mortbay.component.AbstractLifeCycle.start(AbstractLifeCycle.java:50) [jetty-util-6.1.26.jar:6.1.26]
	at org.mortbay.jetty.servlet.ServletHandler.initialize(ServletHandler.java:736) [jetty-6.1.26.jar:6.1.26]
	at org.mortbay.jetty.servlet.Context.startContext(Context.java:140) [jetty-6.1.26.jar:6.1.26]
	at org.mortbay.jetty.webapp.WebAppContext.startContext(WebAppContext.java:1282) [jetty-6.1.26.jar:6.1.26]
	at org.mortbay.jetty.handler.ContextHandler.doStart(ContextHandler.java:518) [jetty-6.1.26.jar:6.1.26]
	at org.mortbay.jetty.webapp.WebAppContext.doStart(WebAppContext.java:499) [jetty-6.1.26.jar:6.1.26]
	at org.mortbay.component.AbstractLifeCycle.start(AbstractLifeCycle.java:50) [jetty-util-6.1.26.jar:6.1.26]
	at org.mortbay.jetty.handler.HandlerWrapper.doStart(HandlerWrapper.java:130) [jetty-6.1.26.jar:6.1.26]
	at org.mortbay.jetty.Server.doStart(Server.java:224) [jetty-6.1.26.jar:6.1.26]
	at org.mortbay.component.AbstractLifeCycle.start(AbstractLifeCycle.java:50) [jetty-util-6.1.26.jar:6.1.26]
	at runjettyrun.Bootstrap.main(Bootstrap.java:97) [run-jetty-run-bootstrap.jar:na]
2018-08-04 13:04:04.161 [main ERROR com.pinting.core.util.encrypt.RSAUtil - Decryption error
javax.crypto.BadPaddingException: Decryption error
	at sun.security.rsa.RSAPadding.unpadV15(RSAPadding.java:383) ~[na:1.8.0_181]
	at sun.security.rsa.RSAPadding.unpad(RSAPadding.java:294) ~[na:1.8.0_181]
	at com.sun.crypto.provider.RSACipher.doFinal(RSACipher.java:363) ~[sunjce_provider.jar:1.8.0_171]
	at com.sun.crypto.provider.RSACipher.engineDoFinal(RSACipher.java:389) ~[sunjce_provider.jar:1.8.0_171]
	at javax.crypto.Cipher.doFinal(Cipher.java:2164) ~[na:1.8.0_171]
	at com.pinting.core.util.encrypt.RSAUtil.decryptByPrivateKey(RSAUtil.java:74) ~[classes/:na]
	at com.pinting.core.converter.LocalPropertyPlaceholderConfigurer.resolvePlaceholder(LocalPropertyPlaceholderConfigurer.java:36) [classes/:na]
	at com.pinting.core.converter.LocalPropertyPlaceholderConfigurer.resolvePlaceholder(LocalPropertyPlaceholderConfigurer.java:23) [classes/:na]
	at org.springframework.beans.factory.config.PropertyPlaceholderConfigurer$PropertyPlaceholderConfigurerResolver.resolvePlaceholder(PropertyPlaceholderConfigurer.java:275) [spring-beans-4.1.1.RELEASE.jar:4.1.1.RELEASE]
	at org.springframework.util.PropertyPlaceholderHelper.parseStringValue(PropertyPlaceholderHelper.java:147) [spring-core-4.1.1.RELEASE.jar:4.1.1.RELEASE]
	at org.springframework.util.PropertyPlaceholderHelper.replacePlaceholders(PropertyPlaceholderHelper.java:126) [spring-core-4.1.1.RELEASE.jar:4.1.1.RELEASE]
	at org.springframework.beans.factory.config.PropertyPlaceholderConfigurer$PlaceholderResolvingStringValueResolver.resolveStringValue(PropertyPlaceholderConfigurer.java:259) [spring-beans-4.1.1.RELEASE.jar:4.1.1.RELEASE]
	at org.springframework.beans.factory.config.BeanDefinitionVisitor.resolveStringValue(BeanDefinitionVisitor.java:282) [spring-beans-4.1.1.RELEASE.jar:4.1.1.RELEASE]
	at org.springframework.beans.factory.config.BeanDefinitionVisitor.resolveValue(BeanDefinitionVisitor.java:204) [spring-beans-4.1.1.RELEASE.jar:4.1.1.RELEASE]
	at org.springframework.beans.factory.config.BeanDefinitionVisitor.visitPropertyValues(BeanDefinitionVisitor.java:141) [spring-beans-4.1.1.RELEASE.jar:4.1.1.RELEASE]
	at org.springframework.beans.factory.config.BeanDefinitionVisitor.visitBeanDefinition(BeanDefinitionVisitor.java:82) [spring-beans-4.1.1.RELEASE.jar:4.1.1.RELEASE]
	at org.springframework.beans.factory.config.PlaceholderConfigurerSupport.doProcessProperties(PlaceholderConfigurerSupport.java:208) [spring-beans-4.1.1.RELEASE.jar:4.1.1.RELEASE]
	at org.springframework.beans.factory.config.PropertyPlaceholderConfigurer.processProperties(PropertyPlaceholderConfigurer.java:223) [spring-beans-4.1.1.RELEASE.jar:4.1.1.RELEASE]
	at org.springframework.beans.factory.config.PropertyResourceConfigurer.postProcessBeanFactory(PropertyResourceConfigurer.java:86) [spring-beans-4.1.1.RELEASE.jar:4.1.1.RELEASE]
	at org.springframework.context.support.PostProcessorRegistrationDelegate.invokeBeanFactoryPostProcessors(PostProcessorRegistrationDelegate.java:265) [spring-context-4.1.1.RELEASE.jar:4.1.1.RELEASE]
	at org.springframework.context.support.PostProcessorRegistrationDelegate.invokeBeanFactoryPostProcessors(PostProcessorRegistrationDelegate.java:162) [spring-context-4.1.1.RELEASE.jar:4.1.1.RELEASE]
	at org.springframework.context.support.AbstractApplicationContext.invokeBeanFactoryPostProcessors(AbstractApplicationContext.java:606) [spring-context-4.1.1.RELEASE.jar:4.1.1.RELEASE]
	at org.springframework.context.support.AbstractApplicationContext.refresh(AbstractApplicationContext.java:462) [spring-context-4.1.1.RELEASE.jar:4.1.1.RELEASE]
	at org.springframework.web.servlet.FrameworkServlet.configureAndRefreshWebApplicationContext(FrameworkServlet.java:663) [spring-webmvc-4.1.1.RELEASE.jar:4.1.1.RELEASE]
	at org.springframework.web.servlet.FrameworkServlet.createWebApplicationContext(FrameworkServlet.java:629) [spring-webmvc-4.1.1.RELEASE.jar:4.1.1.RELEASE]
	at org.springframework.web.servlet.FrameworkServlet.createWebApplicationContext(FrameworkServlet.java:677) [spring-webmvc-4.1.1.RELEASE.jar:4.1.1.RELEASE]
	at org.springframework.web.servlet.FrameworkServlet.initWebApplicationContext(FrameworkServlet.java:548) [spring-webmvc-4.1.1.RELEASE.jar:4.1.1.RELEASE]
	at org.springframework.web.servlet.FrameworkServlet.initServletBean(FrameworkServlet.java:489) [spring-webmvc-4.1.1.RELEASE.jar:4.1.1.RELEASE]
	at org.springframework.web.servlet.HttpServletBean.init(HttpServletBean.java:136) [spring-webmvc-4.1.1.RELEASE.jar:4.1.1.RELEASE]
	at javax.servlet.GenericServlet.init(GenericServlet.java:241) [servlet-api-2.5-20081211.jar:na]
	at org.mortbay.jetty.servlet.ServletHolder.initServlet(ServletHolder.java:440) [jetty-6.1.26.jar:6.1.26]
	at org.mortbay.jetty.servlet.ServletHolder.doStart(ServletHolder.java:263) [jetty-6.1.26.jar:6.1.26]
	at org.mortbay.component.AbstractLifeCycle.start(AbstractLifeCycle.java:50) [jetty-util-6.1.26.jar:6.1.26]
	at org.mortbay.jetty.servlet.ServletHandler.initialize(ServletHandler.java:736) [jetty-6.1.26.jar:6.1.26]
	at org.mortbay.jetty.servlet.Context.startContext(Context.java:140) [jetty-6.1.26.jar:6.1.26]
	at org.mortbay.jetty.webapp.WebAppContext.startContext(WebAppContext.java:1282) [jetty-6.1.26.jar:6.1.26]
	at org.mortbay.jetty.handler.ContextHandler.doStart(ContextHandler.java:518) [jetty-6.1.26.jar:6.1.26]
	at org.mortbay.jetty.webapp.WebAppContext.doStart(WebAppContext.java:499) [jetty-6.1.26.jar:6.1.26]
	at org.mortbay.component.AbstractLifeCycle.start(AbstractLifeCycle.java:50) [jetty-util-6.1.26.jar:6.1.26]
	at org.mortbay.jetty.handler.HandlerWrapper.doStart(HandlerWrapper.java:130) [jetty-6.1.26.jar:6.1.26]
	at org.mortbay.jetty.Server.doStart(Server.java:224) [jetty-6.1.26.jar:6.1.26]
	at org.mortbay.component.AbstractLifeCycle.start(AbstractLifeCycle.java:50) [jetty-util-6.1.26.jar:6.1.26]
	at runjettyrun.Bootstrap.main(Bootstrap.java:97) [run-jetty-run-bootstrap.jar:na]
2018-08-04 13:04:04.166 [main ERROR com.pinting.core.util.encrypt.RSAUtil - Decryption error
javax.crypto.BadPaddingException: Decryption error
	at sun.security.rsa.RSAPadding.unpadV15(RSAPadding.java:383) ~[na:1.8.0_181]
	at sun.security.rsa.RSAPadding.unpad(RSAPadding.java:294) ~[na:1.8.0_181]
	at com.sun.crypto.provider.RSACipher.doFinal(RSACipher.java:363) ~[sunjce_provider.jar:1.8.0_171]
	at com.sun.crypto.provider.RSACipher.engineDoFinal(RSACipher.java:389) ~[sunjce_provider.jar:1.8.0_171]
	at javax.crypto.Cipher.doFinal(Cipher.java:2164) ~[na:1.8.0_171]
	at com.pinting.core.util.encrypt.RSAUtil.decryptByPrivateKey(RSAUtil.java:74) ~[classes/:na]
	at com.pinting.core.converter.LocalPropertyPlaceholderConfigurer.resolvePlaceholder(LocalPropertyPlaceholderConfigurer.java:36) [classes/:na]
	at com.pinting.core.converter.LocalPropertyPlaceholderConfigurer.resolvePlaceholder(LocalPropertyPlaceholderConfigurer.java:23) [classes/:na]
	at org.springframework.beans.factory.config.PropertyPlaceholderConfigurer$PropertyPlaceholderConfigurerResolver.resolvePlaceholder(PropertyPlaceholderConfigurer.java:275) [spring-beans-4.1.1.RELEASE.jar:4.1.1.RELEASE]
	at org.springframework.util.PropertyPlaceholderHelper.parseStringValue(PropertyPlaceholderHelper.java:147) [spring-core-4.1.1.RELEASE.jar:4.1.1.RELEASE]
	at org.springframework.util.PropertyPlaceholderHelper.replacePlaceholders(PropertyPlaceholderHelper.java:126) [spring-core-4.1.1.RELEASE.jar:4.1.1.RELEASE]
	at org.springframework.beans.factory.config.PropertyPlaceholderConfigurer$PlaceholderResolvingStringValueResolver.resolveStringValue(PropertyPlaceholderConfigurer.java:259) [spring-beans-4.1.1.RELEASE.jar:4.1.1.RELEASE]
	at org.springframework.beans.factory.config.BeanDefinitionVisitor.resolveStringValue(BeanDefinitionVisitor.java:282) [spring-beans-4.1.1.RELEASE.jar:4.1.1.RELEASE]
	at org.springframework.beans.factory.config.BeanDefinitionVisitor.resolveValue(BeanDefinitionVisitor.java:204) [spring-beans-4.1.1.RELEASE.jar:4.1.1.RELEASE]
	at org.springframework.beans.factory.config.BeanDefinitionVisitor.visitPropertyValues(BeanDefinitionVisitor.java:141) [spring-beans-4.1.1.RELEASE.jar:4.1.1.RELEASE]
	at org.springframework.beans.factory.config.BeanDefinitionVisitor.visitBeanDefinition(BeanDefinitionVisitor.java:82) [spring-beans-4.1.1.RELEASE.jar:4.1.1.RELEASE]
	at org.springframework.beans.factory.config.PlaceholderConfigurerSupport.doProcessProperties(PlaceholderConfigurerSupport.java:208) [spring-beans-4.1.1.RELEASE.jar:4.1.1.RELEASE]
	at org.springframework.beans.factory.config.PropertyPlaceholderConfigurer.processProperties(PropertyPlaceholderConfigurer.java:223) [spring-beans-4.1.1.RELEASE.jar:4.1.1.RELEASE]
	at org.springframework.beans.factory.config.PropertyResourceConfigurer.postProcessBeanFactory(PropertyResourceConfigurer.java:86) [spring-beans-4.1.1.RELEASE.jar:4.1.1.RELEASE]
	at org.springframework.context.support.PostProcessorRegistrationDelegate.invokeBeanFactoryPostProcessors(PostProcessorRegistrationDelegate.java:265) [spring-context-4.1.1.RELEASE.jar:4.1.1.RELEASE]
	at org.springframework.context.support.PostProcessorRegistrationDelegate.invokeBeanFactoryPostProcessors(PostProcessorRegistrationDelegate.java:162) [spring-context-4.1.1.RELEASE.jar:4.1.1.RELEASE]
	at org.springframework.context.support.AbstractApplicationContext.invokeBeanFactoryPostProcessors(AbstractApplicationContext.java:606) [spring-context-4.1.1.RELEASE.jar:4.1.1.RELEASE]
	at org.springframework.context.support.AbstractApplicationContext.refresh(AbstractApplicationContext.java:462) [spring-context-4.1.1.RELEASE.jar:4.1.1.RELEASE]
	at org.springframework.web.servlet.FrameworkServlet.configureAndRefreshWebApplicationContext(FrameworkServlet.java:663) [spring-webmvc-4.1.1.RELEASE.jar:4.1.1.RELEASE]
	at org.springframework.web.servlet.FrameworkServlet.createWebApplicationContext(FrameworkServlet.java:629) [spring-webmvc-4.1.1.RELEASE.jar:4.1.1.RELEASE]
	at org.springframework.web.servlet.FrameworkServlet.createWebApplicationContext(FrameworkServlet.java:677) [spring-webmvc-4.1.1.RELEASE.jar:4.1.1.RELEASE]
	at org.springframework.web.servlet.FrameworkServlet.initWebApplicationContext(FrameworkServlet.java:548) [spring-webmvc-4.1.1.RELEASE.jar:4.1.1.RELEASE]
	at org.springframework.web.servlet.FrameworkServlet.initServletBean(FrameworkServlet.java:489) [spring-webmvc-4.1.1.RELEASE.jar:4.1.1.RELEASE]
	at org.springframework.web.servlet.HttpServletBean.init(HttpServletBean.java:136) [spring-webmvc-4.1.1.RELEASE.jar:4.1.1.RELEASE]
	at javax.servlet.GenericServlet.init(GenericServlet.java:241) [servlet-api-2.5-20081211.jar:na]
	at org.mortbay.jetty.servlet.ServletHolder.initServlet(ServletHolder.java:440) [jetty-6.1.26.jar:6.1.26]
	at org.mortbay.jetty.servlet.ServletHolder.doStart(ServletHolder.java:263) [jetty-6.1.26.jar:6.1.26]
	at org.mortbay.component.AbstractLifeCycle.start(AbstractLifeCycle.java:50) [jetty-util-6.1.26.jar:6.1.26]
	at org.mortbay.jetty.servlet.ServletHandler.initialize(ServletHandler.java:736) [jetty-6.1.26.jar:6.1.26]
	at org.mortbay.jetty.servlet.Context.startContext(Context.java:140) [jetty-6.1.26.jar:6.1.26]
	at org.mortbay.jetty.webapp.WebAppContext.startContext(WebAppContext.java:1282) [jetty-6.1.26.jar:6.1.26]
	at org.mortbay.jetty.handler.ContextHandler.doStart(ContextHandler.java:518) [jetty-6.1.26.jar:6.1.26]
	at org.mortbay.jetty.webapp.WebAppContext.doStart(WebAppContext.java:499) [jetty-6.1.26.jar:6.1.26]
	at org.mortbay.component.AbstractLifeCycle.start(AbstractLifeCycle.java:50) [jetty-util-6.1.26.jar:6.1.26]
	at org.mortbay.jetty.handler.HandlerWrapper.doStart(HandlerWrapper.java:130) [jetty-6.1.26.jar:6.1.26]
	at org.mortbay.jetty.Server.doStart(Server.java:224) [jetty-6.1.26.jar:6.1.26]
	at org.mortbay.component.AbstractLifeCycle.start(AbstractLifeCycle.java:50) [jetty-util-6.1.26.jar:6.1.26]
	at runjettyrun.Bootstrap.main(Bootstrap.java:97) [run-jetty-run-bootstrap.jar:na]
2018-08-04 14:40:35.854 [main ERROR com.pinting.core.util.encrypt.RSAUtil - Decryption error
javax.crypto.BadPaddingException: Decryption error
	at sun.security.rsa.RSAPadding.unpadV15(RSAPadding.java:383) ~[na:1.8.0_181]
	at sun.security.rsa.RSAPadding.unpad(RSAPadding.java:294) ~[na:1.8.0_181]
	at com.sun.crypto.provider.RSACipher.doFinal(RSACipher.java:363) ~[sunjce_provider.jar:1.8.0_171]
	at com.sun.crypto.provider.RSACipher.engineDoFinal(RSACipher.java:389) ~[sunjce_provider.jar:1.8.0_171]
	at javax.crypto.Cipher.doFinal(Cipher.java:2164) ~[na:1.8.0_171]
	at com.pinting.core.util.encrypt.RSAUtil.decryptByPrivateKey(RSAUtil.java:74) ~[classes/:na]
	at com.pinting.core.converter.LocalPropertyPlaceholderConfigurer.resolvePlaceholder(LocalPropertyPlaceholderConfigurer.java:36) [classes/:na]
	at com.pinting.core.converter.LocalPropertyPlaceholderConfigurer.resolvePlaceholder(LocalPropertyPlaceholderConfigurer.java:23) [classes/:na]
	at org.springframework.beans.factory.config.PropertyPlaceholderConfigurer$PropertyPlaceholderConfigurerResolver.resolvePlaceholder(PropertyPlaceholderConfigurer.java:275) [spring-beans-4.1.1.RELEASE.jar:4.1.1.RELEASE]
	at org.springframework.util.PropertyPlaceholderHelper.parseStringValue(PropertyPlaceholderHelper.java:147) [spring-core-4.1.1.RELEASE.jar:4.1.1.RELEASE]
	at org.springframework.util.PropertyPlaceholderHelper.replacePlaceholders(PropertyPlaceholderHelper.java:126) [spring-core-4.1.1.RELEASE.jar:4.1.1.RELEASE]
	at org.springframework.beans.factory.config.PropertyPlaceholderConfigurer$PlaceholderResolvingStringValueResolver.resolveStringValue(PropertyPlaceholderConfigurer.java:259) [spring-beans-4.1.1.RELEASE.jar:4.1.1.RELEASE]
	at org.springframework.beans.factory.config.BeanDefinitionVisitor.resolveStringValue(BeanDefinitionVisitor.java:282) [spring-beans-4.1.1.RELEASE.jar:4.1.1.RELEASE]
	at org.springframework.beans.factory.config.BeanDefinitionVisitor.resolveValue(BeanDefinitionVisitor.java:204) [spring-beans-4.1.1.RELEASE.jar:4.1.1.RELEASE]
	at org.springframework.beans.factory.config.BeanDefinitionVisitor.visitPropertyValues(BeanDefinitionVisitor.java:141) [spring-beans-4.1.1.RELEASE.jar:4.1.1.RELEASE]
	at org.springframework.beans.factory.config.BeanDefinitionVisitor.visitBeanDefinition(BeanDefinitionVisitor.java:82) [spring-beans-4.1.1.RELEASE.jar:4.1.1.RELEASE]
	at org.springframework.beans.factory.config.PlaceholderConfigurerSupport.doProcessProperties(PlaceholderConfigurerSupport.java:208) [spring-beans-4.1.1.RELEASE.jar:4.1.1.RELEASE]
	at org.springframework.beans.factory.config.PropertyPlaceholderConfigurer.processProperties(PropertyPlaceholderConfigurer.java:223) [spring-beans-4.1.1.RELEASE.jar:4.1.1.RELEASE]
	at org.springframework.beans.factory.config.PropertyResourceConfigurer.postProcessBeanFactory(PropertyResourceConfigurer.java:86) [spring-beans-4.1.1.RELEASE.jar:4.1.1.RELEASE]
	at org.springframework.context.support.PostProcessorRegistrationDelegate.invokeBeanFactoryPostProcessors(PostProcessorRegistrationDelegate.java:265) [spring-context-4.1.1.RELEASE.jar:4.1.1.RELEASE]
	at org.springframework.context.support.PostProcessorRegistrationDelegate.invokeBeanFactoryPostProcessors(PostProcessorRegistrationDelegate.java:162) [spring-context-4.1.1.RELEASE.jar:4.1.1.RELEASE]
	at org.springframework.context.support.AbstractApplicationContext.invokeBeanFactoryPostProcessors(AbstractApplicationContext.java:606) [spring-context-4.1.1.RELEASE.jar:4.1.1.RELEASE]
	at org.springframework.context.support.AbstractApplicationContext.refresh(AbstractApplicationContext.java:462) [spring-context-4.1.1.RELEASE.jar:4.1.1.RELEASE]
	at org.springframework.web.servlet.FrameworkServlet.configureAndRefreshWebApplicationContext(FrameworkServlet.java:663) [spring-webmvc-4.1.1.RELEASE.jar:4.1.1.RELEASE]
	at org.springframework.web.servlet.FrameworkServlet.createWebApplicationContext(FrameworkServlet.java:629) [spring-webmvc-4.1.1.RELEASE.jar:4.1.1.RELEASE]
	at org.springframework.web.servlet.FrameworkServlet.createWebApplicationContext(FrameworkServlet.java:677) [spring-webmvc-4.1.1.RELEASE.jar:4.1.1.RELEASE]
	at org.springframework.web.servlet.FrameworkServlet.initWebApplicationContext(FrameworkServlet.java:548) [spring-webmvc-4.1.1.RELEASE.jar:4.1.1.RELEASE]
	at org.springframework.web.servlet.FrameworkServlet.initServletBean(FrameworkServlet.java:489) [spring-webmvc-4.1.1.RELEASE.jar:4.1.1.RELEASE]
	at org.springframework.web.servlet.HttpServletBean.init(HttpServletBean.java:136) [spring-webmvc-4.1.1.RELEASE.jar:4.1.1.RELEASE]
	at javax.servlet.GenericServlet.init(GenericServlet.java:241) [servlet-api-2.5-20081211.jar:na]
	at org.mortbay.jetty.servlet.ServletHolder.initServlet(ServletHolder.java:440) [jetty-6.1.26.jar:6.1.26]
	at org.mortbay.jetty.servlet.ServletHolder.doStart(ServletHolder.java:263) [jetty-6.1.26.jar:6.1.26]
	at org.mortbay.component.AbstractLifeCycle.start(AbstractLifeCycle.java:50) [jetty-util-6.1.26.jar:6.1.26]
	at org.mortbay.jetty.servlet.ServletHandler.initialize(ServletHandler.java:736) [jetty-6.1.26.jar:6.1.26]
	at org.mortbay.jetty.servlet.Context.startContext(Context.java:140) [jetty-6.1.26.jar:6.1.26]
	at org.mortbay.jetty.webapp.WebAppContext.startContext(WebAppContext.java:1282) [jetty-6.1.26.jar:6.1.26]
	at org.mortbay.jetty.handler.ContextHandler.doStart(ContextHandler.java:518) [jetty-6.1.26.jar:6.1.26]
	at org.mortbay.jetty.webapp.WebAppContext.doStart(WebAppContext.java:499) [jetty-6.1.26.jar:6.1.26]
	at org.mortbay.component.AbstractLifeCycle.start(AbstractLifeCycle.java:50) [jetty-util-6.1.26.jar:6.1.26]
	at org.mortbay.jetty.handler.HandlerWrapper.doStart(HandlerWrapper.java:130) [jetty-6.1.26.jar:6.1.26]
	at org.mortbay.jetty.Server.doStart(Server.java:224) [jetty-6.1.26.jar:6.1.26]
	at org.mortbay.component.AbstractLifeCycle.start(AbstractLifeCycle.java:50) [jetty-util-6.1.26.jar:6.1.26]
	at runjettyrun.Bootstrap.main(Bootstrap.java:97) [run-jetty-run-bootstrap.jar:na]
2018-08-04 14:40:36.103 [main ERROR com.pinting.core.util.encrypt.RSAUtil - Decryption error
javax.crypto.BadPaddingException: Decryption error
	at sun.security.rsa.RSAPadding.unpadV15(RSAPadding.java:383) ~[na:1.8.0_181]
	at sun.security.rsa.RSAPadding.unpad(RSAPadding.java:294) ~[na:1.8.0_181]
	at com.sun.crypto.provider.RSACipher.doFinal(RSACipher.java:363) ~[sunjce_provider.jar:1.8.0_171]
	at com.sun.crypto.provider.RSACipher.engineDoFinal(RSACipher.java:389) ~[sunjce_provider.jar:1.8.0_171]
	at javax.crypto.Cipher.doFinal(Cipher.java:2164) ~[na:1.8.0_171]
	at com.pinting.core.util.encrypt.RSAUtil.decryptByPrivateKey(RSAUtil.java:74) ~[classes/:na]
	at com.pinting.core.converter.LocalPropertyPlaceholderConfigurer.resolvePlaceholder(LocalPropertyPlaceholderConfigurer.java:36) [classes/:na]
	at com.pinting.core.converter.LocalPropertyPlaceholderConfigurer.resolvePlaceholder(LocalPropertyPlaceholderConfigurer.java:23) [classes/:na]
	at org.springframework.beans.factory.config.PropertyPlaceholderConfigurer$PropertyPlaceholderConfigurerResolver.resolvePlaceholder(PropertyPlaceholderConfigurer.java:275) [spring-beans-4.1.1.RELEASE.jar:4.1.1.RELEASE]
	at org.springframework.util.PropertyPlaceholderHelper.parseStringValue(PropertyPlaceholderHelper.java:147) [spring-core-4.1.1.RELEASE.jar:4.1.1.RELEASE]
	at org.springframework.util.PropertyPlaceholderHelper.replacePlaceholders(PropertyPlaceholderHelper.java:126) [spring-core-4.1.1.RELEASE.jar:4.1.1.RELEASE]
	at org.springframework.beans.factory.config.PropertyPlaceholderConfigurer$PlaceholderResolvingStringValueResolver.resolveStringValue(PropertyPlaceholderConfigurer.java:259) [spring-beans-4.1.1.RELEASE.jar:4.1.1.RELEASE]
	at org.springframework.beans.factory.config.BeanDefinitionVisitor.resolveStringValue(BeanDefinitionVisitor.java:282) [spring-beans-4.1.1.RELEASE.jar:4.1.1.RELEASE]
	at org.springframework.beans.factory.config.BeanDefinitionVisitor.resolveValue(BeanDefinitionVisitor.java:204) [spring-beans-4.1.1.RELEASE.jar:4.1.1.RELEASE]
	at org.springframework.beans.factory.config.BeanDefinitionVisitor.visitPropertyValues(BeanDefinitionVisitor.java:141) [spring-beans-4.1.1.RELEASE.jar:4.1.1.RELEASE]
	at org.springframework.beans.factory.config.BeanDefinitionVisitor.visitBeanDefinition(BeanDefinitionVisitor.java:82) [spring-beans-4.1.1.RELEASE.jar:4.1.1.RELEASE]
	at org.springframework.beans.factory.config.PlaceholderConfigurerSupport.doProcessProperties(PlaceholderConfigurerSupport.java:208) [spring-beans-4.1.1.RELEASE.jar:4.1.1.RELEASE]
	at org.springframework.beans.factory.config.PropertyPlaceholderConfigurer.processProperties(PropertyPlaceholderConfigurer.java:223) [spring-beans-4.1.1.RELEASE.jar:4.1.1.RELEASE]
	at org.springframework.beans.factory.config.PropertyResourceConfigurer.postProcessBeanFactory(PropertyResourceConfigurer.java:86) [spring-beans-4.1.1.RELEASE.jar:4.1.1.RELEASE]
	at org.springframework.context.support.PostProcessorRegistrationDelegate.invokeBeanFactoryPostProcessors(PostProcessorRegistrationDelegate.java:265) [spring-context-4.1.1.RELEASE.jar:4.1.1.RELEASE]
	at org.springframework.context.support.PostProcessorRegistrationDelegate.invokeBeanFactoryPostProcessors(PostProcessorRegistrationDelegate.java:162) [spring-context-4.1.1.RELEASE.jar:4.1.1.RELEASE]
	at org.springframework.context.support.AbstractApplicationContext.invokeBeanFactoryPostProcessors(AbstractApplicationContext.java:606) [spring-context-4.1.1.RELEASE.jar:4.1.1.RELEASE]
	at org.springframework.context.support.AbstractApplicationContext.refresh(AbstractApplicationContext.java:462) [spring-context-4.1.1.RELEASE.jar:4.1.1.RELEASE]
	at org.springframework.web.servlet.FrameworkServlet.configureAndRefreshWebApplicationContext(FrameworkServlet.java:663) [spring-webmvc-4.1.1.RELEASE.jar:4.1.1.RELEASE]
	at org.springframework.web.servlet.FrameworkServlet.createWebApplicationContext(FrameworkServlet.java:629) [spring-webmvc-4.1.1.RELEASE.jar:4.1.1.RELEASE]
	at org.springframework.web.servlet.FrameworkServlet.createWebApplicationContext(FrameworkServlet.java:677) [spring-webmvc-4.1.1.RELEASE.jar:4.1.1.RELEASE]
	at org.springframework.web.servlet.FrameworkServlet.initWebApplicationContext(FrameworkServlet.java:548) [spring-webmvc-4.1.1.RELEASE.jar:4.1.1.RELEASE]
	at org.springframework.web.servlet.FrameworkServlet.initServletBean(FrameworkServlet.java:489) [spring-webmvc-4.1.1.RELEASE.jar:4.1.1.RELEASE]
	at org.springframework.web.servlet.HttpServletBean.init(HttpServletBean.java:136) [spring-webmvc-4.1.1.RELEASE.jar:4.1.1.RELEASE]
	at javax.servlet.GenericServlet.init(GenericServlet.java:241) [servlet-api-2.5-20081211.jar:na]
	at org.mortbay.jetty.servlet.ServletHolder.initServlet(ServletHolder.java:440) [jetty-6.1.26.jar:6.1.26]
	at org.mortbay.jetty.servlet.ServletHolder.doStart(ServletHolder.java:263) [jetty-6.1.26.jar:6.1.26]
	at org.mortbay.component.AbstractLifeCycle.start(AbstractLifeCycle.java:50) [jetty-util-6.1.26.jar:6.1.26]
	at org.mortbay.jetty.servlet.ServletHandler.initialize(ServletHandler.java:736) [jetty-6.1.26.jar:6.1.26]
	at org.mortbay.jetty.servlet.Context.startContext(Context.java:140) [jetty-6.1.26.jar:6.1.26]
	at org.mortbay.jetty.webapp.WebAppContext.startContext(WebAppContext.java:1282) [jetty-6.1.26.jar:6.1.26]
	at org.mortbay.jetty.handler.ContextHandler.doStart(ContextHandler.java:518) [jetty-6.1.26.jar:6.1.26]
	at org.mortbay.jetty.webapp.WebAppContext.doStart(WebAppContext.java:499) [jetty-6.1.26.jar:6.1.26]
	at org.mortbay.component.AbstractLifeCycle.start(AbstractLifeCycle.java:50) [jetty-util-6.1.26.jar:6.1.26]
	at org.mortbay.jetty.handler.HandlerWrapper.doStart(HandlerWrapper.java:130) [jetty-6.1.26.jar:6.1.26]
	at org.mortbay.jetty.Server.doStart(Server.java:224) [jetty-6.1.26.jar:6.1.26]
	at org.mortbay.component.AbstractLifeCycle.start(AbstractLifeCycle.java:50) [jetty-util-6.1.26.jar:6.1.26]
	at runjettyrun.Bootstrap.main(Bootstrap.java:97) [run-jetty-run-bootstrap.jar:na]
2018-08-04 14:40:36.111 [main ERROR com.pinting.core.util.encrypt.RSAUtil - Decryption error
javax.crypto.BadPaddingException: Decryption error
	at sun.security.rsa.RSAPadding.unpadV15(RSAPadding.java:383) ~[na:1.8.0_181]
	at sun.security.rsa.RSAPadding.unpad(RSAPadding.java:294) ~[na:1.8.0_181]
	at com.sun.crypto.provider.RSACipher.doFinal(RSACipher.java:363) ~[sunjce_provider.jar:1.8.0_171]
	at com.sun.crypto.provider.RSACipher.engineDoFinal(RSACipher.java:389) ~[sunjce_provider.jar:1.8.0_171]
	at javax.crypto.Cipher.doFinal(Cipher.java:2164) ~[na:1.8.0_171]
	at com.pinting.core.util.encrypt.RSAUtil.decryptByPrivateKey(RSAUtil.java:74) ~[classes/:na]
	at com.pinting.core.converter.LocalPropertyPlaceholderConfigurer.resolvePlaceholder(LocalPropertyPlaceholderConfigurer.java:36) [classes/:na]
	at com.pinting.core.converter.LocalPropertyPlaceholderConfigurer.resolvePlaceholder(LocalPropertyPlaceholderConfigurer.java:23) [classes/:na]
	at org.springframework.beans.factory.config.PropertyPlaceholderConfigurer$PropertyPlaceholderConfigurerResolver.resolvePlaceholder(PropertyPlaceholderConfigurer.java:275) [spring-beans-4.1.1.RELEASE.jar:4.1.1.RELEASE]
	at org.springframework.util.PropertyPlaceholderHelper.parseStringValue(PropertyPlaceholderHelper.java:147) [spring-core-4.1.1.RELEASE.jar:4.1.1.RELEASE]
	at org.springframework.util.PropertyPlaceholderHelper.replacePlaceholders(PropertyPlaceholderHelper.java:126) [spring-core-4.1.1.RELEASE.jar:4.1.1.RELEASE]
	at org.springframework.beans.factory.config.PropertyPlaceholderConfigurer$PlaceholderResolvingStringValueResolver.resolveStringValue(PropertyPlaceholderConfigurer.java:259) [spring-beans-4.1.1.RELEASE.jar:4.1.1.RELEASE]
	at org.springframework.beans.factory.config.BeanDefinitionVisitor.resolveStringValue(BeanDefinitionVisitor.java:282) [spring-beans-4.1.1.RELEASE.jar:4.1.1.RELEASE]
	at org.springframework.beans.factory.config.BeanDefinitionVisitor.resolveValue(BeanDefinitionVisitor.java:204) [spring-beans-4.1.1.RELEASE.jar:4.1.1.RELEASE]
	at org.springframework.beans.factory.config.BeanDefinitionVisitor.visitPropertyValues(BeanDefinitionVisitor.java:141) [spring-beans-4.1.1.RELEASE.jar:4.1.1.RELEASE]
	at org.springframework.beans.factory.config.BeanDefinitionVisitor.visitBeanDefinition(BeanDefinitionVisitor.java:82) [spring-beans-4.1.1.RELEASE.jar:4.1.1.RELEASE]
	at org.springframework.beans.factory.config.PlaceholderConfigurerSupport.doProcessProperties(PlaceholderConfigurerSupport.java:208) [spring-beans-4.1.1.RELEASE.jar:4.1.1.RELEASE]
	at org.springframework.beans.factory.config.PropertyPlaceholderConfigurer.processProperties(PropertyPlaceholderConfigurer.java:223) [spring-beans-4.1.1.RELEASE.jar:4.1.1.RELEASE]
	at org.springframework.beans.factory.config.PropertyResourceConfigurer.postProcessBeanFactory(PropertyResourceConfigurer.java:86) [spring-beans-4.1.1.RELEASE.jar:4.1.1.RELEASE]
	at org.springframework.context.support.PostProcessorRegistrationDelegate.invokeBeanFactoryPostProcessors(PostProcessorRegistrationDelegate.java:265) [spring-context-4.1.1.RELEASE.jar:4.1.1.RELEASE]
	at org.springframework.context.support.PostProcessorRegistrationDelegate.invokeBeanFactoryPostProcessors(PostProcessorRegistrationDelegate.java:162) [spring-context-4.1.1.RELEASE.jar:4.1.1.RELEASE]
	at org.springframework.context.support.AbstractApplicationContext.invokeBeanFactoryPostProcessors(AbstractApplicationContext.java:606) [spring-context-4.1.1.RELEASE.jar:4.1.1.RELEASE]
	at org.springframework.context.support.AbstractApplicationContext.refresh(AbstractApplicationContext.java:462) [spring-context-4.1.1.RELEASE.jar:4.1.1.RELEASE]
	at org.springframework.web.servlet.FrameworkServlet.configureAndRefreshWebApplicationContext(FrameworkServlet.java:663) [spring-webmvc-4.1.1.RELEASE.jar:4.1.1.RELEASE]
	at org.springframework.web.servlet.FrameworkServlet.createWebApplicationContext(FrameworkServlet.java:629) [spring-webmvc-4.1.1.RELEASE.jar:4.1.1.RELEASE]
	at org.springframework.web.servlet.FrameworkServlet.createWebApplicationContext(FrameworkServlet.java:677) [spring-webmvc-4.1.1.RELEASE.jar:4.1.1.RELEASE]
	at org.springframework.web.servlet.FrameworkServlet.initWebApplicationContext(FrameworkServlet.java:548) [spring-webmvc-4.1.1.RELEASE.jar:4.1.1.RELEASE]
	at org.springframework.web.servlet.FrameworkServlet.initServletBean(FrameworkServlet.java:489) [spring-webmvc-4.1.1.RELEASE.jar:4.1.1.RELEASE]
	at org.springframework.web.servlet.HttpServletBean.init(HttpServletBean.java:136) [spring-webmvc-4.1.1.RELEASE.jar:4.1.1.RELEASE]
	at javax.servlet.GenericServlet.init(GenericServlet.java:241) [servlet-api-2.5-20081211.jar:na]
	at org.mortbay.jetty.servlet.ServletHolder.initServlet(ServletHolder.java:440) [jetty-6.1.26.jar:6.1.26]
	at org.mortbay.jetty.servlet.ServletHolder.doStart(ServletHolder.java:263) [jetty-6.1.26.jar:6.1.26]
	at org.mortbay.component.AbstractLifeCycle.start(AbstractLifeCycle.java:50) [jetty-util-6.1.26.jar:6.1.26]
	at org.mortbay.jetty.servlet.ServletHandler.initialize(ServletHandler.java:736) [jetty-6.1.26.jar:6.1.26]
	at org.mortbay.jetty.servlet.Context.startContext(Context.java:140) [jetty-6.1.26.jar:6.1.26]
	at org.mortbay.jetty.webapp.WebAppContext.startContext(WebAppContext.java:1282) [jetty-6.1.26.jar:6.1.26]
	at org.mortbay.jetty.handler.ContextHandler.doStart(ContextHandler.java:518) [jetty-6.1.26.jar:6.1.26]
	at org.mortbay.jetty.webapp.WebAppContext.doStart(WebAppContext.java:499) [jetty-6.1.26.jar:6.1.26]
	at org.mortbay.component.AbstractLifeCycle.start(AbstractLifeCycle.java:50) [jetty-util-6.1.26.jar:6.1.26]
	at org.mortbay.jetty.handler.HandlerWrapper.doStart(HandlerWrapper.java:130) [jetty-6.1.26.jar:6.1.26]
	at org.mortbay.jetty.Server.doStart(Server.java:224) [jetty-6.1.26.jar:6.1.26]
	at org.mortbay.component.AbstractLifeCycle.start(AbstractLifeCycle.java:50) [jetty-util-6.1.26.jar:6.1.26]
	at runjettyrun.Bootstrap.main(Bootstrap.java:97) [run-jetty-run-bootstrap.jar:na]
2018-08-04 14:40:36.142 [main ERROR com.pinting.core.util.encrypt.RSAUtil - Decryption error
javax.crypto.BadPaddingException: Decryption error
	at sun.security.rsa.RSAPadding.unpadV15(RSAPadding.java:383) ~[na:1.8.0_181]
	at sun.security.rsa.RSAPadding.unpad(RSAPadding.java:294) ~[na:1.8.0_181]
	at com.sun.crypto.provider.RSACipher.doFinal(RSACipher.java:363) ~[sunjce_provider.jar:1.8.0_171]
	at com.sun.crypto.provider.RSACipher.engineDoFinal(RSACipher.java:389) ~[sunjce_provider.jar:1.8.0_171]
	at javax.crypto.Cipher.doFinal(Cipher.java:2164) ~[na:1.8.0_171]
	at com.pinting.core.util.encrypt.RSAUtil.decryptByPrivateKey(RSAUtil.java:74) ~[classes/:na]
	at com.pinting.core.converter.LocalPropertyPlaceholderConfigurer.resolvePlaceholder(LocalPropertyPlaceholderConfigurer.java:36) [classes/:na]
	at com.pinting.core.converter.LocalPropertyPlaceholderConfigurer.resolvePlaceholder(LocalPropertyPlaceholderConfigurer.java:23) [classes/:na]
	at org.springframework.beans.factory.config.PropertyPlaceholderConfigurer$PropertyPlaceholderConfigurerResolver.resolvePlaceholder(PropertyPlaceholderConfigurer.java:275) [spring-beans-4.1.1.RELEASE.jar:4.1.1.RELEASE]
	at org.springframework.util.PropertyPlaceholderHelper.parseStringValue(PropertyPlaceholderHelper.java:147) [spring-core-4.1.1.RELEASE.jar:4.1.1.RELEASE]
	at org.springframework.util.PropertyPlaceholderHelper.replacePlaceholders(PropertyPlaceholderHelper.java:126) [spring-core-4.1.1.RELEASE.jar:4.1.1.RELEASE]
	at org.springframework.beans.factory.config.PropertyPlaceholderConfigurer$PlaceholderResolvingStringValueResolver.resolveStringValue(PropertyPlaceholderConfigurer.java:259) [spring-beans-4.1.1.RELEASE.jar:4.1.1.RELEASE]
	at org.springframework.beans.factory.config.BeanDefinitionVisitor.resolveStringValue(BeanDefinitionVisitor.java:282) [spring-beans-4.1.1.RELEASE.jar:4.1.1.RELEASE]
	at org.springframework.beans.factory.config.BeanDefinitionVisitor.resolveValue(BeanDefinitionVisitor.java:204) [spring-beans-4.1.1.RELEASE.jar:4.1.1.RELEASE]
	at org.springframework.beans.factory.config.BeanDefinitionVisitor.visitPropertyValues(BeanDefinitionVisitor.java:141) [spring-beans-4.1.1.RELEASE.jar:4.1.1.RELEASE]
	at org.springframework.beans.factory.config.BeanDefinitionVisitor.visitBeanDefinition(BeanDefinitionVisitor.java:82) [spring-beans-4.1.1.RELEASE.jar:4.1.1.RELEASE]
	at org.springframework.beans.factory.config.PlaceholderConfigurerSupport.doProcessProperties(PlaceholderConfigurerSupport.java:208) [spring-beans-4.1.1.RELEASE.jar:4.1.1.RELEASE]
	at org.springframework.beans.factory.config.PropertyPlaceholderConfigurer.processProperties(PropertyPlaceholderConfigurer.java:223) [spring-beans-4.1.1.RELEASE.jar:4.1.1.RELEASE]
	at org.springframework.beans.factory.config.PropertyResourceConfigurer.postProcessBeanFactory(PropertyResourceConfigurer.java:86) [spring-beans-4.1.1.RELEASE.jar:4.1.1.RELEASE]
	at org.springframework.context.support.PostProcessorRegistrationDelegate.invokeBeanFactoryPostProcessors(PostProcessorRegistrationDelegate.java:265) [spring-context-4.1.1.RELEASE.jar:4.1.1.RELEASE]
	at org.springframework.context.support.PostProcessorRegistrationDelegate.invokeBeanFactoryPostProcessors(PostProcessorRegistrationDelegate.java:162) [spring-context-4.1.1.RELEASE.jar:4.1.1.RELEASE]
	at org.springframework.context.support.AbstractApplicationContext.invokeBeanFactoryPostProcessors(AbstractApplicationContext.java:606) [spring-context-4.1.1.RELEASE.jar:4.1.1.RELEASE]
	at org.springframework.context.support.AbstractApplicationContext.refresh(AbstractApplicationContext.java:462) [spring-context-4.1.1.RELEASE.jar:4.1.1.RELEASE]
	at org.springframework.web.servlet.FrameworkServlet.configureAndRefreshWebApplicationContext(FrameworkServlet.java:663) [spring-webmvc-4.1.1.RELEASE.jar:4.1.1.RELEASE]
	at org.springframework.web.servlet.FrameworkServlet.createWebApplicationContext(FrameworkServlet.java:629) [spring-webmvc-4.1.1.RELEASE.jar:4.1.1.RELEASE]
	at org.springframework.web.servlet.FrameworkServlet.createWebApplicationContext(FrameworkServlet.java:677) [spring-webmvc-4.1.1.RELEASE.jar:4.1.1.RELEASE]
	at org.springframework.web.servlet.FrameworkServlet.initWebApplicationContext(FrameworkServlet.java:548) [spring-webmvc-4.1.1.RELEASE.jar:4.1.1.RELEASE]
	at org.springframework.web.servlet.FrameworkServlet.initServletBean(FrameworkServlet.java:489) [spring-webmvc-4.1.1.RELEASE.jar:4.1.1.RELEASE]
	at org.springframework.web.servlet.HttpServletBean.init(HttpServletBean.java:136) [spring-webmvc-4.1.1.RELEASE.jar:4.1.1.RELEASE]
	at javax.servlet.GenericServlet.init(GenericServlet.java:241) [servlet-api-2.5-20081211.jar:na]
	at org.mortbay.jetty.servlet.ServletHolder.initServlet(ServletHolder.java:440) [jetty-6.1.26.jar:6.1.26]
	at org.mortbay.jetty.servlet.ServletHolder.doStart(ServletHolder.java:263) [jetty-6.1.26.jar:6.1.26]
	at org.mortbay.component.AbstractLifeCycle.start(AbstractLifeCycle.java:50) [jetty-util-6.1.26.jar:6.1.26]
	at org.mortbay.jetty.servlet.ServletHandler.initialize(ServletHandler.java:736) [jetty-6.1.26.jar:6.1.26]
	at org.mortbay.jetty.servlet.Context.startContext(Context.java:140) [jetty-6.1.26.jar:6.1.26]
	at org.mortbay.jetty.webapp.WebAppContext.startContext(WebAppContext.java:1282) [jetty-6.1.26.jar:6.1.26]
	at org.mortbay.jetty.handler.ContextHandler.doStart(ContextHandler.java:518) [jetty-6.1.26.jar:6.1.26]
	at org.mortbay.jetty.webapp.WebAppContext.doStart(WebAppContext.java:499) [jetty-6.1.26.jar:6.1.26]
	at org.mortbay.component.AbstractLifeCycle.start(AbstractLifeCycle.java:50) [jetty-util-6.1.26.jar:6.1.26]
	at org.mortbay.jetty.handler.HandlerWrapper.doStart(HandlerWrapper.java:130) [jetty-6.1.26.jar:6.1.26]
	at org.mortbay.jetty.Server.doStart(Server.java:224) [jetty-6.1.26.jar:6.1.26]
	at org.mortbay.component.AbstractLifeCycle.start(AbstractLifeCycle.java:50) [jetty-util-6.1.26.jar:6.1.26]
	at runjettyrun.Bootstrap.main(Bootstrap.java:97) [run-jetty-run-bootstrap.jar:na]
2018-08-04 14:48:21.805 [main ERROR com.pinting.core.util.encrypt.RSAUtil - Decryption error
javax.crypto.BadPaddingException: Decryption error
	at sun.security.rsa.RSAPadding.unpadV15(RSAPadding.java:383) ~[na:1.8.0_181]
	at sun.security.rsa.RSAPadding.unpad(RSAPadding.java:294) ~[na:1.8.0_181]
	at com.sun.crypto.provider.RSACipher.doFinal(RSACipher.java:363) ~[sunjce_provider.jar:1.8.0_171]
	at com.sun.crypto.provider.RSACipher.engineDoFinal(RSACipher.java:389) ~[sunjce_provider.jar:1.8.0_171]
	at javax.crypto.Cipher.doFinal(Cipher.java:2164) ~[na:1.8.0_171]
	at com.pinting.core.util.encrypt.RSAUtil.decryptByPrivateKey(RSAUtil.java:74) ~[classes/:na]
	at com.pinting.core.converter.LocalPropertyPlaceholderConfigurer.resolvePlaceholder(LocalPropertyPlaceholderConfigurer.java:36) [classes/:na]
	at com.pinting.core.converter.LocalPropertyPlaceholderConfigurer.resolvePlaceholder(LocalPropertyPlaceholderConfigurer.java:23) [classes/:na]
	at org.springframework.beans.factory.config.PropertyPlaceholderConfigurer$PropertyPlaceholderConfigurerResolver.resolvePlaceholder(PropertyPlaceholderConfigurer.java:275) [spring-beans-4.1.1.RELEASE.jar:4.1.1.RELEASE]
	at org.springframework.util.PropertyPlaceholderHelper.parseStringValue(PropertyPlaceholderHelper.java:147) [spring-core-4.1.1.RELEASE.jar:4.1.1.RELEASE]
	at org.springframework.util.PropertyPlaceholderHelper.replacePlaceholders(PropertyPlaceholderHelper.java:126) [spring-core-4.1.1.RELEASE.jar:4.1.1.RELEASE]
	at org.springframework.beans.factory.config.PropertyPlaceholderConfigurer$PlaceholderResolvingStringValueResolver.resolveStringValue(PropertyPlaceholderConfigurer.java:259) [spring-beans-4.1.1.RELEASE.jar:4.1.1.RELEASE]
	at org.springframework.beans.factory.config.BeanDefinitionVisitor.resolveStringValue(BeanDefinitionVisitor.java:282) [spring-beans-4.1.1.RELEASE.jar:4.1.1.RELEASE]
	at org.springframework.beans.factory.config.BeanDefinitionVisitor.resolveValue(BeanDefinitionVisitor.java:204) [spring-beans-4.1.1.RELEASE.jar:4.1.1.RELEASE]
	at org.springframework.beans.factory.config.BeanDefinitionVisitor.visitPropertyValues(BeanDefinitionVisitor.java:141) [spring-beans-4.1.1.RELEASE.jar:4.1.1.RELEASE]
	at org.springframework.beans.factory.config.BeanDefinitionVisitor.visitBeanDefinition(BeanDefinitionVisitor.java:82) [spring-beans-4.1.1.RELEASE.jar:4.1.1.RELEASE]
	at org.springframework.beans.factory.config.PlaceholderConfigurerSupport.doProcessProperties(PlaceholderConfigurerSupport.java:208) [spring-beans-4.1.1.RELEASE.jar:4.1.1.RELEASE]
	at org.springframework.beans.factory.config.PropertyPlaceholderConfigurer.processProperties(PropertyPlaceholderConfigurer.java:223) [spring-beans-4.1.1.RELEASE.jar:4.1.1.RELEASE]
	at org.springframework.beans.factory.config.PropertyResourceConfigurer.postProcessBeanFactory(PropertyResourceConfigurer.java:86) [spring-beans-4.1.1.RELEASE.jar:4.1.1.RELEASE]
	at org.springframework.context.support.PostProcessorRegistrationDelegate.invokeBeanFactoryPostProcessors(PostProcessorRegistrationDelegate.java:265) [spring-context-4.1.1.RELEASE.jar:4.1.1.RELEASE]
	at org.springframework.context.support.PostProcessorRegistrationDelegate.invokeBeanFactoryPostProcessors(PostProcessorRegistrationDelegate.java:162) [spring-context-4.1.1.RELEASE.jar:4.1.1.RELEASE]
	at org.springframework.context.support.AbstractApplicationContext.invokeBeanFactoryPostProcessors(AbstractApplicationContext.java:606) [spring-context-4.1.1.RELEASE.jar:4.1.1.RELEASE]
	at org.springframework.context.support.AbstractApplicationContext.refresh(AbstractApplicationContext.java:462) [spring-context-4.1.1.RELEASE.jar:4.1.1.RELEASE]
	at org.springframework.web.servlet.FrameworkServlet.configureAndRefreshWebApplicationContext(FrameworkServlet.java:663) [spring-webmvc-4.1.1.RELEASE.jar:4.1.1.RELEASE]
	at org.springframework.web.servlet.FrameworkServlet.createWebApplicationContext(FrameworkServlet.java:629) [spring-webmvc-4.1.1.RELEASE.jar:4.1.1.RELEASE]
	at org.springframework.web.servlet.FrameworkServlet.createWebApplicationContext(FrameworkServlet.java:677) [spring-webmvc-4.1.1.RELEASE.jar:4.1.1.RELEASE]
	at org.springframework.web.servlet.FrameworkServlet.initWebApplicationContext(FrameworkServlet.java:548) [spring-webmvc-4.1.1.RELEASE.jar:4.1.1.RELEASE]
	at org.springframework.web.servlet.FrameworkServlet.initServletBean(FrameworkServlet.java:489) [spring-webmvc-4.1.1.RELEASE.jar:4.1.1.RELEASE]
	at org.springframework.web.servlet.HttpServletBean.init(HttpServletBean.java:136) [spring-webmvc-4.1.1.RELEASE.jar:4.1.1.RELEASE]
	at javax.servlet.GenericServlet.init(GenericServlet.java:241) [servlet-api-2.5-20081211.jar:na]
	at org.mortbay.jetty.servlet.ServletHolder.initServlet(ServletHolder.java:440) [jetty-6.1.26.jar:6.1.26]
	at org.mortbay.jetty.servlet.ServletHolder.doStart(ServletHolder.java:263) [jetty-6.1.26.jar:6.1.26]
	at org.mortbay.component.AbstractLifeCycle.start(AbstractLifeCycle.java:50) [jetty-util-6.1.26.jar:6.1.26]
	at org.mortbay.jetty.servlet.ServletHandler.initialize(ServletHandler.java:736) [jetty-6.1.26.jar:6.1.26]
	at org.mortbay.jetty.servlet.Context.startContext(Context.java:140) [jetty-6.1.26.jar:6.1.26]
	at org.mortbay.jetty.webapp.WebAppContext.startContext(WebAppContext.java:1282) [jetty-6.1.26.jar:6.1.26]
	at org.mortbay.jetty.handler.ContextHandler.doStart(ContextHandler.java:518) [jetty-6.1.26.jar:6.1.26]
	at org.mortbay.jetty.webapp.WebAppContext.doStart(WebAppContext.java:499) [jetty-6.1.26.jar:6.1.26]
	at org.mortbay.component.AbstractLifeCycle.start(AbstractLifeCycle.java:50) [jetty-util-6.1.26.jar:6.1.26]
	at org.mortbay.jetty.handler.HandlerWrapper.doStart(HandlerWrapper.java:130) [jetty-6.1.26.jar:6.1.26]
	at org.mortbay.jetty.Server.doStart(Server.java:224) [jetty-6.1.26.jar:6.1.26]
	at org.mortbay.component.AbstractLifeCycle.start(AbstractLifeCycle.java:50) [jetty-util-6.1.26.jar:6.1.26]
	at runjettyrun.Bootstrap.main(Bootstrap.java:97) [run-jetty-run-bootstrap.jar:na]
2018-08-04 14:48:21.819 [main ERROR com.pinting.core.util.encrypt.RSAUtil - Decryption error
javax.crypto.BadPaddingException: Decryption error
	at sun.security.rsa.RSAPadding.unpadV15(RSAPadding.java:383) ~[na:1.8.0_181]
	at sun.security.rsa.RSAPadding.unpad(RSAPadding.java:294) ~[na:1.8.0_181]
	at com.sun.crypto.provider.RSACipher.doFinal(RSACipher.java:363) ~[sunjce_provider.jar:1.8.0_171]
	at com.sun.crypto.provider.RSACipher.engineDoFinal(RSACipher.java:389) ~[sunjce_provider.jar:1.8.0_171]
	at javax.crypto.Cipher.doFinal(Cipher.java:2164) ~[na:1.8.0_171]
	at com.pinting.core.util.encrypt.RSAUtil.decryptByPrivateKey(RSAUtil.java:74) ~[classes/:na]
	at com.pinting.core.converter.LocalPropertyPlaceholderConfigurer.resolvePlaceholder(LocalPropertyPlaceholderConfigurer.java:36) [classes/:na]
	at com.pinting.core.converter.LocalPropertyPlaceholderConfigurer.resolvePlaceholder(LocalPropertyPlaceholderConfigurer.java:23) [classes/:na]
	at org.springframework.beans.factory.config.PropertyPlaceholderConfigurer$PropertyPlaceholderConfigurerResolver.resolvePlaceholder(PropertyPlaceholderConfigurer.java:275) [spring-beans-4.1.1.RELEASE.jar:4.1.1.RELEASE]
	at org.springframework.util.PropertyPlaceholderHelper.parseStringValue(PropertyPlaceholderHelper.java:147) [spring-core-4.1.1.RELEASE.jar:4.1.1.RELEASE]
	at org.springframework.util.PropertyPlaceholderHelper.replacePlaceholders(PropertyPlaceholderHelper.java:126) [spring-core-4.1.1.RELEASE.jar:4.1.1.RELEASE]
	at org.springframework.beans.factory.config.PropertyPlaceholderConfigurer$PlaceholderResolvingStringValueResolver.resolveStringValue(PropertyPlaceholderConfigurer.java:259) [spring-beans-4.1.1.RELEASE.jar:4.1.1.RELEASE]
	at org.springframework.beans.factory.config.BeanDefinitionVisitor.resolveStringValue(BeanDefinitionVisitor.java:282) [spring-beans-4.1.1.RELEASE.jar:4.1.1.RELEASE]
	at org.springframework.beans.factory.config.BeanDefinitionVisitor.resolveValue(BeanDefinitionVisitor.java:204) [spring-beans-4.1.1.RELEASE.jar:4.1.1.RELEASE]
	at org.springframework.beans.factory.config.BeanDefinitionVisitor.visitPropertyValues(BeanDefinitionVisitor.java:141) [spring-beans-4.1.1.RELEASE.jar:4.1.1.RELEASE]
	at org.springframework.beans.factory.config.BeanDefinitionVisitor.visitBeanDefinition(BeanDefinitionVisitor.java:82) [spring-beans-4.1.1.RELEASE.jar:4.1.1.RELEASE]
	at org.springframework.beans.factory.config.PlaceholderConfigurerSupport.doProcessProperties(PlaceholderConfigurerSupport.java:208) [spring-beans-4.1.1.RELEASE.jar:4.1.1.RELEASE]
	at org.springframework.beans.factory.config.PropertyPlaceholderConfigurer.processProperties(PropertyPlaceholderConfigurer.java:223) [spring-beans-4.1.1.RELEASE.jar:4.1.1.RELEASE]
	at org.springframework.beans.factory.config.PropertyResourceConfigurer.postProcessBeanFactory(PropertyResourceConfigurer.java:86) [spring-beans-4.1.1.RELEASE.jar:4.1.1.RELEASE]
	at org.springframework.context.support.PostProcessorRegistrationDelegate.invokeBeanFactoryPostProcessors(PostProcessorRegistrationDelegate.java:265) [spring-context-4.1.1.RELEASE.jar:4.1.1.RELEASE]
	at org.springframework.context.support.PostProcessorRegistrationDelegate.invokeBeanFactoryPostProcessors(PostProcessorRegistrationDelegate.java:162) [spring-context-4.1.1.RELEASE.jar:4.1.1.RELEASE]
	at org.springframework.context.support.AbstractApplicationContext.invokeBeanFactoryPostProcessors(AbstractApplicationContext.java:606) [spring-context-4.1.1.RELEASE.jar:4.1.1.RELEASE]
	at org.springframework.context.support.AbstractApplicationContext.refresh(AbstractApplicationContext.java:462) [spring-context-4.1.1.RELEASE.jar:4.1.1.RELEASE]
	at org.springframework.web.servlet.FrameworkServlet.configureAndRefreshWebApplicationContext(FrameworkServlet.java:663) [spring-webmvc-4.1.1.RELEASE.jar:4.1.1.RELEASE]
	at org.springframework.web.servlet.FrameworkServlet.createWebApplicationContext(FrameworkServlet.java:629) [spring-webmvc-4.1.1.RELEASE.jar:4.1.1.RELEASE]
	at org.springframework.web.servlet.FrameworkServlet.createWebApplicationContext(FrameworkServlet.java:677) [spring-webmvc-4.1.1.RELEASE.jar:4.1.1.RELEASE]
	at org.springframework.web.servlet.FrameworkServlet.initWebApplicationContext(FrameworkServlet.java:548) [spring-webmvc-4.1.1.RELEASE.jar:4.1.1.RELEASE]
	at org.springframework.web.servlet.FrameworkServlet.initServletBean(FrameworkServlet.java:489) [spring-webmvc-4.1.1.RELEASE.jar:4.1.1.RELEASE]
	at org.springframework.web.servlet.HttpServletBean.init(HttpServletBean.java:136) [spring-webmvc-4.1.1.RELEASE.jar:4.1.1.RELEASE]
	at javax.servlet.GenericServlet.init(GenericServlet.java:241) [servlet-api-2.5-20081211.jar:na]
	at org.mortbay.jetty.servlet.ServletHolder.initServlet(ServletHolder.java:440) [jetty-6.1.26.jar:6.1.26]
	at org.mortbay.jetty.servlet.ServletHolder.doStart(ServletHolder.java:263) [jetty-6.1.26.jar:6.1.26]
	at org.mortbay.component.AbstractLifeCycle.start(AbstractLifeCycle.java:50) [jetty-util-6.1.26.jar:6.1.26]
	at org.mortbay.jetty.servlet.ServletHandler.initialize(ServletHandler.java:736) [jetty-6.1.26.jar:6.1.26]
	at org.mortbay.jetty.servlet.Context.startContext(Context.java:140) [jetty-6.1.26.jar:6.1.26]
	at org.mortbay.jetty.webapp.WebAppContext.startContext(WebAppContext.java:1282) [jetty-6.1.26.jar:6.1.26]
	at org.mortbay.jetty.handler.ContextHandler.doStart(ContextHandler.java:518) [jetty-6.1.26.jar:6.1.26]
	at org.mortbay.jetty.webapp.WebAppContext.doStart(WebAppContext.java:499) [jetty-6.1.26.jar:6.1.26]
	at org.mortbay.component.AbstractLifeCycle.start(AbstractLifeCycle.java:50) [jetty-util-6.1.26.jar:6.1.26]
	at org.mortbay.jetty.handler.HandlerWrapper.doStart(HandlerWrapper.java:130) [jetty-6.1.26.jar:6.1.26]
	at org.mortbay.jetty.Server.doStart(Server.java:224) [jetty-6.1.26.jar:6.1.26]
	at org.mortbay.component.AbstractLifeCycle.start(AbstractLifeCycle.java:50) [jetty-util-6.1.26.jar:6.1.26]
	at runjettyrun.Bootstrap.main(Bootstrap.java:97) [run-jetty-run-bootstrap.jar:na]
2018-08-04 14:48:21.832 [main ERROR com.pinting.core.util.encrypt.RSAUtil - Decryption error
javax.crypto.BadPaddingException: Decryption error
	at sun.security.rsa.RSAPadding.unpadV15(RSAPadding.java:383) ~[na:1.8.0_181]
	at sun.security.rsa.RSAPadding.unpad(RSAPadding.java:294) ~[na:1.8.0_181]
	at com.sun.crypto.provider.RSACipher.doFinal(RSACipher.java:363) ~[sunjce_provider.jar:1.8.0_171]
	at com.sun.crypto.provider.RSACipher.engineDoFinal(RSACipher.java:389) ~[sunjce_provider.jar:1.8.0_171]
	at javax.crypto.Cipher.doFinal(Cipher.java:2164) ~[na:1.8.0_171]
	at com.pinting.core.util.encrypt.RSAUtil.decryptByPrivateKey(RSAUtil.java:74) ~[classes/:na]
	at com.pinting.core.converter.LocalPropertyPlaceholderConfigurer.resolvePlaceholder(LocalPropertyPlaceholderConfigurer.java:36) [classes/:na]
	at com.pinting.core.converter.LocalPropertyPlaceholderConfigurer.resolvePlaceholder(LocalPropertyPlaceholderConfigurer.java:23) [classes/:na]
	at org.springframework.beans.factory.config.PropertyPlaceholderConfigurer$PropertyPlaceholderConfigurerResolver.resolvePlaceholder(PropertyPlaceholderConfigurer.java:275) [spring-beans-4.1.1.RELEASE.jar:4.1.1.RELEASE]
	at org.springframework.util.PropertyPlaceholderHelper.parseStringValue(PropertyPlaceholderHelper.java:147) [spring-core-4.1.1.RELEASE.jar:4.1.1.RELEASE]
	at org.springframework.util.PropertyPlaceholderHelper.replacePlaceholders(PropertyPlaceholderHelper.java:126) [spring-core-4.1.1.RELEASE.jar:4.1.1.RELEASE]
	at org.springframework.beans.factory.config.PropertyPlaceholderConfigurer$PlaceholderResolvingStringValueResolver.resolveStringValue(PropertyPlaceholderConfigurer.java:259) [spring-beans-4.1.1.RELEASE.jar:4.1.1.RELEASE]
	at org.springframework.beans.factory.config.BeanDefinitionVisitor.resolveStringValue(BeanDefinitionVisitor.java:282) [spring-beans-4.1.1.RELEASE.jar:4.1.1.RELEASE]
	at org.springframework.beans.factory.config.BeanDefinitionVisitor.resolveValue(BeanDefinitionVisitor.java:204) [spring-beans-4.1.1.RELEASE.jar:4.1.1.RELEASE]
	at org.springframework.beans.factory.config.BeanDefinitionVisitor.visitPropertyValues(BeanDefinitionVisitor.java:141) [spring-beans-4.1.1.RELEASE.jar:4.1.1.RELEASE]
	at org.springframework.beans.factory.config.BeanDefinitionVisitor.visitBeanDefinition(BeanDefinitionVisitor.java:82) [spring-beans-4.1.1.RELEASE.jar:4.1.1.RELEASE]
	at org.springframework.beans.factory.config.PlaceholderConfigurerSupport.doProcessProperties(PlaceholderConfigurerSupport.java:208) [spring-beans-4.1.1.RELEASE.jar:4.1.1.RELEASE]
	at org.springframework.beans.factory.config.PropertyPlaceholderConfigurer.processProperties(PropertyPlaceholderConfigurer.java:223) [spring-beans-4.1.1.RELEASE.jar:4.1.1.RELEASE]
	at org.springframework.beans.factory.config.PropertyResourceConfigurer.postProcessBeanFactory(PropertyResourceConfigurer.java:86) [spring-beans-4.1.1.RELEASE.jar:4.1.1.RELEASE]
	at org.springframework.context.support.PostProcessorRegistrationDelegate.invokeBeanFactoryPostProcessors(PostProcessorRegistrationDelegate.java:265) [spring-context-4.1.1.RELEASE.jar:4.1.1.RELEASE]
	at org.springframework.context.support.PostProcessorRegistrationDelegate.invokeBeanFactoryPostProcessors(PostProcessorRegistrationDelegate.java:162) [spring-context-4.1.1.RELEASE.jar:4.1.1.RELEASE]
	at org.springframework.context.support.AbstractApplicationContext.invokeBeanFactoryPostProcessors(AbstractApplicationContext.java:606) [spring-context-4.1.1.RELEASE.jar:4.1.1.RELEASE]
	at org.springframework.context.support.AbstractApplicationContext.refresh(AbstractApplicationContext.java:462) [spring-context-4.1.1.RELEASE.jar:4.1.1.RELEASE]
	at org.springframework.web.servlet.FrameworkServlet.configureAndRefreshWebApplicationContext(FrameworkServlet.java:663) [spring-webmvc-4.1.1.RELEASE.jar:4.1.1.RELEASE]
	at org.springframework.web.servlet.FrameworkServlet.createWebApplicationContext(FrameworkServlet.java:629) [spring-webmvc-4.1.1.RELEASE.jar:4.1.1.RELEASE]
	at org.springframework.web.servlet.FrameworkServlet.createWebApplicationContext(FrameworkServlet.java:677) [spring-webmvc-4.1.1.RELEASE.jar:4.1.1.RELEASE]
	at org.springframework.web.servlet.FrameworkServlet.initWebApplicationContext(FrameworkServlet.java:548) [spring-webmvc-4.1.1.RELEASE.jar:4.1.1.RELEASE]
	at org.springframework.web.servlet.FrameworkServlet.initServletBean(FrameworkServlet.java:489) [spring-webmvc-4.1.1.RELEASE.jar:4.1.1.RELEASE]
	at org.springframework.web.servlet.HttpServletBean.init(HttpServletBean.java:136) [spring-webmvc-4.1.1.RELEASE.jar:4.1.1.RELEASE]
	at javax.servlet.GenericServlet.init(GenericServlet.java:241) [servlet-api-2.5-20081211.jar:na]
	at org.mortbay.jetty.servlet.ServletHolder.initServlet(ServletHolder.java:440) [jetty-6.1.26.jar:6.1.26]
	at org.mortbay.jetty.servlet.ServletHolder.doStart(ServletHolder.java:263) [jetty-6.1.26.jar:6.1.26]
	at org.mortbay.component.AbstractLifeCycle.start(AbstractLifeCycle.java:50) [jetty-util-6.1.26.jar:6.1.26]
	at org.mortbay.jetty.servlet.ServletHandler.initialize(ServletHandler.java:736) [jetty-6.1.26.jar:6.1.26]
	at org.mortbay.jetty.servlet.Context.startContext(Context.java:140) [jetty-6.1.26.jar:6.1.26]
	at org.mortbay.jetty.webapp.WebAppContext.startContext(WebAppContext.java:1282) [jetty-6.1.26.jar:6.1.26]
	at org.mortbay.jetty.handler.ContextHandler.doStart(ContextHandler.java:518) [jetty-6.1.26.jar:6.1.26]
	at org.mortbay.jetty.webapp.WebAppContext.doStart(WebAppContext.java:499) [jetty-6.1.26.jar:6.1.26]
	at org.mortbay.component.AbstractLifeCycle.start(AbstractLifeCycle.java:50) [jetty-util-6.1.26.jar:6.1.26]
	at org.mortbay.jetty.handler.HandlerWrapper.doStart(HandlerWrapper.java:130) [jetty-6.1.26.jar:6.1.26]
	at org.mortbay.jetty.Server.doStart(Server.java:224) [jetty-6.1.26.jar:6.1.26]
	at org.mortbay.component.AbstractLifeCycle.start(AbstractLifeCycle.java:50) [jetty-util-6.1.26.jar:6.1.26]
	at runjettyrun.Bootstrap.main(Bootstrap.java:97) [run-jetty-run-bootstrap.jar:na]
2018-08-04 14:48:21.840 [main ERROR com.pinting.core.util.encrypt.RSAUtil - Decryption error
javax.crypto.BadPaddingException: Decryption error
	at sun.security.rsa.RSAPadding.unpadV15(RSAPadding.java:383) ~[na:1.8.0_181]
	at sun.security.rsa.RSAPadding.unpad(RSAPadding.java:294) ~[na:1.8.0_181]
	at com.sun.crypto.provider.RSACipher.doFinal(RSACipher.java:363) ~[sunjce_provider.jar:1.8.0_171]
	at com.sun.crypto.provider.RSACipher.engineDoFinal(RSACipher.java:389) ~[sunjce_provider.jar:1.8.0_171]
	at javax.crypto.Cipher.doFinal(Cipher.java:2164) ~[na:1.8.0_171]
	at com.pinting.core.util.encrypt.RSAUtil.decryptByPrivateKey(RSAUtil.java:74) ~[classes/:na]
	at com.pinting.core.converter.LocalPropertyPlaceholderConfigurer.resolvePlaceholder(LocalPropertyPlaceholderConfigurer.java:36) [classes/:na]
	at com.pinting.core.converter.LocalPropertyPlaceholderConfigurer.resolvePlaceholder(LocalPropertyPlaceholderConfigurer.java:23) [classes/:na]
	at org.springframework.beans.factory.config.PropertyPlaceholderConfigurer$PropertyPlaceholderConfigurerResolver.resolvePlaceholder(PropertyPlaceholderConfigurer.java:275) [spring-beans-4.1.1.RELEASE.jar:4.1.1.RELEASE]
	at org.springframework.util.PropertyPlaceholderHelper.parseStringValue(PropertyPlaceholderHelper.java:147) [spring-core-4.1.1.RELEASE.jar:4.1.1.RELEASE]
	at org.springframework.util.PropertyPlaceholderHelper.replacePlaceholders(PropertyPlaceholderHelper.java:126) [spring-core-4.1.1.RELEASE.jar:4.1.1.RELEASE]
	at org.springframework.beans.factory.config.PropertyPlaceholderConfigurer$PlaceholderResolvingStringValueResolver.resolveStringValue(PropertyPlaceholderConfigurer.java:259) [spring-beans-4.1.1.RELEASE.jar:4.1.1.RELEASE]
	at org.springframework.beans.factory.config.BeanDefinitionVisitor.resolveStringValue(BeanDefinitionVisitor.java:282) [spring-beans-4.1.1.RELEASE.jar:4.1.1.RELEASE]
	at org.springframework.beans.factory.config.BeanDefinitionVisitor.resolveValue(BeanDefinitionVisitor.java:204) [spring-beans-4.1.1.RELEASE.jar:4.1.1.RELEASE]
	at org.springframework.beans.factory.config.BeanDefinitionVisitor.visitPropertyValues(BeanDefinitionVisitor.java:141) [spring-beans-4.1.1.RELEASE.jar:4.1.1.RELEASE]
	at org.springframework.beans.factory.config.BeanDefinitionVisitor.visitBeanDefinition(BeanDefinitionVisitor.java:82) [spring-beans-4.1.1.RELEASE.jar:4.1.1.RELEASE]
	at org.springframework.beans.factory.config.PlaceholderConfigurerSupport.doProcessProperties(PlaceholderConfigurerSupport.java:208) [spring-beans-4.1.1.RELEASE.jar:4.1.1.RELEASE]
	at org.springframework.beans.factory.config.PropertyPlaceholderConfigurer.processProperties(PropertyPlaceholderConfigurer.java:223) [spring-beans-4.1.1.RELEASE.jar:4.1.1.RELEASE]
	at org.springframework.beans.factory.config.PropertyResourceConfigurer.postProcessBeanFactory(PropertyResourceConfigurer.java:86) [spring-beans-4.1.1.RELEASE.jar:4.1.1.RELEASE]
	at org.springframework.context.support.PostProcessorRegistrationDelegate.invokeBeanFactoryPostProcessors(PostProcessorRegistrationDelegate.java:265) [spring-context-4.1.1.RELEASE.jar:4.1.1.RELEASE]
	at org.springframework.context.support.PostProcessorRegistrationDelegate.invokeBeanFactoryPostProcessors(PostProcessorRegistrationDelegate.java:162) [spring-context-4.1.1.RELEASE.jar:4.1.1.RELEASE]
	at org.springframework.context.support.AbstractApplicationContext.invokeBeanFactoryPostProcessors(AbstractApplicationContext.java:606) [spring-context-4.1.1.RELEASE.jar:4.1.1.RELEASE]
	at org.springframework.context.support.AbstractApplicationContext.refresh(AbstractApplicationContext.java:462) [spring-context-4.1.1.RELEASE.jar:4.1.1.RELEASE]
	at org.springframework.web.servlet.FrameworkServlet.configureAndRefreshWebApplicationContext(FrameworkServlet.java:663) [spring-webmvc-4.1.1.RELEASE.jar:4.1.1.RELEASE]
	at org.springframework.web.servlet.FrameworkServlet.createWebApplicationContext(FrameworkServlet.java:629) [spring-webmvc-4.1.1.RELEASE.jar:4.1.1.RELEASE]
	at org.springframework.web.servlet.FrameworkServlet.createWebApplicationContext(FrameworkServlet.java:677) [spring-webmvc-4.1.1.RELEASE.jar:4.1.1.RELEASE]
	at org.springframework.web.servlet.FrameworkServlet.initWebApplicationContext(FrameworkServlet.java:548) [spring-webmvc-4.1.1.RELEASE.jar:4.1.1.RELEASE]
	at org.springframework.web.servlet.FrameworkServlet.initServletBean(FrameworkServlet.java:489) [spring-webmvc-4.1.1.RELEASE.jar:4.1.1.RELEASE]
	at org.springframework.web.servlet.HttpServletBean.init(HttpServletBean.java:136) [spring-webmvc-4.1.1.RELEASE.jar:4.1.1.RELEASE]
	at javax.servlet.GenericServlet.init(GenericServlet.java:241) [servlet-api-2.5-20081211.jar:na]
	at org.mortbay.jetty.servlet.ServletHolder.initServlet(ServletHolder.java:440) [jetty-6.1.26.jar:6.1.26]
	at org.mortbay.jetty.servlet.ServletHolder.doStart(ServletHolder.java:263) [jetty-6.1.26.jar:6.1.26]
	at org.mortbay.component.AbstractLifeCycle.start(AbstractLifeCycle.java:50) [jetty-util-6.1.26.jar:6.1.26]
	at org.mortbay.jetty.servlet.ServletHandler.initialize(ServletHandler.java:736) [jetty-6.1.26.jar:6.1.26]
	at org.mortbay.jetty.servlet.Context.startContext(Context.java:140) [jetty-6.1.26.jar:6.1.26]
	at org.mortbay.jetty.webapp.WebAppContext.startContext(WebAppContext.java:1282) [jetty-6.1.26.jar:6.1.26]
	at org.mortbay.jetty.handler.ContextHandler.doStart(ContextHandler.java:518) [jetty-6.1.26.jar:6.1.26]
	at org.mortbay.jetty.webapp.WebAppContext.doStart(WebAppContext.java:499) [jetty-6.1.26.jar:6.1.26]
	at org.mortbay.component.AbstractLifeCycle.start(AbstractLifeCycle.java:50) [jetty-util-6.1.26.jar:6.1.26]
	at org.mortbay.jetty.handler.HandlerWrapper.doStart(HandlerWrapper.java:130) [jetty-6.1.26.jar:6.1.26]
	at org.mortbay.jetty.Server.doStart(Server.java:224) [jetty-6.1.26.jar:6.1.26]
	at org.mortbay.component.AbstractLifeCycle.start(AbstractLifeCycle.java:50) [jetty-util-6.1.26.jar:6.1.26]
	at runjettyrun.Bootstrap.main(Bootstrap.java:97) [run-jetty-run-bootstrap.jar:na]
2018-08-04 14:51:55.913 [1833638914@qtp-1615780336-1 ERROR com.pinting.business.hessian.site.service.SiteHessianServiceImpl - ======[SWxUtil-GetTokenAndTicket] com.pinting.core.exception.PTException: java.lang.NullPointerException======
2018-08-04 14:51:56.125 [1833638914@qtp-1615780336-1 ERROR com.pinting.business.hessian.site.service.SiteHessianServiceImpl - ======[SWxUtil-GetTokenAndTicket] com.pinting.core.exception.PTException: java.lang.NullPointerException======
2018-08-04 14:55:49.608 [main ERROR com.pinting.core.util.encrypt.RSAUtil - Decryption error
javax.crypto.BadPaddingException: Decryption error
	at sun.security.rsa.RSAPadding.unpadV15(RSAPadding.java:383) ~[na:1.8.0_181]
	at sun.security.rsa.RSAPadding.unpad(RSAPadding.java:294) ~[na:1.8.0_181]
	at com.sun.crypto.provider.RSACipher.doFinal(RSACipher.java:363) ~[sunjce_provider.jar:1.8.0_171]
	at com.sun.crypto.provider.RSACipher.engineDoFinal(RSACipher.java:389) ~[sunjce_provider.jar:1.8.0_171]
	at javax.crypto.Cipher.doFinal(Cipher.java:2164) ~[na:1.8.0_171]
	at com.pinting.core.util.encrypt.RSAUtil.decryptByPrivateKey(RSAUtil.java:74) ~[classes/:na]
	at com.pinting.core.converter.LocalPropertyPlaceholderConfigurer.resolvePlaceholder(LocalPropertyPlaceholderConfigurer.java:36) [classes/:na]
	at com.pinting.core.converter.LocalPropertyPlaceholderConfigurer.resolvePlaceholder(LocalPropertyPlaceholderConfigurer.java:23) [classes/:na]
	at org.springframework.beans.factory.config.PropertyPlaceholderConfigurer$PropertyPlaceholderConfigurerResolver.resolvePlaceholder(PropertyPlaceholderConfigurer.java:275) [spring-beans-4.1.1.RELEASE.jar:4.1.1.RELEASE]
	at org.springframework.util.PropertyPlaceholderHelper.parseStringValue(PropertyPlaceholderHelper.java:147) [spring-core-4.1.1.RELEASE.jar:4.1.1.RELEASE]
	at org.springframework.util.PropertyPlaceholderHelper.replacePlaceholders(PropertyPlaceholderHelper.java:126) [spring-core-4.1.1.RELEASE.jar:4.1.1.RELEASE]
	at org.springframework.beans.factory.config.PropertyPlaceholderConfigurer$PlaceholderResolvingStringValueResolver.resolveStringValue(PropertyPlaceholderConfigurer.java:259) [spring-beans-4.1.1.RELEASE.jar:4.1.1.RELEASE]
	at org.springframework.beans.factory.config.BeanDefinitionVisitor.resolveStringValue(BeanDefinitionVisitor.java:282) [spring-beans-4.1.1.RELEASE.jar:4.1.1.RELEASE]
	at org.springframework.beans.factory.config.BeanDefinitionVisitor.resolveValue(BeanDefinitionVisitor.java:204) [spring-beans-4.1.1.RELEASE.jar:4.1.1.RELEASE]
	at org.springframework.beans.factory.config.BeanDefinitionVisitor.visitPropertyValues(BeanDefinitionVisitor.java:141) [spring-beans-4.1.1.RELEASE.jar:4.1.1.RELEASE]
	at org.springframework.beans.factory.config.BeanDefinitionVisitor.visitBeanDefinition(BeanDefinitionVisitor.java:82) [spring-beans-4.1.1.RELEASE.jar:4.1.1.RELEASE]
	at org.springframework.beans.factory.config.PlaceholderConfigurerSupport.doProcessProperties(PlaceholderConfigurerSupport.java:208) [spring-beans-4.1.1.RELEASE.jar:4.1.1.RELEASE]
	at org.springframework.beans.factory.config.PropertyPlaceholderConfigurer.processProperties(PropertyPlaceholderConfigurer.java:223) [spring-beans-4.1.1.RELEASE.jar:4.1.1.RELEASE]
	at org.springframework.beans.factory.config.PropertyResourceConfigurer.postProcessBeanFactory(PropertyResourceConfigurer.java:86) [spring-beans-4.1.1.RELEASE.jar:4.1.1.RELEASE]
	at org.springframework.context.support.PostProcessorRegistrationDelegate.invokeBeanFactoryPostProcessors(PostProcessorRegistrationDelegate.java:265) [spring-context-4.1.1.RELEASE.jar:4.1.1.RELEASE]
	at org.springframework.context.support.PostProcessorRegistrationDelegate.invokeBeanFactoryPostProcessors(PostProcessorRegistrationDelegate.java:162) [spring-context-4.1.1.RELEASE.jar:4.1.1.RELEASE]
	at org.springframework.context.support.AbstractApplicationContext.invokeBeanFactoryPostProcessors(AbstractApplicationContext.java:606) [spring-context-4.1.1.RELEASE.jar:4.1.1.RELEASE]
	at org.springframework.context.support.AbstractApplicationContext.refresh(AbstractApplicationContext.java:462) [spring-context-4.1.1.RELEASE.jar:4.1.1.RELEASE]
	at org.springframework.web.servlet.FrameworkServlet.configureAndRefreshWebApplicationContext(FrameworkServlet.java:663) [spring-webmvc-4.1.1.RELEASE.jar:4.1.1.RELEASE]
	at org.springframework.web.servlet.FrameworkServlet.createWebApplicationContext(FrameworkServlet.java:629) [spring-webmvc-4.1.1.RELEASE.jar:4.1.1.RELEASE]
	at org.springframework.web.servlet.FrameworkServlet.createWebApplicationContext(FrameworkServlet.java:677) [spring-webmvc-4.1.1.RELEASE.jar:4.1.1.RELEASE]
	at org.springframework.web.servlet.FrameworkServlet.initWebApplicationContext(FrameworkServlet.java:548) [spring-webmvc-4.1.1.RELEASE.jar:4.1.1.RELEASE]
	at org.springframework.web.servlet.FrameworkServlet.initServletBean(FrameworkServlet.java:489) [spring-webmvc-4.1.1.RELEASE.jar:4.1.1.RELEASE]
	at org.springframework.web.servlet.HttpServletBean.init(HttpServletBean.java:136) [spring-webmvc-4.1.1.RELEASE.jar:4.1.1.RELEASE]
	at javax.servlet.GenericServlet.init(GenericServlet.java:241) [servlet-api-2.5-20081211.jar:na]
	at org.mortbay.jetty.servlet.ServletHolder.initServlet(ServletHolder.java:440) [jetty-6.1.26.jar:6.1.26]
	at org.mortbay.jetty.servlet.ServletHolder.doStart(ServletHolder.java:263) [jetty-6.1.26.jar:6.1.26]
	at org.mortbay.component.AbstractLifeCycle.start(AbstractLifeCycle.java:50) [jetty-util-6.1.26.jar:6.1.26]
	at org.mortbay.jetty.servlet.ServletHandler.initialize(ServletHandler.java:736) [jetty-6.1.26.jar:6.1.26]
	at org.mortbay.jetty.servlet.Context.startContext(Context.java:140) [jetty-6.1.26.jar:6.1.26]
	at org.mortbay.jetty.webapp.WebAppContext.startContext(WebAppContext.java:1282) [jetty-6.1.26.jar:6.1.26]
	at org.mortbay.jetty.handler.ContextHandler.doStart(ContextHandler.java:518) [jetty-6.1.26.jar:6.1.26]
	at org.mortbay.jetty.webapp.WebAppContext.doStart(WebAppContext.java:499) [jetty-6.1.26.jar:6.1.26]
	at org.mortbay.component.AbstractLifeCycle.start(AbstractLifeCycle.java:50) [jetty-util-6.1.26.jar:6.1.26]
	at org.mortbay.jetty.handler.HandlerWrapper.doStart(HandlerWrapper.java:130) [jetty-6.1.26.jar:6.1.26]
	at org.mortbay.jetty.Server.doStart(Server.java:224) [jetty-6.1.26.jar:6.1.26]
	at org.mortbay.component.AbstractLifeCycle.start(AbstractLifeCycle.java:50) [jetty-util-6.1.26.jar:6.1.26]
	at runjettyrun.Bootstrap.main(Bootstrap.java:97) [run-jetty-run-bootstrap.jar:na]
2018-08-04 14:55:49.623 [main ERROR com.pinting.core.util.encrypt.RSAUtil - Decryption error
javax.crypto.BadPaddingException: Decryption error
	at sun.security.rsa.RSAPadding.unpadV15(RSAPadding.java:383) ~[na:1.8.0_181]
	at sun.security.rsa.RSAPadding.unpad(RSAPadding.java:294) ~[na:1.8.0_181]
	at com.sun.crypto.provider.RSACipher.doFinal(RSACipher.java:363) ~[sunjce_provider.jar:1.8.0_171]
	at com.sun.crypto.provider.RSACipher.engineDoFinal(RSACipher.java:389) ~[sunjce_provider.jar:1.8.0_171]
	at javax.crypto.Cipher.doFinal(Cipher.java:2164) ~[na:1.8.0_171]
	at com.pinting.core.util.encrypt.RSAUtil.decryptByPrivateKey(RSAUtil.java:74) ~[classes/:na]
	at com.pinting.core.converter.LocalPropertyPlaceholderConfigurer.resolvePlaceholder(LocalPropertyPlaceholderConfigurer.java:36) [classes/:na]
	at com.pinting.core.converter.LocalPropertyPlaceholderConfigurer.resolvePlaceholder(LocalPropertyPlaceholderConfigurer.java:23) [classes/:na]
	at org.springframework.beans.factory.config.PropertyPlaceholderConfigurer$PropertyPlaceholderConfigurerResolver.resolvePlaceholder(PropertyPlaceholderConfigurer.java:275) [spring-beans-4.1.1.RELEASE.jar:4.1.1.RELEASE]
	at org.springframework.util.PropertyPlaceholderHelper.parseStringValue(PropertyPlaceholderHelper.java:147) [spring-core-4.1.1.RELEASE.jar:4.1.1.RELEASE]
	at org.springframework.util.PropertyPlaceholderHelper.replacePlaceholders(PropertyPlaceholderHelper.java:126) [spring-core-4.1.1.RELEASE.jar:4.1.1.RELEASE]
	at org.springframework.beans.factory.config.PropertyPlaceholderConfigurer$PlaceholderResolvingStringValueResolver.resolveStringValue(PropertyPlaceholderConfigurer.java:259) [spring-beans-4.1.1.RELEASE.jar:4.1.1.RELEASE]
	at org.springframework.beans.factory.config.BeanDefinitionVisitor.resolveStringValue(BeanDefinitionVisitor.java:282) [spring-beans-4.1.1.RELEASE.jar:4.1.1.RELEASE]
	at org.springframework.beans.factory.config.BeanDefinitionVisitor.resolveValue(BeanDefinitionVisitor.java:204) [spring-beans-4.1.1.RELEASE.jar:4.1.1.RELEASE]
	at org.springframework.beans.factory.config.BeanDefinitionVisitor.visitPropertyValues(BeanDefinitionVisitor.java:141) [spring-beans-4.1.1.RELEASE.jar:4.1.1.RELEASE]
	at org.springframework.beans.factory.config.BeanDefinitionVisitor.visitBeanDefinition(BeanDefinitionVisitor.java:82) [spring-beans-4.1.1.RELEASE.jar:4.1.1.RELEASE]
	at org.springframework.beans.factory.config.PlaceholderConfigurerSupport.doProcessProperties(PlaceholderConfigurerSupport.java:208) [spring-beans-4.1.1.RELEASE.jar:4.1.1.RELEASE]
	at org.springframework.beans.factory.config.PropertyPlaceholderConfigurer.processProperties(PropertyPlaceholderConfigurer.java:223) [spring-beans-4.1.1.RELEASE.jar:4.1.1.RELEASE]
	at org.springframework.beans.factory.config.PropertyResourceConfigurer.postProcessBeanFactory(PropertyResourceConfigurer.java:86) [spring-beans-4.1.1.RELEASE.jar:4.1.1.RELEASE]
	at org.springframework.context.support.PostProcessorRegistrationDelegate.invokeBeanFactoryPostProcessors(PostProcessorRegistrationDelegate.java:265) [spring-context-4.1.1.RELEASE.jar:4.1.1.RELEASE]
	at org.springframework.context.support.PostProcessorRegistrationDelegate.invokeBeanFactoryPostProcessors(PostProcessorRegistrationDelegate.java:162) [spring-context-4.1.1.RELEASE.jar:4.1.1.RELEASE]
	at org.springframework.context.support.AbstractApplicationContext.invokeBeanFactoryPostProcessors(AbstractApplicationContext.java:606) [spring-context-4.1.1.RELEASE.jar:4.1.1.RELEASE]
	at org.springframework.context.support.AbstractApplicationContext.refresh(AbstractApplicationContext.java:462) [spring-context-4.1.1.RELEASE.jar:4.1.1.RELEASE]
	at org.springframework.web.servlet.FrameworkServlet.configureAndRefreshWebApplicationContext(FrameworkServlet.java:663) [spring-webmvc-4.1.1.RELEASE.jar:4.1.1.RELEASE]
	at org.springframework.web.servlet.FrameworkServlet.createWebApplicationContext(FrameworkServlet.java:629) [spring-webmvc-4.1.1.RELEASE.jar:4.1.1.RELEASE]
	at org.springframework.web.servlet.FrameworkServlet.createWebApplicationContext(FrameworkServlet.java:677) [spring-webmvc-4.1.1.RELEASE.jar:4.1.1.RELEASE]
	at org.springframework.web.servlet.FrameworkServlet.initWebApplicationContext(FrameworkServlet.java:548) [spring-webmvc-4.1.1.RELEASE.jar:4.1.1.RELEASE]
	at org.springframework.web.servlet.FrameworkServlet.initServletBean(FrameworkServlet.java:489) [spring-webmvc-4.1.1.RELEASE.jar:4.1.1.RELEASE]
	at org.springframework.web.servlet.HttpServletBean.init(HttpServletBean.java:136) [spring-webmvc-4.1.1.RELEASE.jar:4.1.1.RELEASE]
	at javax.servlet.GenericServlet.init(GenericServlet.java:241) [servlet-api-2.5-20081211.jar:na]
	at org.mortbay.jetty.servlet.ServletHolder.initServlet(ServletHolder.java:440) [jetty-6.1.26.jar:6.1.26]
	at org.mortbay.jetty.servlet.ServletHolder.doStart(ServletHolder.java:263) [jetty-6.1.26.jar:6.1.26]
	at org.mortbay.component.AbstractLifeCycle.start(AbstractLifeCycle.java:50) [jetty-util-6.1.26.jar:6.1.26]
	at org.mortbay.jetty.servlet.ServletHandler.initialize(ServletHandler.java:736) [jetty-6.1.26.jar:6.1.26]
	at org.mortbay.jetty.servlet.Context.startContext(Context.java:140) [jetty-6.1.26.jar:6.1.26]
	at org.mortbay.jetty.webapp.WebAppContext.startContext(WebAppContext.java:1282) [jetty-6.1.26.jar:6.1.26]
	at org.mortbay.jetty.handler.ContextHandler.doStart(ContextHandler.java:518) [jetty-6.1.26.jar:6.1.26]
	at org.mortbay.jetty.webapp.WebAppContext.doStart(WebAppContext.java:499) [jetty-6.1.26.jar:6.1.26]
	at org.mortbay.component.AbstractLifeCycle.start(AbstractLifeCycle.java:50) [jetty-util-6.1.26.jar:6.1.26]
	at org.mortbay.jetty.handler.HandlerWrapper.doStart(HandlerWrapper.java:130) [jetty-6.1.26.jar:6.1.26]
	at org.mortbay.jetty.Server.doStart(Server.java:224) [jetty-6.1.26.jar:6.1.26]
	at org.mortbay.component.AbstractLifeCycle.start(AbstractLifeCycle.java:50) [jetty-util-6.1.26.jar:6.1.26]
	at runjettyrun.Bootstrap.main(Bootstrap.java:97) [run-jetty-run-bootstrap.jar:na]
2018-08-04 14:55:49.639 [main ERROR com.pinting.core.util.encrypt.RSAUtil - Decryption error
javax.crypto.BadPaddingException: Decryption error
	at sun.security.rsa.RSAPadding.unpadV15(RSAPadding.java:383) ~[na:1.8.0_181]
	at sun.security.rsa.RSAPadding.unpad(RSAPadding.java:294) ~[na:1.8.0_181]
	at com.sun.crypto.provider.RSACipher.doFinal(RSACipher.java:363) ~[sunjce_provider.jar:1.8.0_171]
	at com.sun.crypto.provider.RSACipher.engineDoFinal(RSACipher.java:389) ~[sunjce_provider.jar:1.8.0_171]
	at javax.crypto.Cipher.doFinal(Cipher.java:2164) ~[na:1.8.0_171]
	at com.pinting.core.util.encrypt.RSAUtil.decryptByPrivateKey(RSAUtil.java:74) ~[classes/:na]
	at com.pinting.core.converter.LocalPropertyPlaceholderConfigurer.resolvePlaceholder(LocalPropertyPlaceholderConfigurer.java:36) [classes/:na]
	at com.pinting.core.converter.LocalPropertyPlaceholderConfigurer.resolvePlaceholder(LocalPropertyPlaceholderConfigurer.java:23) [classes/:na]
	at org.springframework.beans.factory.config.PropertyPlaceholderConfigurer$PropertyPlaceholderConfigurerResolver.resolvePlaceholder(PropertyPlaceholderConfigurer.java:275) [spring-beans-4.1.1.RELEASE.jar:4.1.1.RELEASE]
	at org.springframework.util.PropertyPlaceholderHelper.parseStringValue(PropertyPlaceholderHelper.java:147) [spring-core-4.1.1.RELEASE.jar:4.1.1.RELEASE]
	at org.springframework.util.PropertyPlaceholderHelper.replacePlaceholders(PropertyPlaceholderHelper.java:126) [spring-core-4.1.1.RELEASE.jar:4.1.1.RELEASE]
	at org.springframework.beans.factory.config.PropertyPlaceholderConfigurer$PlaceholderResolvingStringValueResolver.resolveStringValue(PropertyPlaceholderConfigurer.java:259) [spring-beans-4.1.1.RELEASE.jar:4.1.1.RELEASE]
	at org.springframework.beans.factory.config.BeanDefinitionVisitor.resolveStringValue(BeanDefinitionVisitor.java:282) [spring-beans-4.1.1.RELEASE.jar:4.1.1.RELEASE]
	at org.springframework.beans.factory.config.BeanDefinitionVisitor.resolveValue(BeanDefinitionVisitor.java:204) [spring-beans-4.1.1.RELEASE.jar:4.1.1.RELEASE]
	at org.springframework.beans.factory.config.BeanDefinitionVisitor.visitPropertyValues(BeanDefinitionVisitor.java:141) [spring-beans-4.1.1.RELEASE.jar:4.1.1.RELEASE]
	at org.springframework.beans.factory.config.BeanDefinitionVisitor.visitBeanDefinition(BeanDefinitionVisitor.java:82) [spring-beans-4.1.1.RELEASE.jar:4.1.1.RELEASE]
	at org.springframework.beans.factory.config.PlaceholderConfigurerSupport.doProcessProperties(PlaceholderConfigurerSupport.java:208) [spring-beans-4.1.1.RELEASE.jar:4.1.1.RELEASE]
	at org.springframework.beans.factory.config.PropertyPlaceholderConfigurer.processProperties(PropertyPlaceholderConfigurer.java:223) [spring-beans-4.1.1.RELEASE.jar:4.1.1.RELEASE]
	at org.springframework.beans.factory.config.PropertyResourceConfigurer.postProcessBeanFactory(PropertyResourceConfigurer.java:86) [spring-beans-4.1.1.RELEASE.jar:4.1.1.RELEASE]
	at org.springframework.context.support.PostProcessorRegistrationDelegate.invokeBeanFactoryPostProcessors(PostProcessorRegistrationDelegate.java:265) [spring-context-4.1.1.RELEASE.jar:4.1.1.RELEASE]
	at org.springframework.context.support.PostProcessorRegistrationDelegate.invokeBeanFactoryPostProcessors(PostProcessorRegistrationDelegate.java:162) [spring-context-4.1.1.RELEASE.jar:4.1.1.RELEASE]
	at org.springframework.context.support.AbstractApplicationContext.invokeBeanFactoryPostProcessors(AbstractApplicationContext.java:606) [spring-context-4.1.1.RELEASE.jar:4.1.1.RELEASE]
	at org.springframework.context.support.AbstractApplicationContext.refresh(AbstractApplicationContext.java:462) [spring-context-4.1.1.RELEASE.jar:4.1.1.RELEASE]
	at org.springframework.web.servlet.FrameworkServlet.configureAndRefreshWebApplicationContext(FrameworkServlet.java:663) [spring-webmvc-4.1.1.RELEASE.jar:4.1.1.RELEASE]
	at org.springframework.web.servlet.FrameworkServlet.createWebApplicationContext(FrameworkServlet.java:629) [spring-webmvc-4.1.1.RELEASE.jar:4.1.1.RELEASE]
	at org.springframework.web.servlet.FrameworkServlet.createWebApplicationContext(FrameworkServlet.java:677) [spring-webmvc-4.1.1.RELEASE.jar:4.1.1.RELEASE]
	at org.springframework.web.servlet.FrameworkServlet.initWebApplicationContext(FrameworkServlet.java:548) [spring-webmvc-4.1.1.RELEASE.jar:4.1.1.RELEASE]
	at org.springframework.web.servlet.FrameworkServlet.initServletBean(FrameworkServlet.java:489) [spring-webmvc-4.1.1.RELEASE.jar:4.1.1.RELEASE]
	at org.springframework.web.servlet.HttpServletBean.init(HttpServletBean.java:136) [spring-webmvc-4.1.1.RELEASE.jar:4.1.1.RELEASE]
	at javax.servlet.GenericServlet.init(GenericServlet.java:241) [servlet-api-2.5-20081211.jar:na]
	at org.mortbay.jetty.servlet.ServletHolder.initServlet(ServletHolder.java:440) [jetty-6.1.26.jar:6.1.26]
	at org.mortbay.jetty.servlet.ServletHolder.doStart(ServletHolder.java:263) [jetty-6.1.26.jar:6.1.26]
	at org.mortbay.component.AbstractLifeCycle.start(AbstractLifeCycle.java:50) [jetty-util-6.1.26.jar:6.1.26]
	at org.mortbay.jetty.servlet.ServletHandler.initialize(ServletHandler.java:736) [jetty-6.1.26.jar:6.1.26]
	at org.mortbay.jetty.servlet.Context.startContext(Context.java:140) [jetty-6.1.26.jar:6.1.26]
	at org.mortbay.jetty.webapp.WebAppContext.startContext(WebAppContext.java:1282) [jetty-6.1.26.jar:6.1.26]
	at org.mortbay.jetty.handler.ContextHandler.doStart(ContextHandler.java:518) [jetty-6.1.26.jar:6.1.26]
	at org.mortbay.jetty.webapp.WebAppContext.doStart(WebAppContext.java:499) [jetty-6.1.26.jar:6.1.26]
	at org.mortbay.component.AbstractLifeCycle.start(AbstractLifeCycle.java:50) [jetty-util-6.1.26.jar:6.1.26]
	at org.mortbay.jetty.handler.HandlerWrapper.doStart(HandlerWrapper.java:130) [jetty-6.1.26.jar:6.1.26]
	at org.mortbay.jetty.Server.doStart(Server.java:224) [jetty-6.1.26.jar:6.1.26]
	at org.mortbay.component.AbstractLifeCycle.start(AbstractLifeCycle.java:50) [jetty-util-6.1.26.jar:6.1.26]
	at runjettyrun.Bootstrap.main(Bootstrap.java:97) [run-jetty-run-bootstrap.jar:na]
2018-08-04 14:55:49.639 [main ERROR com.pinting.core.util.encrypt.RSAUtil - Decryption error
javax.crypto.BadPaddingException: Decryption error
	at sun.security.rsa.RSAPadding.unpadV15(RSAPadding.java:383) ~[na:1.8.0_181]
	at sun.security.rsa.RSAPadding.unpad(RSAPadding.java:294) ~[na:1.8.0_181]
	at com.sun.crypto.provider.RSACipher.doFinal(RSACipher.java:363) ~[sunjce_provider.jar:1.8.0_171]
	at com.sun.crypto.provider.RSACipher.engineDoFinal(RSACipher.java:389) ~[sunjce_provider.jar:1.8.0_171]
	at javax.crypto.Cipher.doFinal(Cipher.java:2164) ~[na:1.8.0_171]
	at com.pinting.core.util.encrypt.RSAUtil.decryptByPrivateKey(RSAUtil.java:74) ~[classes/:na]
	at com.pinting.core.converter.LocalPropertyPlaceholderConfigurer.resolvePlaceholder(LocalPropertyPlaceholderConfigurer.java:36) [classes/:na]
	at com.pinting.core.converter.LocalPropertyPlaceholderConfigurer.resolvePlaceholder(LocalPropertyPlaceholderConfigurer.java:23) [classes/:na]
	at org.springframework.beans.factory.config.PropertyPlaceholderConfigurer$PropertyPlaceholderConfigurerResolver.resolvePlaceholder(PropertyPlaceholderConfigurer.java:275) [spring-beans-4.1.1.RELEASE.jar:4.1.1.RELEASE]
	at org.springframework.util.PropertyPlaceholderHelper.parseStringValue(PropertyPlaceholderHelper.java:147) [spring-core-4.1.1.RELEASE.jar:4.1.1.RELEASE]
	at org.springframework.util.PropertyPlaceholderHelper.replacePlaceholders(PropertyPlaceholderHelper.java:126) [spring-core-4.1.1.RELEASE.jar:4.1.1.RELEASE]
	at org.springframework.beans.factory.config.PropertyPlaceholderConfigurer$PlaceholderResolvingStringValueResolver.resolveStringValue(PropertyPlaceholderConfigurer.java:259) [spring-beans-4.1.1.RELEASE.jar:4.1.1.RELEASE]
	at org.springframework.beans.factory.config.BeanDefinitionVisitor.resolveStringValue(BeanDefinitionVisitor.java:282) [spring-beans-4.1.1.RELEASE.jar:4.1.1.RELEASE]
	at org.springframework.beans.factory.config.BeanDefinitionVisitor.resolveValue(BeanDefinitionVisitor.java:204) [spring-beans-4.1.1.RELEASE.jar:4.1.1.RELEASE]
	at org.springframework.beans.factory.config.BeanDefinitionVisitor.visitPropertyValues(BeanDefinitionVisitor.java:141) [spring-beans-4.1.1.RELEASE.jar:4.1.1.RELEASE]
	at org.springframework.beans.factory.config.BeanDefinitionVisitor.visitBeanDefinition(BeanDefinitionVisitor.java:82) [spring-beans-4.1.1.RELEASE.jar:4.1.1.RELEASE]
	at org.springframework.beans.factory.config.PlaceholderConfigurerSupport.doProcessProperties(PlaceholderConfigurerSupport.java:208) [spring-beans-4.1.1.RELEASE.jar:4.1.1.RELEASE]
	at org.springframework.beans.factory.config.PropertyPlaceholderConfigurer.processProperties(PropertyPlaceholderConfigurer.java:223) [spring-beans-4.1.1.RELEASE.jar:4.1.1.RELEASE]
	at org.springframework.beans.factory.config.PropertyResourceConfigurer.postProcessBeanFactory(PropertyResourceConfigurer.java:86) [spring-beans-4.1.1.RELEASE.jar:4.1.1.RELEASE]
	at org.springframework.context.support.PostProcessorRegistrationDelegate.invokeBeanFactoryPostProcessors(PostProcessorRegistrationDelegate.java:265) [spring-context-4.1.1.RELEASE.jar:4.1.1.RELEASE]
	at org.springframework.context.support.PostProcessorRegistrationDelegate.invokeBeanFactoryPostProcessors(PostProcessorRegistrationDelegate.java:162) [spring-context-4.1.1.RELEASE.jar:4.1.1.RELEASE]
	at org.springframework.context.support.AbstractApplicationContext.invokeBeanFactoryPostProcessors(AbstractApplicationContext.java:606) [spring-context-4.1.1.RELEASE.jar:4.1.1.RELEASE]
	at org.springframework.context.support.AbstractApplicationContext.refresh(AbstractApplicationContext.java:462) [spring-context-4.1.1.RELEASE.jar:4.1.1.RELEASE]
	at org.springframework.web.servlet.FrameworkServlet.configureAndRefreshWebApplicationContext(FrameworkServlet.java:663) [spring-webmvc-4.1.1.RELEASE.jar:4.1.1.RELEASE]
	at org.springframework.web.servlet.FrameworkServlet.createWebApplicationContext(FrameworkServlet.java:629) [spring-webmvc-4.1.1.RELEASE.jar:4.1.1.RELEASE]
	at org.springframework.web.servlet.FrameworkServlet.createWebApplicationContext(FrameworkServlet.java:677) [spring-webmvc-4.1.1.RELEASE.jar:4.1.1.RELEASE]
	at org.springframework.web.servlet.FrameworkServlet.initWebApplicationContext(FrameworkServlet.java:548) [spring-webmvc-4.1.1.RELEASE.jar:4.1.1.RELEASE]
	at org.springframework.web.servlet.FrameworkServlet.initServletBean(FrameworkServlet.java:489) [spring-webmvc-4.1.1.RELEASE.jar:4.1.1.RELEASE]
	at org.springframework.web.servlet.HttpServletBean.init(HttpServletBean.java:136) [spring-webmvc-4.1.1.RELEASE.jar:4.1.1.RELEASE]
	at javax.servlet.GenericServlet.init(GenericServlet.java:241) [servlet-api-2.5-20081211.jar:na]
	at org.mortbay.jetty.servlet.ServletHolder.initServlet(ServletHolder.java:440) [jetty-6.1.26.jar:6.1.26]
	at org.mortbay.jetty.servlet.ServletHolder.doStart(ServletHolder.java:263) [jetty-6.1.26.jar:6.1.26]
	at org.mortbay.component.AbstractLifeCycle.start(AbstractLifeCycle.java:50) [jetty-util-6.1.26.jar:6.1.26]
	at org.mortbay.jetty.servlet.ServletHandler.initialize(ServletHandler.java:736) [jetty-6.1.26.jar:6.1.26]
	at org.mortbay.jetty.servlet.Context.startContext(Context.java:140) [jetty-6.1.26.jar:6.1.26]
	at org.mortbay.jetty.webapp.WebAppContext.startContext(WebAppContext.java:1282) [jetty-6.1.26.jar:6.1.26]
	at org.mortbay.jetty.handler.ContextHandler.doStart(ContextHandler.java:518) [jetty-6.1.26.jar:6.1.26]
	at org.mortbay.jetty.webapp.WebAppContext.doStart(WebAppContext.java:499) [jetty-6.1.26.jar:6.1.26]
	at org.mortbay.component.AbstractLifeCycle.start(AbstractLifeCycle.java:50) [jetty-util-6.1.26.jar:6.1.26]
	at org.mortbay.jetty.handler.HandlerWrapper.doStart(HandlerWrapper.java:130) [jetty-6.1.26.jar:6.1.26]
	at org.mortbay.jetty.Server.doStart(Server.java:224) [jetty-6.1.26.jar:6.1.26]
	at org.mortbay.component.AbstractLifeCycle.start(AbstractLifeCycle.java:50) [jetty-util-6.1.26.jar:6.1.26]
	at runjettyrun.Bootstrap.main(Bootstrap.java:97) [run-jetty-run-bootstrap.jar:na]
2018-08-04 15:03:09.396 [972872399@qtp-1615780336-3 ERROR com.pinting.business.hessian.site.service.SiteHessianServiceImpl - ======[Product-BannerQuery] com.pinting.core.exception.PTException: com.pinting.business.exception.PTMessageException: ======
2018-08-04 15:04:40.385 [972872399@qtp-1615780336-3 ERROR com.pinting.business.hessian.site.service.SiteHessianServiceImpl - ======[Product-BannerQuery] com.pinting.core.exception.PTException: com.pinting.business.exception.PTMessageException: ======
2018-08-04 15:05:15.706 [497852476@qtp-1615780336-4 ERROR com.pinting.business.hessian.site.service.SiteHessianServiceImpl - ======[Product-BannerQuery] com.pinting.core.exception.PTException: com.pinting.business.exception.PTMessageException: ======
2018-08-04 15:05:57.323 [497852476@qtp-1615780336-4 ERROR com.pinting.business.hessian.site.service.SiteHessianServiceImpl - ======[Product-BannerQuery] com.pinting.core.exception.PTException: com.pinting.business.exception.PTMessageException: ======
