2018-08-08 09:44:42.308 INFO  FrameworkServlet 'remote': initialization started
2018-08-08 09:44:42.341 INFO  Refreshing WebApplicationContext for namespace 'rm-resolver': startup date [Wed Aug 08 09:44:42 CST 2018]; root of context hierarchy
2018-08-08 09:44:42.402 INFO  Loading XML bean definitions from ServletContext resource [/WEB-INF/rm-resolver.xml]
2018-08-08 09:44:42.562 INFO  Loading XML bean definitions from class path resource [META-INF/spring/spr-common.xml]
2018-08-08 09:44:46.835 INFO  Loading XML bean definitions from class path resource [META-INF/spring/spr-quartz-dayend.xml]
2018-08-08 09:44:46.848 INFO  Loading XML bean definitions from class path resource [META-INF/spring/spr-redis-beans.xml]
2018-08-08 09:44:46.866 INFO  Loading XML bean definitions from class path resource [META-INF/remote/rm-common.xml]
2018-08-08 09:44:46.877 INFO  Loading XML bean definitions from class path resource [META-INF/remote/rm-site.xml]
2018-08-08 09:44:46.888 INFO  Loading XML bean definitions from class path resource [META-INF/remote/rm-manage.xml]
2018-08-08 09:44:46.905 INFO  Loading XML bean definitions from class path resource [META-INF/remote/rm-srv-gateway.xml]
2018-08-08 09:44:46.925 INFO  Loading XML bean definitions from class path resource [META-INF/remote/rm-client-gateway.xml]
2018-08-08 09:44:46.939 INFO  Loading XML bean definitions from class path resource [META-INF/remote/rm-client-schedule.xml]
2018-08-08 09:44:48.764 INFO  Loading properties file from class path resource [placeholder.properties]
2018-08-08 09:45:02.873 INFO  Using default implementation for ThreadExecutor
2018-08-08 09:45:02.902 INFO  Initialized Scheduler Signaller of type: class org.quartz.core.SchedulerSignalerImpl
2018-08-08 09:45:02.902 INFO  Quartz Scheduler v.2.2.1 created.
2018-08-08 09:45:02.904 INFO  RAMJobStore initialized.
2018-08-08 09:45:02.905 INFO  Scheduler meta-data: Quartz Scheduler (v2.2.1) 'schedulerFactoryBean' with instanceId 'NON_CLUSTERED'
  Scheduler class: 'org.quartz.core.QuartzScheduler' - running locally.
  NOT STARTED.
  Currently in standby mode.
  Number of jobs executed: 0
  Using thread pool 'org.quartz.simpl.SimpleThreadPool' - with 10 threads.
  Using job-store 'org.quartz.simpl.RAMJobStore' - which does not support persistence. and is not clustered.

2018-08-08 09:45:02.905 INFO  Quartz scheduler 'schedulerFactoryBean' initialized from an externally provided properties instance.
2018-08-08 09:45:02.905 INFO  Quartz scheduler version: 2.2.1
2018-08-08 09:45:02.907 INFO  JobFactory set to: org.springframework.scheduling.quartz.AdaptableJobFactory@71fb1da3
2018-08-08 09:45:03.469 INFO  Initializing ExecutorService  'repayHandleExecutor'
2018-08-08 09:45:03.710 INFO  Initializing ExecutorService  'loan7DaiExecutor'
2018-08-08 09:45:03.716 INFO  Initializing ExecutorService  'loanExecutor'
2018-08-08 09:45:03.930 INFO  Initializing ExecutorService  'repayExecutor'
2018-08-08 09:45:08.103 INFO  HV000001: Hibernate Validator 5.1.3.Final
2018-08-08 09:45:08.649 INFO  Looking for @ControllerAdvice: WebApplicationContext for namespace 'rm-resolver': startup date [Wed Aug 08 09:44:42 CST 2018]; root of context hierarchy
2018-08-08 09:45:08.777 INFO  Looking for @ControllerAdvice: WebApplicationContext for namespace 'rm-resolver': startup date [Wed Aug 08 09:44:42 CST 2018]; root of context hierarchy
2018-08-08 09:45:08.970 INFO  Mapped URL path [/siteService] onto handler '/siteService'
2018-08-08 09:45:08.984 INFO  Mapped URL path [/manageService] onto handler '/manageService'
2018-08-08 09:45:08.994 INFO  Mapped URL path [/gatewayDafyService] onto handler '/gatewayDafyService'
2018-08-08 09:45:09.007 INFO  Mapped URL path [/gatewayPay19Service] onto handler '/gatewayPay19Service'
2018-08-08 09:45:09.018 INFO  Mapped URL path [/gatewayBaoFooService] onto handler '/gatewayBaoFooService'
2018-08-08 09:45:09.029 INFO  Mapped URL path [/gatewayReapalService] onto handler '/gatewayReapalService'
2018-08-08 09:45:09.043 INFO  Mapped URL path [/gatewayMobileService] onto handler '/gatewayMobileService'
2018-08-08 09:45:09.055 INFO  Mapped URL path [/gatewayCsaiService] onto handler '/gatewayCsaiService'
2018-08-08 09:45:09.072 INFO  Mapped URL path [/gatewayLoanService] onto handler '/gatewayLoanService'
2018-08-08 09:45:09.088 INFO  Mapped URL path [/gatewayHFBankService] onto handler '/gatewayHFBankService'
2018-08-08 09:45:09.102 INFO  Mapped URL path [/gatewayQb178Service] onto handler '/gatewayQb178Service'
2018-08-08 09:45:09.114 INFO  Mapped URL path [/gatewayZsdService] onto handler '/gatewayZsdService'
2018-08-08 09:45:09.131 INFO  Mapped URL path [/gatewayDepLoan7Service] onto handler '/gatewayDepLoan7Service'
2018-08-08 09:45:09.150 INFO  Mapped URL path [/gatewayQiDianService] onto handler '/gatewayQiDianService'
2018-08-08 09:45:09.357 INFO  Starting beans in phase 2147483647
2018-08-08 09:45:09.358 INFO  Starting Quartz Scheduler now
2018-08-08 09:45:09.358 INFO  Scheduler schedulerFactoryBean_$_NON_CLUSTERED started.
2018-08-08 09:45:09.482 INFO  [quartzInitListener] init start
2018-08-08 09:45:10.203 INFO  [quartzInitListener] init end
2018-08-08 09:45:10.215 INFO  FrameworkServlet 'remote': initialization completed in 27903 ms
2018-08-08 09:48:12.276 INFO  ======交易[Home-RedPacketAmount]：开始执行======
2018-08-08 09:48:12.368 INFO  读取缓存数据，cacheMethod：redis_cache_home_redpacketamount
2018-08-08 09:48:12.368 INFO  当前redis服务：[114.215.203.101:7379]
2018-08-08 09:48:12.405 INFO  读取缓存数据开始，cachekey：home_redpacketamount_object_pc
2018-08-08 09:48:12.405 INFO  当前redis服务：[114.215.203.101:7379]
2018-08-08 09:48:12.419 INFO  读取缓存数据——没有缓存数据，cachekey：home_redpacketamount_object_pc
2018-08-08 09:48:12.592 INFO  添加缓存redisCacheKey数据，cacheMethod：redis_cache_home_redpacketamount，cachekey：home_redpacketamount_object_pc，expire：60
2018-08-08 09:48:12.593 INFO  当前redis服务：[114.215.203.101:7379]
2018-08-08 09:48:12.655 INFO  当前redis服务：[114.215.203.101:7379]
2018-08-08 09:48:12.682 INFO  ======交易[Home-RedPacketAmount]：执行结束======
2018-08-08 09:48:12.682 INFO  ======响应报文[耗时：406毫秒]======
2018-08-08 09:48:43.924 INFO  ======交易[BannerConfig-GetBanner]：开始执行======
2018-08-08 09:48:52.110 INFO  ======交易[User-QueryAgentViewConfig]：开始执行======
2018-08-08 09:48:52.163 INFO  ======交易[User-QueryAgentViewConfig]：执行结束======
2018-08-08 09:48:52.163 INFO  ======响应报文[耗时：52毫秒]======
2018-08-08 09:48:52.732 INFO  ======交易[Home-RedPacketAmount]：开始执行======
2018-08-08 09:48:52.733 INFO  读取缓存数据，cacheMethod：redis_cache_home_redpacketamount
2018-08-08 09:48:52.733 INFO  当前redis服务：[114.215.203.101:7379]
2018-08-08 09:48:52.749 INFO  读取缓存数据开始，cachekey：home_redpacketamount_object_pc
2018-08-08 09:48:52.749 INFO  当前redis服务：[114.215.203.101:7379]
2018-08-08 09:48:52.766 INFO  读取缓存数据成功，cachekey：home_redpacketamount_object_pc
2018-08-08 09:48:52.767 INFO  ======交易[Home-RedPacketAmount]：执行结束======
2018-08-08 09:48:52.767 INFO  ======响应报文[耗时：34毫秒]======
2018-08-08 10:37:59.408 INFO  ======交易[SWxUtil-GetTokenAndTicket]：开始执行======
2018-08-08 10:37:59.418 INFO  当前redis服务：[114.215.203.101:7379]
2018-08-08 10:37:59.441 INFO  当前redis服务：[114.215.203.101:7379]
2018-08-08 10:37:59.460 INFO  当前redis服务：[114.215.203.101:7379]
2018-08-08 10:37:59.856 INFO  当前redis服务：[114.215.203.101:7379]
2018-08-08 10:37:59.885 INFO  当前redis服务：[114.215.203.101:7379]
2018-08-08 10:37:59.897 INFO  当前redis服务：[114.215.203.101:7379]
2018-08-08 10:37:59.926 INFO  ======交易[SWxUtil-GetTokenAndTicket]：开始执行======
2018-08-08 10:37:59.926 INFO  当前redis服务：[114.215.203.101:7379]
2018-08-08 10:37:59.938 INFO  当前redis服务：[114.215.203.101:7379]
2018-08-08 10:37:59.955 INFO  当前redis服务：[114.215.203.101:7379]
2018-08-08 10:37:59.994 INFO  当前redis服务：[114.215.203.101:7379]
2018-08-08 10:38:00.013 INFO  当前redis服务：[114.215.203.101:7379]
2018-08-08 10:38:00.025 INFO  当前redis服务：[114.215.203.101:7379]
2018-08-08 10:38:14.755 INFO  ======交易[BannerConfig-GetBanner]：开始执行======
2018-08-08 11:51:24.019 INFO  FrameworkServlet 'remote': initialization started
2018-08-08 11:51:24.040 INFO  Refreshing WebApplicationContext for namespace 'rm-resolver': startup date [Wed Aug 08 11:51:24 CST 2018]; root of context hierarchy
2018-08-08 11:51:24.077 INFO  Loading XML bean definitions from ServletContext resource [/WEB-INF/rm-resolver.xml]
2018-08-08 11:51:24.210 INFO  Loading XML bean definitions from class path resource [META-INF/spring/spr-common.xml]
2018-08-08 11:51:26.681 INFO  Loading XML bean definitions from class path resource [META-INF/spring/spr-quartz-dayend.xml]
2018-08-08 11:51:26.693 INFO  Loading XML bean definitions from class path resource [META-INF/spring/spr-redis-beans.xml]
2018-08-08 11:51:26.709 INFO  Loading XML bean definitions from class path resource [META-INF/remote/rm-common.xml]
2018-08-08 11:51:26.719 INFO  Loading XML bean definitions from class path resource [META-INF/remote/rm-site.xml]
2018-08-08 11:51:26.730 INFO  Loading XML bean definitions from class path resource [META-INF/remote/rm-manage.xml]
2018-08-08 11:51:26.764 INFO  Loading XML bean definitions from class path resource [META-INF/remote/rm-srv-gateway.xml]
2018-08-08 11:51:26.782 INFO  Loading XML bean definitions from class path resource [META-INF/remote/rm-client-gateway.xml]
2018-08-08 11:51:26.797 INFO  Loading XML bean definitions from class path resource [META-INF/remote/rm-client-schedule.xml]
2018-08-08 11:51:28.701 INFO  Loading properties file from class path resource [placeholder.properties]
2018-08-08 11:51:42.616 INFO  Using default implementation for ThreadExecutor
2018-08-08 11:51:42.646 INFO  Initialized Scheduler Signaller of type: class org.quartz.core.SchedulerSignalerImpl
2018-08-08 11:51:42.647 INFO  Quartz Scheduler v.2.2.1 created.
2018-08-08 11:51:42.648 INFO  RAMJobStore initialized.
2018-08-08 11:51:42.650 INFO  Scheduler meta-data: Quartz Scheduler (v2.2.1) 'schedulerFactoryBean' with instanceId 'NON_CLUSTERED'
  Scheduler class: 'org.quartz.core.QuartzScheduler' - running locally.
  NOT STARTED.
  Currently in standby mode.
  Number of jobs executed: 0
  Using thread pool 'org.quartz.simpl.SimpleThreadPool' - with 10 threads.
  Using job-store 'org.quartz.simpl.RAMJobStore' - which does not support persistence. and is not clustered.

2018-08-08 11:51:42.650 INFO  Quartz scheduler 'schedulerFactoryBean' initialized from an externally provided properties instance.
2018-08-08 11:51:42.650 INFO  Quartz scheduler version: 2.2.1
2018-08-08 11:51:42.652 INFO  JobFactory set to: org.springframework.scheduling.quartz.AdaptableJobFactory@72bce309
2018-08-08 11:51:43.099 INFO  Initializing ExecutorService  'repayHandleExecutor'
2018-08-08 11:51:43.284 INFO  Initializing ExecutorService  'loan7DaiExecutor'
2018-08-08 11:51:43.290 INFO  Initializing ExecutorService  'loanExecutor'
2018-08-08 11:51:43.427 INFO  Initializing ExecutorService  'repayExecutor'
2018-08-08 11:51:47.291 INFO  HV000001: Hibernate Validator 5.1.3.Final
2018-08-08 11:51:47.745 INFO  Looking for @ControllerAdvice: WebApplicationContext for namespace 'rm-resolver': startup date [Wed Aug 08 11:51:24 CST 2018]; root of context hierarchy
2018-08-08 11:51:47.827 INFO  Looking for @ControllerAdvice: WebApplicationContext for namespace 'rm-resolver': startup date [Wed Aug 08 11:51:24 CST 2018]; root of context hierarchy
2018-08-08 11:51:47.979 INFO  Mapped URL path [/siteService] onto handler '/siteService'
2018-08-08 11:51:47.987 INFO  Mapped URL path [/manageService] onto handler '/manageService'
2018-08-08 11:51:47.996 INFO  Mapped URL path [/gatewayDafyService] onto handler '/gatewayDafyService'
2018-08-08 11:51:48.008 INFO  Mapped URL path [/gatewayPay19Service] onto handler '/gatewayPay19Service'
2018-08-08 11:51:48.019 INFO  Mapped URL path [/gatewayBaoFooService] onto handler '/gatewayBaoFooService'
2018-08-08 11:51:48.029 INFO  Mapped URL path [/gatewayReapalService] onto handler '/gatewayReapalService'
2018-08-08 11:51:48.044 INFO  Mapped URL path [/gatewayMobileService] onto handler '/gatewayMobileService'
2018-08-08 11:51:48.056 INFO  Mapped URL path [/gatewayCsaiService] onto handler '/gatewayCsaiService'
2018-08-08 11:51:48.067 INFO  Mapped URL path [/gatewayLoanService] onto handler '/gatewayLoanService'
2018-08-08 11:51:48.077 INFO  Mapped URL path [/gatewayHFBankService] onto handler '/gatewayHFBankService'
2018-08-08 11:51:48.087 INFO  Mapped URL path [/gatewayQb178Service] onto handler '/gatewayQb178Service'
2018-08-08 11:51:48.100 INFO  Mapped URL path [/gatewayZsdService] onto handler '/gatewayZsdService'
2018-08-08 11:51:48.112 INFO  Mapped URL path [/gatewayDepLoan7Service] onto handler '/gatewayDepLoan7Service'
2018-08-08 11:51:48.123 INFO  Mapped URL path [/gatewayQiDianService] onto handler '/gatewayQiDianService'
2018-08-08 11:51:48.308 INFO  Starting beans in phase 2147483647
2018-08-08 11:51:48.308 INFO  Starting Quartz Scheduler now
2018-08-08 11:51:48.308 INFO  Scheduler schedulerFactoryBean_$_NON_CLUSTERED started.
2018-08-08 11:51:48.408 INFO  [quartzInitListener] init start
2018-08-08 11:51:49.109 INFO  [quartzInitListener] init end
2018-08-08 11:51:49.115 INFO  FrameworkServlet 'remote': initialization completed in 25092 ms
2018-08-08 13:10:24.246 INFO  FrameworkServlet 'remote': initialization started
2018-08-08 13:10:24.264 INFO  Refreshing WebApplicationContext for namespace 'rm-resolver': startup date [Wed Aug 08 13:10:24 CST 2018]; root of context hierarchy
2018-08-08 13:10:24.300 INFO  Loading XML bean definitions from ServletContext resource [/WEB-INF/rm-resolver.xml]
2018-08-08 13:10:24.424 INFO  Loading XML bean definitions from class path resource [META-INF/spring/spr-common.xml]
2018-08-08 13:10:28.238 INFO  Loading XML bean definitions from class path resource [META-INF/spring/spr-quartz-dayend.xml]
2018-08-08 13:10:28.253 INFO  Loading XML bean definitions from class path resource [META-INF/spring/spr-redis-beans.xml]
2018-08-08 13:10:28.271 INFO  Loading XML bean definitions from class path resource [META-INF/remote/rm-common.xml]
2018-08-08 13:10:28.283 INFO  Loading XML bean definitions from class path resource [META-INF/remote/rm-site.xml]
2018-08-08 13:10:28.307 INFO  Loading XML bean definitions from class path resource [META-INF/remote/rm-manage.xml]
2018-08-08 13:10:28.319 INFO  Loading XML bean definitions from class path resource [META-INF/remote/rm-srv-gateway.xml]
2018-08-08 13:10:28.338 INFO  Loading XML bean definitions from class path resource [META-INF/remote/rm-client-gateway.xml]
2018-08-08 13:10:28.365 INFO  Loading XML bean definitions from class path resource [META-INF/remote/rm-client-schedule.xml]
2018-08-08 13:10:30.031 INFO  Loading properties file from class path resource [placeholder.properties]
2018-08-08 13:10:43.939 INFO  Using default implementation for ThreadExecutor
2018-08-08 13:10:43.966 INFO  Initialized Scheduler Signaller of type: class org.quartz.core.SchedulerSignalerImpl
2018-08-08 13:10:43.968 INFO  Quartz Scheduler v.2.2.1 created.
2018-08-08 13:10:43.969 INFO  RAMJobStore initialized.
2018-08-08 13:10:43.971 INFO  Scheduler meta-data: Quartz Scheduler (v2.2.1) 'schedulerFactoryBean' with instanceId 'NON_CLUSTERED'
  Scheduler class: 'org.quartz.core.QuartzScheduler' - running locally.
  NOT STARTED.
  Currently in standby mode.
  Number of jobs executed: 0
  Using thread pool 'org.quartz.simpl.SimpleThreadPool' - with 10 threads.
  Using job-store 'org.quartz.simpl.RAMJobStore' - which does not support persistence. and is not clustered.

2018-08-08 13:10:43.971 INFO  Quartz scheduler 'schedulerFactoryBean' initialized from an externally provided properties instance.
2018-08-08 13:10:43.971 INFO  Quartz scheduler version: 2.2.1
2018-08-08 13:10:43.974 INFO  JobFactory set to: org.springframework.scheduling.quartz.AdaptableJobFactory@10724a72
2018-08-08 13:10:44.555 INFO  Initializing ExecutorService  'repayHandleExecutor'
2018-08-08 13:10:44.728 INFO  Initializing ExecutorService  'loan7DaiExecutor'
2018-08-08 13:10:44.733 INFO  Initializing ExecutorService  'loanExecutor'
2018-08-08 13:10:44.869 INFO  Initializing ExecutorService  'repayExecutor'
2018-08-08 13:10:48.926 INFO  HV000001: Hibernate Validator 5.1.3.Final
2018-08-08 13:10:49.485 INFO  Looking for @ControllerAdvice: WebApplicationContext for namespace 'rm-resolver': startup date [Wed Aug 08 13:10:24 CST 2018]; root of context hierarchy
2018-08-08 13:10:49.626 INFO  Looking for @ControllerAdvice: WebApplicationContext for namespace 'rm-resolver': startup date [Wed Aug 08 13:10:24 CST 2018]; root of context hierarchy
2018-08-08 13:10:49.811 INFO  Mapped URL path [/siteService] onto handler '/siteService'
2018-08-08 13:10:49.823 INFO  Mapped URL path [/manageService] onto handler '/manageService'
2018-08-08 13:10:49.837 INFO  Mapped URL path [/gatewayDafyService] onto handler '/gatewayDafyService'
2018-08-08 13:10:49.850 INFO  Mapped URL path [/gatewayPay19Service] onto handler '/gatewayPay19Service'
2018-08-08 13:10:49.863 INFO  Mapped URL path [/gatewayBaoFooService] onto handler '/gatewayBaoFooService'
2018-08-08 13:10:49.876 INFO  Mapped URL path [/gatewayReapalService] onto handler '/gatewayReapalService'
2018-08-08 13:10:49.891 INFO  Mapped URL path [/gatewayMobileService] onto handler '/gatewayMobileService'
2018-08-08 13:10:49.903 INFO  Mapped URL path [/gatewayCsaiService] onto handler '/gatewayCsaiService'
2018-08-08 13:10:49.917 INFO  Mapped URL path [/gatewayLoanService] onto handler '/gatewayLoanService'
2018-08-08 13:10:49.930 INFO  Mapped URL path [/gatewayHFBankService] onto handler '/gatewayHFBankService'
2018-08-08 13:10:49.941 INFO  Mapped URL path [/gatewayQb178Service] onto handler '/gatewayQb178Service'
2018-08-08 13:10:49.952 INFO  Mapped URL path [/gatewayZsdService] onto handler '/gatewayZsdService'
2018-08-08 13:10:49.962 INFO  Mapped URL path [/gatewayDepLoan7Service] onto handler '/gatewayDepLoan7Service'
2018-08-08 13:10:49.982 INFO  Mapped URL path [/gatewayQiDianService] onto handler '/gatewayQiDianService'
2018-08-08 13:10:50.182 INFO  Starting beans in phase 2147483647
2018-08-08 13:10:50.182 INFO  Starting Quartz Scheduler now
2018-08-08 13:10:50.182 INFO  Scheduler schedulerFactoryBean_$_NON_CLUSTERED started.
2018-08-08 13:10:50.290 INFO  [quartzInitListener] init start
2018-08-08 13:10:50.930 INFO  [quartzInitListener] init end
2018-08-08 13:10:50.932 INFO  FrameworkServlet 'remote': initialization completed in 26682 ms
2018-08-08 13:14:55.764 INFO  ======交易[SWxUtil-GetTokenAndTicket]：开始执行======
2018-08-08 13:14:55.944 INFO  当前redis服务：[114.215.203.101:7379]
2018-08-08 13:14:55.987 INFO  当前redis服务：[114.215.203.101:7379]
2018-08-08 13:14:56.006 INFO  当前redis服务：[114.215.203.101:7379]
2018-08-08 13:14:56.430 INFO  当前redis服务：[114.215.203.101:7379]
2018-08-08 13:14:56.461 INFO  当前redis服务：[114.215.203.101:7379]
2018-08-08 13:14:56.477 INFO  当前redis服务：[114.215.203.101:7379]
2018-08-08 13:14:56.521 INFO  ======交易[SWxUtil-GetTokenAndTicket]：开始执行======
2018-08-08 13:14:56.521 INFO  当前redis服务：[114.215.203.101:7379]
2018-08-08 13:14:56.538 INFO  当前redis服务：[114.215.203.101:7379]
2018-08-08 13:14:56.556 INFO  当前redis服务：[114.215.203.101:7379]
2018-08-08 13:14:56.601 INFO  当前redis服务：[114.215.203.101:7379]
2018-08-08 13:14:56.618 INFO  当前redis服务：[114.215.203.101:7379]
2018-08-08 13:14:56.634 INFO  当前redis服务：[114.215.203.101:7379]
2018-08-08 13:14:56.662 INFO  ======交易[BannerConfig-GetBanner]：开始执行======
2018-08-08 13:14:56.922 INFO  ======交易[User-QueryAgentViewConfig]：开始执行======
2018-08-08 13:14:56.987 INFO  ======交易[User-QueryAgentViewConfig]：执行结束======
2018-08-08 13:14:57.007 INFO  ======响应报文[耗时：65毫秒]======
2018-08-08 13:15:19.494 INFO  ======交易[SWxUtil-GetTokenAndTicket]：开始执行======
2018-08-08 13:15:19.494 INFO  当前redis服务：[114.215.203.101:7379]
2018-08-08 13:15:19.510 INFO  当前redis服务：[114.215.203.101:7379]
2018-08-08 13:15:19.528 INFO  当前redis服务：[114.215.203.101:7379]
2018-08-08 13:15:19.658 INFO  当前redis服务：[114.215.203.101:7379]
2018-08-08 13:15:19.678 INFO  当前redis服务：[114.215.203.101:7379]
2018-08-08 13:15:19.689 INFO  当前redis服务：[114.215.203.101:7379]
2018-08-08 13:15:19.708 INFO  ======交易[SWxUtil-GetTokenAndTicket]：开始执行======
2018-08-08 13:15:19.708 INFO  当前redis服务：[114.215.203.101:7379]
2018-08-08 13:15:19.722 INFO  当前redis服务：[114.215.203.101:7379]
2018-08-08 13:15:19.738 INFO  当前redis服务：[114.215.203.101:7379]
2018-08-08 13:15:19.774 INFO  当前redis服务：[114.215.203.101:7379]
2018-08-08 13:15:19.791 INFO  当前redis服务：[114.215.203.101:7379]
2018-08-08 13:15:19.803 INFO  当前redis服务：[114.215.203.101:7379]
2018-08-08 13:15:19.820 INFO  ======交易[BannerConfig-GetBanner]：开始执行======
2018-08-08 13:16:17.409 INFO  ======交易[BannerConfig-GetBanner]：开始执行======
2018-08-08 13:19:53.492 INFO  ======交易[BannerConfig-GetBanner]：开始执行======
2018-08-08 13:19:56.619 INFO  ======交易[User-QueryAgentViewConfig]：开始执行======
2018-08-08 13:19:56.643 INFO  ======交易[User-QueryAgentViewConfig]：执行结束======
2018-08-08 13:19:56.643 INFO  ======响应报文[耗时：24毫秒]======
2018-08-08 15:06:38.431 INFO  FrameworkServlet 'remote': initialization started
2018-08-08 15:06:38.458 INFO  Refreshing WebApplicationContext for namespace 'rm-resolver': startup date [Wed Aug 08 15:06:38 CST 2018]; root of context hierarchy
2018-08-08 15:06:38.505 INFO  Loading XML bean definitions from ServletContext resource [/WEB-INF/rm-resolver.xml]
2018-08-08 15:06:38.648 INFO  Loading XML bean definitions from class path resource [META-INF/spring/spr-common.xml]
2018-08-08 15:06:42.330 INFO  Loading XML bean definitions from class path resource [META-INF/spring/spr-quartz-dayend.xml]
2018-08-08 15:06:42.342 INFO  Loading XML bean definitions from class path resource [META-INF/spring/spr-redis-beans.xml]
2018-08-08 15:06:42.359 INFO  Loading XML bean definitions from class path resource [META-INF/remote/rm-common.xml]
2018-08-08 15:06:42.370 INFO  Loading XML bean definitions from class path resource [META-INF/remote/rm-site.xml]
2018-08-08 15:06:42.399 INFO  Loading XML bean definitions from class path resource [META-INF/remote/rm-manage.xml]
2018-08-08 15:06:42.425 INFO  Loading XML bean definitions from class path resource [META-INF/remote/rm-srv-gateway.xml]
2018-08-08 15:06:42.438 INFO  Loading XML bean definitions from class path resource [META-INF/remote/rm-client-gateway.xml]
2018-08-08 15:06:42.459 INFO  Loading XML bean definitions from class path resource [META-INF/remote/rm-client-schedule.xml]
2018-08-08 15:06:44.055 INFO  Loading properties file from class path resource [placeholder.properties]
2018-08-08 15:06:57.749 INFO  Using default implementation for ThreadExecutor
2018-08-08 15:06:57.776 INFO  Initialized Scheduler Signaller of type: class org.quartz.core.SchedulerSignalerImpl
2018-08-08 15:06:57.777 INFO  Quartz Scheduler v.2.2.1 created.
2018-08-08 15:06:57.778 INFO  RAMJobStore initialized.
2018-08-08 15:06:57.779 INFO  Scheduler meta-data: Quartz Scheduler (v2.2.1) 'schedulerFactoryBean' with instanceId 'NON_CLUSTERED'
  Scheduler class: 'org.quartz.core.QuartzScheduler' - running locally.
  NOT STARTED.
  Currently in standby mode.
  Number of jobs executed: 0
  Using thread pool 'org.quartz.simpl.SimpleThreadPool' - with 10 threads.
  Using job-store 'org.quartz.simpl.RAMJobStore' - which does not support persistence. and is not clustered.

2018-08-08 15:06:57.779 INFO  Quartz scheduler 'schedulerFactoryBean' initialized from an externally provided properties instance.
2018-08-08 15:06:57.779 INFO  Quartz scheduler version: 2.2.1
2018-08-08 15:06:57.781 INFO  JobFactory set to: org.springframework.scheduling.quartz.AdaptableJobFactory@2e47a71e
2018-08-08 15:06:58.236 INFO  Initializing ExecutorService  'repayHandleExecutor'
2018-08-08 15:06:58.423 INFO  Initializing ExecutorService  'loan7DaiExecutor'
2018-08-08 15:06:58.430 INFO  Initializing ExecutorService  'loanExecutor'
2018-08-08 15:06:58.572 INFO  Initializing ExecutorService  'repayExecutor'
2018-08-08 15:07:02.463 INFO  HV000001: Hibernate Validator 5.1.3.Final
2018-08-08 15:07:02.955 INFO  Looking for @ControllerAdvice: WebApplicationContext for namespace 'rm-resolver': startup date [Wed Aug 08 15:06:38 CST 2018]; root of context hierarchy
2018-08-08 15:07:03.042 INFO  Looking for @ControllerAdvice: WebApplicationContext for namespace 'rm-resolver': startup date [Wed Aug 08 15:06:38 CST 2018]; root of context hierarchy
2018-08-08 15:07:03.197 INFO  Mapped URL path [/siteService] onto handler '/siteService'
2018-08-08 15:07:03.206 INFO  Mapped URL path [/manageService] onto handler '/manageService'
2018-08-08 15:07:03.215 INFO  Mapped URL path [/gatewayDafyService] onto handler '/gatewayDafyService'
2018-08-08 15:07:03.225 INFO  Mapped URL path [/gatewayPay19Service] onto handler '/gatewayPay19Service'
2018-08-08 15:07:03.238 INFO  Mapped URL path [/gatewayBaoFooService] onto handler '/gatewayBaoFooService'
2018-08-08 15:07:03.250 INFO  Mapped URL path [/gatewayReapalService] onto handler '/gatewayReapalService'
2018-08-08 15:07:03.261 INFO  Mapped URL path [/gatewayMobileService] onto handler '/gatewayMobileService'
2018-08-08 15:07:03.270 INFO  Mapped URL path [/gatewayCsaiService] onto handler '/gatewayCsaiService'
2018-08-08 15:07:03.279 INFO  Mapped URL path [/gatewayLoanService] onto handler '/gatewayLoanService'
2018-08-08 15:07:03.288 INFO  Mapped URL path [/gatewayHFBankService] onto handler '/gatewayHFBankService'
2018-08-08 15:07:03.297 INFO  Mapped URL path [/gatewayQb178Service] onto handler '/gatewayQb178Service'
2018-08-08 15:07:03.306 INFO  Mapped URL path [/gatewayZsdService] onto handler '/gatewayZsdService'
2018-08-08 15:07:03.315 INFO  Mapped URL path [/gatewayDepLoan7Service] onto handler '/gatewayDepLoan7Service'
2018-08-08 15:07:03.324 INFO  Mapped URL path [/gatewayQiDianService] onto handler '/gatewayQiDianService'
2018-08-08 15:07:03.525 INFO  Starting beans in phase 2147483647
2018-08-08 15:07:03.525 INFO  Starting Quartz Scheduler now
2018-08-08 15:07:03.526 INFO  Scheduler schedulerFactoryBean_$_NON_CLUSTERED started.
2018-08-08 15:07:03.614 INFO  [quartzInitListener] init start
2018-08-08 15:07:52.130 INFO  FrameworkServlet 'remote': initialization started
2018-08-08 15:07:52.150 INFO  Refreshing WebApplicationContext for namespace 'rm-resolver': startup date [Wed Aug 08 15:07:52 CST 2018]; root of context hierarchy
2018-08-08 15:07:52.187 INFO  Loading XML bean definitions from ServletContext resource [/WEB-INF/rm-resolver.xml]
2018-08-08 15:07:52.295 INFO  Loading XML bean definitions from class path resource [META-INF/spring/spr-common.xml]
2018-08-08 15:07:54.341 INFO  Loading XML bean definitions from class path resource [META-INF/spring/spr-quartz-dayend.xml]
2018-08-08 15:07:54.354 INFO  Loading XML bean definitions from class path resource [META-INF/spring/spr-redis-beans.xml]
2018-08-08 15:07:54.371 INFO  Loading XML bean definitions from class path resource [META-INF/remote/rm-common.xml]
2018-08-08 15:07:54.382 INFO  Loading XML bean definitions from class path resource [META-INF/remote/rm-site.xml]
2018-08-08 15:07:54.399 INFO  Loading XML bean definitions from class path resource [META-INF/remote/rm-manage.xml]
2018-08-08 15:07:54.410 INFO  Loading XML bean definitions from class path resource [META-INF/remote/rm-srv-gateway.xml]
2018-08-08 15:07:54.432 INFO  Loading XML bean definitions from class path resource [META-INF/remote/rm-client-gateway.xml]
2018-08-08 15:07:54.451 INFO  Loading XML bean definitions from class path resource [META-INF/remote/rm-client-schedule.xml]
2018-08-08 15:07:56.548 INFO  Loading properties file from class path resource [placeholder.properties]
2018-08-08 15:08:09.870 INFO  Using default implementation for ThreadExecutor
2018-08-08 15:08:09.916 INFO  Initialized Scheduler Signaller of type: class org.quartz.core.SchedulerSignalerImpl
2018-08-08 15:08:09.917 INFO  Quartz Scheduler v.2.2.1 created.
2018-08-08 15:08:09.919 INFO  RAMJobStore initialized.
2018-08-08 15:08:09.921 INFO  Scheduler meta-data: Quartz Scheduler (v2.2.1) 'schedulerFactoryBean' with instanceId 'NON_CLUSTERED'
  Scheduler class: 'org.quartz.core.QuartzScheduler' - running locally.
  NOT STARTED.
  Currently in standby mode.
  Number of jobs executed: 0
  Using thread pool 'org.quartz.simpl.SimpleThreadPool' - with 10 threads.
  Using job-store 'org.quartz.simpl.RAMJobStore' - which does not support persistence. and is not clustered.

2018-08-08 15:08:09.922 INFO  Quartz scheduler 'schedulerFactoryBean' initialized from an externally provided properties instance.
2018-08-08 15:08:09.922 INFO  Quartz scheduler version: 2.2.1
2018-08-08 15:08:09.926 INFO  JobFactory set to: org.springframework.scheduling.quartz.AdaptableJobFactory@5b2ff4df
2018-08-08 15:08:10.593 INFO  Initializing ExecutorService  'repayHandleExecutor'
2018-08-08 15:08:10.805 INFO  Initializing ExecutorService  'loan7DaiExecutor'
2018-08-08 15:08:10.812 INFO  Initializing ExecutorService  'loanExecutor'
2018-08-08 15:08:10.955 INFO  Initializing ExecutorService  'repayExecutor'
2018-08-08 15:08:14.872 INFO  HV000001: Hibernate Validator 5.1.3.Final
2018-08-08 15:08:15.328 INFO  Looking for @ControllerAdvice: WebApplicationContext for namespace 'rm-resolver': startup date [Wed Aug 08 15:07:52 CST 2018]; root of context hierarchy
2018-08-08 15:08:15.412 INFO  Looking for @ControllerAdvice: WebApplicationContext for namespace 'rm-resolver': startup date [Wed Aug 08 15:07:52 CST 2018]; root of context hierarchy
2018-08-08 15:08:15.572 INFO  Mapped URL path [/siteService] onto handler '/siteService'
2018-08-08 15:08:15.585 INFO  Mapped URL path [/manageService] onto handler '/manageService'
2018-08-08 15:08:15.600 INFO  Mapped URL path [/gatewayDafyService] onto handler '/gatewayDafyService'
2018-08-08 15:08:15.615 INFO  Mapped URL path [/gatewayPay19Service] onto handler '/gatewayPay19Service'
2018-08-08 15:08:15.630 INFO  Mapped URL path [/gatewayBaoFooService] onto handler '/gatewayBaoFooService'
2018-08-08 15:08:15.641 INFO  Mapped URL path [/gatewayReapalService] onto handler '/gatewayReapalService'
2018-08-08 15:08:15.652 INFO  Mapped URL path [/gatewayMobileService] onto handler '/gatewayMobileService'
2018-08-08 15:08:15.663 INFO  Mapped URL path [/gatewayCsaiService] onto handler '/gatewayCsaiService'
2018-08-08 15:08:15.674 INFO  Mapped URL path [/gatewayLoanService] onto handler '/gatewayLoanService'
2018-08-08 15:08:15.686 INFO  Mapped URL path [/gatewayHFBankService] onto handler '/gatewayHFBankService'
2018-08-08 15:08:15.739 INFO  Mapped URL path [/gatewayQb178Service] onto handler '/gatewayQb178Service'
2018-08-08 15:08:15.750 INFO  Mapped URL path [/gatewayZsdService] onto handler '/gatewayZsdService'
2018-08-08 15:08:15.759 INFO  Mapped URL path [/gatewayDepLoan7Service] onto handler '/gatewayDepLoan7Service'
2018-08-08 15:08:15.768 INFO  Mapped URL path [/gatewayQiDianService] onto handler '/gatewayQiDianService'
2018-08-08 15:08:15.965 INFO  Starting beans in phase 2147483647
2018-08-08 15:08:15.965 INFO  Starting Quartz Scheduler now
2018-08-08 15:08:15.966 INFO  Scheduler schedulerFactoryBean_$_NON_CLUSTERED started.
2018-08-08 15:08:16.067 INFO  [quartzInitListener] init start
2018-08-08 15:08:16.729 INFO  [quartzInitListener] init end
2018-08-08 15:08:16.731 INFO  FrameworkServlet 'remote': initialization completed in 24598 ms
2018-08-08 15:09:07.314 INFO  ======交易[Home-RedPacketAmount]：开始执行======
2018-08-08 15:09:07.403 INFO  读取缓存数据，cacheMethod：redis_cache_home_redpacketamount
2018-08-08 15:09:07.403 INFO  当前redis服务：[114.215.203.101:7379]
2018-08-08 15:09:07.489 INFO  读取缓存数据开始，cachekey：home_redpacketamount_object_pc
2018-08-08 15:09:07.489 INFO  当前redis服务：[114.215.203.101:7379]
2018-08-08 15:09:07.525 INFO  读取缓存数据——没有缓存数据，cachekey：home_redpacketamount_object_pc
2018-08-08 15:09:07.567 INFO  添加缓存redisCacheKey数据，cacheMethod：redis_cache_home_redpacketamount，cachekey：home_redpacketamount_object_pc，expire：60
2018-08-08 15:09:07.567 INFO  当前redis服务：[114.215.203.101:7379]
2018-08-08 15:09:07.627 INFO  当前redis服务：[114.215.203.101:7379]
2018-08-08 15:09:07.667 INFO  ======交易[Home-RedPacketAmount]：执行结束======
2018-08-08 15:09:07.667 INFO  ======响应报文[耗时：352毫秒]======
2018-08-08 15:09:25.471 INFO  ======交易[BannerConfig-GetBannerCount]：开始执行======
2018-08-08 15:09:25.506 INFO  ======交易[BannerConfig-GetBannerCount]：执行结束======
2018-08-08 15:09:25.506 INFO  ======响应报文[耗时：35毫秒]======
2018-08-08 15:09:25.729 INFO  ======交易[User-QueryAgentViewConfig]：开始执行======
2018-08-08 15:09:25.796 INFO  ======交易[User-QueryAgentViewConfig]：执行结束======
2018-08-08 15:09:25.796 INFO  ======响应报文[耗时：67毫秒]======
2018-08-08 15:09:26.351 INFO  ======交易[Home-RedPacketAmount]：开始执行======
2018-08-08 15:09:26.352 INFO  读取缓存数据，cacheMethod：redis_cache_home_redpacketamount
2018-08-08 15:09:26.352 INFO  当前redis服务：[114.215.203.101:7379]
2018-08-08 15:09:26.389 INFO  读取缓存数据开始，cachekey：home_redpacketamount_object_pc
2018-08-08 15:09:26.390 INFO  当前redis服务：[114.215.203.101:7379]
2018-08-08 15:09:26.425 INFO  读取缓存数据成功，cachekey：home_redpacketamount_object_pc
2018-08-08 15:09:26.425 INFO  ======交易[Home-RedPacketAmount]：执行结束======
2018-08-08 15:09:26.425 INFO  ======响应报文[耗时：74毫秒]======
2018-08-08 15:09:26.441 INFO  ======交易[Home-RedPacketAmount]：开始执行======
2018-08-08 15:09:26.442 INFO  读取缓存数据，cacheMethod：redis_cache_home_redpacketamount
2018-08-08 15:09:26.442 INFO  当前redis服务：[114.215.203.101:7379]
2018-08-08 15:09:26.449 INFO  ======交易[Activity-SalaryIncreasePlan]：开始执行======
2018-08-08 15:09:26.457 INFO  ======交易[Activity-SalaryIncreasePlan]：执行结束======
2018-08-08 15:09:26.457 INFO  ======响应报文[耗时：7毫秒]======
2018-08-08 15:09:26.478 INFO  读取缓存数据开始，cachekey：home_redpacketamount_object_pc
2018-08-08 15:09:26.478 INFO  当前redis服务：[114.215.203.101:7379]
2018-08-08 15:09:26.523 INFO  读取缓存数据成功，cachekey：home_redpacketamount_object_pc
2018-08-08 15:09:26.523 INFO  ======交易[Home-RedPacketAmount]：执行结束======
2018-08-08 15:09:26.523 INFO  ======响应报文[耗时：81毫秒]======
