2018-08-04 13:03:58.139 INFO  FrameworkServlet 'remote': initialization started
2018-08-04 13:03:58.200 INFO  Refreshing WebApplicationContext for namespace 'rm-resolver': startup date [Sat Aug 04 13:03:58 CST 2018]; root of context hierarchy
2018-08-04 13:03:58.284 INFO  Loading XML bean definitions from ServletContext resource [/WEB-INF/rm-resolver.xml]
2018-08-04 13:03:58.537 INFO  Loading XML bean definitions from class path resource [META-INF/spring/spr-common.xml]
2018-08-04 13:04:01.372 INFO  Loading XML bean definitions from class path resource [META-INF/spring/spr-quartz-dayend.xml]
2018-08-04 13:04:01.382 INFO  Loading XML bean definitions from class path resource [META-INF/spring/spr-redis-beans.xml]
2018-08-04 13:04:01.399 INFO  Loading XML bean definitions from class path resource [META-INF/remote/rm-common.xml]
2018-08-04 13:04:01.409 INFO  Loading XML bean definitions from class path resource [META-INF/remote/rm-site.xml]
2018-08-04 13:04:01.424 INFO  Loading XML bean definitions from class path resource [META-INF/remote/rm-manage.xml]
2018-08-04 13:04:01.441 INFO  Loading XML bean definitions from class path resource [META-INF/remote/rm-srv-gateway.xml]
2018-08-04 13:04:01.460 INFO  Loading XML bean definitions from class path resource [META-INF/remote/rm-client-gateway.xml]
2018-08-04 13:04:01.475 INFO  Loading XML bean definitions from class path resource [META-INF/remote/rm-client-schedule.xml]
2018-08-04 13:04:03.510 INFO  Loading properties file from class path resource [placeholder.properties]
2018-08-04 13:04:18.657 INFO  Using default implementation for ThreadExecutor
2018-08-04 13:04:18.690 INFO  Initialized Scheduler Signaller of type: class org.quartz.core.SchedulerSignalerImpl
2018-08-04 13:04:18.691 INFO  Quartz Scheduler v.2.2.1 created.
2018-08-04 13:04:18.692 INFO  RAMJobStore initialized.
2018-08-04 13:04:18.694 INFO  Scheduler meta-data: Quartz Scheduler (v2.2.1) 'schedulerFactoryBean' with instanceId 'NON_CLUSTERED'
  Scheduler class: 'org.quartz.core.QuartzScheduler' - running locally.
  NOT STARTED.
  Currently in standby mode.
  Number of jobs executed: 0
  Using thread pool 'org.quartz.simpl.SimpleThreadPool' - with 10 threads.
  Using job-store 'org.quartz.simpl.RAMJobStore' - which does not support persistence. and is not clustered.

2018-08-04 13:04:18.694 INFO  Quartz scheduler 'schedulerFactoryBean' initialized from an externally provided properties instance.
2018-08-04 13:04:18.694 INFO  Quartz scheduler version: 2.2.1
2018-08-04 13:04:18.702 INFO  JobFactory set to: org.springframework.scheduling.quartz.AdaptableJobFactory@5edd9b4f
2018-08-04 13:04:19.175 INFO  Initializing ExecutorService  'repayHandleExecutor'
2018-08-04 13:04:19.358 INFO  Initializing ExecutorService  'loan7DaiExecutor'
2018-08-04 13:04:19.364 INFO  Initializing ExecutorService  'loanExecutor'
2018-08-04 13:04:19.493 INFO  Initializing ExecutorService  'repayExecutor'
2018-08-04 13:04:23.057 INFO  HV000001: Hibernate Validator 5.1.3.Final
2018-08-04 13:04:23.781 INFO  Looking for @ControllerAdvice: WebApplicationContext for namespace 'rm-resolver': startup date [Sat Aug 04 13:03:58 CST 2018]; root of context hierarchy
2018-08-04 13:04:23.903 INFO  Looking for @ControllerAdvice: WebApplicationContext for namespace 'rm-resolver': startup date [Sat Aug 04 13:03:58 CST 2018]; root of context hierarchy
2018-08-04 13:04:24.092 INFO  Mapped URL path [/siteService] onto handler '/siteService'
2018-08-04 13:04:24.103 INFO  Mapped URL path [/manageService] onto handler '/manageService'
2018-08-04 13:04:24.115 INFO  Mapped URL path [/gatewayDafyService] onto handler '/gatewayDafyService'
2018-08-04 13:04:24.126 INFO  Mapped URL path [/gatewayPay19Service] onto handler '/gatewayPay19Service'
2018-08-04 13:04:24.136 INFO  Mapped URL path [/gatewayBaoFooService] onto handler '/gatewayBaoFooService'
2018-08-04 13:04:24.150 INFO  Mapped URL path [/gatewayReapalService] onto handler '/gatewayReapalService'
2018-08-04 13:04:24.166 INFO  Mapped URL path [/gatewayMobileService] onto handler '/gatewayMobileService'
2018-08-04 13:04:24.181 INFO  Mapped URL path [/gatewayCsaiService] onto handler '/gatewayCsaiService'
2018-08-04 13:04:24.197 INFO  Mapped URL path [/gatewayLoanService] onto handler '/gatewayLoanService'
2018-08-04 13:04:24.208 INFO  Mapped URL path [/gatewayHFBankService] onto handler '/gatewayHFBankService'
2018-08-04 13:04:24.222 INFO  Mapped URL path [/gatewayQb178Service] onto handler '/gatewayQb178Service'
2018-08-04 13:04:24.236 INFO  Mapped URL path [/gatewayZsdService] onto handler '/gatewayZsdService'
2018-08-04 13:04:24.253 INFO  Mapped URL path [/gatewayDepLoan7Service] onto handler '/gatewayDepLoan7Service'
2018-08-04 13:04:24.265 INFO  Mapped URL path [/gatewayQiDianService] onto handler '/gatewayQiDianService'
2018-08-04 13:04:24.529 INFO  Starting beans in phase 2147483647
2018-08-04 13:04:24.529 INFO  Starting Quartz Scheduler now
2018-08-04 13:04:24.529 INFO  Scheduler schedulerFactoryBean_$_NON_CLUSTERED started.
2018-08-04 13:04:24.656 INFO  [quartzInitListener] init start
2018-08-04 13:04:27.828 INFO  [quartzInitListener] init end
2018-08-04 13:04:27.830 INFO  FrameworkServlet 'remote': initialization completed in 29678 ms
2018-08-04 14:40:08.059 INFO  FrameworkServlet 'remote': initialization started
2018-08-04 14:40:08.143 INFO  Refreshing WebApplicationContext for namespace 'rm-resolver': startup date [Sat Aug 04 14:40:08 CST 2018]; root of context hierarchy
2018-08-04 14:40:08.345 INFO  Loading XML bean definitions from ServletContext resource [/WEB-INF/rm-resolver.xml]
2018-08-04 14:40:08.666 INFO  Loading XML bean definitions from class path resource [META-INF/spring/spr-common.xml]
2018-08-04 14:40:21.627 INFO  Loading XML bean definitions from class path resource [META-INF/spring/spr-quartz-dayend.xml]
2018-08-04 14:40:21.681 INFO  Loading XML bean definitions from class path resource [META-INF/spring/spr-redis-beans.xml]
2018-08-04 14:40:21.742 INFO  Loading XML bean definitions from class path resource [META-INF/remote/rm-common.xml]
2018-08-04 14:40:21.763 INFO  Loading XML bean definitions from class path resource [META-INF/remote/rm-site.xml]
2018-08-04 14:40:21.878 INFO  Loading XML bean definitions from class path resource [META-INF/remote/rm-manage.xml]
2018-08-04 14:40:21.906 INFO  Loading XML bean definitions from class path resource [META-INF/remote/rm-srv-gateway.xml]
2018-08-04 14:40:21.926 INFO  Loading XML bean definitions from class path resource [META-INF/remote/rm-client-gateway.xml]
2018-08-04 14:40:21.958 INFO  Loading XML bean definitions from class path resource [META-INF/remote/rm-client-schedule.xml]
2018-08-04 14:40:33.592 INFO  Loading properties file from class path resource [placeholder.properties]
2018-08-04 14:40:58.344 INFO  Using default implementation for ThreadExecutor
2018-08-04 14:40:58.377 INFO  Initialized Scheduler Signaller of type: class org.quartz.core.SchedulerSignalerImpl
2018-08-04 14:40:58.378 INFO  Quartz Scheduler v.2.2.1 created.
2018-08-04 14:40:58.380 INFO  RAMJobStore initialized.
2018-08-04 14:40:58.381 INFO  Scheduler meta-data: Quartz Scheduler (v2.2.1) 'schedulerFactoryBean' with instanceId 'NON_CLUSTERED'
  Scheduler class: 'org.quartz.core.QuartzScheduler' - running locally.
  NOT STARTED.
  Currently in standby mode.
  Number of jobs executed: 0
  Using thread pool 'org.quartz.simpl.SimpleThreadPool' - with 10 threads.
  Using job-store 'org.quartz.simpl.RAMJobStore' - which does not support persistence. and is not clustered.

2018-08-04 14:40:58.381 INFO  Quartz scheduler 'schedulerFactoryBean' initialized from an externally provided properties instance.
2018-08-04 14:40:58.381 INFO  Quartz scheduler version: 2.2.1
2018-08-04 14:40:58.383 INFO  JobFactory set to: org.springframework.scheduling.quartz.AdaptableJobFactory@696105c4
2018-08-04 14:40:59.033 INFO  Initializing ExecutorService  'repayHandleExecutor'
2018-08-04 14:40:59.306 INFO  Initializing ExecutorService  'loan7DaiExecutor'
2018-08-04 14:40:59.314 INFO  Initializing ExecutorService  'loanExecutor'
2018-08-04 14:40:59.632 INFO  Initializing ExecutorService  'repayExecutor'
2018-08-04 14:41:04.095 INFO  HV000001: Hibernate Validator 5.1.3.Final
2018-08-04 14:41:04.658 INFO  Looking for @ControllerAdvice: WebApplicationContext for namespace 'rm-resolver': startup date [Sat Aug 04 14:40:08 CST 2018]; root of context hierarchy
2018-08-04 14:41:04.813 INFO  Looking for @ControllerAdvice: WebApplicationContext for namespace 'rm-resolver': startup date [Sat Aug 04 14:40:08 CST 2018]; root of context hierarchy
2018-08-04 14:41:05.068 INFO  Mapped URL path [/siteService] onto handler '/siteService'
2018-08-04 14:41:05.084 INFO  Mapped URL path [/manageService] onto handler '/manageService'
2018-08-04 14:41:05.098 INFO  Mapped URL path [/gatewayDafyService] onto handler '/gatewayDafyService'
2018-08-04 14:41:05.115 INFO  Mapped URL path [/gatewayPay19Service] onto handler '/gatewayPay19Service'
2018-08-04 14:41:05.132 INFO  Mapped URL path [/gatewayBaoFooService] onto handler '/gatewayBaoFooService'
2018-08-04 14:41:05.166 INFO  Mapped URL path [/gatewayReapalService] onto handler '/gatewayReapalService'
2018-08-04 14:41:05.194 INFO  Mapped URL path [/gatewayMobileService] onto handler '/gatewayMobileService'
2018-08-04 14:41:05.214 INFO  Mapped URL path [/gatewayCsaiService] onto handler '/gatewayCsaiService'
2018-08-04 14:41:05.244 INFO  Mapped URL path [/gatewayLoanService] onto handler '/gatewayLoanService'
2018-08-04 14:41:05.266 INFO  Mapped URL path [/gatewayHFBankService] onto handler '/gatewayHFBankService'
2018-08-04 14:41:05.286 INFO  Mapped URL path [/gatewayQb178Service] onto handler '/gatewayQb178Service'
2018-08-04 14:41:05.303 INFO  Mapped URL path [/gatewayZsdService] onto handler '/gatewayZsdService'
2018-08-04 14:41:05.326 INFO  Mapped URL path [/gatewayDepLoan7Service] onto handler '/gatewayDepLoan7Service'
2018-08-04 14:41:05.344 INFO  Mapped URL path [/gatewayQiDianService] onto handler '/gatewayQiDianService'
2018-08-04 14:41:05.770 INFO  Starting beans in phase 2147483647
2018-08-04 14:41:05.770 INFO  Starting Quartz Scheduler now
2018-08-04 14:41:05.771 INFO  Scheduler schedulerFactoryBean_$_NON_CLUSTERED started.
2018-08-04 14:41:05.902 INFO  [quartzInitListener] init start
2018-08-04 14:41:06.885 INFO  [quartzInitListener] init end
2018-08-04 14:41:06.888 INFO  FrameworkServlet 'remote': initialization completed in 58824 ms
2018-08-04 14:48:17.239 INFO  FrameworkServlet 'remote': initialization started
2018-08-04 14:48:17.256 INFO  Refreshing WebApplicationContext for namespace 'rm-resolver': startup date [Sat Aug 04 14:48:17 CST 2018]; root of context hierarchy
2018-08-04 14:48:17.287 INFO  Loading XML bean definitions from ServletContext resource [/WEB-INF/rm-resolver.xml]
2018-08-04 14:48:17.376 INFO  Loading XML bean definitions from class path resource [META-INF/spring/spr-common.xml]
2018-08-04 14:48:19.178 INFO  Loading XML bean definitions from class path resource [META-INF/spring/spr-quartz-dayend.xml]
2018-08-04 14:48:19.188 INFO  Loading XML bean definitions from class path resource [META-INF/spring/spr-redis-beans.xml]
2018-08-04 14:48:19.203 INFO  Loading XML bean definitions from class path resource [META-INF/remote/rm-common.xml]
2018-08-04 14:48:19.212 INFO  Loading XML bean definitions from class path resource [META-INF/remote/rm-site.xml]
2018-08-04 14:48:19.221 INFO  Loading XML bean definitions from class path resource [META-INF/remote/rm-manage.xml]
2018-08-04 14:48:19.237 INFO  Loading XML bean definitions from class path resource [META-INF/remote/rm-srv-gateway.xml]
2018-08-04 14:48:19.250 INFO  Loading XML bean definitions from class path resource [META-INF/remote/rm-client-gateway.xml]
2018-08-04 14:48:19.264 INFO  Loading XML bean definitions from class path resource [META-INF/remote/rm-client-schedule.xml]
2018-08-04 14:48:21.213 INFO  Loading properties file from class path resource [placeholder.properties]
2018-08-04 14:48:36.052 INFO  Using default implementation for ThreadExecutor
2018-08-04 14:48:36.082 INFO  Initialized Scheduler Signaller of type: class org.quartz.core.SchedulerSignalerImpl
2018-08-04 14:48:36.083 INFO  Quartz Scheduler v.2.2.1 created.
2018-08-04 14:48:36.085 INFO  RAMJobStore initialized.
2018-08-04 14:48:36.086 INFO  Scheduler meta-data: Quartz Scheduler (v2.2.1) 'schedulerFactoryBean' with instanceId 'NON_CLUSTERED'
  Scheduler class: 'org.quartz.core.QuartzScheduler' - running locally.
  NOT STARTED.
  Currently in standby mode.
  Number of jobs executed: 0
  Using thread pool 'org.quartz.simpl.SimpleThreadPool' - with 10 threads.
  Using job-store 'org.quartz.simpl.RAMJobStore' - which does not support persistence. and is not clustered.

2018-08-04 14:48:36.086 INFO  Quartz scheduler 'schedulerFactoryBean' initialized from an externally provided properties instance.
2018-08-04 14:48:36.086 INFO  Quartz scheduler version: 2.2.1
2018-08-04 14:48:36.088 INFO  JobFactory set to: org.springframework.scheduling.quartz.AdaptableJobFactory@6bf28f61
2018-08-04 14:48:36.587 INFO  Initializing ExecutorService  'repayHandleExecutor'
2018-08-04 14:48:36.782 INFO  Initializing ExecutorService  'loan7DaiExecutor'
2018-08-04 14:48:36.789 INFO  Initializing ExecutorService  'loanExecutor'
2018-08-04 14:48:36.909 INFO  Initializing ExecutorService  'repayExecutor'
2018-08-04 14:48:41.211 INFO  HV000001: Hibernate Validator 5.1.3.Final
2018-08-04 14:48:41.694 INFO  Looking for @ControllerAdvice: WebApplicationContext for namespace 'rm-resolver': startup date [Sat Aug 04 14:48:17 CST 2018]; root of context hierarchy
2018-08-04 14:48:41.797 INFO  Looking for @ControllerAdvice: WebApplicationContext for namespace 'rm-resolver': startup date [Sat Aug 04 14:48:17 CST 2018]; root of context hierarchy
2018-08-04 14:48:41.951 INFO  Mapped URL path [/siteService] onto handler '/siteService'
2018-08-04 14:48:41.960 INFO  Mapped URL path [/manageService] onto handler '/manageService'
2018-08-04 14:48:41.969 INFO  Mapped URL path [/gatewayDafyService] onto handler '/gatewayDafyService'
2018-08-04 14:48:41.981 INFO  Mapped URL path [/gatewayPay19Service] onto handler '/gatewayPay19Service'
2018-08-04 14:48:41.990 INFO  Mapped URL path [/gatewayBaoFooService] onto handler '/gatewayBaoFooService'
2018-08-04 14:48:42.003 INFO  Mapped URL path [/gatewayReapalService] onto handler '/gatewayReapalService'
2018-08-04 14:48:42.018 INFO  Mapped URL path [/gatewayMobileService] onto handler '/gatewayMobileService'
2018-08-04 14:48:42.039 INFO  Mapped URL path [/gatewayCsaiService] onto handler '/gatewayCsaiService'
2018-08-04 14:48:42.055 INFO  Mapped URL path [/gatewayLoanService] onto handler '/gatewayLoanService'
2018-08-04 14:48:42.080 INFO  Mapped URL path [/gatewayHFBankService] onto handler '/gatewayHFBankService'
2018-08-04 14:48:42.097 INFO  Mapped URL path [/gatewayQb178Service] onto handler '/gatewayQb178Service'
2018-08-04 14:48:42.108 INFO  Mapped URL path [/gatewayZsdService] onto handler '/gatewayZsdService'
2018-08-04 14:48:42.124 INFO  Mapped URL path [/gatewayDepLoan7Service] onto handler '/gatewayDepLoan7Service'
2018-08-04 14:48:42.151 INFO  Mapped URL path [/gatewayQiDianService] onto handler '/gatewayQiDianService'
2018-08-04 14:48:42.337 INFO  Starting beans in phase 2147483647
2018-08-04 14:48:42.337 INFO  Starting Quartz Scheduler now
2018-08-04 14:48:42.337 INFO  Scheduler schedulerFactoryBean_$_NON_CLUSTERED started.
2018-08-04 14:48:42.451 INFO  [quartzInitListener] init start
2018-08-04 14:48:43.211 INFO  [quartzInitListener] init end
2018-08-04 14:48:43.213 INFO  FrameworkServlet 'remote': initialization completed in 25970 ms
2018-08-04 14:50:19.070 INFO  ======交易[Home-RedPacketAmount]：开始执行======
2018-08-04 14:50:19.160 INFO  读取缓存数据，cacheMethod：redis_cache_home_redpacketamount
2018-08-04 14:50:19.160 INFO  当前redis服务：[114.215.203.101:6379]
2018-08-04 14:50:19.212 INFO  读取缓存数据开始，cachekey：home_redpacketamount_object_pc
2018-08-04 14:50:19.212 INFO  当前redis服务：[114.215.203.101:6379]
2018-08-04 14:50:19.233 INFO  读取缓存数据——没有缓存数据，cachekey：home_redpacketamount_object_pc
2018-08-04 14:50:19.277 INFO  添加缓存redisCacheKey数据，cacheMethod：redis_cache_home_redpacketamount，cachekey：home_redpacketamount_object_pc，expire：300
2018-08-04 14:50:19.277 INFO  当前redis服务：[114.215.203.101:6379]
2018-08-04 14:50:19.320 INFO  当前redis服务：[114.215.203.101:6379]
2018-08-04 14:50:19.342 INFO  ======交易[Home-RedPacketAmount]：执行结束======
2018-08-04 14:50:19.342 INFO  ======响应报文[耗时：272毫秒]======
2018-08-04 14:50:19.410 INFO  ======交易[Home-InfoQuery]：开始执行======
2018-08-04 14:50:19.419 INFO  读取缓存数据，cacheMethod：redis_cache_home_infoquery
2018-08-04 14:50:19.419 INFO  当前redis服务：[114.215.203.101:6379]
2018-08-04 14:50:19.483 INFO  读取缓存数据开始，cachekey：home_infoquery_object_pc
2018-08-04 14:50:19.483 INFO  当前redis服务：[114.215.203.101:6379]
2018-08-04 14:50:19.506 INFO  读取缓存数据——没有缓存数据，cachekey：home_infoquery_object_pc
2018-08-04 14:50:20.872 INFO  添加缓存redisCacheKey数据，cacheMethod：redis_cache_home_infoquery，cachekey：home_infoquery_object_pc，expire：300
2018-08-04 14:50:20.872 INFO  当前redis服务：[114.215.203.101:6379]
2018-08-04 14:50:20.910 INFO  当前redis服务：[114.215.203.101:6379]
2018-08-04 14:50:20.930 INFO  ======交易[Home-InfoQuery]：执行结束======
2018-08-04 14:50:20.930 INFO  ======响应报文[耗时：1519毫秒]======
2018-08-04 14:50:20.943 INFO  ======交易[News-CurrentNews]：开始执行======
2018-08-04 14:50:20.949 INFO  读取缓存数据，cacheMethod：redis_cache_newsservice_currentnews
2018-08-04 14:50:20.949 INFO  当前redis服务：[114.215.203.101:6379]
2018-08-04 14:50:20.983 INFO  读取缓存数据开始，cachekey：newsservice_currentnews_object_bgw_notice_4
2018-08-04 14:50:20.983 INFO  当前redis服务：[114.215.203.101:6379]
2018-08-04 14:50:21.008 INFO  读取缓存数据——没有缓存数据，cachekey：newsservice_currentnews_object_bgw_notice_4
2018-08-04 14:50:21.035 INFO  添加缓存redisCacheKey数据，cacheMethod：redis_cache_newsservice_currentnews，cachekey：newsservice_currentnews_object_bgw_notice_4，expire：300
2018-08-04 14:50:21.035 INFO  当前redis服务：[114.215.203.101:6379]
2018-08-04 14:50:21.070 INFO  当前redis服务：[114.215.203.101:6379]
2018-08-04 14:50:21.109 INFO  ======交易[News-CurrentNews]：执行结束======
2018-08-04 14:50:21.109 INFO  ======响应报文[耗时：166毫秒]======
2018-08-04 14:50:21.117 INFO  ======交易[News-CurrentNews]：开始执行======
2018-08-04 14:50:21.117 INFO  读取缓存数据，cacheMethod：redis_cache_newsservice_currentnews
2018-08-04 14:50:21.117 INFO  当前redis服务：[114.215.203.101:6379]
2018-08-04 14:50:21.138 INFO  读取缓存数据开始，cachekey：newsservice_currentnews_object_bgw_company_dynamic_3
2018-08-04 14:50:21.138 INFO  当前redis服务：[114.215.203.101:6379]
2018-08-04 14:50:21.159 INFO  读取缓存数据——没有缓存数据，cachekey：newsservice_currentnews_object_bgw_company_dynamic_3
2018-08-04 14:50:21.178 INFO  添加缓存redisCacheKey数据，cacheMethod：redis_cache_newsservice_currentnews，cachekey：newsservice_currentnews_object_bgw_company_dynamic_3，expire：300
2018-08-04 14:50:21.178 INFO  当前redis服务：[114.215.203.101:6379]
2018-08-04 14:50:21.206 INFO  当前redis服务：[114.215.203.101:6379]
2018-08-04 14:50:21.228 INFO  ======交易[News-CurrentNews]：执行结束======
2018-08-04 14:50:21.229 INFO  ======响应报文[耗时：111毫秒]======
2018-08-04 14:50:21.237 INFO  ======交易[News-CurrentNews]：开始执行======
2018-08-04 14:50:21.238 INFO  读取缓存数据，cacheMethod：redis_cache_newsservice_currentnews
2018-08-04 14:50:21.238 INFO  当前redis服务：[114.215.203.101:6379]
2018-08-04 14:50:21.260 INFO  读取缓存数据开始，cachekey：newsservice_currentnews_object_bgw_news_3
2018-08-04 14:50:21.260 INFO  当前redis服务：[114.215.203.101:6379]
2018-08-04 14:50:21.281 INFO  读取缓存数据——没有缓存数据，cachekey：newsservice_currentnews_object_bgw_news_3
2018-08-04 14:50:21.295 INFO  添加缓存redisCacheKey数据，cacheMethod：redis_cache_newsservice_currentnews，cachekey：newsservice_currentnews_object_bgw_news_3，expire：300
2018-08-04 14:50:21.295 INFO  当前redis服务：[114.215.203.101:6379]
2018-08-04 14:50:21.323 INFO  当前redis服务：[114.215.203.101:6379]
2018-08-04 14:50:21.344 INFO  ======交易[News-CurrentNews]：执行结束======
2018-08-04 14:50:21.344 INFO  ======响应报文[耗时：107毫秒]======
2018-08-04 14:50:21.347 INFO  ======交易[News-CurrentNews]：开始执行======
2018-08-04 14:50:21.347 INFO  读取缓存数据，cacheMethod：redis_cache_newsservice_currentnews
2018-08-04 14:50:21.347 INFO  当前redis服务：[114.215.203.101:6379]
2018-08-04 14:50:21.368 INFO  读取缓存数据开始，cachekey：newsservice_currentnews_object_bgw_wfans_activity_3
2018-08-04 14:50:21.368 INFO  当前redis服务：[114.215.203.101:6379]
2018-08-04 14:50:21.389 INFO  读取缓存数据——没有缓存数据，cachekey：newsservice_currentnews_object_bgw_wfans_activity_3
2018-08-04 14:50:21.413 INFO  添加缓存redisCacheKey数据，cacheMethod：redis_cache_newsservice_currentnews，cachekey：newsservice_currentnews_object_bgw_wfans_activity_3，expire：300
2018-08-04 14:50:21.413 INFO  当前redis服务：[114.215.203.101:6379]
2018-08-04 14:50:21.450 INFO  当前redis服务：[114.215.203.101:6379]
2018-08-04 14:50:21.482 INFO  ======交易[News-CurrentNews]：执行结束======
2018-08-04 14:50:21.482 INFO  ======响应报文[耗时：135毫秒]======
2018-08-04 14:50:21.486 INFO  ======交易[BannerConfig-getList]：开始执行======
2018-08-04 14:50:21.489 INFO  读取缓存数据，cacheMethod：redis_cache_bannerconfigfacade_getlist
2018-08-04 14:50:21.491 INFO  当前redis服务：[114.215.203.101:6379]
2018-08-04 14:50:21.515 INFO  读取缓存数据开始，cachekey：bannerconfigfacade_getlist_object_gen
2018-08-04 14:50:21.515 INFO  当前redis服务：[114.215.203.101:6379]
2018-08-04 14:50:21.549 INFO  读取缓存数据——没有缓存数据，cachekey：bannerconfigfacade_getlist_object_gen
2018-08-04 14:50:21.585 INFO  添加缓存redisCacheKey数据，cacheMethod：redis_cache_bannerconfigfacade_getlist，cachekey：bannerconfigfacade_getlist_object_gen，expire：300
2018-08-04 14:50:21.586 INFO  当前redis服务：[114.215.203.101:6379]
2018-08-04 14:50:21.614 INFO  当前redis服务：[114.215.203.101:6379]
2018-08-04 14:50:21.637 INFO  ======交易[BannerConfig-getList]：执行结束======
2018-08-04 14:50:21.637 INFO  ======响应报文[耗时：150毫秒]======
2018-08-04 14:51:37.088 INFO  ======交易[User-QueryAgentViewConfig]：开始执行======
2018-08-04 14:51:37.133 INFO  ======交易[User-QueryAgentViewConfig]：执行结束======
2018-08-04 14:51:37.133 INFO  ======响应报文[耗时：45毫秒]======
2018-08-04 14:51:38.114 INFO  ======交易[Home-RedPacketAmount]：开始执行======
2018-08-04 14:51:38.114 INFO  读取缓存数据，cacheMethod：redis_cache_home_redpacketamount
2018-08-04 14:51:38.114 INFO  当前redis服务：[114.215.203.101:6379]
2018-08-04 14:51:38.136 INFO  读取缓存数据开始，cachekey：home_redpacketamount_object_pc
2018-08-04 14:51:38.136 INFO  当前redis服务：[114.215.203.101:6379]
2018-08-04 14:51:38.164 INFO  读取缓存数据成功，cachekey：home_redpacketamount_object_pc
2018-08-04 14:51:38.165 INFO  ======交易[Home-RedPacketAmount]：执行结束======
2018-08-04 14:51:38.165 INFO  ======响应报文[耗时：51毫秒]======
2018-08-04 14:51:54.777 INFO  ======交易[Home-RedPacketAmount]：开始执行======
2018-08-04 14:51:54.778 INFO  读取缓存数据，cacheMethod：redis_cache_home_redpacketamount
2018-08-04 14:51:54.778 INFO  当前redis服务：[114.215.203.101:6379]
2018-08-04 14:51:54.807 INFO  读取缓存数据开始，cachekey：home_redpacketamount_object_pc
2018-08-04 14:51:54.807 INFO  当前redis服务：[114.215.203.101:6379]
2018-08-04 14:51:54.828 INFO  读取缓存数据成功，cachekey：home_redpacketamount_object_pc
2018-08-04 14:51:54.828 INFO  ======交易[Home-RedPacketAmount]：执行结束======
2018-08-04 14:51:54.828 INFO  ======响应报文[耗时：50毫秒]======
2018-08-04 14:51:55.151 INFO  ======交易[BannerConfig-QueryBanner]：开始执行======
2018-08-04 14:51:55.195 INFO  ======交易[BannerConfig-QueryBanner]：执行结束======
2018-08-04 14:51:55.195 INFO  ======响应报文[耗时：44毫秒]======
2018-08-04 14:51:55.203 INFO  ======交易[SWxUtil-GetTokenAndTicket]：开始执行======
2018-08-04 14:51:55.220 INFO  当前redis服务：[114.215.203.101:6379]
2018-08-04 14:51:55.352 INFO  当前redis服务：[114.215.203.101:6379]
2018-08-04 14:51:55.430 INFO  当前redis服务：[114.215.203.101:6379]
2018-08-04 14:51:55.827 INFO  当前redis服务：[114.215.203.101:6379]
2018-08-04 14:51:55.862 INFO  当前redis服务：[114.215.203.101:6379]
2018-08-04 14:51:55.883 INFO  当前redis服务：[114.215.203.101:6379]
2018-08-04 14:51:55.930 INFO  ======交易[SWxUtil-GetTokenAndTicket]：开始执行======
2018-08-04 14:51:55.930 INFO  当前redis服务：[114.215.203.101:6379]
2018-08-04 14:51:55.958 INFO  当前redis服务：[114.215.203.101:6379]
2018-08-04 14:51:55.993 INFO  当前redis服务：[114.215.203.101:6379]
2018-08-04 14:51:56.045 INFO  当前redis服务：[114.215.203.101:6379]
2018-08-04 14:51:56.077 INFO  当前redis服务：[114.215.203.101:6379]
2018-08-04 14:51:56.101 INFO  当前redis服务：[114.215.203.101:6379]
2018-08-04 14:52:14.144 INFO  ======交易[User-Login]：开始执行======
2018-08-04 14:52:14.459 INFO  login method cookieMaxAge：432000
2018-08-04 14:52:14.625 INFO  ======交易[User-Login]：执行结束======
2018-08-04 14:52:14.625 INFO  ======响应报文[耗时：481毫秒]======
2018-08-04 14:52:14.643 INFO  ======交易[ActiveUserRecord-AddRecord]：开始执行======
2018-08-04 14:52:14.948 INFO  ======交易[ActiveUserRecord-AddRecord]：执行结束======
2018-08-04 14:52:14.948 INFO  ======响应报文[耗时：305毫秒]======
2018-08-04 14:52:14.956 INFO  ======交易[UserMainOperation-UserMainOperationAdd]：开始执行======
2018-08-04 14:52:15.299 INFO  ======交易[UserMainOperation-UserMainOperationAdd]：执行结束======
2018-08-04 14:52:15.300 INFO  ======响应报文[耗时：343毫秒]======
2018-08-04 14:52:15.366 INFO  ======交易[Home-RedPacketAmount]：开始执行======
2018-08-04 14:52:15.367 INFO  读取缓存数据，cacheMethod：redis_cache_home_redpacketamount
2018-08-04 14:52:15.367 INFO  当前redis服务：[114.215.203.101:6379]
2018-08-04 14:52:15.396 INFO  读取缓存数据开始，cachekey：home_redpacketamount_object_pc
2018-08-04 14:52:15.396 INFO  当前redis服务：[114.215.203.101:6379]
2018-08-04 14:52:15.418 INFO  读取缓存数据成功，cachekey：home_redpacketamount_object_pc
2018-08-04 14:52:15.418 INFO  ======交易[Home-RedPacketAmount]：执行结束======
2018-08-04 14:52:15.418 INFO  ======响应报文[耗时：52毫秒]======
2018-08-04 14:52:15.422 INFO  ======交易[Home-InfoQuery]：开始执行======
2018-08-04 14:52:15.422 INFO  读取缓存数据，cacheMethod：redis_cache_home_infoquery
2018-08-04 14:52:15.422 INFO  当前redis服务：[114.215.203.101:6379]
2018-08-04 14:52:15.444 INFO  读取缓存数据开始，cachekey：home_infoquery_object_pc
2018-08-04 14:52:15.444 INFO  当前redis服务：[114.215.203.101:6379]
2018-08-04 14:52:15.470 INFO  读取缓存数据成功，cachekey：home_infoquery_object_pc
2018-08-04 14:52:15.472 INFO  ======交易[Home-InfoQuery]：执行结束======
2018-08-04 14:52:15.472 INFO  ======响应报文[耗时：50毫秒]======
2018-08-04 14:52:15.474 INFO  ======交易[News-CurrentNews]：开始执行======
2018-08-04 14:52:15.476 INFO  读取缓存数据，cacheMethod：redis_cache_newsservice_currentnews
2018-08-04 14:52:15.476 INFO  当前redis服务：[114.215.203.101:6379]
2018-08-04 14:52:15.500 INFO  读取缓存数据开始，cachekey：newsservice_currentnews_object_bgw_notice_4
2018-08-04 14:52:15.500 INFO  当前redis服务：[114.215.203.101:6379]
2018-08-04 14:52:15.529 INFO  读取缓存数据成功，cachekey：newsservice_currentnews_object_bgw_notice_4
2018-08-04 14:52:15.579 INFO  ======交易[News-CurrentNews]：执行结束======
2018-08-04 14:52:15.579 INFO  ======响应报文[耗时：103毫秒]======
2018-08-04 14:52:15.581 INFO  ======交易[News-CurrentNews]：开始执行======
2018-08-04 14:52:15.581 INFO  读取缓存数据，cacheMethod：redis_cache_newsservice_currentnews
2018-08-04 14:52:15.581 INFO  当前redis服务：[114.215.203.101:6379]
2018-08-04 14:52:15.603 INFO  读取缓存数据开始，cachekey：newsservice_currentnews_object_bgw_company_dynamic_3
2018-08-04 14:52:15.603 INFO  当前redis服务：[114.215.203.101:6379]
2018-08-04 14:52:15.633 INFO  读取缓存数据成功，cachekey：newsservice_currentnews_object_bgw_company_dynamic_3
2018-08-04 14:52:15.634 INFO  ======交易[News-CurrentNews]：执行结束======
2018-08-04 14:52:15.634 INFO  ======响应报文[耗时：53毫秒]======
2018-08-04 14:52:15.640 INFO  ======交易[News-CurrentNews]：开始执行======
2018-08-04 14:52:15.640 INFO  读取缓存数据，cacheMethod：redis_cache_newsservice_currentnews
2018-08-04 14:52:15.640 INFO  当前redis服务：[114.215.203.101:6379]
2018-08-04 14:52:15.662 INFO  读取缓存数据开始，cachekey：newsservice_currentnews_object_bgw_news_3
2018-08-04 14:52:15.662 INFO  当前redis服务：[114.215.203.101:6379]
2018-08-04 14:52:15.694 INFO  读取缓存数据成功，cachekey：newsservice_currentnews_object_bgw_news_3
2018-08-04 14:52:15.694 INFO  ======交易[News-CurrentNews]：执行结束======
2018-08-04 14:52:15.694 INFO  ======响应报文[耗时：54毫秒]======
2018-08-04 14:52:15.697 INFO  ======交易[News-CurrentNews]：开始执行======
2018-08-04 14:52:15.697 INFO  读取缓存数据，cacheMethod：redis_cache_newsservice_currentnews
2018-08-04 14:52:15.697 INFO  当前redis服务：[114.215.203.101:6379]
2018-08-04 14:52:15.718 INFO  读取缓存数据开始，cachekey：newsservice_currentnews_object_bgw_wfans_activity_3
2018-08-04 14:52:15.718 INFO  当前redis服务：[114.215.203.101:6379]
2018-08-04 14:52:15.755 INFO  读取缓存数据成功，cachekey：newsservice_currentnews_object_bgw_wfans_activity_3
2018-08-04 14:52:15.755 INFO  ======交易[News-CurrentNews]：执行结束======
2018-08-04 14:52:15.755 INFO  ======响应报文[耗时：58毫秒]======
2018-08-04 14:52:15.757 INFO  ======交易[BannerConfig-getList]：开始执行======
2018-08-04 14:52:15.758 INFO  读取缓存数据，cacheMethod：redis_cache_bannerconfigfacade_getlist
2018-08-04 14:52:15.758 INFO  当前redis服务：[114.215.203.101:6379]
2018-08-04 14:52:15.779 INFO  读取缓存数据开始，cachekey：bannerconfigfacade_getlist_object_gen
2018-08-04 14:52:15.779 INFO  当前redis服务：[114.215.203.101:6379]
2018-08-04 14:52:15.802 INFO  读取缓存数据成功，cachekey：bannerconfigfacade_getlist_object_gen
2018-08-04 14:52:15.802 INFO  ======交易[BannerConfig-getList]：执行结束======
2018-08-04 14:52:15.802 INFO  ======响应报文[耗时：45毫秒]======
2018-08-04 14:52:25.353 INFO  ======交易[User-AddUserAddress]：开始执行======
2018-08-04 14:52:25.488 INFO  当前redis服务：[114.215.203.101:6379]
2018-08-04 14:52:25.519 INFO  >>>入用户地址队列数据:{"address":"XXXX内网IP","userId":2000061}<<<
2018-08-04 14:52:25.519 INFO  ======交易[User-AddUserAddress]：执行结束======
2018-08-04 14:52:25.519 INFO  ======响应报文[耗时：166毫秒]======
2018-08-04 14:52:35.530 INFO  ======交易[Home-RedPacketAmount]：开始执行======
2018-08-04 14:52:35.531 INFO  读取缓存数据，cacheMethod：redis_cache_home_redpacketamount
2018-08-04 14:52:35.531 INFO  当前redis服务：[114.215.203.101:6379]
2018-08-04 14:52:35.549 INFO  读取缓存数据开始，cachekey：home_redpacketamount_object_pc
2018-08-04 14:52:35.549 INFO  当前redis服务：[114.215.203.101:6379]
2018-08-04 14:52:35.564 INFO  读取缓存数据成功，cachekey：home_redpacketamount_object_pc
2018-08-04 14:52:35.564 INFO  ======交易[Home-RedPacketAmount]：执行结束======
2018-08-04 14:52:35.564 INFO  ======响应报文[耗时：34毫秒]======
2018-08-04 14:52:35.564 INFO  ======交易[Home-InfoQuery]：开始执行======
2018-08-04 14:52:35.564 INFO  读取缓存数据，cacheMethod：redis_cache_home_infoquery
2018-08-04 14:52:35.564 INFO  当前redis服务：[114.215.203.101:6379]
2018-08-04 14:52:35.599 INFO  读取缓存数据开始，cachekey：home_infoquery_object_pc
2018-08-04 14:52:35.599 INFO  当前redis服务：[114.215.203.101:6379]
2018-08-04 14:52:35.615 INFO  读取缓存数据成功，cachekey：home_infoquery_object_pc
2018-08-04 14:52:35.615 INFO  ======交易[Home-InfoQuery]：执行结束======
2018-08-04 14:52:35.615 INFO  ======响应报文[耗时：51毫秒]======
2018-08-04 14:52:35.630 INFO  ======交易[News-CurrentNews]：开始执行======
2018-08-04 14:52:35.630 INFO  读取缓存数据，cacheMethod：redis_cache_newsservice_currentnews
2018-08-04 14:52:35.630 INFO  当前redis服务：[114.215.203.101:6379]
2018-08-04 14:52:35.646 INFO  读取缓存数据开始，cachekey：newsservice_currentnews_object_bgw_notice_4
2018-08-04 14:52:35.646 INFO  当前redis服务：[114.215.203.101:6379]
2018-08-04 14:52:35.677 INFO  读取缓存数据成功，cachekey：newsservice_currentnews_object_bgw_notice_4
2018-08-04 14:52:35.677 INFO  ======交易[News-CurrentNews]：执行结束======
2018-08-04 14:52:35.677 INFO  ======响应报文[耗时：47毫秒]======
2018-08-04 14:52:35.693 INFO  ======交易[News-CurrentNews]：开始执行======
2018-08-04 14:52:35.693 INFO  读取缓存数据，cacheMethod：redis_cache_newsservice_currentnews
2018-08-04 14:52:35.693 INFO  当前redis服务：[114.215.203.101:6379]
2018-08-04 14:52:35.708 INFO  读取缓存数据开始，cachekey：newsservice_currentnews_object_bgw_company_dynamic_3
2018-08-04 14:52:35.708 INFO  当前redis服务：[114.215.203.101:6379]
2018-08-04 14:52:35.740 INFO  读取缓存数据成功，cachekey：newsservice_currentnews_object_bgw_company_dynamic_3
2018-08-04 14:52:35.740 INFO  ======交易[News-CurrentNews]：执行结束======
2018-08-04 14:52:35.740 INFO  ======响应报文[耗时：47毫秒]======
2018-08-04 14:52:35.740 INFO  ======交易[News-CurrentNews]：开始执行======
2018-08-04 14:52:35.740 INFO  读取缓存数据，cacheMethod：redis_cache_newsservice_currentnews
2018-08-04 14:52:35.740 INFO  当前redis服务：[114.215.203.101:6379]
2018-08-04 14:52:35.755 INFO  读取缓存数据开始，cachekey：newsservice_currentnews_object_bgw_news_3
2018-08-04 14:52:35.755 INFO  当前redis服务：[114.215.203.101:6379]
2018-08-04 14:52:35.786 INFO  读取缓存数据成功，cachekey：newsservice_currentnews_object_bgw_news_3
2018-08-04 14:52:35.786 INFO  ======交易[News-CurrentNews]：执行结束======
2018-08-04 14:52:35.786 INFO  ======响应报文[耗时：46毫秒]======
2018-08-04 14:52:35.786 INFO  ======交易[News-CurrentNews]：开始执行======
2018-08-04 14:52:35.786 INFO  读取缓存数据，cacheMethod：redis_cache_newsservice_currentnews
2018-08-04 14:52:35.786 INFO  当前redis服务：[114.215.203.101:6379]
2018-08-04 14:52:35.818 INFO  读取缓存数据开始，cachekey：newsservice_currentnews_object_bgw_wfans_activity_3
2018-08-04 14:52:35.818 INFO  当前redis服务：[114.215.203.101:6379]
2018-08-04 14:52:35.849 INFO  读取缓存数据成功，cachekey：newsservice_currentnews_object_bgw_wfans_activity_3
2018-08-04 14:52:35.849 INFO  ======交易[News-CurrentNews]：执行结束======
2018-08-04 14:52:35.849 INFO  ======响应报文[耗时：63毫秒]======
2018-08-04 14:52:35.849 INFO  ======交易[BannerConfig-getList]：开始执行======
2018-08-04 14:52:35.849 INFO  读取缓存数据，cacheMethod：redis_cache_bannerconfigfacade_getlist
2018-08-04 14:52:35.849 INFO  当前redis服务：[114.215.203.101:6379]
2018-08-04 14:52:35.865 INFO  读取缓存数据开始，cachekey：bannerconfigfacade_getlist_object_gen
2018-08-04 14:52:35.865 INFO  当前redis服务：[114.215.203.101:6379]
2018-08-04 14:52:35.896 INFO  读取缓存数据成功，cachekey：bannerconfigfacade_getlist_object_gen
2018-08-04 14:52:35.896 INFO  ======交易[BannerConfig-getList]：执行结束======
2018-08-04 14:52:35.896 INFO  ======响应报文[耗时：47毫秒]======
2018-08-04 14:53:56.199 INFO  ======交易[Home-RedPacketAmount]：开始执行======
2018-08-04 14:53:56.199 INFO  读取缓存数据，cacheMethod：redis_cache_home_redpacketamount
2018-08-04 14:53:56.199 INFO  当前redis服务：[114.215.203.101:6379]
2018-08-04 14:53:56.226 INFO  读取缓存数据开始，cachekey：home_redpacketamount_object_pc
2018-08-04 14:53:56.226 INFO  当前redis服务：[114.215.203.101:6379]
2018-08-04 14:53:56.258 INFO  读取缓存数据成功，cachekey：home_redpacketamount_object_pc
2018-08-04 14:53:56.258 INFO  ======交易[Home-RedPacketAmount]：执行结束======
2018-08-04 14:53:56.258 INFO  ======响应报文[耗时：59毫秒]======
2018-08-04 14:53:56.258 INFO  ======交易[Home-InfoQuery]：开始执行======
2018-08-04 14:53:56.258 INFO  读取缓存数据，cacheMethod：redis_cache_home_infoquery
2018-08-04 14:53:56.258 INFO  当前redis服务：[114.215.203.101:6379]
2018-08-04 14:53:56.284 INFO  读取缓存数据开始，cachekey：home_infoquery_object_pc
2018-08-04 14:53:56.284 INFO  当前redis服务：[114.215.203.101:6379]
2018-08-04 14:53:56.300 INFO  读取缓存数据成功，cachekey：home_infoquery_object_pc
2018-08-04 14:53:56.300 INFO  ======交易[Home-InfoQuery]：执行结束======
2018-08-04 14:53:56.300 INFO  ======响应报文[耗时：42毫秒]======
2018-08-04 14:53:56.315 INFO  ======交易[News-CurrentNews]：开始执行======
2018-08-04 14:53:56.315 INFO  读取缓存数据，cacheMethod：redis_cache_newsservice_currentnews
2018-08-04 14:53:56.315 INFO  当前redis服务：[114.215.203.101:6379]
2018-08-04 14:53:56.331 INFO  读取缓存数据开始，cachekey：newsservice_currentnews_object_bgw_notice_4
2018-08-04 14:53:56.331 INFO  当前redis服务：[114.215.203.101:6379]
2018-08-04 14:53:56.365 INFO  读取缓存数据成功，cachekey：newsservice_currentnews_object_bgw_notice_4
2018-08-04 14:53:56.373 INFO  ======交易[News-CurrentNews]：执行结束======
2018-08-04 14:53:56.373 INFO  ======响应报文[耗时：58毫秒]======
2018-08-04 14:53:56.373 INFO  ======交易[News-CurrentNews]：开始执行======
2018-08-04 14:53:56.373 INFO  读取缓存数据，cacheMethod：redis_cache_newsservice_currentnews
2018-08-04 14:53:56.373 INFO  当前redis服务：[114.215.203.101:6379]
2018-08-04 14:53:56.389 INFO  读取缓存数据开始，cachekey：newsservice_currentnews_object_bgw_company_dynamic_3
2018-08-04 14:53:56.389 INFO  当前redis服务：[114.215.203.101:6379]
2018-08-04 14:53:56.420 INFO  读取缓存数据成功，cachekey：newsservice_currentnews_object_bgw_company_dynamic_3
2018-08-04 14:53:56.420 INFO  ======交易[News-CurrentNews]：执行结束======
2018-08-04 14:53:56.420 INFO  ======响应报文[耗时：47毫秒]======
2018-08-04 14:53:56.420 INFO  ======交易[News-CurrentNews]：开始执行======
2018-08-04 14:53:56.420 INFO  读取缓存数据，cacheMethod：redis_cache_newsservice_currentnews
2018-08-04 14:53:56.420 INFO  当前redis服务：[114.215.203.101:6379]
2018-08-04 14:53:56.436 INFO  读取缓存数据开始，cachekey：newsservice_currentnews_object_bgw_news_3
2018-08-04 14:53:56.436 INFO  当前redis服务：[114.215.203.101:6379]
2018-08-04 14:53:56.467 INFO  读取缓存数据成功，cachekey：newsservice_currentnews_object_bgw_news_3
2018-08-04 14:53:56.467 INFO  ======交易[News-CurrentNews]：执行结束======
2018-08-04 14:53:56.467 INFO  ======响应报文[耗时：47毫秒]======
2018-08-04 14:53:56.467 INFO  ======交易[News-CurrentNews]：开始执行======
2018-08-04 14:53:56.467 INFO  读取缓存数据，cacheMethod：redis_cache_newsservice_currentnews
2018-08-04 14:53:56.467 INFO  当前redis服务：[114.215.203.101:6379]
2018-08-04 14:53:56.498 INFO  读取缓存数据开始，cachekey：newsservice_currentnews_object_bgw_wfans_activity_3
2018-08-04 14:53:56.498 INFO  当前redis服务：[114.215.203.101:6379]
2018-08-04 14:53:56.529 INFO  读取缓存数据成功，cachekey：newsservice_currentnews_object_bgw_wfans_activity_3
2018-08-04 14:53:56.529 INFO  ======交易[News-CurrentNews]：执行结束======
2018-08-04 14:53:56.529 INFO  ======响应报文[耗时：62毫秒]======
2018-08-04 14:53:56.529 INFO  ======交易[BannerConfig-getList]：开始执行======
2018-08-04 14:53:56.529 INFO  读取缓存数据，cacheMethod：redis_cache_bannerconfigfacade_getlist
2018-08-04 14:53:56.529 INFO  当前redis服务：[114.215.203.101:6379]
2018-08-04 14:53:56.545 INFO  读取缓存数据开始，cachekey：bannerconfigfacade_getlist_object_gen
2018-08-04 14:53:56.545 INFO  当前redis服务：[114.215.203.101:6379]
2018-08-04 14:53:56.576 INFO  读取缓存数据成功，cachekey：bannerconfigfacade_getlist_object_gen
2018-08-04 14:53:56.576 INFO  ======交易[BannerConfig-getList]：执行结束======
2018-08-04 14:53:56.576 INFO  ======响应报文[耗时：47毫秒]======
2018-08-04 14:54:04.302 INFO  ======交易[User-AddUserAddress]：开始执行======
2018-08-04 14:54:29.616 INFO  当前redis服务：[114.215.203.101:6379]
2018-08-04 14:55:45.331 INFO  FrameworkServlet 'remote': initialization started
2018-08-04 14:55:45.362 INFO  Refreshing WebApplicationContext for namespace 'rm-resolver': startup date [Sat Aug 04 14:55:45 CST 2018]; root of context hierarchy
2018-08-04 14:55:45.409 INFO  Loading XML bean definitions from ServletContext resource [/WEB-INF/rm-resolver.xml]
2018-08-04 14:55:45.534 INFO  Loading XML bean definitions from class path resource [META-INF/spring/spr-common.xml]
2018-08-04 14:55:47.315 INFO  Loading XML bean definitions from class path resource [META-INF/spring/spr-quartz-dayend.xml]
2018-08-04 14:55:47.332 INFO  Loading XML bean definitions from class path resource [META-INF/spring/spr-redis-beans.xml]
2018-08-04 14:55:47.348 INFO  Loading XML bean definitions from class path resource [META-INF/remote/rm-common.xml]
2018-08-04 14:55:47.364 INFO  Loading XML bean definitions from class path resource [META-INF/remote/rm-site.xml]
2018-08-04 14:55:47.364 INFO  Loading XML bean definitions from class path resource [META-INF/remote/rm-manage.xml]
2018-08-04 14:55:47.379 INFO  Loading XML bean definitions from class path resource [META-INF/remote/rm-srv-gateway.xml]
2018-08-04 14:55:47.395 INFO  Loading XML bean definitions from class path resource [META-INF/remote/rm-client-gateway.xml]
2018-08-04 14:55:47.410 INFO  Loading XML bean definitions from class path resource [META-INF/remote/rm-client-schedule.xml]
2018-08-04 14:55:49.061 INFO  Loading properties file from class path resource [placeholder.properties]
2018-08-04 14:56:02.241 INFO  Using default implementation for ThreadExecutor
2018-08-04 14:56:02.300 INFO  Initialized Scheduler Signaller of type: class org.quartz.core.SchedulerSignalerImpl
2018-08-04 14:56:02.300 INFO  Quartz Scheduler v.2.2.1 created.
2018-08-04 14:56:02.300 INFO  RAMJobStore initialized.
2018-08-04 14:56:02.300 INFO  Scheduler meta-data: Quartz Scheduler (v2.2.1) 'schedulerFactoryBean' with instanceId 'NON_CLUSTERED'
  Scheduler class: 'org.quartz.core.QuartzScheduler' - running locally.
  NOT STARTED.
  Currently in standby mode.
  Number of jobs executed: 0
  Using thread pool 'org.quartz.simpl.SimpleThreadPool' - with 10 threads.
  Using job-store 'org.quartz.simpl.RAMJobStore' - which does not support persistence. and is not clustered.

2018-08-04 14:56:02.300 INFO  Quartz scheduler 'schedulerFactoryBean' initialized from an externally provided properties instance.
2018-08-04 14:56:02.300 INFO  Quartz scheduler version: 2.2.1
2018-08-04 14:56:02.300 INFO  JobFactory set to: org.springframework.scheduling.quartz.AdaptableJobFactory@2d705998
2018-08-04 14:56:02.940 INFO  Initializing ExecutorService  'repayHandleExecutor'
2018-08-04 14:56:03.300 INFO  Initializing ExecutorService  'loan7DaiExecutor'
2018-08-04 14:56:03.300 INFO  Initializing ExecutorService  'loanExecutor'
2018-08-04 14:56:03.448 INFO  Initializing ExecutorService  'repayExecutor'
2018-08-04 14:56:07.600 INFO  HV000001: Hibernate Validator 5.1.3.Final
2018-08-04 14:56:08.043 INFO  Looking for @ControllerAdvice: WebApplicationContext for namespace 'rm-resolver': startup date [Sat Aug 04 14:55:45 CST 2018]; root of context hierarchy
2018-08-04 14:56:08.168 INFO  Looking for @ControllerAdvice: WebApplicationContext for namespace 'rm-resolver': startup date [Sat Aug 04 14:55:45 CST 2018]; root of context hierarchy
2018-08-04 14:56:08.371 INFO  Mapped URL path [/siteService] onto handler '/siteService'
2018-08-04 14:56:08.386 INFO  Mapped URL path [/manageService] onto handler '/manageService'
2018-08-04 14:56:08.402 INFO  Mapped URL path [/gatewayDafyService] onto handler '/gatewayDafyService'
2018-08-04 14:56:08.402 INFO  Mapped URL path [/gatewayPay19Service] onto handler '/gatewayPay19Service'
2018-08-04 14:56:08.418 INFO  Mapped URL path [/gatewayBaoFooService] onto handler '/gatewayBaoFooService'
2018-08-04 14:56:08.433 INFO  Mapped URL path [/gatewayReapalService] onto handler '/gatewayReapalService'
2018-08-04 14:56:08.449 INFO  Mapped URL path [/gatewayMobileService] onto handler '/gatewayMobileService'
2018-08-04 14:56:08.464 INFO  Mapped URL path [/gatewayCsaiService] onto handler '/gatewayCsaiService'
2018-08-04 14:56:08.480 INFO  Mapped URL path [/gatewayLoanService] onto handler '/gatewayLoanService'
2018-08-04 14:56:08.496 INFO  Mapped URL path [/gatewayHFBankService] onto handler '/gatewayHFBankService'
2018-08-04 14:56:08.511 INFO  Mapped URL path [/gatewayQb178Service] onto handler '/gatewayQb178Service'
2018-08-04 14:56:08.527 INFO  Mapped URL path [/gatewayZsdService] onto handler '/gatewayZsdService'
2018-08-04 14:56:08.543 INFO  Mapped URL path [/gatewayDepLoan7Service] onto handler '/gatewayDepLoan7Service'
2018-08-04 14:56:08.543 INFO  Mapped URL path [/gatewayQiDianService] onto handler '/gatewayQiDianService'
2018-08-04 14:56:08.738 INFO  Starting beans in phase 2147483647
2018-08-04 14:56:08.745 INFO  Starting Quartz Scheduler now
2018-08-04 14:56:08.746 INFO  Scheduler schedulerFactoryBean_$_NON_CLUSTERED started.
2018-08-04 14:56:08.825 INFO  [quartzInitListener] init start
2018-08-04 14:56:09.490 INFO  [quartzInitListener] init end
2018-08-04 14:56:09.490 INFO  FrameworkServlet 'remote': initialization completed in 24143 ms
2018-08-04 14:56:48.226 INFO  ======交易[Home-RedPacketAmount]：开始执行======
2018-08-04 14:56:48.313 INFO  读取缓存数据，cacheMethod：redis_cache_home_redpacketamount
2018-08-04 14:56:48.313 INFO  当前redis服务：[114.215.203.101:7379]
2018-08-04 14:56:48.344 INFO  读取缓存数据开始，cachekey：home_redpacketamount_object_pc
2018-08-04 14:56:48.360 INFO  当前redis服务：[114.215.203.101:7379]
2018-08-04 14:56:48.360 INFO  读取缓存数据——没有缓存数据，cachekey：home_redpacketamount_object_pc
2018-08-04 14:56:48.406 INFO  添加缓存redisCacheKey数据，cacheMethod：redis_cache_home_redpacketamount，cachekey：home_redpacketamount_object_pc，expire：60
2018-08-04 14:56:48.406 INFO  当前redis服务：[114.215.203.101:7379]
2018-08-04 14:56:48.438 INFO  当前redis服务：[114.215.203.101:7379]
2018-08-04 14:56:48.453 INFO  ======交易[Home-RedPacketAmount]：执行结束======
2018-08-04 14:56:48.453 INFO  ======响应报文[耗时：227毫秒]======
2018-08-04 14:56:48.539 INFO  ======交易[Home-InfoQuery]：开始执行======
2018-08-04 14:56:48.539 INFO  读取缓存数据，cacheMethod：redis_cache_home_infoquery
2018-08-04 14:56:48.539 INFO  当前redis服务：[114.215.203.101:7379]
2018-08-04 14:56:48.554 INFO  读取缓存数据开始，cachekey：home_infoquery_object_pc
2018-08-04 14:56:48.554 INFO  当前redis服务：[114.215.203.101:7379]
2018-08-04 14:56:48.570 INFO  读取缓存数据——没有缓存数据，cachekey：home_infoquery_object_pc
2018-08-04 14:56:49.666 INFO  添加缓存redisCacheKey数据，cacheMethod：redis_cache_home_infoquery，cachekey：home_infoquery_object_pc，expire：60
2018-08-04 14:56:49.666 INFO  当前redis服务：[114.215.203.101:7379]
2018-08-04 14:56:49.681 INFO  当前redis服务：[114.215.203.101:7379]
2018-08-04 14:56:49.697 INFO  ======交易[Home-InfoQuery]：执行结束======
2018-08-04 14:56:49.697 INFO  ======响应报文[耗时：1158毫秒]======
2018-08-04 14:56:49.713 INFO  ======交易[News-CurrentNews]：开始执行======
2018-08-04 14:56:49.728 INFO  读取缓存数据，cacheMethod：redis_cache_newsservice_currentnews
2018-08-04 14:56:49.728 INFO  当前redis服务：[114.215.203.101:7379]
2018-08-04 14:56:49.728 INFO  读取缓存数据开始，cachekey：newsservice_currentnews_object_bgw_notice_4
2018-08-04 14:56:49.728 INFO  当前redis服务：[114.215.203.101:7379]
2018-08-04 14:56:49.744 INFO  读取缓存数据——没有缓存数据，cachekey：newsservice_currentnews_object_bgw_notice_4
2018-08-04 14:56:49.791 INFO  添加缓存redisCacheKey数据，cacheMethod：redis_cache_newsservice_currentnews，cachekey：newsservice_currentnews_object_bgw_notice_4，expire：60
2018-08-04 14:56:49.791 INFO  当前redis服务：[114.215.203.101:7379]
2018-08-04 14:56:49.806 INFO  当前redis服务：[114.215.203.101:7379]
2018-08-04 14:56:49.853 INFO  ======交易[News-CurrentNews]：执行结束======
2018-08-04 14:56:49.853 INFO  ======响应报文[耗时：140毫秒]======
2018-08-04 14:56:49.869 INFO  ======交易[News-CurrentNews]：开始执行======
2018-08-04 14:56:49.869 INFO  读取缓存数据，cacheMethod：redis_cache_newsservice_currentnews
2018-08-04 14:56:49.869 INFO  当前redis服务：[114.215.203.101:7379]
2018-08-04 14:56:49.885 INFO  读取缓存数据开始，cachekey：newsservice_currentnews_object_bgw_company_dynamic_3
2018-08-04 14:56:49.885 INFO  当前redis服务：[114.215.203.101:7379]
2018-08-04 14:56:49.885 INFO  读取缓存数据——没有缓存数据，cachekey：newsservice_currentnews_object_bgw_company_dynamic_3
2018-08-04 14:56:49.916 INFO  添加缓存redisCacheKey数据，cacheMethod：redis_cache_newsservice_currentnews，cachekey：newsservice_currentnews_object_bgw_company_dynamic_3，expire：60
2018-08-04 14:56:49.916 INFO  当前redis服务：[114.215.203.101:7379]
2018-08-04 14:56:49.931 INFO  当前redis服务：[114.215.203.101:7379]
2018-08-04 14:56:49.947 INFO  ======交易[News-CurrentNews]：执行结束======
2018-08-04 14:56:49.947 INFO  ======响应报文[耗时：78毫秒]======
2018-08-04 14:56:49.947 INFO  ======交易[News-CurrentNews]：开始执行======
2018-08-04 14:56:49.947 INFO  读取缓存数据，cacheMethod：redis_cache_newsservice_currentnews
2018-08-04 14:56:49.947 INFO  当前redis服务：[114.215.203.101:7379]
2018-08-04 14:56:49.963 INFO  读取缓存数据开始，cachekey：newsservice_currentnews_object_bgw_news_3
2018-08-04 14:56:49.963 INFO  当前redis服务：[114.215.203.101:7379]
2018-08-04 14:56:49.978 INFO  读取缓存数据——没有缓存数据，cachekey：newsservice_currentnews_object_bgw_news_3
2018-08-04 14:56:49.994 INFO  添加缓存redisCacheKey数据，cacheMethod：redis_cache_newsservice_currentnews，cachekey：newsservice_currentnews_object_bgw_news_3，expire：60
2018-08-04 14:56:49.994 INFO  当前redis服务：[114.215.203.101:7379]
2018-08-04 14:56:50.010 INFO  当前redis服务：[114.215.203.101:7379]
2018-08-04 14:56:50.010 INFO  ======交易[News-CurrentNews]：执行结束======
2018-08-04 14:56:50.010 INFO  ======响应报文[耗时：63毫秒]======
2018-08-04 14:56:50.025 INFO  ======交易[News-CurrentNews]：开始执行======
2018-08-04 14:56:50.025 INFO  读取缓存数据，cacheMethod：redis_cache_newsservice_currentnews
2018-08-04 14:56:50.025 INFO  当前redis服务：[114.215.203.101:7379]
2018-08-04 14:56:50.025 INFO  读取缓存数据开始，cachekey：newsservice_currentnews_object_bgw_wfans_activity_3
2018-08-04 14:56:50.025 INFO  当前redis服务：[114.215.203.101:7379]
2018-08-04 14:56:50.041 INFO  读取缓存数据——没有缓存数据，cachekey：newsservice_currentnews_object_bgw_wfans_activity_3
2018-08-04 14:56:50.072 INFO  添加缓存redisCacheKey数据，cacheMethod：redis_cache_newsservice_currentnews，cachekey：newsservice_currentnews_object_bgw_wfans_activity_3，expire：60
2018-08-04 14:56:50.072 INFO  当前redis服务：[114.215.203.101:7379]
2018-08-04 14:56:50.088 INFO  当前redis服务：[114.215.203.101:7379]
2018-08-04 14:56:50.103 INFO  ======交易[News-CurrentNews]：执行结束======
2018-08-04 14:56:50.103 INFO  ======响应报文[耗时：78毫秒]======
2018-08-04 14:56:50.119 INFO  ======交易[BannerConfig-getList]：开始执行======
2018-08-04 14:56:50.119 INFO  读取缓存数据，cacheMethod：redis_cache_bannerconfigfacade_getlist
2018-08-04 14:56:50.119 INFO  当前redis服务：[114.215.203.101:7379]
2018-08-04 14:56:50.134 INFO  读取缓存数据开始，cachekey：bannerconfigfacade_getlist_object_gen
2018-08-04 14:56:50.134 INFO  当前redis服务：[114.215.203.101:7379]
2018-08-04 14:56:50.150 INFO  读取缓存数据——没有缓存数据，cachekey：bannerconfigfacade_getlist_object_gen
2018-08-04 14:56:50.181 INFO  添加缓存redisCacheKey数据，cacheMethod：redis_cache_bannerconfigfacade_getlist，cachekey：bannerconfigfacade_getlist_object_gen，expire：60
2018-08-04 14:56:50.181 INFO  当前redis服务：[114.215.203.101:7379]
2018-08-04 14:56:50.197 INFO  当前redis服务：[114.215.203.101:7379]
2018-08-04 14:56:50.213 INFO  ======交易[BannerConfig-getList]：执行结束======
2018-08-04 14:56:50.213 INFO  ======响应报文[耗时：94毫秒]======
2018-08-04 14:57:11.217 INFO  ======交易[User-AddUserAddress]：开始执行======
2018-08-04 14:57:38.740 INFO  当前redis服务：[114.215.203.101:7379]
2018-08-04 14:57:38.745 INFO  >>>入用户地址队列数据:{"address":"XXXX内网IP","userId":2000061}<<<
2018-08-04 14:57:38.745 INFO  ======交易[User-AddUserAddress]：执行结束======
2018-08-04 14:57:38.745 INFO  ======响应报文[耗时：27528毫秒]======
2018-08-04 15:01:36.413 INFO  ======交易[User-QueryAgentViewConfig]：开始执行======
2018-08-04 15:01:36.452 INFO  ======交易[User-QueryAgentViewConfig]：执行结束======
2018-08-04 15:01:36.452 INFO  ======响应报文[耗时：31毫秒]======
2018-08-04 15:02:26.096 INFO  ======交易[Home-RedPacketAmount]：开始执行======
2018-08-04 15:02:26.104 INFO  读取缓存数据，cacheMethod：redis_cache_home_redpacketamount
2018-08-04 15:02:26.104 INFO  当前redis服务：[114.215.203.101:7379]
2018-08-04 15:02:26.121 INFO  读取缓存数据开始，cachekey：home_redpacketamount_object_pc
2018-08-04 15:02:26.121 INFO  当前redis服务：[114.215.203.101:7379]
2018-08-04 15:02:26.121 INFO  读取缓存数据——没有缓存数据，cachekey：home_redpacketamount_object_pc
2018-08-04 15:02:26.137 INFO  添加缓存redisCacheKey数据，cacheMethod：redis_cache_home_redpacketamount，cachekey：home_redpacketamount_object_pc，expire：60
2018-08-04 15:02:26.137 INFO  当前redis服务：[114.215.203.101:7379]
2018-08-04 15:02:26.160 INFO  当前redis服务：[114.215.203.101:7379]
2018-08-04 15:02:26.160 INFO  ======交易[Home-RedPacketAmount]：执行结束======
2018-08-04 15:02:26.160 INFO  ======响应报文[耗时：64毫秒]======
2018-08-04 15:02:26.176 INFO  ======交易[Home-InfoQuery]：开始执行======
2018-08-04 15:02:26.176 INFO  读取缓存数据，cacheMethod：redis_cache_home_infoquery
2018-08-04 15:02:26.176 INFO  当前redis服务：[114.215.203.101:7379]
2018-08-04 15:02:26.177 INFO  读取缓存数据开始，cachekey：home_infoquery_object_pc
2018-08-04 15:02:26.177 INFO  当前redis服务：[114.215.203.101:7379]
2018-08-04 15:02:26.193 INFO  读取缓存数据——没有缓存数据，cachekey：home_infoquery_object_pc
2018-08-04 15:02:27.217 INFO  添加缓存redisCacheKey数据，cacheMethod：redis_cache_home_infoquery，cachekey：home_infoquery_object_pc，expire：60
2018-08-04 15:02:27.217 INFO  当前redis服务：[114.215.203.101:7379]
2018-08-04 15:02:27.248 INFO  当前redis服务：[114.215.203.101:7379]
2018-08-04 15:02:27.248 INFO  ======交易[Home-InfoQuery]：执行结束======
2018-08-04 15:02:27.248 INFO  ======响应报文[耗时：1072毫秒]======
2018-08-04 15:02:27.263 INFO  ======交易[News-CurrentNews]：开始执行======
2018-08-04 15:02:27.263 INFO  读取缓存数据，cacheMethod：redis_cache_newsservice_currentnews
2018-08-04 15:02:27.263 INFO  当前redis服务：[114.215.203.101:7379]
2018-08-04 15:02:27.279 INFO  读取缓存数据开始，cachekey：newsservice_currentnews_object_bgw_notice_4
2018-08-04 15:02:27.279 INFO  当前redis服务：[114.215.203.101:7379]
2018-08-04 15:02:27.279 INFO  读取缓存数据——没有缓存数据，cachekey：newsservice_currentnews_object_bgw_notice_4
2018-08-04 15:02:27.326 INFO  添加缓存redisCacheKey数据，cacheMethod：redis_cache_newsservice_currentnews，cachekey：newsservice_currentnews_object_bgw_notice_4，expire：60
2018-08-04 15:02:27.326 INFO  当前redis服务：[114.215.203.101:7379]
2018-08-04 15:02:27.341 INFO  当前redis服务：[114.215.203.101:7379]
2018-08-04 15:02:27.529 INFO  ======交易[News-CurrentNews]：执行结束======
2018-08-04 15:02:27.529 INFO  ======响应报文[耗时：266毫秒]======
2018-08-04 15:02:27.545 INFO  ======交易[News-CurrentNews]：开始执行======
2018-08-04 15:02:27.545 INFO  读取缓存数据，cacheMethod：redis_cache_newsservice_currentnews
2018-08-04 15:02:27.545 INFO  当前redis服务：[114.215.203.101:7379]
2018-08-04 15:02:27.560 INFO  读取缓存数据开始，cachekey：newsservice_currentnews_object_bgw_company_dynamic_3
2018-08-04 15:02:27.560 INFO  当前redis服务：[114.215.203.101:7379]
2018-08-04 15:02:27.576 INFO  读取缓存数据——没有缓存数据，cachekey：newsservice_currentnews_object_bgw_company_dynamic_3
2018-08-04 15:02:27.654 INFO  添加缓存redisCacheKey数据，cacheMethod：redis_cache_newsservice_currentnews，cachekey：newsservice_currentnews_object_bgw_company_dynamic_3，expire：60
2018-08-04 15:02:27.654 INFO  当前redis服务：[114.215.203.101:7379]
2018-08-04 15:02:27.670 INFO  当前redis服务：[114.215.203.101:7379]
2018-08-04 15:02:27.685 INFO  ======交易[News-CurrentNews]：执行结束======
2018-08-04 15:02:27.685 INFO  ======响应报文[耗时：140毫秒]======
2018-08-04 15:02:27.685 INFO  ======交易[News-CurrentNews]：开始执行======
2018-08-04 15:02:27.685 INFO  读取缓存数据，cacheMethod：redis_cache_newsservice_currentnews
2018-08-04 15:02:27.685 INFO  当前redis服务：[114.215.203.101:7379]
2018-08-04 15:02:27.701 INFO  读取缓存数据开始，cachekey：newsservice_currentnews_object_bgw_news_3
2018-08-04 15:02:27.701 INFO  当前redis服务：[114.215.203.101:7379]
2018-08-04 15:02:27.701 INFO  读取缓存数据——没有缓存数据，cachekey：newsservice_currentnews_object_bgw_news_3
2018-08-04 15:02:27.716 INFO  添加缓存redisCacheKey数据，cacheMethod：redis_cache_newsservice_currentnews，cachekey：newsservice_currentnews_object_bgw_news_3，expire：60
2018-08-04 15:02:27.716 INFO  当前redis服务：[114.215.203.101:7379]
2018-08-04 15:02:27.748 INFO  当前redis服务：[114.215.203.101:7379]
2018-08-04 15:02:27.763 INFO  ======交易[News-CurrentNews]：执行结束======
2018-08-04 15:02:27.763 INFO  ======响应报文[耗时：78毫秒]======
2018-08-04 15:02:27.763 INFO  ======交易[News-CurrentNews]：开始执行======
2018-08-04 15:02:27.763 INFO  读取缓存数据，cacheMethod：redis_cache_newsservice_currentnews
2018-08-04 15:02:27.763 INFO  当前redis服务：[114.215.203.101:7379]
2018-08-04 15:02:27.779 INFO  读取缓存数据开始，cachekey：newsservice_currentnews_object_bgw_wfans_activity_3
2018-08-04 15:02:27.779 INFO  当前redis服务：[114.215.203.101:7379]
2018-08-04 15:02:27.794 INFO  读取缓存数据——没有缓存数据，cachekey：newsservice_currentnews_object_bgw_wfans_activity_3
2018-08-04 15:02:27.810 INFO  添加缓存redisCacheKey数据，cacheMethod：redis_cache_newsservice_currentnews，cachekey：newsservice_currentnews_object_bgw_wfans_activity_3，expire：60
2018-08-04 15:02:27.810 INFO  当前redis服务：[114.215.203.101:7379]
2018-08-04 15:02:27.841 INFO  当前redis服务：[114.215.203.101:7379]
2018-08-04 15:02:27.841 INFO  ======交易[News-CurrentNews]：执行结束======
2018-08-04 15:02:27.841 INFO  ======响应报文[耗时：78毫秒]======
2018-08-04 15:02:27.841 INFO  ======交易[BannerConfig-getList]：开始执行======
2018-08-04 15:02:27.841 INFO  读取缓存数据，cacheMethod：redis_cache_bannerconfigfacade_getlist
2018-08-04 15:02:27.841 INFO  当前redis服务：[114.215.203.101:7379]
2018-08-04 15:02:27.857 INFO  读取缓存数据开始，cachekey：bannerconfigfacade_getlist_object_gen
2018-08-04 15:02:27.857 INFO  当前redis服务：[114.215.203.101:7379]
2018-08-04 15:02:27.873 INFO  读取缓存数据——没有缓存数据，cachekey：bannerconfigfacade_getlist_object_gen
2018-08-04 15:02:27.888 INFO  添加缓存redisCacheKey数据，cacheMethod：redis_cache_bannerconfigfacade_getlist，cachekey：bannerconfigfacade_getlist_object_gen，expire：60
2018-08-04 15:02:27.888 INFO  当前redis服务：[114.215.203.101:7379]
2018-08-04 15:02:27.888 INFO  当前redis服务：[114.215.203.101:7379]
2018-08-04 15:02:27.904 INFO  ======交易[BannerConfig-getList]：执行结束======
2018-08-04 15:02:27.904 INFO  ======响应报文[耗时：63毫秒]======
2018-08-04 15:03:08.685 INFO  ======交易[Home-RedPacketAmount]：开始执行======
2018-08-04 15:03:08.685 INFO  读取缓存数据，cacheMethod：redis_cache_home_redpacketamount
2018-08-04 15:03:08.685 INFO  当前redis服务：[114.215.203.101:7379]
2018-08-04 15:03:08.700 INFO  读取缓存数据开始，cachekey：home_redpacketamount_object_pc
2018-08-04 15:03:08.700 INFO  当前redis服务：[114.215.203.101:7379]
2018-08-04 15:03:08.700 INFO  读取缓存数据成功，cachekey：home_redpacketamount_object_pc
2018-08-04 15:03:08.700 INFO  ======交易[Home-RedPacketAmount]：执行结束======
2018-08-04 15:03:08.700 INFO  ======响应报文[耗时：15毫秒]======
2018-08-04 15:03:08.731 INFO  ======交易[Product-ListQuery]：开始执行======
2018-08-04 15:03:08.762 INFO  读取缓存数据，cacheMethod：redis_cache_productfacade_listquery
2018-08-04 15:03:08.762 INFO  当前redis服务：[114.215.203.101:7379]
2018-08-04 15:03:08.787 INFO  读取缓存数据开始，cachekey：productfacade_listquery_object_1_12_normal_pc_____
2018-08-04 15:03:08.787 INFO  当前redis服务：[114.215.203.101:7379]
2018-08-04 15:03:08.787 INFO  读取缓存数据——没有缓存数据，cachekey：productfacade_listquery_object_1_12_normal_pc_____
2018-08-04 15:03:09.287 INFO  添加缓存redisCacheKey数据，cacheMethod：redis_cache_productfacade_listquery，cachekey：productfacade_listquery_object_1_12_normal_pc_____，expire：60
2018-08-04 15:03:09.287 INFO  当前redis服务：[114.215.203.101:7379]
2018-08-04 15:03:09.302 INFO  当前redis服务：[114.215.203.101:7379]
2018-08-04 15:03:09.318 INFO  ======交易[Product-ListQuery]：执行结束======
2018-08-04 15:03:09.318 INFO  ======响应报文[耗时：587毫秒]======
2018-08-04 15:03:09.318 INFO  ======交易[Product-BannerQuery]：开始执行======
2018-08-04 15:03:09.318 INFO  读取缓存数据，cacheMethod：redis_cache_productfacade_bannerquery
2018-08-04 15:03:09.318 INFO  当前redis服务：[114.215.203.101:7379]
2018-08-04 15:03:09.333 INFO  读取缓存数据开始，cachekey：productfacade_bannerquery_object__gen2.0
2018-08-04 15:03:09.333 INFO  当前redis服务：[114.215.203.101:7379]
2018-08-04 15:03:09.349 INFO  读取缓存数据——没有缓存数据，cachekey：productfacade_bannerquery_object__gen2.0
2018-08-04 15:04:33.771 INFO  ======交易[Home-RedPacketAmount]：开始执行======
2018-08-04 15:04:33.771 INFO  读取缓存数据，cacheMethod：redis_cache_home_redpacketamount
2018-08-04 15:04:33.787 INFO  当前redis服务：[114.215.203.101:7379]
2018-08-04 15:04:33.791 INFO  读取缓存数据开始，cachekey：home_redpacketamount_object_pc
2018-08-04 15:04:33.791 INFO  当前redis服务：[114.215.203.101:7379]
2018-08-04 15:04:33.807 INFO  读取缓存数据——没有缓存数据，cachekey：home_redpacketamount_object_pc
2018-08-04 15:04:33.822 INFO  添加缓存redisCacheKey数据，cacheMethod：redis_cache_home_redpacketamount，cachekey：home_redpacketamount_object_pc，expire：60
2018-08-04 15:04:33.822 INFO  当前redis服务：[114.215.203.101:7379]
2018-08-04 15:04:33.822 INFO  当前redis服务：[114.215.203.101:7379]
2018-08-04 15:04:33.838 INFO  ======交易[Home-RedPacketAmount]：执行结束======
2018-08-04 15:04:33.838 INFO  ======响应报文[耗时：67毫秒]======
2018-08-04 15:04:39.896 INFO  ======交易[Product-ListQuery]：开始执行======
2018-08-04 15:04:39.899 INFO  读取缓存数据，cacheMethod：redis_cache_productfacade_listquery
2018-08-04 15:04:39.899 INFO  当前redis服务：[114.215.203.101:7379]
2018-08-04 15:04:39.901 INFO  读取缓存数据开始，cachekey：productfacade_listquery_object_1_12_normal_pc_____
2018-08-04 15:04:39.901 INFO  当前redis服务：[114.215.203.101:7379]
2018-08-04 15:04:39.916 INFO  读取缓存数据——没有缓存数据，cachekey：productfacade_listquery_object_1_12_normal_pc_____
2018-08-04 15:04:40.307 INFO  添加缓存redisCacheKey数据，cacheMethod：redis_cache_productfacade_listquery，cachekey：productfacade_listquery_object_1_12_normal_pc_____，expire：60
2018-08-04 15:04:40.307 INFO  当前redis服务：[114.215.203.101:7379]
2018-08-04 15:04:40.323 INFO  当前redis服务：[114.215.203.101:7379]
2018-08-04 15:04:40.338 INFO  ======交易[Product-ListQuery]：执行结束======
2018-08-04 15:04:40.338 INFO  ======响应报文[耗时：440毫秒]======
2018-08-04 15:04:40.338 INFO  ======交易[Product-BannerQuery]：开始执行======
2018-08-04 15:04:40.338 INFO  读取缓存数据，cacheMethod：redis_cache_productfacade_bannerquery
2018-08-04 15:04:40.338 INFO  当前redis服务：[114.215.203.101:7379]
2018-08-04 15:04:40.354 INFO  读取缓存数据开始，cachekey：productfacade_bannerquery_object__gen2.0
2018-08-04 15:04:40.354 INFO  当前redis服务：[114.215.203.101:7379]
2018-08-04 15:04:40.369 INFO  读取缓存数据——没有缓存数据，cachekey：productfacade_bannerquery_object__gen2.0
2018-08-04 15:04:53.147 INFO  ======交易[Home-RedPacketAmount]：开始执行======
2018-08-04 15:04:53.147 INFO  读取缓存数据，cacheMethod：redis_cache_home_redpacketamount
2018-08-04 15:04:53.147 INFO  当前redis服务：[114.215.203.101:7379]
2018-08-04 15:04:53.153 INFO  读取缓存数据开始，cachekey：home_redpacketamount_object_pc
2018-08-04 15:04:53.153 INFO  当前redis服务：[114.215.203.101:7379]
2018-08-04 15:04:53.168 INFO  读取缓存数据成功，cachekey：home_redpacketamount_object_pc
2018-08-04 15:04:53.168 INFO  ======交易[Home-RedPacketAmount]：执行结束======
2018-08-04 15:04:53.168 INFO  ======响应报文[耗时：21毫秒]======
2018-08-04 15:05:03.937 INFO  ======交易[User-AddUserAddress]：开始执行======
2018-08-04 15:05:06.819 INFO  当前redis服务：[114.215.203.101:7379]
2018-08-04 15:05:06.833 INFO  >>>入用户地址队列数据:{"address":"XXXX内网IP","userId":2000061}<<<
2018-08-04 15:05:06.833 INFO  ======交易[User-AddUserAddress]：执行结束======
2018-08-04 15:05:06.833 INFO  ======响应报文[耗时：2881毫秒]======
2018-08-04 15:05:15.546 INFO  ======交易[Product-ListQuery]：开始执行======
2018-08-04 15:05:15.547 INFO  读取缓存数据，cacheMethod：redis_cache_productfacade_listquery
2018-08-04 15:05:15.547 INFO  当前redis服务：[114.215.203.101:7379]
2018-08-04 15:05:15.643 INFO  读取缓存数据开始，cachekey：productfacade_listquery_object_1_12_normal_pc_____
2018-08-04 15:05:15.643 INFO  当前redis服务：[114.215.203.101:7379]
2018-08-04 15:05:15.659 INFO  读取缓存数据成功，cachekey：productfacade_listquery_object_1_12_normal_pc_____
2018-08-04 15:05:15.659 INFO  ======交易[Product-ListQuery]：执行结束======
2018-08-04 15:05:15.659 INFO  ======响应报文[耗时：112毫秒]======
2018-08-04 15:05:15.659 INFO  ======交易[Product-BannerQuery]：开始执行======
2018-08-04 15:05:15.659 INFO  读取缓存数据，cacheMethod：redis_cache_productfacade_bannerquery
2018-08-04 15:05:15.659 INFO  当前redis服务：[114.215.203.101:7379]
2018-08-04 15:05:15.674 INFO  读取缓存数据开始，cachekey：productfacade_bannerquery_object__gen2.0
2018-08-04 15:05:15.674 INFO  当前redis服务：[114.215.203.101:7379]
2018-08-04 15:05:15.690 INFO  读取缓存数据——没有缓存数据，cachekey：productfacade_bannerquery_object__gen2.0
2018-08-04 15:05:50.407 INFO  ======交易[Home-RedPacketAmount]：开始执行======
2018-08-04 15:05:50.407 INFO  读取缓存数据，cacheMethod：redis_cache_home_redpacketamount
2018-08-04 15:05:50.407 INFO  当前redis服务：[114.215.203.101:7379]
2018-08-04 15:05:50.413 INFO  读取缓存数据开始，cachekey：home_redpacketamount_object_pc
2018-08-04 15:05:50.413 INFO  当前redis服务：[114.215.203.101:7379]
2018-08-04 15:05:50.429 INFO  读取缓存数据——没有缓存数据，cachekey：home_redpacketamount_object_pc
2018-08-04 15:05:50.444 INFO  添加缓存redisCacheKey数据，cacheMethod：redis_cache_home_redpacketamount，cachekey：home_redpacketamount_object_pc，expire：60
2018-08-04 15:05:50.444 INFO  当前redis服务：[114.215.203.101:7379]
2018-08-04 15:05:50.444 INFO  当前redis服务：[114.215.203.101:7379]
2018-08-04 15:05:50.460 INFO  ======交易[Home-RedPacketAmount]：执行结束======
2018-08-04 15:05:50.460 INFO  ======响应报文[耗时：53毫秒]======
2018-08-04 15:05:53.784 INFO  ======交易[User-AddUserAddress]：开始执行======
2018-08-04 15:05:56.719 INFO  当前redis服务：[114.215.203.101:7379]
2018-08-04 15:05:56.730 INFO  >>>入用户地址队列数据:{"address":"XXXX内网IP","userId":2000061}<<<
2018-08-04 15:05:56.730 INFO  ======交易[User-AddUserAddress]：执行结束======
2018-08-04 15:05:56.730 INFO  ======响应报文[耗时：2942毫秒]======
2018-08-04 15:05:56.730 INFO  ======交易[Product-ListQuery]：开始执行======
2018-08-04 15:05:56.730 INFO  读取缓存数据，cacheMethod：redis_cache_productfacade_listquery
2018-08-04 15:05:56.730 INFO  当前redis服务：[114.215.203.101:7379]
2018-08-04 15:05:56.745 INFO  读取缓存数据开始，cachekey：productfacade_listquery_object_1_12_normal_pc_____
2018-08-04 15:05:56.745 INFO  当前redis服务：[114.215.203.101:7379]
2018-08-04 15:05:56.761 INFO  读取缓存数据——没有缓存数据，cachekey：productfacade_listquery_object_1_12_normal_pc_____
2018-08-04 15:05:57.245 INFO  添加缓存redisCacheKey数据，cacheMethod：redis_cache_productfacade_listquery，cachekey：productfacade_listquery_object_1_12_normal_pc_____，expire：60
2018-08-04 15:05:57.245 INFO  当前redis服务：[114.215.203.101:7379]
2018-08-04 15:05:57.261 INFO  当前redis服务：[114.215.203.101:7379]
2018-08-04 15:05:57.276 INFO  ======交易[Product-ListQuery]：执行结束======
2018-08-04 15:05:57.276 INFO  ======响应报文[耗时：546毫秒]======
2018-08-04 15:05:57.276 INFO  ======交易[Product-BannerQuery]：开始执行======
2018-08-04 15:05:57.276 INFO  读取缓存数据，cacheMethod：redis_cache_productfacade_bannerquery
2018-08-04 15:05:57.276 INFO  当前redis服务：[114.215.203.101:7379]
2018-08-04 15:05:57.292 INFO  读取缓存数据开始，cachekey：productfacade_bannerquery_object__gen2.0
2018-08-04 15:05:57.292 INFO  当前redis服务：[114.215.203.101:7379]
2018-08-04 15:05:57.308 INFO  读取缓存数据——没有缓存数据，cachekey：productfacade_bannerquery_object__gen2.0
