2018-08-07 09:53:44.586 INFO  FrameworkServlet 'remote': initialization started
2018-08-07 09:53:44.610 INFO  Refreshing WebApplicationContext for namespace 'rm-resolver': startup date [Tue Aug 07 09:53:44 CST 2018]; root of context hierarchy
2018-08-07 09:53:44.652 INFO  Loading XML bean definitions from ServletContext resource [/WEB-INF/rm-resolver.xml]
2018-08-07 09:53:44.797 INFO  Loading XML bean definitions from class path resource [META-INF/spring/spr-common.xml]
2018-08-07 09:53:48.068 INFO  Loading XML bean definitions from class path resource [META-INF/spring/spr-quartz-dayend.xml]
2018-08-07 09:53:48.080 INFO  Loading XML bean definitions from class path resource [META-INF/spring/spr-redis-beans.xml]
2018-08-07 09:53:48.097 INFO  Loading XML bean definitions from class path resource [META-INF/remote/rm-common.xml]
2018-08-07 09:53:48.108 INFO  Loading XML bean definitions from class path resource [META-INF/remote/rm-site.xml]
2018-08-07 09:53:48.120 INFO  Loading XML bean definitions from class path resource [META-INF/remote/rm-manage.xml]
2018-08-07 09:53:48.137 INFO  Loading XML bean definitions from class path resource [META-INF/remote/rm-srv-gateway.xml]
2018-08-07 09:53:48.156 INFO  Loading XML bean definitions from class path resource [META-INF/remote/rm-client-gateway.xml]
2018-08-07 09:53:48.194 INFO  Loading XML bean definitions from class path resource [META-INF/remote/rm-client-schedule.xml]
2018-08-07 09:53:50.026 INFO  Loading properties file from class path resource [placeholder.properties]
2018-08-07 09:54:03.771 INFO  Using default implementation for ThreadExecutor
2018-08-07 09:54:03.808 INFO  Initialized Scheduler Signaller of type: class org.quartz.core.SchedulerSignalerImpl
2018-08-07 09:54:03.809 INFO  Quartz Scheduler v.2.2.1 created.
2018-08-07 09:54:03.811 INFO  RAMJobStore initialized.
2018-08-07 09:54:03.813 INFO  Scheduler meta-data: Quartz Scheduler (v2.2.1) 'schedulerFactoryBean' with instanceId 'NON_CLUSTERED'
  Scheduler class: 'org.quartz.core.QuartzScheduler' - running locally.
  NOT STARTED.
  Currently in standby mode.
  Number of jobs executed: 0
  Using thread pool 'org.quartz.simpl.SimpleThreadPool' - with 10 threads.
  Using job-store 'org.quartz.simpl.RAMJobStore' - which does not support persistence. and is not clustered.

2018-08-07 09:54:03.813 INFO  Quartz scheduler 'schedulerFactoryBean' initialized from an externally provided properties instance.
2018-08-07 09:54:03.813 INFO  Quartz scheduler version: 2.2.1
2018-08-07 09:54:03.817 INFO  JobFactory set to: org.springframework.scheduling.quartz.AdaptableJobFactory@5dd6f517
2018-08-07 09:54:04.439 INFO  Initializing ExecutorService  'repayHandleExecutor'
2018-08-07 09:54:04.766 INFO  Initializing ExecutorService  'loan7DaiExecutor'
2018-08-07 09:54:04.773 INFO  Initializing ExecutorService  'loanExecutor'
2018-08-07 09:54:04.929 INFO  Initializing ExecutorService  'repayExecutor'
2018-08-07 09:54:08.787 INFO  HV000001: Hibernate Validator 5.1.3.Final
2018-08-07 09:54:09.406 INFO  Looking for @ControllerAdvice: WebApplicationContext for namespace 'rm-resolver': startup date [Tue Aug 07 09:53:44 CST 2018]; root of context hierarchy
2018-08-07 09:54:09.518 INFO  Looking for @ControllerAdvice: WebApplicationContext for namespace 'rm-resolver': startup date [Tue Aug 07 09:53:44 CST 2018]; root of context hierarchy
2018-08-07 09:54:09.712 INFO  Mapped URL path [/siteService] onto handler '/siteService'
2018-08-07 09:54:09.722 INFO  Mapped URL path [/manageService] onto handler '/manageService'
2018-08-07 09:54:09.733 INFO  Mapped URL path [/gatewayDafyService] onto handler '/gatewayDafyService'
2018-08-07 09:54:09.744 INFO  Mapped URL path [/gatewayPay19Service] onto handler '/gatewayPay19Service'
2018-08-07 09:54:09.754 INFO  Mapped URL path [/gatewayBaoFooService] onto handler '/gatewayBaoFooService'
2018-08-07 09:54:09.767 INFO  Mapped URL path [/gatewayReapalService] onto handler '/gatewayReapalService'
2018-08-07 09:54:09.778 INFO  Mapped URL path [/gatewayMobileService] onto handler '/gatewayMobileService'
2018-08-07 09:54:09.791 INFO  Mapped URL path [/gatewayCsaiService] onto handler '/gatewayCsaiService'
2018-08-07 09:54:09.810 INFO  Mapped URL path [/gatewayLoanService] onto handler '/gatewayLoanService'
2018-08-07 09:54:09.827 INFO  Mapped URL path [/gatewayHFBankService] onto handler '/gatewayHFBankService'
2018-08-07 09:54:09.840 INFO  Mapped URL path [/gatewayQb178Service] onto handler '/gatewayQb178Service'
2018-08-07 09:54:09.854 INFO  Mapped URL path [/gatewayZsdService] onto handler '/gatewayZsdService'
2018-08-07 09:54:09.869 INFO  Mapped URL path [/gatewayDepLoan7Service] onto handler '/gatewayDepLoan7Service'
2018-08-07 09:54:09.888 INFO  Mapped URL path [/gatewayQiDianService] onto handler '/gatewayQiDianService'
2018-08-07 09:54:12.065 INFO  Shutting down ExecutorService 'repayExecutor'
2018-08-07 09:54:12.067 INFO  Shutting down ExecutorService 'loanExecutor'
2018-08-07 09:54:12.067 INFO  Shutting down ExecutorService 'loan7DaiExecutor'
2018-08-07 09:54:12.068 INFO  Shutting down ExecutorService 'repayHandleExecutor'
2018-08-07 09:54:12.070 INFO  Shutting down Quartz Scheduler
2018-08-07 09:54:12.070 INFO  Scheduler schedulerFactoryBean_$_NON_CLUSTERED shutting down.
2018-08-07 09:54:12.070 INFO  Scheduler schedulerFactoryBean_$_NON_CLUSTERED paused.
2018-08-07 09:54:12.071 INFO  Scheduler schedulerFactoryBean_$_NON_CLUSTERED shutdown complete.
2018-08-07 09:54:42.397 INFO  FrameworkServlet 'remote': initialization started
2018-08-07 09:54:42.415 INFO  Refreshing WebApplicationContext for namespace 'rm-resolver': startup date [Tue Aug 07 09:54:42 CST 2018]; root of context hierarchy
2018-08-07 09:54:42.448 INFO  Loading XML bean definitions from ServletContext resource [/WEB-INF/rm-resolver.xml]
2018-08-07 09:54:42.536 INFO  Loading XML bean definitions from class path resource [META-INF/spring/spr-common.xml]
2018-08-07 09:54:44.198 INFO  Loading XML bean definitions from class path resource [META-INF/spring/spr-quartz-dayend.xml]
2018-08-07 09:54:44.210 INFO  Loading XML bean definitions from class path resource [META-INF/spring/spr-redis-beans.xml]
2018-08-07 09:54:44.227 INFO  Loading XML bean definitions from class path resource [META-INF/remote/rm-common.xml]
2018-08-07 09:54:44.237 INFO  Loading XML bean definitions from class path resource [META-INF/remote/rm-site.xml]
2018-08-07 09:54:44.248 INFO  Loading XML bean definitions from class path resource [META-INF/remote/rm-manage.xml]
2018-08-07 09:54:44.273 INFO  Loading XML bean definitions from class path resource [META-INF/remote/rm-srv-gateway.xml]
2018-08-07 09:54:44.290 INFO  Loading XML bean definitions from class path resource [META-INF/remote/rm-client-gateway.xml]
2018-08-07 09:54:44.313 INFO  Loading XML bean definitions from class path resource [META-INF/remote/rm-client-schedule.xml]
2018-08-07 09:54:46.135 INFO  Loading properties file from class path resource [placeholder.properties]
2018-08-07 09:54:59.417 INFO  Using default implementation for ThreadExecutor
2018-08-07 09:54:59.445 INFO  Initialized Scheduler Signaller of type: class org.quartz.core.SchedulerSignalerImpl
2018-08-07 09:54:59.446 INFO  Quartz Scheduler v.2.2.1 created.
2018-08-07 09:54:59.447 INFO  RAMJobStore initialized.
2018-08-07 09:54:59.448 INFO  Scheduler meta-data: Quartz Scheduler (v2.2.1) 'schedulerFactoryBean' with instanceId 'NON_CLUSTERED'
  Scheduler class: 'org.quartz.core.QuartzScheduler' - running locally.
  NOT STARTED.
  Currently in standby mode.
  Number of jobs executed: 0
  Using thread pool 'org.quartz.simpl.SimpleThreadPool' - with 10 threads.
  Using job-store 'org.quartz.simpl.RAMJobStore' - which does not support persistence. and is not clustered.

2018-08-07 09:54:59.448 INFO  Quartz scheduler 'schedulerFactoryBean' initialized from an externally provided properties instance.
2018-08-07 09:54:59.448 INFO  Quartz scheduler version: 2.2.1
2018-08-07 09:54:59.450 INFO  JobFactory set to: org.springframework.scheduling.quartz.AdaptableJobFactory@4eb5764d
2018-08-07 09:54:59.973 INFO  Initializing ExecutorService  'repayHandleExecutor'
2018-08-07 09:55:00.168 INFO  Initializing ExecutorService  'loan7DaiExecutor'
2018-08-07 09:55:00.174 INFO  Initializing ExecutorService  'loanExecutor'
2018-08-07 09:55:00.298 INFO  Initializing ExecutorService  'repayExecutor'
2018-08-07 09:55:03.954 INFO  HV000001: Hibernate Validator 5.1.3.Final
2018-08-07 09:55:04.430 INFO  Looking for @ControllerAdvice: WebApplicationContext for namespace 'rm-resolver': startup date [Tue Aug 07 09:54:42 CST 2018]; root of context hierarchy
2018-08-07 09:55:04.526 INFO  Looking for @ControllerAdvice: WebApplicationContext for namespace 'rm-resolver': startup date [Tue Aug 07 09:54:42 CST 2018]; root of context hierarchy
2018-08-07 09:55:04.686 INFO  Mapped URL path [/siteService] onto handler '/siteService'
2018-08-07 09:55:04.698 INFO  Mapped URL path [/manageService] onto handler '/manageService'
2018-08-07 09:55:04.708 INFO  Mapped URL path [/gatewayDafyService] onto handler '/gatewayDafyService'
2018-08-07 09:55:04.716 INFO  Mapped URL path [/gatewayPay19Service] onto handler '/gatewayPay19Service'
2018-08-07 09:55:04.726 INFO  Mapped URL path [/gatewayBaoFooService] onto handler '/gatewayBaoFooService'
2018-08-07 09:55:04.740 INFO  Mapped URL path [/gatewayReapalService] onto handler '/gatewayReapalService'
2018-08-07 09:55:04.756 INFO  Mapped URL path [/gatewayMobileService] onto handler '/gatewayMobileService'
2018-08-07 09:55:04.766 INFO  Mapped URL path [/gatewayCsaiService] onto handler '/gatewayCsaiService'
2018-08-07 09:55:04.777 INFO  Mapped URL path [/gatewayLoanService] onto handler '/gatewayLoanService'
2018-08-07 09:55:04.786 INFO  Mapped URL path [/gatewayHFBankService] onto handler '/gatewayHFBankService'
2018-08-07 09:55:04.800 INFO  Mapped URL path [/gatewayQb178Service] onto handler '/gatewayQb178Service'
2018-08-07 09:55:04.811 INFO  Mapped URL path [/gatewayZsdService] onto handler '/gatewayZsdService'
2018-08-07 09:55:04.822 INFO  Mapped URL path [/gatewayDepLoan7Service] onto handler '/gatewayDepLoan7Service'
2018-08-07 09:55:04.835 INFO  Mapped URL path [/gatewayQiDianService] onto handler '/gatewayQiDianService'
2018-08-07 09:55:05.061 INFO  Starting beans in phase 2147483647
2018-08-07 09:55:05.061 INFO  Starting Quartz Scheduler now
2018-08-07 09:55:05.061 INFO  Scheduler schedulerFactoryBean_$_NON_CLUSTERED started.
2018-08-07 09:55:05.135 INFO  [quartzInitListener] init start
2018-08-07 09:55:05.954 INFO  [quartzInitListener] init end
2018-08-07 09:55:05.956 INFO  FrameworkServlet 'remote': initialization completed in 23556 ms
2018-08-07 09:56:44.077 INFO  ======交易[BannerConfig-AppStart]：开始执行======
2018-08-07 09:56:44.077 INFO  ======交易[Agreement-GetList]：开始执行======
2018-08-07 09:56:44.151 INFO  读取缓存数据，cacheMethod：redis_cache_bannerconfigfacade_appstart
2018-08-07 09:56:44.152 INFO  当前redis服务：[114.215.203.101:7379]
2018-08-07 09:56:44.487 INFO  读取缓存数据开始，cachekey：bannerconfigfacade_appstart_object_app_start
2018-08-07 09:56:44.487 INFO  当前redis服务：[114.215.203.101:7379]
2018-08-07 09:56:44.720 INFO  读取缓存数据——没有缓存数据，cachekey：bannerconfigfacade_appstart_object_app_start
2018-08-07 09:56:44.788 INFO  添加缓存redisCacheKey数据，cacheMethod：redis_cache_bannerconfigfacade_appstart，cachekey：bannerconfigfacade_appstart_object_app_start，expire：60
2018-08-07 09:56:44.788 INFO  当前redis服务：[114.215.203.101:7379]
2018-08-07 09:56:44.917 INFO  当前redis服务：[114.215.203.101:7379]
2018-08-07 09:56:44.973 INFO  ======交易[BannerConfig-AppStart]：执行结束======
2018-08-07 09:56:44.973 INFO  ======响应报文[耗时：896毫秒]======
2018-08-07 09:56:45.392 INFO  ======交易[Agreement-GetList]：执行结束======
2018-08-07 09:56:45.392 INFO  ======响应报文[耗时：1315毫秒]======
2018-08-07 09:56:52.059 INFO  ======交易[System-NewVersion]：开始执行======
2018-08-07 09:56:52.080 INFO  ======交易[BannerConfig-getList]：开始执行======
2018-08-07 09:56:52.087 INFO  读取缓存数据，cacheMethod：redis_cache_bannerconfigfacade_getlist
2018-08-07 09:56:52.088 INFO  当前redis服务：[114.215.203.101:7379]
2018-08-07 09:56:52.101 INFO  读取缓存数据开始，cachekey：bannerconfigfacade_getlist_object_app
2018-08-07 09:56:52.102 INFO  当前redis服务：[114.215.203.101:7379]
2018-08-07 09:56:52.102 INFO  ======交易[News-CurrentNews]：开始执行======
2018-08-07 09:56:52.115 INFO  读取缓存数据——没有缓存数据，cachekey：bannerconfigfacade_getlist_object_app
2018-08-07 09:56:52.117 INFO  读取缓存数据，cacheMethod：redis_cache_newsservice_currentnews
2018-08-07 09:56:52.118 INFO  当前redis服务：[114.215.203.101:7379]
2018-08-07 09:56:52.123 INFO  添加缓存redisCacheKey数据，cacheMethod：redis_cache_bannerconfigfacade_getlist，cachekey：bannerconfigfacade_getlist_object_app，expire：60
2018-08-07 09:56:52.123 INFO  当前redis服务：[114.215.203.101:7379]
2018-08-07 09:56:52.139 INFO  读取缓存数据开始，cachekey：newsservice_currentnews_object_bgw_notice_5
2018-08-07 09:56:52.140 INFO  当前redis服务：[114.215.203.101:7379]
2018-08-07 09:56:52.149 INFO  当前redis服务：[114.215.203.101:7379]
2018-08-07 09:56:52.158 INFO  读取缓存数据——没有缓存数据，cachekey：newsservice_currentnews_object_bgw_notice_5
2018-08-07 09:56:52.166 INFO  ======交易[BannerConfig-getList]：执行结束======
2018-08-07 09:56:52.168 INFO  ======响应报文[耗时：86毫秒]======
2018-08-07 09:56:52.205 INFO  ======交易[System-NewVersion]：执行结束======
2018-08-07 09:56:52.205 INFO  ======响应报文[耗时：144毫秒]======
2018-08-07 09:56:52.257 INFO  添加缓存redisCacheKey数据，cacheMethod：redis_cache_newsservice_currentnews，cachekey：newsservice_currentnews_object_bgw_notice_5，expire：60
2018-08-07 09:56:52.257 INFO  当前redis服务：[114.215.203.101:7379]
2018-08-07 09:56:52.288 INFO  当前redis服务：[114.215.203.101:7379]
2018-08-07 09:56:52.346 INFO  ======交易[News-CurrentNews]：执行结束======
2018-08-07 09:56:52.346 INFO  ======响应报文[耗时：244毫秒]======
2018-08-07 09:56:52.374 INFO  ======交易[AppActive-IsRead]：开始执行======
2018-08-07 09:56:52.377 INFO  ======交易[AppActive-IsRead]：执行结束======
2018-08-07 09:56:52.377 INFO  ======响应报文[耗时：3毫秒]======
2018-08-07 09:57:00.355 INFO  ======交易[News-CurrentNews]：开始执行======
2018-08-07 09:57:00.357 INFO  读取缓存数据，cacheMethod：redis_cache_newsservice_currentnews
2018-08-07 09:57:00.357 INFO  当前redis服务：[114.215.203.101:7379]
2018-08-07 09:57:00.421 INFO  读取缓存数据开始，cachekey：newsservice_currentnews_object_bgw_notice_5
2018-08-07 09:57:00.421 INFO  当前redis服务：[114.215.203.101:7379]
2018-08-07 09:57:00.530 INFO  读取缓存数据成功，cachekey：newsservice_currentnews_object_bgw_notice_5
2018-08-07 09:57:00.574 INFO  ======交易[News-CurrentNews]：执行结束======
2018-08-07 09:57:00.574 INFO  ======响应报文[耗时：218毫秒]======
2018-08-07 09:57:00.577 INFO  ======交易[AppActive-IsRead]：开始执行======
2018-08-07 09:57:00.577 INFO  ======交易[AppActive-IsRead]：执行结束======
2018-08-07 09:57:00.577 INFO  ======响应报文[耗时：0毫秒]======
2018-08-07 09:57:50.334 INFO  ======交易[Product-FindSuggest]：开始执行======
2018-08-07 09:57:50.339 INFO  读取缓存数据，cacheMethod：redis_cache_product_findsuggest
2018-08-07 09:57:50.339 INFO  当前redis服务：[114.215.203.101:7379]
2018-08-07 09:57:50.372 INFO  读取缓存数据开始，cachekey：product_findsuggest_object_app
2018-08-07 09:57:50.372 INFO  当前redis服务：[114.215.203.101:7379]
2018-08-07 09:57:50.406 INFO  读取缓存数据——没有缓存数据，cachekey：product_findsuggest_object_app
2018-08-07 09:57:50.583 INFO  添加缓存redisCacheKey数据，cacheMethod：redis_cache_product_findsuggest，cachekey：product_findsuggest_object_app，expire：60
2018-08-07 09:57:50.583 INFO  当前redis服务：[114.215.203.101:7379]
2018-08-07 09:57:50.619 INFO  当前redis服务：[114.215.203.101:7379]
2018-08-07 09:57:50.655 INFO  ======交易[Product-FindSuggest]：执行结束======
2018-08-07 09:57:50.656 INFO  ======响应报文[耗时：320毫秒]======
2018-08-07 09:57:50.689 INFO  ======交易[AppActive-FindPublishTime]：开始执行======
2018-08-07 09:57:50.742 INFO  ======交易[AppActive-FindPublishTime]：执行结束======
2018-08-07 09:57:50.742 INFO  ======响应报文[耗时：53毫秒]======
2018-08-07 09:57:53.847 INFO  ======交易[User-AppAddUserAddress]：开始执行======
2018-08-07 09:57:54.179 INFO  当前redis服务：[114.215.203.101:7379]
2018-08-07 09:57:54.218 INFO  >>>入用户地址队列数据:{"address":"XXXX内网IP"}<<<
2018-08-07 09:57:54.218 INFO  ======交易[User-AppAddUserAddress]：执行结束======
2018-08-07 09:57:54.219 INFO  ======响应报文[耗时：370毫秒]======
2018-08-07 09:57:54.256 INFO  ======交易[Product-ListIndexInfoQuery]：开始执行======
2018-08-07 09:57:54.262 INFO  读取缓存数据，cacheMethod：redis_cache_appproductfacade_listindexinfoquery
2018-08-07 09:57:54.262 INFO  当前redis服务：[114.215.203.101:7379]
2018-08-07 09:57:54.299 INFO  读取缓存数据开始，cachekey：appproductfacade_listindexinfoquery_object_app
2018-08-07 09:57:54.299 INFO  当前redis服务：[114.215.203.101:7379]
2018-08-07 09:57:54.333 INFO  读取缓存数据——没有缓存数据，cachekey：appproductfacade_listindexinfoquery_object_app
2018-08-07 09:57:54.593 INFO  添加缓存redisCacheKey数据，cacheMethod：redis_cache_appproductfacade_listindexinfoquery，cachekey：appproductfacade_listindexinfoquery_object_app，expire：60
2018-08-07 09:57:54.593 INFO  当前redis服务：[114.215.203.101:7379]
2018-08-07 09:57:54.632 INFO  当前redis服务：[114.215.203.101:7379]
2018-08-07 09:57:54.666 INFO  ======交易[Product-ListIndexInfoQuery]：执行结束======
2018-08-07 09:57:54.666 INFO  ======响应报文[耗时：410毫秒]======
2018-08-07 09:57:54.790 INFO  ======交易[News-CurrentNews]：开始执行======
2018-08-07 09:57:54.791 INFO  读取缓存数据，cacheMethod：redis_cache_newsservice_currentnews
2018-08-07 09:57:54.791 INFO  当前redis服务：[114.215.203.101:7379]
2018-08-07 09:57:54.838 INFO  读取缓存数据开始，cachekey：newsservice_currentnews_object_bgw_notice_5
2018-08-07 09:57:54.838 INFO  当前redis服务：[114.215.203.101:7379]
2018-08-07 09:57:54.878 INFO  读取缓存数据——没有缓存数据，cachekey：newsservice_currentnews_object_bgw_notice_5
2018-08-07 09:57:54.945 INFO  添加缓存redisCacheKey数据，cacheMethod：redis_cache_newsservice_currentnews，cachekey：newsservice_currentnews_object_bgw_notice_5，expire：60
2018-08-07 09:57:54.945 INFO  当前redis服务：[114.215.203.101:7379]
2018-08-07 09:57:55.013 INFO  当前redis服务：[114.215.203.101:7379]
2018-08-07 09:57:55.128 INFO  ======交易[News-CurrentNews]：执行结束======
2018-08-07 09:57:55.129 INFO  ======响应报文[耗时：337毫秒]======
2018-08-07 09:57:55.138 INFO  ======交易[AppActive-IsRead]：开始执行======
2018-08-07 09:57:55.138 INFO  ======交易[AppActive-IsRead]：执行结束======
2018-08-07 09:57:55.139 INFO  ======响应报文[耗时：0毫秒]======
2018-08-07 09:57:56.459 INFO  ======交易[Product-FindSuggest]：开始执行======
2018-08-07 09:57:56.461 INFO  读取缓存数据，cacheMethod：redis_cache_product_findsuggest
2018-08-07 09:57:56.461 INFO  当前redis服务：[114.215.203.101:7379]
2018-08-07 09:57:56.505 INFO  读取缓存数据开始，cachekey：product_findsuggest_object_app
2018-08-07 09:57:56.505 INFO  当前redis服务：[114.215.203.101:7379]
2018-08-07 09:57:56.550 INFO  读取缓存数据成功，cachekey：product_findsuggest_object_app
2018-08-07 09:57:56.550 INFO  ======交易[Product-FindSuggest]：执行结束======
2018-08-07 09:57:56.550 INFO  ======响应报文[耗时：90毫秒]======
2018-08-07 09:57:56.558 INFO  ======交易[AppActive-FindPublishTime]：开始执行======
2018-08-07 09:57:56.613 INFO  ======交易[AppActive-FindPublishTime]：执行结束======
2018-08-07 09:57:56.613 INFO  ======响应报文[耗时：55毫秒]======
2018-08-07 09:57:58.159 INFO  ======交易[User-AppAddUserAddress]：开始执行======
2018-08-07 09:57:58.160 INFO  当前redis服务：[114.215.203.101:7379]
2018-08-07 09:57:58.205 INFO  >>>入用户地址队列数据:{"address":"XXXX内网IP"}<<<
2018-08-07 09:57:58.205 INFO  ======交易[User-AppAddUserAddress]：执行结束======
2018-08-07 09:57:58.205 INFO  ======响应报文[耗时：45毫秒]======
2018-08-07 09:57:58.211 INFO  ======交易[Product-ListIndexInfoQuery]：开始执行======
2018-08-07 09:57:58.214 INFO  读取缓存数据，cacheMethod：redis_cache_appproductfacade_listindexinfoquery
2018-08-07 09:57:58.214 INFO  当前redis服务：[114.215.203.101:7379]
2018-08-07 09:57:58.276 INFO  读取缓存数据开始，cachekey：appproductfacade_listindexinfoquery_object_app
2018-08-07 09:57:58.276 INFO  当前redis服务：[114.215.203.101:7379]
2018-08-07 09:57:58.330 INFO  读取缓存数据成功，cachekey：appproductfacade_listindexinfoquery_object_app
2018-08-07 09:57:58.330 INFO  ======交易[Product-ListIndexInfoQuery]：执行结束======
2018-08-07 09:57:58.330 INFO  ======响应报文[耗时：118毫秒]======
2018-08-07 09:57:59.225 INFO  ======交易[User-AppAddUserAddress]：开始执行======
2018-08-07 09:57:59.226 INFO  当前redis服务：[114.215.203.101:7379]
2018-08-07 09:57:59.275 INFO  >>>入用户地址队列数据:{"address":"XXXX内网IP"}<<<
2018-08-07 09:57:59.275 INFO  ======交易[User-AppAddUserAddress]：执行结束======
2018-08-07 09:57:59.275 INFO  ======响应报文[耗时：50毫秒]======
2018-08-07 09:57:59.282 INFO  ======交易[Product-ListIndexInfoQuery]：开始执行======
2018-08-07 09:57:59.284 INFO  读取缓存数据，cacheMethod：redis_cache_appproductfacade_listindexinfoquery
2018-08-07 09:57:59.284 INFO  当前redis服务：[114.215.203.101:7379]
2018-08-07 09:57:59.328 INFO  读取缓存数据开始，cachekey：appproductfacade_listindexinfoquery_object_app
2018-08-07 09:57:59.328 INFO  当前redis服务：[114.215.203.101:7379]
2018-08-07 09:57:59.371 INFO  读取缓存数据成功，cachekey：appproductfacade_listindexinfoquery_object_app
2018-08-07 09:57:59.372 INFO  ======交易[Product-ListIndexInfoQuery]：执行结束======
2018-08-07 09:57:59.372 INFO  ======响应报文[耗时：90毫秒]======
2018-08-07 09:58:00.299 INFO  ======交易[Product-FindSuggest]：开始执行======
2018-08-07 09:58:00.300 INFO  读取缓存数据，cacheMethod：redis_cache_product_findsuggest
2018-08-07 09:58:00.301 INFO  当前redis服务：[114.215.203.101:7379]
2018-08-07 09:58:00.348 INFO  读取缓存数据开始，cachekey：product_findsuggest_object_app
2018-08-07 09:58:00.348 INFO  当前redis服务：[114.215.203.101:7379]
2018-08-07 09:58:00.404 INFO  读取缓存数据成功，cachekey：product_findsuggest_object_app
2018-08-07 09:58:00.404 INFO  ======交易[Product-FindSuggest]：执行结束======
2018-08-07 09:58:00.404 INFO  ======响应报文[耗时：105毫秒]======
2018-08-07 09:58:00.407 INFO  ======交易[AppActive-FindPublishTime]：开始执行======
2018-08-07 09:58:00.455 INFO  ======交易[AppActive-FindPublishTime]：执行结束======
2018-08-07 09:58:00.455 INFO  ======响应报文[耗时：48毫秒]======
2018-08-07 09:59:31.218 INFO  ======交易[Product-ListIndexInfoQuery]：开始执行======
2018-08-07 09:59:31.221 INFO  读取缓存数据，cacheMethod：redis_cache_appproductfacade_listindexinfoquery
2018-08-07 09:59:31.221 INFO  当前redis服务：[114.215.203.101:7379]
2018-08-07 09:59:31.326 INFO  读取缓存数据开始，cachekey：appproductfacade_listindexinfoquery_object_app
2018-08-07 09:59:31.326 INFO  当前redis服务：[114.215.203.101:7379]
2018-08-07 09:59:31.377 INFO  读取缓存数据——没有缓存数据，cachekey：appproductfacade_listindexinfoquery_object_app
2018-08-07 09:59:31.592 INFO  添加缓存redisCacheKey数据，cacheMethod：redis_cache_appproductfacade_listindexinfoquery，cachekey：appproductfacade_listindexinfoquery_object_app，expire：60
2018-08-07 09:59:31.592 INFO  当前redis服务：[114.215.203.101:7379]
2018-08-07 09:59:31.633 INFO  当前redis服务：[114.215.203.101:7379]
2018-08-07 09:59:31.673 INFO  ======交易[Product-ListIndexInfoQuery]：执行结束======
2018-08-07 09:59:31.673 INFO  ======响应报文[耗时：455毫秒]======
2018-08-07 10:00:08.990 INFO  ======交易[User-InfoValidation]：开始执行======
2018-08-07 10:00:17.171 INFO  ======交易[User-Login]：开始执行======
2018-08-07 10:00:17.543 INFO  ======交易[User-Login]：执行结束======
2018-08-07 10:00:17.543 INFO  ======响应报文[耗时：372毫秒]======
2018-08-07 10:00:17.643 INFO  ======交易[UserMainOperation-UserMainOperationAdd]：开始执行======
2018-08-07 10:00:17.721 INFO  APP币港湾用户核心业务拦截（登录、修改密码、绑卡、充值、提现、购买、奖励金转余额），请求参数：{"channel":"","extendMap":null,"mobile":"15306572285","msgID":"","referer":"","sendDate":"","sendTime":"","srcAgent":"%E5%B8%81%E6%B8%AF%E6%B9%BE/2.6.1 CFNetwork/897.15 Darwin/17.5.0","srcIp":"192.168.4.235","transCode":"UserMainOperation-UserMainOperationAdd","url":"http://192.168.3.82:8083/gateway/remote/mobile/index/login/v_1.0.1","userId":0,"version":"1.0.0"}
2018-08-07 10:00:17.813 INFO  ======交易[ActiveUserRecord-AddRecord]：开始执行======
2018-08-07 10:00:17.912 INFO  ======交易[ActiveUserRecord-AddRecord]：开始执行======
2018-08-07 10:00:18.130 INFO  ======交易[ActiveUserRecord-AddRecord]：执行结束======
2018-08-07 10:00:18.130 INFO  ======响应报文[耗时：217毫秒]======
2018-08-07 10:00:18.141 INFO  APP币港湾用户核心业务拦截（登录、修改密码、绑卡、充值、提现、购买、奖励金转余额），结束：{"channel":"","extendMap":null,"mobile":"15306572285","msgID":"","referer":"","sendDate":"","sendTime":"","srcAgent":"%E5%B8%81%E6%B8%AF%E6%B9%BE/2.6.1 CFNetwork/897.15 Darwin/17.5.0","srcIp":"192.168.4.235","transCode":"UserMainOperation-UserMainOperationAdd","url":"http://192.168.3.82:8083/gateway/remote/mobile/index/login/v_1.0.1","userId":0,"version":"1.0.0"}
2018-08-07 10:00:18.141 INFO  ======交易[UserMainOperation-UserMainOperationAdd]：执行结束======
2018-08-07 10:00:18.141 INFO  ======响应报文[耗时：498毫秒]======
2018-08-07 10:00:18.146 INFO  ======交易[User-AssetInfoQuery]：开始执行======
2018-08-07 10:00:18.155 INFO  ======交易[ActiveUserRecord-AddRecord]：开始执行======
2018-08-07 10:00:18.197 INFO  ======交易[ActiveUserRecord-AddRecord]：执行结束======
2018-08-07 10:00:18.197 INFO  ======响应报文[耗时：384毫秒]======
2018-08-07 10:00:18.216 INFO  ======交易[User-AppVersion]：开始执行======
2018-08-07 10:00:18.302 INFO  ======交易[ActiveUserRecord-AddRecord]：执行结束======
2018-08-07 10:00:18.302 INFO  ======响应报文[耗时：147毫秒]======
2018-08-07 10:00:18.305 INFO  ======交易[User-AssetInfoQuery]：开始执行======
2018-08-07 10:00:18.461 INFO  ======交易[User-AppVersion]：执行结束======
2018-08-07 10:00:18.461 INFO  ======响应报文[耗时：245毫秒]======
2018-08-07 10:00:20.924 INFO  expression = a-a-a-a; amounts = [3010200.0, 2739000.0, 0.0, 0.0]; a的个数：4; amount的个数：4
2018-08-07 10:00:20.924 INFO  expression = a-a-a-a; amounts = [3010200.0, 2739000.0, 0.0, 0.0]; a的个数：4; amount的个数：4
2018-08-07 10:00:21.949 INFO  用户2000061已进行风险测评
2018-08-07 10:00:21.950 INFO  ======交易[User-AssetInfoQuery]：执行结束======
2018-08-07 10:00:21.950 INFO  ======响应报文[耗时：3804毫秒]======
2018-08-07 10:00:21.950 INFO  用户2000061已进行风险测评
2018-08-07 10:00:21.950 INFO  ======交易[User-AssetInfoQuery]：执行结束======
2018-08-07 10:00:21.950 INFO  ======响应报文[耗时：3645毫秒]======
2018-08-07 10:00:21.958 INFO  ======交易[User-InfoQuery]：开始执行======
2018-08-07 10:00:21.958 INFO  ======交易[User-InfoQuery]：开始执行======
2018-08-07 10:00:21.994 INFO  ======交易[User-InfoQuery]：执行结束======
2018-08-07 10:00:21.994 INFO  ======响应报文[耗时：36毫秒]======
2018-08-07 10:00:22.008 INFO  ======交易[User-InfoQuery]：执行结束======
2018-08-07 10:00:22.009 INFO  ======响应报文[耗时：50毫秒]======
2018-08-07 10:00:22.383 INFO  ======交易[ActiveUserRecord-AddRecord]：开始执行======
2018-08-07 10:00:22.385 INFO  ======交易[ActiveUserRecord-AddRecord]：开始执行======
2018-08-07 10:00:22.412 INFO  ======交易[ActiveUserRecord-AddRecord]：执行结束======
2018-08-07 10:00:22.413 INFO  ======响应报文[耗时：27毫秒]======
2018-08-07 10:00:22.415 INFO  ======交易[ActiveUserRecord-AddRecord]：执行结束======
2018-08-07 10:00:22.415 INFO  ======响应报文[耗时：32毫秒]======
2018-08-07 10:00:22.421 INFO  ======交易[News-CurrentNews]：开始执行======
2018-08-07 10:00:22.421 INFO  读取缓存数据，cacheMethod：redis_cache_newsservice_currentnews
2018-08-07 10:00:22.422 INFO  当前redis服务：[114.215.203.101:7379]
2018-08-07 10:00:22.489 INFO  读取缓存数据开始，cachekey：newsservice_currentnews_object_bgw_notice_5
2018-08-07 10:00:22.489 INFO  当前redis服务：[114.215.203.101:7379]
2018-08-07 10:00:22.543 INFO  读取缓存数据——没有缓存数据，cachekey：newsservice_currentnews_object_bgw_notice_5
2018-08-07 10:00:22.609 INFO  添加缓存redisCacheKey数据，cacheMethod：redis_cache_newsservice_currentnews，cachekey：newsservice_currentnews_object_bgw_notice_5，expire：60
2018-08-07 10:00:22.609 INFO  当前redis服务：[114.215.203.101:7379]
2018-08-07 10:00:22.706 INFO  当前redis服务：[114.215.203.101:7379]
2018-08-07 10:00:23.014 INFO  ======交易[News-CurrentNews]：执行结束======
2018-08-07 10:00:23.014 INFO  ======响应报文[耗时：593毫秒]======
2018-08-07 10:00:23.016 INFO  ======交易[AppActive-IsRead]：开始执行======
2018-08-07 10:00:23.080 INFO  ======交易[AppActive-IsRead]：执行结束======
2018-08-07 10:00:23.080 INFO  ======响应报文[耗时：64毫秒]======
2018-08-07 10:00:30.116 INFO  ======交易[Product-FindSuggest]：开始执行======
2018-08-07 10:00:30.117 INFO  读取缓存数据，cacheMethod：redis_cache_product_findsuggest
2018-08-07 10:00:30.117 INFO  当前redis服务：[114.215.203.101:7379]
2018-08-07 10:00:30.187 INFO  读取缓存数据开始，cachekey：product_findsuggest_object_app
2018-08-07 10:00:30.187 INFO  当前redis服务：[114.215.203.101:7379]
2018-08-07 10:00:30.262 INFO  读取缓存数据——没有缓存数据，cachekey：product_findsuggest_object_app
2018-08-07 10:00:30.484 INFO  添加缓存redisCacheKey数据，cacheMethod：redis_cache_product_findsuggest，cachekey：product_findsuggest_object_app，expire：60
2018-08-07 10:00:30.485 INFO  当前redis服务：[114.215.203.101:7379]
2018-08-07 10:00:30.585 INFO  当前redis服务：[114.215.203.101:7379]
2018-08-07 10:00:30.653 INFO  ======交易[Product-FindSuggest]：执行结束======
2018-08-07 10:00:30.653 INFO  ======响应报文[耗时：537毫秒]======
2018-08-07 10:00:30.662 INFO  ======交易[Product-IsExistRedPacket]：开始执行======
2018-08-07 10:00:30.692 INFO  ======交易[Product-IsExistRedPacket]：执行结束======
2018-08-07 10:00:30.692 INFO  ======响应报文[耗时：30毫秒]======
2018-08-07 10:00:30.696 INFO  ======交易[AppActive-FindPublishTime]：开始执行======
2018-08-07 10:00:30.793 INFO  ======交易[AppActive-FindPublishTime]：执行结束======
2018-08-07 10:00:30.793 INFO  ======响应报文[耗时：97毫秒]======
2018-08-07 10:00:32.730 INFO  ======交易[ActiveUserRecord-AddRecord]：开始执行======
2018-08-07 10:00:32.796 INFO  ======交易[ActiveUserRecord-AddRecord]：执行结束======
2018-08-07 10:00:32.796 INFO  ======响应报文[耗时：66毫秒]======
2018-08-07 10:00:41.501 INFO  ======交易[Product-ListIndexInfoQuery4User]：开始执行======
2018-08-07 10:00:41.887 INFO  ======交易[Product-ListIndexInfoQuery4User]：执行结束======
2018-08-07 10:00:41.887 INFO  ======响应报文[耗时：386毫秒]======
2018-08-07 10:00:41.893 INFO  ======交易[Product-ListIndexInfoQuery]：开始执行======
2018-08-07 10:00:41.896 INFO  读取缓存数据，cacheMethod：redis_cache_appproductfacade_listindexinfoquery
2018-08-07 10:00:41.896 INFO  当前redis服务：[114.215.203.101:7379]
2018-08-07 10:00:41.940 INFO  读取缓存数据开始，cachekey：appproductfacade_listindexinfoquery_object_app
2018-08-07 10:00:41.940 INFO  当前redis服务：[114.215.203.101:7379]
2018-08-07 10:00:41.983 INFO  读取缓存数据——没有缓存数据，cachekey：appproductfacade_listindexinfoquery_object_app
2018-08-07 10:00:42.248 INFO  添加缓存redisCacheKey数据，cacheMethod：redis_cache_appproductfacade_listindexinfoquery，cachekey：appproductfacade_listindexinfoquery_object_app，expire：60
2018-08-07 10:00:42.248 INFO  当前redis服务：[114.215.203.101:7379]
2018-08-07 10:00:42.309 INFO  当前redis服务：[114.215.203.101:7379]
2018-08-07 10:00:42.347 INFO  ======交易[Product-ListIndexInfoQuery]：执行结束======
2018-08-07 10:00:42.348 INFO  ======响应报文[耗时：453毫秒]======
2018-08-07 10:29:25.711 INFO  ======交易[ActiveUserRecord-AddRecord]：开始执行======
2018-08-07 10:29:25.721 INFO  ======交易[Agreement-GetList]：开始执行======
2018-08-07 10:29:25.736 INFO  ======交易[ActiveUserRecord-AddRecord]：执行结束======
2018-08-07 10:29:25.736 INFO  ======响应报文[耗时：17毫秒]======
2018-08-07 10:29:25.736 INFO  ======交易[User-AssetInfoQuery]：开始执行======
2018-08-07 10:29:25.736 INFO  ======交易[BannerConfig-AppStart]：开始执行======
2018-08-07 10:29:25.752 INFO  读取缓存数据，cacheMethod：redis_cache_bannerconfigfacade_appstart
2018-08-07 10:29:25.752 INFO  当前redis服务：[114.215.203.101:7379]
2018-08-07 10:29:25.768 INFO  读取缓存数据开始，cachekey：bannerconfigfacade_appstart_object_app_start
2018-08-07 10:29:25.768 INFO  当前redis服务：[114.215.203.101:7379]
2018-08-07 10:29:25.783 INFO  读取缓存数据——没有缓存数据，cachekey：bannerconfigfacade_appstart_object_app_start
2018-08-07 10:29:25.799 INFO  添加缓存redisCacheKey数据，cacheMethod：redis_cache_bannerconfigfacade_appstart，cachekey：bannerconfigfacade_appstart_object_app_start，expire：60
2018-08-07 10:29:25.799 INFO  当前redis服务：[114.215.203.101:7379]
2018-08-07 10:29:25.799 INFO  ======交易[System-NewVersion]：开始执行======
2018-08-07 10:29:25.814 INFO  当前redis服务：[114.215.203.101:7379]
2018-08-07 10:29:25.830 INFO  ======交易[BannerConfig-AppStart]：执行结束======
2018-08-07 10:29:25.830 INFO  ======响应报文[耗时：94毫秒]======
2018-08-07 10:29:25.846 INFO  ======交易[BannerConfig-getList]：开始执行======
2018-08-07 10:29:25.846 INFO  读取缓存数据，cacheMethod：redis_cache_bannerconfigfacade_getlist
2018-08-07 10:29:25.846 INFO  当前redis服务：[114.215.203.101:7379]
2018-08-07 10:29:25.861 INFO  读取缓存数据开始，cachekey：bannerconfigfacade_getlist_object_app
2018-08-07 10:29:25.861 INFO  当前redis服务：[114.215.203.101:7379]
2018-08-07 10:29:25.877 INFO  读取缓存数据——没有缓存数据，cachekey：bannerconfigfacade_getlist_object_app
2018-08-07 10:29:25.877 INFO  ======交易[System-NewVersion]：执行结束======
2018-08-07 10:29:25.877 INFO  ======响应报文[耗时：78毫秒]======
2018-08-07 10:29:25.877 INFO  添加缓存redisCacheKey数据，cacheMethod：redis_cache_bannerconfigfacade_getlist，cachekey：bannerconfigfacade_getlist_object_app，expire：60
2018-08-07 10:29:25.877 INFO  当前redis服务：[114.215.203.101:7379]
2018-08-07 10:29:25.893 INFO  当前redis服务：[114.215.203.101:7379]
2018-08-07 10:29:25.908 INFO  ======交易[ActiveUserRecord-AddRecord]：开始执行======
2018-08-07 10:29:25.908 INFO  ======交易[ActiveUserRecord-AddRecord]：执行结束======
2018-08-07 10:29:25.908 INFO  ======响应报文[耗时：0毫秒]======
2018-08-07 10:29:25.908 INFO  ======交易[News-CurrentNews]：开始执行======
2018-08-07 10:29:25.908 INFO  读取缓存数据，cacheMethod：redis_cache_newsservice_currentnews
2018-08-07 10:29:25.908 INFO  当前redis服务：[114.215.203.101:7379]
2018-08-07 10:29:25.908 INFO  ======交易[BannerConfig-getList]：执行结束======
2018-08-07 10:29:25.908 INFO  ======响应报文[耗时：62毫秒]======
2018-08-07 10:29:25.924 INFO  expression = a-a-a-a; amounts = [3010200.0, 2739000.0, 0.0, 0.0]; a的个数：4; amount的个数：4
2018-08-07 10:29:25.924 INFO  ======交易[ActiveUserRecord-AddRecord]：开始执行======
2018-08-07 10:29:25.939 INFO  ======交易[ActiveUserRecord-AddRecord]：执行结束======
2018-08-07 10:29:25.939 INFO  ======响应报文[耗时：15毫秒]======
2018-08-07 10:29:25.939 INFO  读取缓存数据开始，cachekey：newsservice_currentnews_object_bgw_notice_5
2018-08-07 10:29:25.939 INFO  当前redis服务：[114.215.203.101:7379]
2018-08-07 10:29:25.955 INFO  读取缓存数据——没有缓存数据，cachekey：newsservice_currentnews_object_bgw_notice_5
2018-08-07 10:29:25.986 INFO  添加缓存redisCacheKey数据，cacheMethod：redis_cache_newsservice_currentnews，cachekey：newsservice_currentnews_object_bgw_notice_5，expire：60
2018-08-07 10:29:25.986 INFO  当前redis服务：[114.215.203.101:7379]
2018-08-07 10:29:26.018 INFO  当前redis服务：[114.215.203.101:7379]
2018-08-07 10:29:26.049 INFO  ======交易[Agreement-GetList]：执行结束======
2018-08-07 10:29:26.049 INFO  ======响应报文[耗时：328毫秒]======
2018-08-07 10:29:26.080 INFO  ======交易[News-CurrentNews]：执行结束======
2018-08-07 10:29:26.080 INFO  ======响应报文[耗时：172毫秒]======
2018-08-07 10:29:26.080 INFO  ======交易[AppActive-IsRead]：开始执行======
2018-08-07 10:29:26.080 INFO  用户2000061已进行风险测评
2018-08-07 10:29:26.080 INFO  ======交易[User-AssetInfoQuery]：执行结束======
2018-08-07 10:29:26.080 INFO  ======响应报文[耗时：344毫秒]======
2018-08-07 10:29:26.080 INFO  ======交易[User-InfoQuery]：开始执行======
2018-08-07 10:29:26.096 INFO  ======交易[User-InfoQuery]：执行结束======
2018-08-07 10:29:26.096 INFO  ======响应报文[耗时：16毫秒]======
2018-08-07 10:29:26.096 INFO  ======交易[AppActive-IsRead]：执行结束======
2018-08-07 10:29:26.096 INFO  ======响应报文[耗时：16毫秒]======
2018-08-07 10:29:39.111 INFO  ======交易[Product-FindSuggest]：开始执行======
2018-08-07 10:29:39.114 INFO  读取缓存数据，cacheMethod：redis_cache_product_findsuggest
2018-08-07 10:29:39.114 INFO  当前redis服务：[114.215.203.101:7379]
2018-08-07 10:29:39.131 INFO  读取缓存数据开始，cachekey：product_findsuggest_object_app
2018-08-07 10:29:39.131 INFO  当前redis服务：[114.215.203.101:7379]
2018-08-07 10:29:39.131 INFO  读取缓存数据——没有缓存数据，cachekey：product_findsuggest_object_app
2018-08-07 10:29:39.193 INFO  添加缓存redisCacheKey数据，cacheMethod：redis_cache_product_findsuggest，cachekey：product_findsuggest_object_app，expire：60
2018-08-07 10:29:39.193 INFO  当前redis服务：[114.215.203.101:7379]
2018-08-07 10:29:39.209 INFO  当前redis服务：[114.215.203.101:7379]
2018-08-07 10:29:39.225 INFO  ======交易[Product-FindSuggest]：执行结束======
2018-08-07 10:29:39.225 INFO  ======响应报文[耗时：114毫秒]======
2018-08-07 10:29:39.240 INFO  ======交易[Product-IsExistRedPacket]：开始执行======
2018-08-07 10:29:39.240 INFO  ======交易[Product-IsExistRedPacket]：执行结束======
2018-08-07 10:29:39.240 INFO  ======响应报文[耗时：0毫秒]======
2018-08-07 10:29:39.240 INFO  ======交易[AppActive-FindPublishTime]：开始执行======
2018-08-07 10:29:39.271 INFO  ======交易[AppActive-FindPublishTime]：执行结束======
2018-08-07 10:29:39.271 INFO  ======响应报文[耗时：31毫秒]======
2018-08-07 10:29:40.568 INFO  ======交易[ActiveUserRecord-AddRecord]：开始执行======
2018-08-07 10:29:40.569 INFO  ======交易[ActiveUserRecord-AddRecord]：执行结束======
2018-08-07 10:29:40.569 INFO  ======响应报文[耗时：1毫秒]======
2018-08-07 10:29:40.569 INFO  ======交易[User-AssetInfoQuery]：开始执行======
2018-08-07 10:29:40.710 INFO  expression = a-a-a-a; amounts = [3010200.0, 2739000.0, 0.0, 0.0]; a的个数：4; amount的个数：4
2018-08-07 10:29:40.835 INFO  用户2000061已进行风险测评
2018-08-07 10:29:40.835 INFO  ======交易[User-AssetInfoQuery]：执行结束======
2018-08-07 10:29:40.835 INFO  ======响应报文[耗时：266毫秒]======
2018-08-07 10:29:40.850 INFO  ======交易[User-InfoQuery]：开始执行======
2018-08-07 10:29:40.850 INFO  ======交易[User-InfoQuery]：执行结束======
2018-08-07 10:29:40.850 INFO  ======响应报文[耗时：0毫秒]======
2018-08-07 10:29:42.633 INFO  ======交易[ActiveUserRecord-AddRecord]：开始执行======
2018-08-07 10:29:42.634 INFO  ======交易[ActiveUserRecord-AddRecord]：执行结束======
2018-08-07 10:29:42.634 INFO  ======响应报文[耗时：1毫秒]======
2018-08-07 10:29:42.666 INFO  ======交易[User-InfoQuery]：开始执行======
2018-08-07 10:29:42.666 INFO  ======交易[User-InfoQuery]：执行结束======
2018-08-07 10:29:42.666 INFO  ======响应报文[耗时：0毫秒]======
2018-08-07 10:29:43.892 INFO  ======交易[ActiveUserRecord-AddRecord]：开始执行======
2018-08-07 10:29:43.895 INFO  ======交易[ActiveUserRecord-AddRecord]：执行结束======
2018-08-07 10:29:43.895 INFO  ======响应报文[耗时：3毫秒]======
2018-08-07 10:29:48.482 INFO  ======交易[News-CurrentNews]：开始执行======
2018-08-07 10:29:48.489 INFO  读取缓存数据，cacheMethod：redis_cache_newsservice_currentnews
2018-08-07 10:29:48.489 INFO  当前redis服务：[114.215.203.101:7379]
2018-08-07 10:29:48.490 INFO  读取缓存数据开始，cachekey：newsservice_currentnews_object_bgw_notice_5
2018-08-07 10:29:48.490 INFO  当前redis服务：[114.215.203.101:7379]
2018-08-07 10:29:48.505 INFO  读取缓存数据成功，cachekey：newsservice_currentnews_object_bgw_notice_5
2018-08-07 10:29:48.536 INFO  ======交易[News-CurrentNews]：执行结束======
2018-08-07 10:29:48.536 INFO  ======响应报文[耗时：48毫秒]======
2018-08-07 10:29:48.536 INFO  ======交易[AppActive-IsRead]：开始执行======
2018-08-07 10:29:48.536 INFO  ======交易[AppActive-IsRead]：执行结束======
2018-08-07 10:29:48.536 INFO  ======响应报文[耗时：0毫秒]======
2018-08-07 10:29:51.581 INFO  ======交易[News-CurrentNews]：开始执行======
2018-08-07 10:29:51.592 INFO  读取缓存数据，cacheMethod：redis_cache_newsservice_currentnews
2018-08-07 10:29:51.593 INFO  当前redis服务：[114.215.203.101:7379]
2018-08-07 10:29:51.594 INFO  读取缓存数据开始，cachekey：newsservice_currentnews_object_bgw_notice_5
2018-08-07 10:29:51.594 INFO  当前redis服务：[114.215.203.101:7379]
2018-08-07 10:29:51.626 INFO  读取缓存数据成功，cachekey：newsservice_currentnews_object_bgw_notice_5
2018-08-07 10:29:51.673 INFO  ======交易[News-CurrentNews]：执行结束======
2018-08-07 10:29:51.673 INFO  ======响应报文[耗时：92毫秒]======
2018-08-07 10:29:51.673 INFO  ======交易[AppActive-IsRead]：开始执行======
2018-08-07 10:29:51.673 INFO  ======交易[AppActive-IsRead]：执行结束======
2018-08-07 10:29:51.673 INFO  ======响应报文[耗时：0毫秒]======
2018-08-07 10:30:09.112 INFO  ======交易[Product-FindSuggest]：开始执行======
2018-08-07 10:30:09.115 INFO  读取缓存数据，cacheMethod：redis_cache_product_findsuggest
2018-08-07 10:30:09.116 INFO  当前redis服务：[114.215.203.101:7379]
2018-08-07 10:30:09.133 INFO  读取缓存数据开始，cachekey：product_findsuggest_object_app
2018-08-07 10:30:09.133 INFO  当前redis服务：[114.215.203.101:7379]
2018-08-07 10:30:09.133 INFO  读取缓存数据成功，cachekey：product_findsuggest_object_app
2018-08-07 10:30:09.133 INFO  ======交易[Product-FindSuggest]：执行结束======
2018-08-07 10:30:09.133 INFO  ======响应报文[耗时：21毫秒]======
2018-08-07 10:30:09.148 INFO  ======交易[AppActive-FindPublishTime]：开始执行======
2018-08-07 10:30:09.148 INFO  ======交易[AppActive-FindPublishTime]：执行结束======
2018-08-07 10:30:09.148 INFO  ======响应报文[耗时：0毫秒]======
2018-08-07 10:30:12.003 INFO  ======交易[Product-FindSuggest]：开始执行======
2018-08-07 10:30:12.019 INFO  读取缓存数据，cacheMethod：redis_cache_product_findsuggest
2018-08-07 10:30:12.019 INFO  当前redis服务：[114.215.203.101:7379]
2018-08-07 10:30:12.020 INFO  读取缓存数据开始，cachekey：product_findsuggest_object_app
2018-08-07 10:30:12.020 INFO  当前redis服务：[114.215.203.101:7379]
2018-08-07 10:30:12.036 INFO  读取缓存数据成功，cachekey：product_findsuggest_object_app
2018-08-07 10:30:12.036 INFO  ======交易[Product-FindSuggest]：执行结束======
2018-08-07 10:30:12.036 INFO  ======响应报文[耗时：33毫秒]======
2018-08-07 10:30:12.036 INFO  ======交易[AppActive-FindPublishTime]：开始执行======
2018-08-07 10:30:12.051 INFO  ======交易[AppActive-FindPublishTime]：执行结束======
2018-08-07 10:30:12.051 INFO  ======响应报文[耗时：15毫秒]======
2018-08-07 10:31:02.752 INFO  ======交易[Product-ListIndexInfoQuery]：开始执行======
2018-08-07 10:31:02.754 INFO  读取缓存数据，cacheMethod：redis_cache_appproductfacade_listindexinfoquery
2018-08-07 10:31:02.754 INFO  当前redis服务：[114.215.203.101:7379]
2018-08-07 10:31:02.754 INFO  读取缓存数据开始，cachekey：appproductfacade_listindexinfoquery_object_app
2018-08-07 10:31:02.754 INFO  当前redis服务：[114.215.203.101:7379]
2018-08-07 10:31:02.770 INFO  读取缓存数据——没有缓存数据，cachekey：appproductfacade_listindexinfoquery_object_app
2018-08-07 10:31:02.895 INFO  添加缓存redisCacheKey数据，cacheMethod：redis_cache_appproductfacade_listindexinfoquery，cachekey：appproductfacade_listindexinfoquery_object_app，expire：60
2018-08-07 10:31:02.895 INFO  当前redis服务：[114.215.203.101:7379]
2018-08-07 10:31:02.895 INFO  当前redis服务：[114.215.203.101:7379]
2018-08-07 10:31:02.910 INFO  ======交易[Product-ListIndexInfoQuery]：执行结束======
2018-08-07 10:31:02.910 INFO  ======响应报文[耗时：158毫秒]======
2018-08-07 10:31:50.690 INFO  ======交易[Product-ListIndexInfoQuery]：开始执行======
2018-08-07 10:31:50.707 INFO  读取缓存数据，cacheMethod：redis_cache_appproductfacade_listindexinfoquery
2018-08-07 10:31:50.707 INFO  当前redis服务：[114.215.203.101:7379]
2018-08-07 10:31:50.723 INFO  读取缓存数据开始，cachekey：appproductfacade_listindexinfoquery_object_app
2018-08-07 10:31:50.723 INFO  当前redis服务：[114.215.203.101:7379]
2018-08-07 10:31:50.738 INFO  读取缓存数据成功，cachekey：appproductfacade_listindexinfoquery_object_app
2018-08-07 10:31:50.738 INFO  ======交易[Product-ListIndexInfoQuery]：执行结束======
2018-08-07 10:31:50.738 INFO  ======响应报文[耗时：33毫秒]======
2018-08-07 10:32:54.781 INFO  FrameworkServlet 'remote': initialization started
2018-08-07 10:32:54.813 INFO  Refreshing WebApplicationContext for namespace 'rm-resolver': startup date [Tue Aug 07 10:32:54 CST 2018]; root of context hierarchy
2018-08-07 10:32:54.844 INFO  Loading XML bean definitions from ServletContext resource [/WEB-INF/rm-resolver.xml]
2018-08-07 10:32:54.938 INFO  Loading XML bean definitions from class path resource [META-INF/spring/spr-common.xml]
2018-08-07 10:32:56.703 INFO  Loading XML bean definitions from class path resource [META-INF/spring/spr-quartz-dayend.xml]
2018-08-07 10:32:56.712 INFO  Loading XML bean definitions from class path resource [META-INF/spring/spr-redis-beans.xml]
2018-08-07 10:32:56.728 INFO  Loading XML bean definitions from class path resource [META-INF/remote/rm-common.xml]
2018-08-07 10:32:56.743 INFO  Loading XML bean definitions from class path resource [META-INF/remote/rm-site.xml]
2018-08-07 10:32:56.759 INFO  Loading XML bean definitions from class path resource [META-INF/remote/rm-manage.xml]
2018-08-07 10:32:56.774 INFO  Loading XML bean definitions from class path resource [META-INF/remote/rm-srv-gateway.xml]
2018-08-07 10:32:56.790 INFO  Loading XML bean definitions from class path resource [META-INF/remote/rm-client-gateway.xml]
2018-08-07 10:32:56.806 INFO  Loading XML bean definitions from class path resource [META-INF/remote/rm-client-schedule.xml]
2018-08-07 10:32:58.707 INFO  Loading properties file from class path resource [placeholder.properties]
2018-08-07 10:33:11.790 INFO  Using default implementation for ThreadExecutor
2018-08-07 10:33:11.810 INFO  Initialized Scheduler Signaller of type: class org.quartz.core.SchedulerSignalerImpl
2018-08-07 10:33:11.810 INFO  Quartz Scheduler v.2.2.1 created.
2018-08-07 10:33:11.825 INFO  RAMJobStore initialized.
2018-08-07 10:33:11.825 INFO  Scheduler meta-data: Quartz Scheduler (v2.2.1) 'schedulerFactoryBean' with instanceId 'NON_CLUSTERED'
  Scheduler class: 'org.quartz.core.QuartzScheduler' - running locally.
  NOT STARTED.
  Currently in standby mode.
  Number of jobs executed: 0
  Using thread pool 'org.quartz.simpl.SimpleThreadPool' - with 10 threads.
  Using job-store 'org.quartz.simpl.RAMJobStore' - which does not support persistence. and is not clustered.

2018-08-07 10:33:11.825 INFO  Quartz scheduler 'schedulerFactoryBean' initialized from an externally provided properties instance.
2018-08-07 10:33:11.825 INFO  Quartz scheduler version: 2.2.1
2018-08-07 10:33:11.825 INFO  JobFactory set to: org.springframework.scheduling.quartz.AdaptableJobFactory@359ea595
2018-08-07 10:33:12.294 INFO  Initializing ExecutorService  'repayHandleExecutor'
2018-08-07 10:33:12.481 INFO  Initializing ExecutorService  'loan7DaiExecutor'
2018-08-07 10:33:12.481 INFO  Initializing ExecutorService  'loanExecutor'
2018-08-07 10:33:12.606 INFO  Initializing ExecutorService  'repayExecutor'
2018-08-07 10:33:16.184 INFO  HV000001: Hibernate Validator 5.1.3.Final
2018-08-07 10:33:16.639 INFO  Looking for @ControllerAdvice: WebApplicationContext for namespace 'rm-resolver': startup date [Tue Aug 07 10:32:54 CST 2018]; root of context hierarchy
2018-08-07 10:33:16.717 INFO  Looking for @ControllerAdvice: WebApplicationContext for namespace 'rm-resolver': startup date [Tue Aug 07 10:32:54 CST 2018]; root of context hierarchy
2018-08-07 10:33:16.889 INFO  Mapped URL path [/siteService] onto handler '/siteService'
2018-08-07 10:33:16.905 INFO  Mapped URL path [/manageService] onto handler '/manageService'
2018-08-07 10:33:16.920 INFO  Mapped URL path [/gatewayDafyService] onto handler '/gatewayDafyService'
2018-08-07 10:33:16.936 INFO  Mapped URL path [/gatewayPay19Service] onto handler '/gatewayPay19Service'
2018-08-07 10:33:16.936 INFO  Mapped URL path [/gatewayBaoFooService] onto handler '/gatewayBaoFooService'
2018-08-07 10:33:16.951 INFO  Mapped URL path [/gatewayReapalService] onto handler '/gatewayReapalService'
2018-08-07 10:33:16.967 INFO  Mapped URL path [/gatewayMobileService] onto handler '/gatewayMobileService'
2018-08-07 10:33:16.983 INFO  Mapped URL path [/gatewayCsaiService] onto handler '/gatewayCsaiService'
2018-08-07 10:33:16.998 INFO  Mapped URL path [/gatewayLoanService] onto handler '/gatewayLoanService'
2018-08-07 10:33:16.998 INFO  Mapped URL path [/gatewayHFBankService] onto handler '/gatewayHFBankService'
2018-08-07 10:33:17.014 INFO  Mapped URL path [/gatewayQb178Service] onto handler '/gatewayQb178Service'
2018-08-07 10:33:17.030 INFO  Mapped URL path [/gatewayZsdService] onto handler '/gatewayZsdService'
2018-08-07 10:33:17.045 INFO  Mapped URL path [/gatewayDepLoan7Service] onto handler '/gatewayDepLoan7Service'
2018-08-07 10:33:17.061 INFO  Mapped URL path [/gatewayQiDianService] onto handler '/gatewayQiDianService'
2018-08-07 10:33:17.215 INFO  Starting beans in phase 2147483647
2018-08-07 10:33:17.230 INFO  Starting Quartz Scheduler now
2018-08-07 10:33:17.230 INFO  Scheduler schedulerFactoryBean_$_NON_CLUSTERED started.
2018-08-07 10:33:17.310 INFO  [quartzInitListener] init start
2018-08-07 10:33:17.919 INFO  [quartzInitListener] init end
2018-08-07 10:33:17.935 INFO  FrameworkServlet 'remote': initialization completed in 23138 ms
2018-08-07 10:37:45.115 INFO  ======交易[News-CurrentNews]：开始执行======
2018-08-07 10:37:45.228 INFO  读取缓存数据，cacheMethod：redis_cache_newsservice_currentnews
2018-08-07 10:37:45.228 INFO  当前redis服务：[114.215.203.101:7379]
2018-08-07 10:37:45.290 INFO  读取缓存数据开始，cachekey：newsservice_currentnews_object_bgw_notice_5
2018-08-07 10:37:45.290 INFO  当前redis服务：[114.215.203.101:7379]
2018-08-07 10:37:45.322 INFO  读取缓存数据——没有缓存数据，cachekey：newsservice_currentnews_object_bgw_notice_5
2018-08-07 10:37:45.353 INFO  添加缓存redisCacheKey数据，cacheMethod：redis_cache_newsservice_currentnews，cachekey：newsservice_currentnews_object_bgw_notice_5，expire：60
2018-08-07 10:37:45.353 INFO  当前redis服务：[114.215.203.101:7379]
2018-08-07 10:37:45.415 INFO  当前redis服务：[114.215.203.101:7379]
2018-08-07 10:37:45.462 INFO  ======交易[News-CurrentNews]：执行结束======
2018-08-07 10:37:45.462 INFO  ======响应报文[耗时：346毫秒]======
2018-08-07 10:37:45.493 INFO  ======交易[AppActive-IsRead]：开始执行======
2018-08-07 10:37:45.509 INFO  ======交易[AppActive-IsRead]：执行结束======
2018-08-07 10:37:45.509 INFO  ======响应报文[耗时：16毫秒]======
2018-08-07 10:37:56.516 INFO  ======交易[Product-FindSuggest]：开始执行======
2018-08-07 10:37:56.531 INFO  读取缓存数据，cacheMethod：redis_cache_product_findsuggest
2018-08-07 10:37:56.531 INFO  当前redis服务：[114.215.203.101:7379]
2018-08-07 10:37:56.547 INFO  读取缓存数据开始，cachekey：product_findsuggest_object_app
2018-08-07 10:37:56.547 INFO  当前redis服务：[114.215.203.101:7379]
2018-08-07 10:37:56.562 INFO  读取缓存数据——没有缓存数据，cachekey：product_findsuggest_object_app
2018-08-07 10:37:56.672 INFO  添加缓存redisCacheKey数据，cacheMethod：redis_cache_product_findsuggest，cachekey：product_findsuggest_object_app，expire：60
2018-08-07 10:37:56.672 INFO  当前redis服务：[114.215.203.101:7379]
2018-08-07 10:37:56.719 INFO  当前redis服务：[114.215.203.101:7379]
2018-08-07 10:37:56.750 INFO  ======交易[Product-FindSuggest]：执行结束======
2018-08-07 10:37:56.750 INFO  ======响应报文[耗时：234毫秒]======
2018-08-07 10:37:56.750 INFO  ======交易[AppActive-FindPublishTime]：开始执行======
2018-08-07 10:37:56.812 INFO  ======交易[AppActive-FindPublishTime]：执行结束======
2018-08-07 10:37:56.812 INFO  ======响应报文[耗时：62毫秒]======
2018-08-07 10:39:57.801 INFO  ======交易[User-AppAddUserAddress]：开始执行======
2018-08-07 10:39:57.903 INFO  当前redis服务：[114.215.203.101:7379]
2018-08-07 10:39:57.919 INFO  >>>入用户地址队列数据:{"address":"XXXX内网IP"}<<<
2018-08-07 10:39:57.919 INFO  ======交易[User-AppAddUserAddress]：执行结束======
2018-08-07 10:39:57.919 INFO  ======响应报文[耗时：112毫秒]======
2018-08-07 10:39:57.934 INFO  ======交易[Product-ListIndexInfoQuery]：开始执行======
2018-08-07 10:39:57.934 INFO  读取缓存数据，cacheMethod：redis_cache_appproductfacade_listindexinfoquery
2018-08-07 10:39:57.934 INFO  当前redis服务：[114.215.203.101:7379]
2018-08-07 10:39:57.950 INFO  读取缓存数据开始，cachekey：appproductfacade_listindexinfoquery_object_app
2018-08-07 10:39:57.950 INFO  当前redis服务：[114.215.203.101:7379]
2018-08-07 10:39:57.966 INFO  读取缓存数据——没有缓存数据，cachekey：appproductfacade_listindexinfoquery_object_app
2018-08-07 10:39:58.153 INFO  添加缓存redisCacheKey数据，cacheMethod：redis_cache_appproductfacade_listindexinfoquery，cachekey：appproductfacade_listindexinfoquery_object_app，expire：60
2018-08-07 10:39:58.153 INFO  当前redis服务：[114.215.203.101:7379]
2018-08-07 10:39:58.169 INFO  当前redis服务：[114.215.203.101:7379]
2018-08-07 10:39:58.185 INFO  ======交易[Product-ListIndexInfoQuery]：执行结束======
2018-08-07 10:39:58.185 INFO  ======响应报文[耗时：251毫秒]======
