2018-08-01 15:05:18.175 INFO  FrameworkServlet 'remote': initialization started
2018-08-01 15:05:18.191 INFO  Refreshing WebApplicationContext for namespace 'rm-resolver': startup date [Wed Aug 01 15:05:18 CST 2018]; root of context hierarchy
2018-08-01 15:05:18.228 INFO  Loading XML bean definitions from ServletContext resource [/WEB-INF/rm-resolver.xml]
2018-08-01 15:05:18.332 INFO  Loading XML bean definitions from class path resource [META-INF/spring/spr-common.xml]
2018-08-01 15:05:22.994 INFO  Loading XML bean definitions from class path resource [META-INF/spring/spr-quartz-dayend.xml]
2018-08-01 15:05:23.008 INFO  Loading XML bean definitions from class path resource [META-INF/spring/spr-redis-beans.xml]
2018-08-01 15:05:23.028 INFO  Loading XML bean definitions from class path resource [META-INF/remote/rm-common.xml]
2018-08-01 15:05:23.039 INFO  Loading XML bean definitions from class path resource [META-INF/remote/rm-site.xml]
2018-08-01 15:05:23.057 INFO  Loading XML bean definitions from class path resource [META-INF/remote/rm-manage.xml]
2018-08-01 15:05:23.070 INFO  Loading XML bean definitions from class path resource [META-INF/remote/rm-srv-gateway.xml]
2018-08-01 15:05:23.092 INFO  Loading XML bean definitions from class path resource [META-INF/remote/rm-client-gateway.xml]
2018-08-01 15:05:23.143 INFO  Loading XML bean definitions from class path resource [META-INF/remote/rm-client-schedule.xml]
2018-08-01 15:05:24.690 INFO  Loading properties file from class path resource [placeholder.properties]
2018-08-01 15:05:39.809 INFO  Using default implementation for ThreadExecutor
2018-08-01 15:05:39.877 INFO  Initialized Scheduler Signaller of type: class org.quartz.core.SchedulerSignalerImpl
2018-08-01 15:05:39.879 INFO  Quartz Scheduler v.2.2.1 created.
2018-08-01 15:05:39.882 INFO  RAMJobStore initialized.
2018-08-01 15:05:39.885 INFO  Scheduler meta-data: Quartz Scheduler (v2.2.1) 'schedulerFactoryBean' with instanceId 'NON_CLUSTERED'
  Scheduler class: 'org.quartz.core.QuartzScheduler' - running locally.
  NOT STARTED.
  Currently in standby mode.
  Number of jobs executed: 0
  Using thread pool 'org.quartz.simpl.SimpleThreadPool' - with 10 threads.
  Using job-store 'org.quartz.simpl.RAMJobStore' - which does not support persistence. and is not clustered.

2018-08-01 15:05:39.885 INFO  Quartz scheduler 'schedulerFactoryBean' initialized from an externally provided properties instance.
2018-08-01 15:05:39.885 INFO  Quartz scheduler version: 2.2.1
2018-08-01 15:05:39.893 INFO  JobFactory set to: org.springframework.scheduling.quartz.AdaptableJobFactory@8afce3
2018-08-01 15:05:41.163 INFO  Initializing ExecutorService  'repayHandleExecutor'
2018-08-01 15:05:41.457 INFO  Initializing ExecutorService  'loan7DaiExecutor'
2018-08-01 15:05:41.469 INFO  Initializing ExecutorService  'loanExecutor'
2018-08-01 15:05:41.626 INFO  Initializing ExecutorService  'repayExecutor'
2018-08-01 15:05:45.472 INFO  HV000001: Hibernate Validator 5.1.3.Final
2018-08-01 15:05:46.015 INFO  Looking for @ControllerAdvice: WebApplicationContext for namespace 'rm-resolver': startup date [Wed Aug 01 15:05:18 CST 2018]; root of context hierarchy
2018-08-01 15:05:46.209 INFO  Looking for @ControllerAdvice: WebApplicationContext for namespace 'rm-resolver': startup date [Wed Aug 01 15:05:18 CST 2018]; root of context hierarchy
2018-08-01 15:05:46.404 INFO  Mapped URL path [/siteService] onto handler '/siteService'
2018-08-01 15:05:46.413 INFO  Mapped URL path [/manageService] onto handler '/manageService'
2018-08-01 15:05:46.424 INFO  Mapped URL path [/gatewayDafyService] onto handler '/gatewayDafyService'
2018-08-01 15:05:46.436 INFO  Mapped URL path [/gatewayPay19Service] onto handler '/gatewayPay19Service'
2018-08-01 15:05:46.447 INFO  Mapped URL path [/gatewayBaoFooService] onto handler '/gatewayBaoFooService'
2018-08-01 15:05:46.464 INFO  Mapped URL path [/gatewayReapalService] onto handler '/gatewayReapalService'
2018-08-01 15:05:46.488 INFO  Mapped URL path [/gatewayMobileService] onto handler '/gatewayMobileService'
2018-08-01 15:05:46.505 INFO  Mapped URL path [/gatewayCsaiService] onto handler '/gatewayCsaiService'
2018-08-01 15:05:46.524 INFO  Mapped URL path [/gatewayLoanService] onto handler '/gatewayLoanService'
2018-08-01 15:05:46.540 INFO  Mapped URL path [/gatewayHFBankService] onto handler '/gatewayHFBankService'
2018-08-01 15:05:46.551 INFO  Mapped URL path [/gatewayQb178Service] onto handler '/gatewayQb178Service'
2018-08-01 15:05:46.561 INFO  Mapped URL path [/gatewayZsdService] onto handler '/gatewayZsdService'
2018-08-01 15:05:46.573 INFO  Mapped URL path [/gatewayDepLoan7Service] onto handler '/gatewayDepLoan7Service'
2018-08-01 15:05:46.586 INFO  Mapped URL path [/gatewayQiDianService] onto handler '/gatewayQiDianService'
2018-08-01 15:05:46.790 INFO  Starting beans in phase 2147483647
2018-08-01 15:05:46.790 INFO  Starting Quartz Scheduler now
2018-08-01 15:05:46.791 INFO  Scheduler schedulerFactoryBean_$_NON_CLUSTERED started.
2018-08-01 15:05:46.949 INFO  [quartzInitListener] init start
2018-08-01 15:05:47.882 INFO  [quartzInitListener] init end
2018-08-01 15:05:47.884 INFO  FrameworkServlet 'remote': initialization completed in 29706 ms
2018-08-01 15:16:42.052 INFO  FrameworkServlet 'remote': initialization started
2018-08-01 15:16:42.070 INFO  Refreshing WebApplicationContext for namespace 'rm-resolver': startup date [Wed Aug 01 15:16:42 CST 2018]; root of context hierarchy
2018-08-01 15:16:42.103 INFO  Loading XML bean definitions from ServletContext resource [/WEB-INF/rm-resolver.xml]
2018-08-01 15:16:42.199 INFO  Loading XML bean definitions from class path resource [META-INF/spring/spr-common.xml]
2018-08-01 15:16:44.117 INFO  Loading XML bean definitions from class path resource [META-INF/spring/spr-quartz-dayend.xml]
2018-08-01 15:16:44.130 INFO  Loading XML bean definitions from class path resource [META-INF/spring/spr-redis-beans.xml]
2018-08-01 15:16:44.146 INFO  Loading XML bean definitions from class path resource [META-INF/remote/rm-common.xml]
2018-08-01 15:16:44.157 INFO  Loading XML bean definitions from class path resource [META-INF/remote/rm-site.xml]
2018-08-01 15:16:44.167 INFO  Loading XML bean definitions from class path resource [META-INF/remote/rm-manage.xml]
2018-08-01 15:16:44.185 INFO  Loading XML bean definitions from class path resource [META-INF/remote/rm-srv-gateway.xml]
2018-08-01 15:16:44.202 INFO  Loading XML bean definitions from class path resource [META-INF/remote/rm-client-gateway.xml]
2018-08-01 15:16:44.222 INFO  Loading XML bean definitions from class path resource [META-INF/remote/rm-client-schedule.xml]
2018-08-01 15:16:46.312 INFO  Loading properties file from class path resource [placeholder.properties]
2018-08-01 15:16:59.186 INFO  Using default implementation for ThreadExecutor
2018-08-01 15:16:59.229 INFO  Initialized Scheduler Signaller of type: class org.quartz.core.SchedulerSignalerImpl
2018-08-01 15:16:59.230 INFO  Quartz Scheduler v.2.2.1 created.
2018-08-01 15:16:59.233 INFO  RAMJobStore initialized.
2018-08-01 15:16:59.234 INFO  Scheduler meta-data: Quartz Scheduler (v2.2.1) 'schedulerFactoryBean' with instanceId 'NON_CLUSTERED'
  Scheduler class: 'org.quartz.core.QuartzScheduler' - running locally.
  NOT STARTED.
  Currently in standby mode.
  Number of jobs executed: 0
  Using thread pool 'org.quartz.simpl.SimpleThreadPool' - with 10 threads.
  Using job-store 'org.quartz.simpl.RAMJobStore' - which does not support persistence. and is not clustered.

2018-08-01 15:16:59.234 INFO  Quartz scheduler 'schedulerFactoryBean' initialized from an externally provided properties instance.
2018-08-01 15:16:59.234 INFO  Quartz scheduler version: 2.2.1
2018-08-01 15:16:59.236 INFO  JobFactory set to: org.springframework.scheduling.quartz.AdaptableJobFactory@7dc92a06
2018-08-01 15:16:59.752 INFO  Initializing ExecutorService  'repayHandleExecutor'
2018-08-01 15:16:59.942 INFO  Initializing ExecutorService  'loan7DaiExecutor'
2018-08-01 15:16:59.948 INFO  Initializing ExecutorService  'loanExecutor'
2018-08-01 15:17:00.093 INFO  Initializing ExecutorService  'repayExecutor'
2018-08-01 15:17:03.773 INFO  HV000001: Hibernate Validator 5.1.3.Final
2018-08-01 15:17:04.222 INFO  Looking for @ControllerAdvice: WebApplicationContext for namespace 'rm-resolver': startup date [Wed Aug 01 15:16:42 CST 2018]; root of context hierarchy
2018-08-01 15:17:04.340 INFO  Looking for @ControllerAdvice: WebApplicationContext for namespace 'rm-resolver': startup date [Wed Aug 01 15:16:42 CST 2018]; root of context hierarchy
2018-08-01 15:17:04.498 INFO  Mapped URL path [/siteService] onto handler '/siteService'
2018-08-01 15:17:04.506 INFO  Mapped URL path [/manageService] onto handler '/manageService'
2018-08-01 15:17:04.514 INFO  Mapped URL path [/gatewayDafyService] onto handler '/gatewayDafyService'
2018-08-01 15:17:04.526 INFO  Mapped URL path [/gatewayPay19Service] onto handler '/gatewayPay19Service'
2018-08-01 15:17:04.533 INFO  Mapped URL path [/gatewayBaoFooService] onto handler '/gatewayBaoFooService'
2018-08-01 15:17:04.541 INFO  Mapped URL path [/gatewayReapalService] onto handler '/gatewayReapalService'
2018-08-01 15:17:04.549 INFO  Mapped URL path [/gatewayMobileService] onto handler '/gatewayMobileService'
2018-08-01 15:17:04.560 INFO  Mapped URL path [/gatewayCsaiService] onto handler '/gatewayCsaiService'
2018-08-01 15:17:04.569 INFO  Mapped URL path [/gatewayLoanService] onto handler '/gatewayLoanService'
2018-08-01 15:17:04.577 INFO  Mapped URL path [/gatewayHFBankService] onto handler '/gatewayHFBankService'
2018-08-01 15:17:04.585 INFO  Mapped URL path [/gatewayQb178Service] onto handler '/gatewayQb178Service'
2018-08-01 15:17:04.593 INFO  Mapped URL path [/gatewayZsdService] onto handler '/gatewayZsdService'
2018-08-01 15:17:04.601 INFO  Mapped URL path [/gatewayDepLoan7Service] onto handler '/gatewayDepLoan7Service'
2018-08-01 15:17:04.611 INFO  Mapped URL path [/gatewayQiDianService] onto handler '/gatewayQiDianService'
2018-08-01 15:17:04.777 INFO  Starting beans in phase 2147483647
2018-08-01 15:17:04.777 INFO  Starting Quartz Scheduler now
2018-08-01 15:17:04.777 INFO  Scheduler schedulerFactoryBean_$_NON_CLUSTERED started.
2018-08-01 15:17:04.854 INFO  [quartzInitListener] init start
2018-08-01 15:17:05.561 INFO  [quartzInitListener] init end
2018-08-01 15:17:05.564 INFO  FrameworkServlet 'remote': initialization completed in 23509 ms
