2018-08-17 10:18:27.267 INFO  FrameworkServlet 'remote': initialization started
2018-08-17 10:18:27.316 INFO  Refreshing WebApplicationContext for namespace 'rm-resolver': startup date [Fri Aug 17 10:18:27 CST 2018]; root of context hierarchy
2018-08-17 10:18:27.378 INFO  Loading XML bean definitions from ServletContext resource [/WEB-INF/rm-resolver.xml]
2018-08-17 10:18:27.581 INFO  Loading XML bean definitions from class path resource [META-INF/spring/spr-common.xml]
2018-08-17 10:18:28.947 INFO  Loading XML bean definitions from class path resource [META-INF/spring/spr-redis-beans.xml]
2018-08-17 10:18:29.089 INFO  Loading XML bean definitions from class path resource [META-INF/remote/rm-srv-site.xml]
2018-08-17 10:18:29.792 INFO  Loading properties file from class path resource [placeholder.properties]
2018-08-17 10:36:45.068 INFO  FrameworkServlet 'remote': initialization started
2018-08-17 10:36:45.083 INFO  Refreshing WebApplicationContext for namespace 'rm-resolver': startup date [Fri Aug 17 10:36:45 CST 2018]; root of context hierarchy
2018-08-17 10:36:45.115 INFO  Loading XML bean definitions from ServletContext resource [/WEB-INF/rm-resolver.xml]
2018-08-17 10:36:45.208 INFO  Loading XML bean definitions from class path resource [META-INF/spring/spr-common.xml]
2018-08-17 10:36:45.630 INFO  Loading XML bean definitions from class path resource [META-INF/spring/spr-redis-beans.xml]
2018-08-17 10:36:45.661 INFO  Loading XML bean definitions from class path resource [META-INF/remote/rm-srv-site.xml]
2018-08-17 10:36:45.988 INFO  Loading properties file from class path resource [placeholder.properties]
2018-08-17 13:27:05.651 INFO  FrameworkServlet 'remote': initialization started
2018-08-17 13:27:05.667 INFO  Refreshing WebApplicationContext for namespace 'rm-resolver': startup date [Fri Aug 17 13:27:05 CST 2018]; root of context hierarchy
2018-08-17 13:27:05.699 INFO  Loading XML bean definitions from ServletContext resource [/WEB-INF/rm-resolver.xml]
2018-08-17 13:27:05.777 INFO  Loading XML bean definitions from class path resource [META-INF/spring/spr-common.xml]
2018-08-17 13:27:06.214 INFO  Loading XML bean definitions from class path resource [META-INF/spring/spr-redis-beans.xml]
2018-08-17 13:27:06.230 INFO  Loading XML bean definitions from class path resource [META-INF/remote/rm-srv-site.xml]
2018-08-17 13:27:08.607 INFO  Initializing ExecutorService  'mallTaskExecutor'
2018-08-17 13:27:09.013 INFO  HV000001: Hibernate Validator 5.1.3.Final
2018-08-17 13:27:09.418 INFO  Looking for @ControllerAdvice: WebApplicationContext for namespace 'rm-resolver': startup date [Fri Aug 17 13:27:05 CST 2018]; root of context hierarchy
2018-08-17 13:27:09.480 INFO  Looking for @ControllerAdvice: WebApplicationContext for namespace 'rm-resolver': startup date [Fri Aug 17 13:27:05 CST 2018]; root of context hierarchy
2018-08-17 13:27:09.652 INFO  Mapped URL path [/siteMallService] onto handler '/siteMallService'
2018-08-17 13:27:09.966 INFO  FrameworkServlet 'remote': initialization completed in 4314 ms
2018-08-17 13:28:26.302 INFO  ======交易[MallCommodity-IndexList]：开始执行======
2018-08-17 13:28:27.182 INFO  ======交易[MallCommodity-IndexList]：执行结束======
2018-08-17 13:28:27.182 INFO  ======响应报文[耗时：880毫秒]======
2018-08-17 13:28:38.338 INFO  ======交易[MallCommodity-IndexList]：开始执行======
2018-08-17 13:28:38.657 INFO  ======交易[MallCommodity-IndexList]：执行结束======
2018-08-17 13:28:38.657 INFO  ======响应报文[耗时：319毫秒]======
2018-08-17 13:28:46.634 INFO  ======交易[MallCommodity-IndexList]：开始执行======
2018-08-17 13:28:46.945 INFO  ======交易[MallCommodity-IndexList]：执行结束======
2018-08-17 13:28:46.945 INFO  ======响应报文[耗时：311毫秒]======
2018-08-17 13:28:53.545 INFO  ======交易[MallCommodity-IndexList]：开始执行======
2018-08-17 13:28:53.674 INFO  ======交易[MallCommodity-IndexList]：执行结束======
2018-08-17 13:28:53.674 INFO  ======响应报文[耗时：129毫秒]======
2018-08-17 13:28:57.808 INFO  ======交易[MallCommodity-IndexList]：开始执行======
2018-08-17 13:28:57.948 INFO  ======交易[MallCommodity-IndexList]：执行结束======
2018-08-17 13:28:57.949 INFO  ======响应报文[耗时：139毫秒]======
2018-08-17 13:29:02.109 INFO  ======交易[MallCommodity-IndexList]：开始执行======
2018-08-17 13:29:02.171 INFO  ======交易[MallCommodity-IndexList]：执行结束======
2018-08-17 13:29:02.171 INFO  ======响应报文[耗时：62毫秒]======
2018-08-17 13:29:05.704 INFO  ======交易[MallCommodity-IndexList]：开始执行======
2018-08-17 13:29:05.847 INFO  ======交易[MallCommodity-IndexList]：执行结束======
2018-08-17 13:29:05.847 INFO  ======响应报文[耗时：142毫秒]======
2018-08-17 13:30:47.010 INFO  FrameworkServlet 'remote': initialization started
2018-08-17 13:30:47.026 INFO  Refreshing WebApplicationContext for namespace 'rm-resolver': startup date [Fri Aug 17 13:30:47 CST 2018]; root of context hierarchy
2018-08-17 13:30:47.058 INFO  Loading XML bean definitions from ServletContext resource [/WEB-INF/rm-resolver.xml]
2018-08-17 13:30:47.151 INFO  Loading XML bean definitions from class path resource [META-INF/spring/spr-common.xml]
2018-08-17 13:30:47.620 INFO  Loading XML bean definitions from class path resource [META-INF/spring/spr-redis-beans.xml]
2018-08-17 13:30:47.636 INFO  Loading XML bean definitions from class path resource [META-INF/remote/rm-srv-site.xml]
2018-08-17 13:30:49.969 INFO  Initializing ExecutorService  'mallTaskExecutor'
2018-08-17 13:30:50.422 INFO  HV000001: Hibernate Validator 5.1.3.Final
2018-08-17 13:30:50.891 INFO  Looking for @ControllerAdvice: WebApplicationContext for namespace 'rm-resolver': startup date [Fri Aug 17 13:30:47 CST 2018]; root of context hierarchy
2018-08-17 13:30:50.953 INFO  Looking for @ControllerAdvice: WebApplicationContext for namespace 'rm-resolver': startup date [Fri Aug 17 13:30:47 CST 2018]; root of context hierarchy
2018-08-17 13:30:51.125 INFO  Mapped URL path [/siteMallService] onto handler '/siteMallService'
2018-08-17 13:30:51.423 INFO  FrameworkServlet 'remote': initialization completed in 4412 ms
2018-08-17 13:31:14.905 INFO  FrameworkServlet 'remote': initialization started
2018-08-17 13:31:14.921 INFO  Refreshing WebApplicationContext for namespace 'rm-resolver': startup date [Fri Aug 17 13:31:14 CST 2018]; root of context hierarchy
2018-08-17 13:31:14.968 INFO  Loading XML bean definitions from ServletContext resource [/WEB-INF/rm-resolver.xml]
2018-08-17 13:31:15.078 INFO  Loading XML bean definitions from class path resource [META-INF/spring/spr-common.xml]
2018-08-17 13:31:15.484 INFO  Loading XML bean definitions from class path resource [META-INF/spring/spr-redis-beans.xml]
2018-08-17 13:31:15.499 INFO  Loading XML bean definitions from class path resource [META-INF/remote/rm-srv-site.xml]
2018-08-17 13:31:18.017 INFO  Initializing ExecutorService  'mallTaskExecutor'
2018-08-17 13:31:18.392 INFO  HV000001: Hibernate Validator 5.1.3.Final
2018-08-17 13:31:18.752 INFO  Looking for @ControllerAdvice: WebApplicationContext for namespace 'rm-resolver': startup date [Fri Aug 17 13:31:14 CST 2018]; root of context hierarchy
2018-08-17 13:31:18.814 INFO  Looking for @ControllerAdvice: WebApplicationContext for namespace 'rm-resolver': startup date [Fri Aug 17 13:31:14 CST 2018]; root of context hierarchy
2018-08-17 13:31:19.017 INFO  Mapped URL path [/siteMallService] onto handler '/siteMallService'
2018-08-17 13:31:19.302 INFO  FrameworkServlet 'remote': initialization completed in 4396 ms
2018-08-17 13:32:18.744 INFO  ======交易[MallCommodity-IndexList]：开始执行======
2018-08-17 13:32:19.894 INFO  ======交易[MallCommodity-IndexList]：执行结束======
2018-08-17 13:32:19.894 INFO  ======响应报文[耗时：1150毫秒]======
2018-08-17 13:32:33.643 INFO  ======交易[MallIndex-UserIndex]：开始执行======
2018-08-17 13:32:33.964 INFO  ======交易[MallIndex-UserIndex]：执行结束======
2018-08-17 13:32:33.964 INFO  ======响应报文[耗时：321毫秒]======
2018-08-17 13:32:33.980 INFO  ======交易[MallCommodity-IndexList]：开始执行======
2018-08-17 13:32:34.058 INFO  ======交易[MallCommodity-IndexList]：执行结束======
2018-08-17 13:32:34.058 INFO  ======响应报文[耗时：78毫秒]======
2018-08-17 13:32:41.313 INFO  ======交易[MallPoints-UserPoints]：开始执行======
2018-08-17 13:32:41.560 INFO  ======交易[MallPoints-UserPoints]：执行结束======
2018-08-17 13:32:41.560 INFO  ======响应报文[耗时：247毫秒]======
2018-08-17 13:32:41.575 INFO  ======交易[MallPoints-PointsRecord]：开始执行======
2018-08-17 13:32:41.591 INFO  ======交易[MallPoints-PointsRecord]：执行结束======
2018-08-17 13:32:41.591 INFO  ======响应报文[耗时：16毫秒]======
2018-08-17 13:32:44.760 INFO  ======交易[MallExchange-MallExchangeList]：开始执行======
2018-08-17 13:32:44.834 INFO  ======交易[MallExchange-MallExchangeList]：执行结束======
2018-08-17 13:32:44.834 INFO  ======响应报文[耗时：74毫秒]======
2018-08-17 13:32:47.206 INFO  ======交易[MallPoints-UserPoints]：开始执行======
2018-08-17 13:32:47.258 INFO  ======交易[MallPoints-UserPoints]：执行结束======
2018-08-17 13:32:47.258 INFO  ======响应报文[耗时：51毫秒]======
2018-08-17 13:32:47.262 INFO  ======交易[MallPoints-PointsRecord]：开始执行======
2018-08-17 13:32:47.298 INFO  ======交易[MallPoints-PointsRecord]：执行结束======
2018-08-17 13:32:47.298 INFO  ======响应报文[耗时：36毫秒]======
2018-08-17 13:32:50.706 INFO  ======交易[MallIndex-UserIndex]：开始执行======
2018-08-17 13:32:50.736 INFO  ======交易[MallIndex-UserIndex]：执行结束======
2018-08-17 13:32:50.736 INFO  ======响应报文[耗时：30毫秒]======
2018-08-17 13:32:50.739 INFO  ======交易[MallCommodity-IndexList]：开始执行======
2018-08-17 13:32:50.811 INFO  ======交易[MallCommodity-IndexList]：执行结束======
2018-08-17 13:32:50.811 INFO  ======响应报文[耗时：72毫秒]======
2018-08-17 13:32:56.466 INFO  ======交易[MallIndex-UserIndex]：开始执行======
2018-08-17 13:32:56.485 INFO  ======交易[MallIndex-UserIndex]：执行结束======
2018-08-17 13:32:56.485 INFO  ======响应报文[耗时：19毫秒]======
2018-08-17 13:32:56.485 INFO  ======交易[MallCommodity-IndexList]：开始执行======
2018-08-17 13:32:56.829 INFO  ======交易[MallCommodity-IndexList]：执行结束======
2018-08-17 13:32:56.829 INFO  ======响应报文[耗时：344毫秒]======
2018-08-17 13:33:00.820 INFO  ======交易[MallPoints-UserPoints]：开始执行======
2018-08-17 13:33:01.046 INFO  ======交易[MallPoints-UserPoints]：执行结束======
2018-08-17 13:33:01.046 INFO  ======响应报文[耗时：226毫秒]======
2018-08-17 13:33:01.048 INFO  ======交易[MallPoints-PointsRecord]：开始执行======
2018-08-17 13:33:01.063 INFO  ======交易[MallPoints-PointsRecord]：执行结束======
2018-08-17 13:33:01.063 INFO  ======响应报文[耗时：15毫秒]======
2018-08-17 13:33:04.304 INFO  ======交易[MallExchange-MallExchangeList]：开始执行======
2018-08-17 13:33:04.326 INFO  ======交易[MallExchange-MallExchangeList]：执行结束======
2018-08-17 13:33:04.326 INFO  ======响应报文[耗时：22毫秒]======
2018-08-17 13:39:50.570 INFO  ======交易[MallExchange-MallExchangeList]：开始执行======
2018-08-17 13:39:50.588 INFO  ======交易[MallExchange-MallExchangeList]：执行结束======
2018-08-17 13:39:50.588 INFO  ======响应报文[耗时：18毫秒]======
2018-08-17 13:40:21.701 INFO  ======交易[MallIndex-UserIndex]：开始执行======
2018-08-17 13:40:21.943 INFO  ======交易[MallIndex-UserIndex]：执行结束======
2018-08-17 13:40:21.943 INFO  ======响应报文[耗时：242毫秒]======
2018-08-17 13:40:21.943 INFO  ======交易[MallCommodity-IndexList]：开始执行======
2018-08-17 13:40:22.053 INFO  ======交易[MallCommodity-IndexList]：执行结束======
2018-08-17 13:40:22.053 INFO  ======响应报文[耗时：110毫秒]======
2018-08-17 13:40:24.336 INFO  ======交易[MallExchange-MallExchangeList]：开始执行======
2018-08-17 13:40:24.366 INFO  ======交易[MallExchange-MallExchangeList]：执行结束======
2018-08-17 13:40:24.366 INFO  ======响应报文[耗时：30毫秒]======
2018-08-17 13:40:26.161 INFO  ======交易[MallIndex-UserIndex]：开始执行======
2018-08-17 13:40:26.186 INFO  ======交易[MallIndex-UserIndex]：执行结束======
2018-08-17 13:40:26.186 INFO  ======响应报文[耗时：25毫秒]======
2018-08-17 13:40:26.187 INFO  ======交易[MallCommodity-IndexList]：开始执行======
2018-08-17 13:40:26.460 INFO  ======交易[MallCommodity-IndexList]：执行结束======
2018-08-17 13:40:26.460 INFO  ======响应报文[耗时：272毫秒]======
2018-08-17 13:40:28.193 INFO  ======交易[MallPoints-UserPoints]：开始执行======
2018-08-17 13:40:28.202 INFO  ======交易[MallPoints-UserPoints]：执行结束======
2018-08-17 13:40:28.202 INFO  ======响应报文[耗时：9毫秒]======
2018-08-17 13:40:28.207 INFO  ======交易[MallPoints-PointsRecord]：开始执行======
2018-08-17 13:40:28.220 INFO  ======交易[MallPoints-PointsRecord]：执行结束======
2018-08-17 13:40:28.220 INFO  ======响应报文[耗时：13毫秒]======
2018-08-17 13:40:36.932 INFO  ======交易[MallIndex-UserIndex]：开始执行======
2018-08-17 13:40:36.971 INFO  ======交易[MallIndex-UserIndex]：执行结束======
2018-08-17 13:40:36.971 INFO  ======响应报文[耗时：39毫秒]======
2018-08-17 13:40:36.971 INFO  ======交易[MallCommodity-IndexList]：开始执行======
2018-08-17 13:40:37.065 INFO  ======交易[MallCommodity-IndexList]：执行结束======
2018-08-17 13:40:37.065 INFO  ======响应报文[耗时：94毫秒]======
2018-08-17 13:40:43.366 INFO  ======交易[MallExchange-MallExchangeList]：开始执行======
2018-08-17 13:40:43.514 INFO  ======交易[MallExchange-MallExchangeList]：执行结束======
2018-08-17 13:40:43.514 INFO  ======响应报文[耗时：148毫秒]======
2018-08-17 13:42:13.639 INFO  ======交易[MallExchange-MallExchangeList]：开始执行======
2018-08-17 13:42:13.671 INFO  ======交易[MallExchange-MallExchangeList]：执行结束======
2018-08-17 13:42:13.671 INFO  ======响应报文[耗时：32毫秒]======
2018-08-17 13:42:46.464 INFO  ======交易[MallExchange-MallExchangeList]：开始执行======
2018-08-17 13:42:46.481 INFO  ======交易[MallExchange-MallExchangeList]：执行结束======
2018-08-17 13:42:46.481 INFO  ======响应报文[耗时：17毫秒]======
2018-08-17 13:43:30.438 INFO  ======交易[MallExchange-MallExchangeList]：开始执行======
2018-08-17 13:43:30.463 INFO  ======交易[MallExchange-MallExchangeList]：执行结束======
2018-08-17 13:43:30.463 INFO  ======响应报文[耗时：17毫秒]======
2018-08-17 13:44:26.122 INFO  ======交易[MallExchange-MallExchangeList]：开始执行======
2018-08-17 13:44:26.132 INFO  ======交易[MallExchange-MallExchangeList]：执行结束======
2018-08-17 13:44:26.132 INFO  ======响应报文[耗时：10毫秒]======
2018-08-17 13:45:21.606 INFO  ======交易[MallPoints-UserPoints]：开始执行======
2018-08-17 13:45:21.621 INFO  ======交易[MallPoints-UserPoints]：执行结束======
2018-08-17 13:45:21.621 INFO  ======响应报文[耗时：15毫秒]======
2018-08-17 13:45:21.621 INFO  ======交易[MallPoints-PointsRecord]：开始执行======
2018-08-17 13:45:21.647 INFO  ======交易[MallPoints-PointsRecord]：执行结束======
2018-08-17 13:45:21.647 INFO  ======响应报文[耗时：26毫秒]======
2018-08-17 13:45:23.205 INFO  ======交易[MallIndex-UserIndex]：开始执行======
2018-08-17 13:45:23.226 INFO  ======交易[MallIndex-UserIndex]：执行结束======
2018-08-17 13:45:23.226 INFO  ======响应报文[耗时：21毫秒]======
2018-08-17 13:45:23.229 INFO  ======交易[MallCommodity-IndexList]：开始执行======
2018-08-17 13:45:23.286 INFO  ======交易[MallCommodity-IndexList]：执行结束======
2018-08-17 13:45:23.286 INFO  ======响应报文[耗时：57毫秒]======
2018-08-17 13:59:52.795 INFO  FrameworkServlet 'remote': initialization started
2018-08-17 13:59:52.811 INFO  Refreshing WebApplicationContext for namespace 'rm-resolver': startup date [Fri Aug 17 13:59:52 CST 2018]; root of context hierarchy
2018-08-17 13:59:52.842 INFO  Loading XML bean definitions from ServletContext resource [/WEB-INF/rm-resolver.xml]
2018-08-17 13:59:52.936 INFO  Loading XML bean definitions from class path resource [META-INF/spring/spr-common.xml]
2018-08-17 13:59:53.342 INFO  Loading XML bean definitions from class path resource [META-INF/spring/spr-redis-beans.xml]
2018-08-17 13:59:53.357 INFO  Loading XML bean definitions from class path resource [META-INF/remote/rm-srv-site.xml]
2018-08-17 13:59:55.772 INFO  Initializing ExecutorService  'mallTaskExecutor'
2018-08-17 13:59:56.240 INFO  HV000001: Hibernate Validator 5.1.3.Final
2018-08-17 13:59:56.785 INFO  Looking for @ControllerAdvice: WebApplicationContext for namespace 'rm-resolver': startup date [Fri Aug 17 13:59:52 CST 2018]; root of context hierarchy
2018-08-17 13:59:56.864 INFO  Looking for @ControllerAdvice: WebApplicationContext for namespace 'rm-resolver': startup date [Fri Aug 17 13:59:52 CST 2018]; root of context hierarchy
2018-08-17 13:59:57.020 INFO  Mapped URL path [/siteMallService] onto handler '/siteMallService'
2018-08-17 13:59:57.388 INFO  FrameworkServlet 'remote': initialization completed in 4593 ms
2018-08-17 14:00:07.634 INFO  FrameworkServlet 'remote': initialization started
2018-08-17 14:00:07.650 INFO  Refreshing WebApplicationContext for namespace 'rm-resolver': startup date [Fri Aug 17 14:00:07 CST 2018]; root of context hierarchy
2018-08-17 14:00:07.681 INFO  Loading XML bean definitions from ServletContext resource [/WEB-INF/rm-resolver.xml]
2018-08-17 14:00:07.775 INFO  Loading XML bean definitions from class path resource [META-INF/spring/spr-common.xml]
2018-08-17 14:00:08.181 INFO  Loading XML bean definitions from class path resource [META-INF/spring/spr-redis-beans.xml]
2018-08-17 14:00:08.197 INFO  Loading XML bean definitions from class path resource [META-INF/remote/rm-srv-site.xml]
2018-08-17 14:00:10.574 INFO  Initializing ExecutorService  'mallTaskExecutor'
2018-08-17 14:00:10.980 INFO  HV000001: Hibernate Validator 5.1.3.Final
2018-08-17 14:00:11.362 INFO  Looking for @ControllerAdvice: WebApplicationContext for namespace 'rm-resolver': startup date [Fri Aug 17 14:00:07 CST 2018]; root of context hierarchy
2018-08-17 14:00:11.424 INFO  Looking for @ControllerAdvice: WebApplicationContext for namespace 'rm-resolver': startup date [Fri Aug 17 14:00:07 CST 2018]; root of context hierarchy
2018-08-17 14:00:11.581 INFO  Mapped URL path [/siteMallService] onto handler '/siteMallService'
2018-08-17 14:00:11.866 INFO  FrameworkServlet 'remote': initialization completed in 4231 ms
2018-08-17 14:00:44.675 INFO  ======交易[MallIndex-UserIndex]：开始执行======
2018-08-17 14:00:45.580 INFO  ======交易[MallIndex-UserIndex]：执行结束======
2018-08-17 14:00:45.580 INFO  ======响应报文[耗时：895毫秒]======
2018-08-17 14:00:45.627 INFO  ======交易[MallCommodity-IndexList]：开始执行======
2018-08-17 14:00:45.739 INFO  ======交易[MallCommodity-IndexList]：执行结束======
2018-08-17 14:00:45.739 INFO  ======响应报文[耗时：112毫秒]======
2018-08-17 14:00:52.483 INFO  ======交易[MallPoints-UserPoints]：开始执行======
2018-08-17 14:00:52.505 INFO  ======交易[MallPoints-UserPoints]：执行结束======
2018-08-17 14:00:52.505 INFO  ======响应报文[耗时：22毫秒]======
2018-08-17 14:00:52.521 INFO  ======交易[MallPoints-PointsRecord]：开始执行======
2018-08-17 14:00:52.552 INFO  ======交易[MallPoints-PointsRecord]：执行结束======
2018-08-17 14:00:52.552 INFO  ======响应报文[耗时：31毫秒]======
2018-08-17 14:00:55.205 INFO  ======交易[MallIndex-UserIndex]：开始执行======
2018-08-17 14:00:55.243 INFO  ======交易[MallIndex-UserIndex]：执行结束======
2018-08-17 14:00:55.243 INFO  ======响应报文[耗时：38毫秒]======
2018-08-17 14:00:55.243 INFO  ======交易[MallCommodity-IndexList]：开始执行======
2018-08-17 14:00:55.337 INFO  ======交易[MallCommodity-IndexList]：执行结束======
2018-08-17 14:00:55.337 INFO  ======响应报文[耗时：94毫秒]======
2018-08-17 14:00:57.102 INFO  ======交易[MallCommodity-GetDetail]：开始执行======
2018-08-17 14:00:57.175 INFO  ======交易[MallCommodity-GetDetail]：执行结束======
2018-08-17 14:00:57.175 INFO  ======响应报文[耗时：72毫秒]======
2018-08-17 14:00:59.850 INFO  ======交易[MallExchangeFlow-ExchangeCheck]：开始执行======
2018-08-17 14:00:59.891 INFO  ======交易[MallExchangeFlow-ExchangeCheck]：执行结束======
2018-08-17 14:00:59.892 INFO  ======响应报文[耗时：41毫秒]======
2018-08-17 14:01:02.537 INFO  ======交易[MallIndex-UserIndex]：开始执行======
2018-08-17 14:01:02.583 INFO  ======交易[MallIndex-UserIndex]：执行结束======
2018-08-17 14:01:02.583 INFO  ======响应报文[耗时：46毫秒]======
2018-08-17 14:01:02.583 INFO  ======交易[MallCommodity-IndexList]：开始执行======
2018-08-17 14:01:02.661 INFO  ======交易[MallCommodity-IndexList]：执行结束======
2018-08-17 14:01:02.661 INFO  ======响应报文[耗时：78毫秒]======
2018-08-17 14:01:18.265 INFO  ======交易[MallIndex-UserIndex]：开始执行======
2018-08-17 14:01:18.297 INFO  ======交易[MallIndex-UserIndex]：执行结束======
2018-08-17 14:01:18.297 INFO  ======响应报文[耗时：32毫秒]======
2018-08-17 14:01:18.312 INFO  ======交易[MallCommodity-IndexList]：开始执行======
2018-08-17 14:01:18.375 INFO  ======交易[MallCommodity-IndexList]：执行结束======
2018-08-17 14:01:18.375 INFO  ======响应报文[耗时：63毫秒]======
2018-08-17 14:01:22.045 INFO  ======交易[MallCommodity-GetDetail]：开始执行======
2018-08-17 14:01:22.053 INFO  ======交易[MallCommodity-GetDetail]：执行结束======
2018-08-17 14:01:22.053 INFO  ======响应报文[耗时：8毫秒]======
2018-08-17 14:01:24.135 INFO  ======交易[MallIndex-UserIndex]：开始执行======
2018-08-17 14:01:24.169 INFO  ======交易[MallIndex-UserIndex]：执行结束======
2018-08-17 14:01:24.169 INFO  ======响应报文[耗时：34毫秒]======
2018-08-17 14:01:24.171 INFO  ======交易[MallCommodity-IndexList]：开始执行======
2018-08-17 14:01:24.252 INFO  ======交易[MallCommodity-IndexList]：执行结束======
2018-08-17 14:01:24.253 INFO  ======响应报文[耗时：81毫秒]======
2018-08-17 14:01:26.095 INFO  ======交易[MallPoints-UserPoints]：开始执行======
2018-08-17 14:01:26.113 INFO  ======交易[MallPoints-UserPoints]：执行结束======
2018-08-17 14:01:26.113 INFO  ======响应报文[耗时：18毫秒]======
2018-08-17 14:01:26.115 INFO  ======交易[MallPoints-PointsRecord]：开始执行======
2018-08-17 14:01:26.138 INFO  ======交易[MallPoints-PointsRecord]：执行结束======
2018-08-17 14:01:26.138 INFO  ======响应报文[耗时：23毫秒]======
2018-08-17 14:01:30.306 INFO  ======交易[MallPoints-UserPoints]：开始执行======
2018-08-17 14:01:30.316 INFO  ======交易[MallPoints-UserPoints]：执行结束======
2018-08-17 14:01:30.316 INFO  ======响应报文[耗时：10毫秒]======
2018-08-17 14:01:30.317 INFO  ======交易[MallPoints-PointsRecord]：开始执行======
2018-08-17 14:01:30.337 INFO  ======交易[MallPoints-PointsRecord]：执行结束======
2018-08-17 14:01:30.337 INFO  ======响应报文[耗时：19毫秒]======
2018-08-17 14:01:32.578 INFO  ======交易[MallIndex-UserIndex]：开始执行======
2018-08-17 14:01:32.615 INFO  ======交易[MallIndex-UserIndex]：执行结束======
2018-08-17 14:01:32.615 INFO  ======响应报文[耗时：37毫秒]======
2018-08-17 14:01:32.617 INFO  ======交易[MallCommodity-IndexList]：开始执行======
2018-08-17 14:01:32.690 INFO  ======交易[MallCommodity-IndexList]：执行结束======
2018-08-17 14:01:32.690 INFO  ======响应报文[耗时：73毫秒]======
